Loading network for case 'demoVerbundnetz_SimulationNeu' from data/test_scenarios/complex/demoVerbundnetz_SimulationNeu.vicus...
Loading VICUS file: data/test_scenarios/complex/demoVerbundnetz_SimulationNeu.vicus
Parsed Simultaneity Spline: 63 points.
data/test_scenarios/complex/demoVerbundnetz_SimulationNeu.vicus
Found peak day: day 24 (hours 552-575) with peak=7400.0000
Force-selected profile: Residential_SingleFamily_HeatingLoad.tsv (peak day extraction, resampled to 96 steps)
Peak day profile plot saved to output/peak_day_profile.png
Created 692 consumers and 1594 relevant optimization edges.

--- Starting Optimization using Scheme 'v4' for demoVerbundnetz_SimulationNeu ---
Initial weighted error (using v4): 1580050.223118
Regularization target: 1.0000
  Iter 0: Obj=1580050.223118 (Fit: 1580050.223118, Reg: 0.000000) | LR: 0.000002
  Iter 200: Obj=20631.613982 (Fit: 20629.035753, Reg: 2.578229) | LR: 0.000067
  Iter 400: Obj=20283.065488 (Fit: 20280.335851, Reg: 2.729637) | LR: 0.000067
  Iter 600: Obj=20212.605877 (Fit: 20209.814311, Reg: 2.791567) | LR: 0.000067
  Iter 800: Obj=20193.581704 (Fit: 20190.764493, Reg: 2.817211) | LR: 0.000067
  Iter 1000: Obj=20186.351894 (Fit: 20183.522160, Reg: 2.829734) | LR: 0.000067
  Iter 1200: Obj=20181.898356 (Fit: 20179.058703, Reg: 2.839653) | LR: 0.000067
  Iter 1400: Obj=20178.955455 (Fit: 20176.108513, Reg: 2.846942) | LR: 0.000067
  Iter 1600: Obj=20176.632013 (Fit: 20173.778688, Reg: 2.853325) | LR: 0.000067
  Iter 1800: Obj=20174.442561 (Fit: 20171.584714, Reg: 2.857848) | LR: 0.000067
Final Error: 20173.255048

================================================================================
OPTIMIZATION RESULTS
================================================================================

OPTIMIZED EDGES (n_consumers > 1): 816 edges
--------------------------------------------------------------------------------
Edge ID              | n_e   | Target g(n)  | Achieved g   | Deviation 
--------------------------------------------------------------------------------
5266->5289           | 692   | 0.4759       | 0.5312       | 0.0553    
5289->5290           | 692   | 0.4759       | 0.5312       | 0.0553    
5290->7114           | 692   | 0.4759       | 0.5312       | 0.0553    
7114->5291           | 680   | 0.4759       | 0.5153       | 0.0395    
5291->5292           | 680   | 0.4759       | 0.5153       | 0.0395    
5292->7137           | 680   | 0.4759       | 0.5153       | 0.0395    
7137->7117           | 677   | 0.4759       | 0.5172       | 0.0413    
7117->5293           | 670   | 0.4759       | 0.5104       | 0.0345    
5293->5302           | 670   | 0.4759       | 0.5104       | 0.0345    
5302->4858           | 669   | 0.4759       | 0.5112       | 0.0354    
4858->5791           | 669   | 0.4759       | 0.5112       | 0.0354    
5791->5652           | 668   | 0.4759       | 0.5114       | 0.0356    
5652->5457           | 667   | 0.4759       | 0.5117       | 0.0358    
5457->4859           | 666   | 0.4759       | 0.5119       | 0.0360    
4859->4860           | 666   | 0.4759       | 0.5119       | 0.0360    
4860->4861           | 666   | 0.4759       | 0.5119       | 0.0360    
4861->5328           | 665   | 0.4759       | 0.5122       | 0.0363    
5328->4862           | 664   | 0.4759       | 0.5124       | 0.0366    
4862->5514           | 664   | 0.4759       | 0.5124       | 0.0366    
5514->5672           | 663   | 0.4759       | 0.5127       | 0.0368    
5672->4863           | 662   | 0.4759       | 0.5129       | 0.0371    
4863->5772           | 661   | 0.4759       | 0.5132       | 0.0373    
5772->6109           | 660   | 0.4759       | 0.5135       | 0.0376    
6109->6241           | 659   | 0.4759       | 0.5137       | 0.0379    
6241->4864           | 658   | 0.4759       | 0.5140       | 0.0381    
4864->6234           | 658   | 0.4759       | 0.5140       | 0.0381    
6234->5581           | 657   | 0.4759       | 0.5143       | 0.0384    
5581->6188           | 656   | 0.4759       | 0.5146       | 0.0387    
6188->6316           | 655   | 0.4759       | 0.5149       | 0.0391    
6316->5603           | 654   | 0.4759       | 0.5153       | 0.0394    
5603->5986           | 653   | 0.4759       | 0.5157       | 0.0398    
5986->5947           | 652   | 0.4759       | 0.5160       | 0.0401    
5947->4865           | 651   | 0.4759       | 0.5163       | 0.0404    
4865->4919           | 650   | 0.4759       | 0.5165       | 0.0407    
4919->5334           | 545   | 0.4759       | 0.4976       | 0.0217    
5334->5392           | 544   | 0.4759       | 0.4978       | 0.0220    
5392->5859           | 543   | 0.4759       | 0.4983       | 0.0224    
5859->5681           | 542   | 0.4759       | 0.4987       | 0.0228    
5681->4905           | 541   | 0.4759       | 0.4991       | 0.0233    
4905->5678           | 523   | 0.4759       | 0.4954       | 0.0196    
5678->4866           | 522   | 0.4759       | 0.4957       | 0.0198    
4866->4941           | 522   | 0.4759       | 0.4957       | 0.0198    
4941->6228           | 509   | 0.4759       | 0.4912       | 0.0154    
6228->4928           | 508   | 0.4759       | 0.4918       | 0.0159    
4928->5724           | 508   | 0.4759       | 0.4918       | 0.0159    
5724->6332           | 507   | 0.4759       | 0.4920       | 0.0161    
6332->5445           | 506   | 0.4759       | 0.4922       | 0.0163    
5445->5418           | 505   | 0.4759       | 0.4924       | 0.0166    
5418->4929           | 504   | 0.4759       | 0.4927       | 0.0168    
4929->4930           | 504   | 0.4759       | 0.4927       | 0.0168    
4930->4988           | 504   | 0.4759       | 0.4927       | 0.0168    
4988->5005           | 504   | 0.4759       | 0.4927       | 0.0168    
5005->5766           | 488   | 0.4759       | 0.4898       | 0.0139    
5766->5639           | 487   | 0.4759       | 0.4903       | 0.0144    
5639->6158           | 486   | 0.4759       | 0.4946       | 0.0187    
6158->4964           | 485   | 0.4759       | 0.4951       | 0.0192    
4964->5636           | 403   | 0.4759       | 0.4752       | -0.0007   
5636->6278           | 402   | 0.4759       | 0.4760       | 0.0002    
6278->5962           | 401   | 0.4759       | 0.4766       | 0.0007    
5962->5705           | 400   | 0.4759       | 0.4772       | 0.0013    
5705->5883           | 399   | 0.4759       | 0.4780       | 0.0022    
5883->6067           | 398   | 0.4759       | 0.4785       | 0.0027    
6067->5856           | 397   | 0.4759       | 0.4792       | 0.0034    
5856->5968           | 396   | 0.4759       | 0.4800       | 0.0041    
5968->6326           | 395   | 0.4759       | 0.4806       | 0.0047    
6326->5554           | 394   | 0.4759       | 0.4811       | 0.0052    
5554->6047           | 393   | 0.4759       | 0.4814       | 0.0055    
6047->5718           | 392   | 0.4759       | 0.4817       | 0.0058    
5718->5633           | 391   | 0.4759       | 0.4821       | 0.0062    
5633->5545           | 390   | 0.4759       | 0.4826       | 0.0068    
5545->5310           | 389   | 0.4759       | 0.4832       | 0.0073    
5310->6329           | 388   | 0.4759       | 0.4845       | 0.0086    
6329->5557           | 387   | 0.4759       | 0.4850       | 0.0091    
5557->6112           | 385   | 0.4759       | 0.4874       | 0.0116    
6112->6058           | 384   | 0.4759       | 0.4879       | 0.0120    
6058->4963           | 383   | 0.4759       | 0.4889       | 0.0130    
4963->6263           | 346   | 0.4759       | 0.4803       | 0.0044    
6263->5551           | 345   | 0.4759       | 0.4810       | 0.0052    
5551->5977           | 344   | 0.4759       | 0.4822       | 0.0063    
5977->5690           | 343   | 0.4759       | 0.4829       | 0.0070    
5690->5034           | 342   | 0.4759       | 0.4838       | 0.0079    
5034->5832           | 338   | 0.4759       | 0.4836       | 0.0077    
5832->6167           | 337   | 0.4759       | 0.4846       | 0.0087    
6167->5898           | 336   | 0.4759       | 0.4861       | 0.0102    
5898->5928           | 335   | 0.4759       | 0.4885       | 0.0126    
5928->6247           | 334   | 0.4759       | 0.4891       | 0.0133    
6247->5033           | 333   | 0.4759       | 0.4900       | 0.0142    
5033->6143           | 332   | 0.4759       | 0.4910       | 0.0151    
6143->6301           | 331   | 0.4759       | 0.4925       | 0.0166    
6301->5032           | 330   | 0.4759       | 0.4932       | 0.0174    
5032->5031           | 329   | 0.4759       | 0.4944       | 0.0185    
5031->5178           | 329   | 0.4759       | 0.4944       | 0.0185    
5178->5066           | 329   | 0.4759       | 0.4944       | 0.0185    
5066->5065           | 324   | 0.4759       | 0.4942       | 0.0184    
5065->5901           | 324   | 0.4759       | 0.4942       | 0.0184    
5901->6070           | 323   | 0.4759       | 0.4968       | 0.0209    
6070->5880           | 322   | 0.4759       | 0.4973       | 0.0214    
5880->5064           | 321   | 0.4759       | 0.4978       | 0.0220    
5064->6082           | 314   | 0.4759       | 0.5004       | 0.0246    
6082->5231           | 313   | 0.4759       | 0.5012       | 0.0253    
5231->5232           | 313   | 0.4759       | 0.5012       | 0.0253    
5232->5233           | 313   | 0.4759       | 0.5012       | 0.0253    
5233->5234           | 313   | 0.4759       | 0.5012       | 0.0253    
5234->7494           | 250   | 0.4842       | 0.4973       | 0.0132    
7494->5361           | 249   | 0.4844       | 0.5002       | 0.0158    
5361->5235           | 248   | 0.4846       | 0.5030       | 0.0183    
5235->5373           | 199   | 0.4997       | 0.5027       | 0.0030    
5373->5600           | 198   | 0.5001       | 0.5097       | 0.0095    
5600->6284           | 197   | 0.5005       | 0.5122       | 0.0116    
6284->5819           | 196   | 0.5009       | 0.5146       | 0.0136    
5819->5236           | 195   | 0.5014       | 0.5170       | 0.0156    
5236->5262           | 195   | 0.5014       | 0.5170       | 0.0156    
5262->5257           | 165   | 0.5169       | 0.4985       | -0.0184   
5257->6296           | 165   | 0.5169       | 0.4985       | -0.0184   
6296->6338           | 164   | 0.5175       | 0.5014       | -0.0161   
6338->5853           | 163   | 0.5182       | 0.5051       | -0.0131   
5853->5974           | 162   | 0.5188       | 0.5097       | -0.0091   
5974->7441           | 161   | 0.5195       | 0.5155       | -0.0040   
7441->7386           | 160   | 0.5202       | 0.5189       | -0.0013   
7386->7285           | 159   | 0.5209       | 0.5224       | 0.0015    
7285->7370           | 158   | 0.5215       | 0.5279       | 0.0064    
7370->6777           | 157   | 0.5222       | 0.5372       | 0.0150    
6777->7545           | 157   | 0.5222       | 0.5372       | 0.0150    
7545->7434           | 156   | 0.5230       | 0.5418       | 0.0188    
7434->7611           | 155   | 0.5237       | 0.5476       | 0.0239    
7611->6776           | 154   | 0.5244       | 0.5545       | 0.0301    
6776->6758           | 139   | 0.5369       | 0.5516       | 0.0147    
6758->7343           | 136   | 0.5397       | 0.5600       | 0.0203    
7343->7578           | 135   | 0.5407       | 0.5695       | 0.0288    
7578->7273           | 134   | 0.5417       | 0.5744       | 0.0327    
7273->7176           | 133   | 0.5427       | 0.5800       | 0.0373    
7176->6757           | 132   | 0.5438       | 0.5838       | 0.0401    
6757->6889           | 124   | 0.5527       | 0.5893       | 0.0366    
6889->6890           | 124   | 0.5527       | 0.5893       | 0.0366    
4919->6115           | 105   | 0.5795       | 0.6483       | 0.0688    
6115->4892           | 104   | 0.5812       | 0.6510       | 0.0698    
4892->5355           | 104   | 0.5812       | 0.6510       | 0.0698    
5355->6127           | 103   | 0.5829       | 0.6544       | 0.0715    
6127->5847           | 102   | 0.5847       | 0.6571       | 0.0724    
5847->6250           | 101   | 0.5864       | 0.6598       | 0.0734    
6250->6085           | 100   | 0.5882       | 0.6622       | 0.0739    
6085->5645           | 99    | 0.5901       | 0.6650       | 0.0749    
5645->6275           | 98    | 0.5920       | 0.6673       | 0.0753    
6275->5868           | 97    | 0.5939       | 0.6712       | 0.0773    
5868->4891           | 96    | 0.5958       | 0.6736       | 0.0778    
4891->4954           | 91    | 0.6062       | 0.6763       | 0.0701    
4954->4983           | 91    | 0.6062       | 0.6763       | 0.0701    
4964->5895           | 82    | 0.6276       | 0.5991       | -0.0285   
5895->6293           | 81    | 0.6302       | 0.6049       | -0.0253   
6293->5712           | 80    | 0.6328       | 0.6105       | -0.0224   
5712->5813           | 79    | 0.6356       | 0.6170       | -0.0185   
5813->5800           | 78    | 0.6383       | 0.6236       | -0.0147   
5800->5612           | 77    | 0.6412       | 0.6263       | -0.0149   
5612->5098           | 76    | 0.6441       | 0.6305       | -0.0135   
5098->6197           | 76    | 0.6441       | 0.6305       | -0.0135   
6197->5097           | 75    | 0.6470       | 0.6342       | -0.0128   
6890->7706           | 74    | 0.6500       | 0.6059       | -0.0441   
7706->7765           | 72    | 0.6562       | 0.6218       | -0.0344   
7765->7954           | 71    | 0.6594       | 0.6227       | -0.0367   
7954->6891           | 70    | 0.6627       | 0.6263       | -0.0364   
4983->4955           | 69    | 0.6660       | 0.6743       | 0.0084    
4955->4956           | 69    | 0.6660       | 0.6743       | 0.0084    
4956->4957           | 69    | 0.6660       | 0.6743       | 0.0084    
4957->5925           | 69    | 0.6660       | 0.6743       | 0.0084    
5925->4958           | 68    | 0.6694       | 0.6787       | 0.0093    
4958->6344           | 68    | 0.6694       | 0.6787       | 0.0093    
6344->4959           | 67    | 0.6728       | 0.6833       | 0.0105    
4959->6013           | 67    | 0.6728       | 0.6833       | 0.0105    
6013->5395           | 66    | 0.6764       | 0.6881       | 0.0117    
5395->5383           | 65    | 0.6800       | 0.7047       | 0.0248    
5383->6133           | 63    | 0.6874       | 0.7121       | 0.0247    
5234->7310           | 63    | 0.6874       | 0.5249       | -0.1625   
6133->5487           | 62    | 0.6912       | 0.7166       | 0.0254    
5487->5404           | 61    | 0.6951       | 0.7261       | 0.0310    
7310->7266           | 61    | 0.6951       | 0.5762       | -0.1189   
5404->4960           | 60    | 0.6991       | 0.7306       | 0.0315    
4960->5343           | 60    | 0.6991       | 0.7306       | 0.0315    
7266->7352           | 60    | 0.6991       | 0.5953       | -0.1038   
5343->5737           | 59    | 0.7031       | 0.7356       | 0.0325    
5097->5111           | 59    | 0.7031       | 0.6284       | -0.0747   
5111->5112           | 59    | 0.7031       | 0.6284       | -0.0747   
5112->5782           | 59    | 0.7031       | 0.6284       | -0.0747   
7352->7251           | 59    | 0.7031       | 0.6225       | -0.0806   
5737->6040           | 58    | 0.7073       | 0.7623       | 0.0550    
5782->5642           | 58    | 0.7073       | 0.6348       | -0.0725   
7251->7166           | 58    | 0.7073       | 0.6269       | -0.0803   
6040->6253           | 57    | 0.7115       | 0.7688       | 0.0574    
7166->7478           | 57    | 0.7115       | 0.6341       | -0.0774   
6253->4961           | 56    | 0.7158       | 0.7724       | 0.0566    
5642->6170           | 56    | 0.7158       | 0.6463       | -0.0694   
7478->7466           | 56    | 0.7158       | 0.6385       | -0.0772   
6170->5460           | 55    | 0.7201       | 0.6530       | -0.0672   
7466->6794           | 55    | 0.7201       | 0.6428       | -0.0773   
6794->6827           | 55    | 0.7201       | 0.6428       | -0.0773   
5460->6064           | 54    | 0.7246       | 0.6621       | -0.0624   
6064->5113           | 53    | 0.7291       | 0.6837       | -0.0454   
5113->5154           | 53    | 0.7291       | 0.6837       | -0.0454   
5235->7156           | 49    | 0.7481       | 0.5040       | -0.2441   
6827->7422           | 49    | 0.7481       | 0.6857       | -0.0625   
7156->7488           | 48    | 0.7531       | 0.5202       | -0.2329   
7488->7201           | 47    | 0.7582       | 0.5337       | -0.2244   
7422->7226           | 47    | 0.7582       | 0.7058       | -0.0524   
7201->7636           | 46    | 0.7633       | 0.5507       | -0.2126   
7226->6806           | 46    | 0.7633       | 0.7176       | -0.0457   
6806->7575           | 46    | 0.7633       | 0.7176       | -0.0457   
7636->7179           | 45    | 0.7685       | 0.5749       | -0.1937   
7575->7401           | 45    | 0.7685       | 0.7238       | -0.0447   
7179->7282           | 44    | 0.7738       | 0.5952       | -0.1787   
7401->7584           | 44    | 0.7738       | 0.7639       | -0.0100   
7282->7288           | 43    | 0.7792       | 0.6161       | -0.1631   
7584->7316           | 43    | 0.7792       | 0.7790       | -0.0002   
7288->7497           | 42    | 0.7847       | 0.6472       | -0.1375   
7497->7507           | 41    | 0.7903       | 0.6646       | -0.1257   
7316->7205           | 41    | 0.7903       | 0.7956       | 0.0054    
7507->6881           | 40    | 0.7959       | 0.6825       | -0.1134   
7205->6807           | 40    | 0.7959       | 0.8088       | 0.0129    
6807->6884           | 39    | 0.8016       | 0.8393       | 0.0377    
6891->7896           | 37    | 0.8132       | 0.6183       | -0.1949   
7896->6892           | 36    | 0.8192       | 0.6268       | -0.1924   
6892->6893           | 36    | 0.8192       | 0.6268       | -0.1924   
6893->7966           | 35    | 0.8252       | 0.6372       | -0.1880   
4963->5401           | 34    | 0.8312       | 0.6953       | -0.1359   
7966->6894           | 34    | 0.8312       | 0.6483       | -0.1829   
6894->8005           | 34    | 0.8312       | 0.6483       | -0.1829   
5401->5566           | 33    | 0.8374       | 0.7192       | -0.1182   
6881->6784           | 33    | 0.8374       | 0.7200       | -0.1173   
6891->7775           | 33    | 0.8374       | 0.6376       | -0.1998   
8005->6895           | 33    | 0.8374       | 0.6908       | -0.1465   
6895->6896           | 33    | 0.8374       | 0.6908       | -0.1465   
6896->6897           | 33    | 0.8374       | 0.6908       | -0.1465   
6897->7009           | 33    | 0.8374       | 0.6908       | -0.1465   
5566->5989           | 32    | 0.8435       | 0.7370       | -0.1065   
7775->7709           | 32    | 0.8435       | 0.6530       | -0.1905   
7009->6898           | 32    | 0.8435       | 0.7296       | -0.1139   
4961->5995           | 31    | 0.8497       | 0.7322       | -0.1176   
5989->5194           | 31    | 0.8497       | 0.7642       | -0.0856   
7709->8002           | 31    | 0.8497       | 0.6700       | -0.1797   
5995->5322           | 30    | 0.8560       | 0.7500       | -0.1060   
5262->6287           | 30    | 0.8560       | 0.6010       | -0.2550   
8002->6933           | 30    | 0.8560       | 0.6813       | -0.1747   
6933->7926           | 30    | 0.8560       | 0.6813       | -0.1747   
5322->5325           | 29    | 0.8623       | 0.7679       | -0.0944   
6287->5454           | 29    | 0.8623       | 0.6168       | -0.2455   
6784->7593           | 29    | 0.8623       | 0.7373       | -0.1250   
7926->7038           | 29    | 0.8623       | 0.7177       | -0.1446   
5325->6118           | 28    | 0.8686       | 0.7823       | -0.0863   
5154->5807           | 28    | 0.8686       | 0.6731       | -0.1955   
5454->5666           | 28    | 0.8686       | 0.6334       | -0.2352   
7593->7605           | 28    | 0.8686       | 0.7964       | -0.0722   
6898->7845           | 28    | 0.8686       | 0.7158       | -0.1528   
6118->4962           | 27    | 0.8749       | 0.7976       | -0.0773   
4962->5496           | 27    | 0.8749       | 0.7976       | -0.0773   
5807->5841           | 27    | 0.8749       | 0.7450       | -0.1299   
5666->5237           | 27    | 0.8749       | 0.6633       | -0.2116   
5237->5502           | 27    | 0.8749       | 0.6633       | -0.2116   
7605->7182           | 27    | 0.8749       | 0.8494       | -0.0256   
7845->7830           | 27    | 0.8749       | 0.7806       | -0.0944   
5496->5788           | 26    | 0.8813       | 0.8216       | -0.0597   
5841->6335           | 26    | 0.8813       | 0.7806       | -0.1007   
5502->5238           | 26    | 0.8813       | 0.6908       | -0.1905   
5238->5239           | 26    | 0.8813       | 0.6908       | -0.1905   
5239->5240           | 26    | 0.8813       | 0.6908       | -0.1905   
7182->7548           | 26    | 0.8813       | 0.8596       | -0.0217   
7830->7960           | 26    | 0.8813       | 0.7964       | -0.0849   
4961->5594           | 25    | 0.8876       | 0.7973       | -0.0904   
5788->5569           | 25    | 0.8876       | 0.8427       | -0.0449   
5154->5421           | 25    | 0.8876       | 0.7032       | -0.1845   
6335->5526           | 25    | 0.8876       | 0.7889       | -0.0987   
7548->7270           | 25    | 0.8876       | 0.8780       | -0.0096   
6890->7055           | 25    | 0.8876       | 0.6577       | -0.2299   
6890->7745           | 25    | 0.8876       | 0.5116       | -0.3761   
7055->7739           | 25    | 0.8876       | 0.6577       | -0.2299   
7960->7787           | 25    | 0.8876       | 0.8125       | -0.0752   
5594->5508           | 24    | 0.8940       | 0.8076       | -0.0864   
5569->5216           | 24    | 0.8940       | 0.8664       | -0.0276   
5421->5693           | 24    | 0.8940       | 0.7328       | -0.1611   
5526->5469           | 24    | 0.8940       | 0.8026       | -0.0914   
7270->7419           | 24    | 0.8940       | 0.9045       | 0.0105    
7745->7851           | 24    | 0.8940       | 0.5382       | -0.3558   
7739->7688           | 24    | 0.8940       | 0.6784       | -0.2156   
7787->7781           | 24    | 0.8940       | 0.8213       | -0.0727   
5508->6001           | 23    | 0.9003       | 0.8142       | -0.0861   
5693->5877           | 23    | 0.9003       | 0.7818       | -0.1185   
5469->5114           | 23    | 0.9003       | 0.8344       | -0.0659   
7419->7189           | 23    | 0.9003       | 0.9095       | 0.0092    
7851->7757           | 23    | 0.9003       | 0.5488       | -0.3515   
7688->7056           | 23    | 0.9003       | 0.6961       | -0.2042   
7781->7784           | 23    | 0.9003       | 0.8530       | -0.0473   
4983->5835           | 22    | 0.9066       | 0.6890       | -0.2176   
6001->5389           | 22    | 0.9066       | 0.8254       | -0.0812   
5877->5358           | 22    | 0.9066       | 0.8297       | -0.0768   
7189->7555           | 22    | 0.9066       | 0.9104       | 0.0038    
7757->6917           | 22    | 0.9066       | 0.6347       | -0.2718   
7056->7771           | 22    | 0.9066       | 0.7210       | -0.1856   
6917->7823           | 22    | 0.9066       | 0.6347       | -0.2718   
7784->6899           | 22    | 0.9066       | 0.9100       | 0.0034    
6899->6960           | 22    | 0.9066       | 0.9100       | 0.0034    
5835->5016           | 21    | 0.9128       | 0.7178       | -0.1951   
5389->5021           | 21    | 0.9128       | 0.8405       | -0.0723   
5021->6124           | 21    | 0.9128       | 0.8405       | -0.0723   
5358->5886           | 21    | 0.9128       | 0.8938       | -0.0190   
6884->6861           | 21    | 0.9128       | 0.8233       | -0.0895   
6861->7666           | 21    | 0.9128       | 0.8233       | -0.0895   
7555->7170           | 21    | 0.9128       | 0.9141       | 0.0013    
7771->7057           | 21    | 0.9128       | 0.7521       | -0.1608   
7823->7911           | 21    | 0.9128       | 0.6513       | -0.2615   
6124->5022           | 20    | 0.9190       | 0.8518       | -0.0672   
5022->5319           | 20    | 0.9190       | 0.8518       | -0.0672   
5886->5127           | 20    | 0.9190       | 0.9483       | 0.0293    
5114->5115           | 20    | 0.9190       | 0.8598       | -0.0592   
5115->6266           | 20    | 0.9190       | 0.8598       | -0.0592   
7666->7349           | 20    | 0.9190       | 0.9062       | -0.0128   
7170->7331           | 20    | 0.9190       | 0.9160       | -0.0030   
7057->7058           | 20    | 0.9190       | 0.7808       | -0.1382   
7911->7691           | 20    | 0.9190       | 0.6708       | -0.2482   
7058->7920           | 20    | 0.9190       | 0.7808       | -0.1382   
5016->5523           | 19    | 0.9251       | 0.7695       | -0.1556   
5319->6055           | 19    | 0.9251       | 0.8697       | -0.0554   
5216->6281           | 19    | 0.9251       | 0.8809       | -0.0442   
5194->5053           | 19    | 0.9251       | 0.7591       | -0.1661   
5053->5935           | 19    | 0.9251       | 0.7591       | -0.1661   
6266->6149           | 19    | 0.9251       | 0.8933       | -0.0319   
7349->7676           | 19    | 0.9251       | 0.9294       | 0.0043    
7331->7361           | 19    | 0.9251       | 0.9293       | 0.0042    
7691->6918           | 19    | 0.9251       | 0.7081       | -0.2170   
7920->7984           | 19    | 0.9251       | 0.8140       | -0.1111   
5523->5618           | 18    | 0.9311       | 0.8314       | -0.0997   
6055->5411           | 18    | 0.9311       | 0.8806       | -0.0505   
6281->6194           | 18    | 0.9311       | 0.9006       | -0.0305   
5935->5715           | 18    | 0.9311       | 0.8034       | -0.1277   
6149->5828           | 18    | 0.9311       | 0.9136       | -0.0176   
7676->6862           | 18    | 0.9311       | 0.9345       | 0.0034    
6862->7596           | 18    | 0.9311       | 0.9345       | 0.0034    
7361->7654           | 18    | 0.9311       | 0.9420       | 0.0109    
6918->7863           | 18    | 0.9311       | 0.7509       | -0.1802   
7984->7880           | 18    | 0.9311       | 0.8719       | -0.0593   
6960->6947           | 18    | 0.9311       | 0.9203       | -0.0108   
6947->6948           | 18    | 0.9311       | 0.9203       | -0.0108   
6948->6949           | 18    | 0.9311       | 0.9203       | -0.0108   
5618->4993           | 17    | 0.9370       | 0.9076       | -0.0294   
4993->5621           | 17    | 0.9370       | 0.9076       | -0.0294   
5411->6164           | 17    | 0.9370       | 0.9020       | -0.0351   
6194->5205           | 17    | 0.9370       | 0.9538       | 0.0168    
5205->6290           | 17    | 0.9370       | 0.9538       | 0.0168    
5828->5116           | 17    | 0.9370       | 0.9403       | 0.0032    
5116->6037           | 17    | 0.9370       | 0.9403       | 0.0032    
5240->6748           | 17    | 0.9370       | 0.7591       | -0.1780   
7596->7472           | 17    | 0.9370       | 0.9364       | -0.0007   
7654->7244           | 17    | 0.9370       | 0.9428       | 0.0058    
7863->7733           | 17    | 0.9370       | 0.7763       | -0.1608   
7880->7778           | 17    | 0.9370       | 0.9036       | -0.0335   
7038->6934           | 17    | 0.9370       | 0.7816       | -0.1554   
6934->7820           | 17    | 0.9370       | 0.7816       | -0.1554   
5005->4989           | 16    | 0.9428       | 0.7049       | -0.2379   
5621->5575           | 16    | 0.9428       | 0.9384       | -0.0044   
5097->5096           | 16    | 0.9428       | 0.6563       | -0.2865   
5096->5095           | 16    | 0.9428       | 0.6563       | -0.2865   
5095->5913           | 16    | 0.9428       | 0.6563       | -0.2865   
6164->5023           | 16    | 0.9428       | 0.9335       | -0.0093   
5023->5648           | 16    | 0.9428       | 0.9335       | -0.0093   
6290->5916           | 16    | 0.9428       | 0.9582       | 0.0153    
5715->5708           | 16    | 0.9428       | 0.8813       | -0.0615   
6037->5117           | 16    | 0.9428       | 0.9505       | 0.0077    
5117->5352           | 16    | 0.9428       | 0.9505       | 0.0077    
6884->6808           | 16    | 0.9428       | 0.8602       | -0.0827   
6808->7295           | 16    | 0.9428       | 0.8602       | -0.0827   
7472->7562           | 16    | 0.9428       | 0.9442       | 0.0013    
7244->7238           | 16    | 0.9428       | 0.9436       | 0.0008    
7733->7814           | 16    | 0.9428       | 0.8339       | -0.1089   
7778->7799           | 16    | 0.9428       | 0.9417       | -0.0012   
7820->7951           | 16    | 0.9428       | 0.8044       | -0.1385   
4989->5539           | 15    | 0.9485       | 0.7742       | -0.1743   
5575->5998           | 15    | 0.9485       | 0.9512       | 0.0027    
5913->5475           | 15    | 0.9485       | 0.7173       | -0.2312   
5648->5763           | 15    | 0.9485       | 0.9442       | -0.0043   
5127->6181           | 15    | 0.9485       | 0.9314       | -0.0171   
5916->5862           | 15    | 0.9485       | 0.9595       | 0.0110    
5708->5563           | 15    | 0.9485       | 0.9076       | -0.0408   
5352->5727           | 15    | 0.9485       | 0.9539       | 0.0054    
7295->7428           | 15    | 0.9485       | 0.8829       | -0.0656   
6776->6834           | 15    | 0.9485       | 0.5842       | -0.3643   
6834->6833           | 15    | 0.9485       | 0.5842       | -0.3643   
6833->7232           | 15    | 0.9485       | 0.5842       | -0.3643   
7562->7407           | 15    | 0.9485       | 0.9512       | 0.0028    
7238->7438           | 15    | 0.9485       | 0.9457       | -0.0028   
7814->6919           | 15    | 0.9485       | 0.9555       | 0.0070    
7799->7742           | 15    | 0.9485       | 0.9526       | 0.0041    
6919->7860           | 15    | 0.9485       | 0.9555       | 0.0070    
7951->7883           | 15    | 0.9485       | 0.8209       | -0.1276   
6949->6965           | 15    | 0.9485       | 0.9227       | -0.0258   
6965->7874           | 15    | 0.9485       | 0.9227       | -0.0258   
5539->5769           | 14    | 0.9540       | 0.8257       | -0.1283   
5998->5687           | 14    | 0.9540       | 0.9574       | 0.0035    
5475->5386           | 14    | 0.9540       | 0.8177       | -0.1363   
5763->5584           | 14    | 0.9540       | 0.9687       | 0.0147    
6181->6313           | 14    | 0.9540       | 0.9512       | -0.0028   
5862->5204           | 14    | 0.9540       | 0.9660       | 0.0120    
5563->5054           | 14    | 0.9540       | 0.9493       | -0.0046   
5054->5660           | 14    | 0.9540       | 0.9493       | -0.0046   
5727->5983           | 14    | 0.9540       | 0.9568       | 0.0028    
7428->7392           | 14    | 0.9540       | 0.9282       | -0.0258   
7232->7531           | 14    | 0.9540       | 0.6441       | -0.3099   
7407->6863           | 14    | 0.9540       | 0.9554       | 0.0014    
7438->7679           | 14    | 0.9540       | 0.9578       | 0.0038    
7742->7727           | 14    | 0.9540       | 0.9576       | 0.0036    
7860->7035           | 14    | 0.9540       | 0.9675       | 0.0136    
7883->6935           | 14    | 0.9540       | 0.8536       | -0.1004   
6935->7694           | 14    | 0.9540       | 0.8536       | -0.1004   
7874->7810           | 14    | 0.9540       | 0.9464       | -0.0076   
4941->4927           | 13    | 0.9593       | 0.7612       | -0.1981   
4927->5734           | 13    | 0.9593       | 0.7612       | -0.1981   
5769->5424           | 13    | 0.9593       | 0.8837       | -0.0756   
5687->5663           | 13    | 0.9593       | 0.9622       | 0.0029    
5386->6052           | 13    | 0.9593       | 0.9189       | -0.0404   
5584->5889           | 13    | 0.9593       | 1.0000       | 0.0407    
6313->5505           | 13    | 0.9593       | 0.9614       | 0.0021    
5204->5499           | 13    | 0.9593       | 0.9674       | 0.0081    
5660->6244           | 13    | 0.9593       | 0.9607       | 0.0014    
5983->5118           | 13    | 0.9593       | 0.9639       | 0.0046    
5118->5655           | 13    | 0.9593       | 0.9639       | 0.0046    
7392->6809           | 13    | 0.9593       | 0.9629       | 0.0036    
6809->7413           | 13    | 0.9593       | 0.9629       | 0.0036    
7531->7491           | 13    | 0.9593       | 0.7146       | -0.2447   
6863->7448           | 13    | 0.9593       | 0.9594       | 0.0001    
7679->7454           | 13    | 0.9593       | 0.9631       | 0.0038    
7694->7957           | 13    | 0.9593       | 0.9446       | -0.0147   
7810->6966           | 13    | 0.9593       | 0.9720       | 0.0127    
6966->7917           | 13    | 0.9593       | 0.9720       | 0.0127    
7114->7107           | 12    | 0.9644       | 0.7359       | -0.2285   
7107->7503           | 12    | 0.9644       | 0.7359       | -0.2285   
5734->5932           | 12    | 0.9644       | 0.8130       | -0.1514   
5663->5944           | 12    | 0.9644       | 0.9666       | 0.0022    
6052->5669           | 12    | 0.9644       | 0.9647       | 0.0003    
5889->5284           | 12    | 0.9644       | 1.0000       | 0.0356    
5505->5126           | 12    | 0.9644       | 0.9657       | 0.0013    
5126->5125           | 12    | 0.9644       | 0.9657       | 0.0013    
6244->5597           | 12    | 0.9644       | 0.9698       | 0.0054    
5655->5959           | 12    | 0.9644       | 0.9684       | 0.0040    
7491->7568           | 12    | 0.9644       | 0.8289       | -0.1356   
7448->6864           | 12    | 0.9644       | 0.9662       | 0.0018    
6864->7248           | 12    | 0.9644       | 0.9662       | 0.0018    
7454->7599           | 12    | 0.9644       | 0.9742       | 0.0098    
7727->7685           | 12    | 0.9644       | 0.9688       | 0.0044    
7957->7870           | 12    | 0.9644       | 0.9686       | 0.0042    
7917->7002           | 12    | 0.9644       | 0.9818       | 0.0174    
7503->7374           | 11    | 0.9693       | 0.8328       | -0.1365   
5932->5746           | 11    | 0.9693       | 0.8421       | -0.1272   
5424->6238           | 11    | 0.9693       | 0.9658       | -0.0035   
5944->5779           | 11    | 0.9693       | 0.9714       | 0.0021    
5669->5376           | 11    | 0.9693       | 0.9726       | 0.0033    
5284->5408           | 11    | 0.9693       | 1.0000       | 0.0307    
5499->5953           | 11    | 0.9693       | 0.9799       | 0.0106    
5125->6130           | 11    | 0.9693       | 0.9714       | 0.0021    
5597->6347           | 11    | 0.9693       | 0.9734       | 0.0041    
5959->5119           | 11    | 0.9693       | 0.9717       | 0.0024    
7413->7276           | 11    | 0.9693       | 0.9740       | 0.0047    
7568->7541           | 11    | 0.9693       | 0.8667       | -0.1026   
7248->7334           | 11    | 0.9693       | 0.9706       | 0.0013    
7599->7624           | 11    | 0.9693       | 0.9756       | 0.0063    
7035->6920           | 11    | 0.9693       | 0.9689       | -0.0004   
7685->7730           | 11    | 0.9693       | 0.9724       | 0.0031    
6920->7903           | 11    | 0.9693       | 0.9689       | -0.0004   
7870->7718           | 11    | 0.9693       | 0.9723       | 0.0030    
7374->7445           | 10    | 0.9740       | 0.9616       | -0.0124   
4905->4888           | 10    | 0.9740       | 0.8030       | -0.1709   
4888->5427           | 10    | 0.9740       | 0.8030       | -0.1709   
5746->6304           | 10    | 0.9740       | 0.8725       | -0.1015   
6238->5367           | 10    | 0.9740       | 0.9769       | 0.0029    
5779->5517           | 10    | 0.9740       | 0.9758       | 0.0018    
5376->6173           | 10    | 0.9740       | 0.9750       | 0.0010    
5408->6019           | 10    | 0.9740       | 1.0000       | 0.0260    
5953->5203           | 10    | 0.9740       | 0.9822       | 0.0082    
5203->5493           | 10    | 0.9740       | 0.9822       | 0.0082    
6130->6310           | 10    | 0.9740       | 0.9740       | 0.0000    
6347->5055           | 10    | 0.9740       | 0.9766       | 0.0026    
5055->5056           | 10    | 0.9740       | 0.9766       | 0.0026    
5056->6178           | 10    | 0.9740       | 0.9766       | 0.0026    
7276->7263           | 10    | 0.9740       | 0.9766       | 0.0027    
7541->7416           | 10    | 0.9740       | 0.9732       | -0.0008   
7334->6865           | 10    | 0.9740       | 0.9752       | 0.0012    
7624->6813           | 10    | 0.9740       | 0.9792       | 0.0053    
7730->7059           | 10    | 0.9740       | 0.9765       | 0.0026    
7903->7948           | 10    | 0.9740       | 0.9764       | 0.0024    
7718->7887           | 10    | 0.9740       | 0.9772       | 0.0032    
7445->7140           | 9     | 0.9783       | 0.9804       | 0.0021    
5427->5448           | 9     | 0.9783       | 0.8829       | -0.0954   
6304->6031           | 9     | 0.9783       | 0.9069       | -0.0714   
5367->6136           | 9     | 0.9783       | 0.9803       | 0.0020    
5517->5466           | 9     | 0.9783       | 0.9805       | 0.0021    
6173->5094           | 9     | 0.9783       | 0.9799       | 0.0015    
5094->5606           | 9     | 0.9783       | 0.9799       | 0.0015    
5194->5183           | 9     | 0.9783       | 0.8262       | -0.1521   
5183->5182           | 9     | 0.9783       | 0.8262       | -0.1521   
6019->5024           | 9     | 0.9783       | 1.0000       | 0.0217    
5024->5442           | 9     | 0.9783       | 1.0000       | 0.0217    
5493->5490           | 9     | 0.9783       | 0.9865       | 0.0082    
6310->5588           | 9     | 0.9783       | 0.9795       | 0.0012    
6178->5057           | 9     | 0.9783       | 0.9871       | 0.0087    
5057->5084           | 9     | 0.9783       | 0.9871       | 0.0087    
5240->5241           | 9     | 0.9783       | 0.6037       | -0.3746   
5241->7587           | 9     | 0.9783       | 0.6037       | -0.3746   
6748->6749           | 9     | 0.9783       | 0.7272       | -0.2511   
6749->7325           | 9     | 0.9783       | 0.7272       | -0.2511   
7263->7346           | 9     | 0.9783       | 0.9798       | 0.0015    
7416->7404           | 9     | 0.9783       | 0.9831       | 0.0048    
7059->7721           | 9     | 0.9783       | 0.9814       | 0.0031    
7948->7945           | 9     | 0.9783       | 0.9834       | 0.0051    
7887->7939           | 9     | 0.9783       | 0.9821       | 0.0037    
7140->7220           | 8     | 0.9824       | 0.9822       | -0.0002   
4905->6215           | 8     | 0.9824       | 0.7182       | -0.2643   
5448->5627           | 8     | 0.9824       | 0.9797       | -0.0027   
6031->5349           | 8     | 0.9824       | 0.9444       | -0.0380   
6136->5919           | 8     | 0.9824       | 0.9832       | 0.0008    
5466->6341           | 8     | 0.9824       | 0.9846       | 0.0022    
5606->6007           | 8     | 0.9824       | 0.9850       | 0.0025    
5182->5181           | 8     | 0.9824       | 0.9273       | -0.0551   
5181->5956           | 8     | 0.9824       | 0.9273       | -0.0551   
5442->5025           | 8     | 0.9824       | 1.0000       | 0.0176    
5490->5202           | 8     | 0.9824       | 0.9921       | 0.0096    
5588->5124           | 8     | 0.9824       | 0.9833       | 0.0009    
5025->5026           | 8     | 0.9824       | 1.0000       | 0.0176    
5202->5307           | 8     | 0.9824       | 0.9921       | 0.0096    
5124->5463           | 8     | 0.9824       | 0.9833       | 0.0009    
5026->5364           | 8     | 0.9824       | 1.0000       | 0.0176    
5119->5950           | 8     | 0.9824       | 0.9842       | 0.0018    
6748->7510           | 8     | 0.9824       | 0.7952       | -0.1873   
7587->6025           | 8     | 0.9824       | 0.6477       | -0.3347   
7325->7208           | 8     | 0.9824       | 0.8762       | -0.1062   
7346->7657           | 8     | 0.9824       | 0.9851       | 0.0026    
7404->7380           | 8     | 0.9824       | 0.9870       | 0.0045    
6865->6866           | 8     | 0.9824       | 0.9835       | 0.0010    
6866->6867           | 8     | 0.9824       | 0.9835       | 0.0010    
7721->7932           | 8     | 0.9824       | 0.9848       | 0.0023    
7945->7748           | 8     | 0.9824       | 0.9877       | 0.0053    
7939->7987           | 8     | 0.9824       | 0.9848       | 0.0024    
7117->7377           | 7     | 0.9862       | 0.7541       | -0.2321   
7220->7195           | 7     | 0.9862       | 0.9859       | -0.0003   
6215->5740           | 7     | 0.9862       | 0.7908       | -0.1954   
5627->6272           | 7     | 0.9862       | 0.9886       | 0.0024    
5349->5759           | 7     | 0.9862       | 0.9669       | -0.0193   
5919->5838           | 7     | 0.9862       | 0.9865       | 0.0003    
6341->4992           | 7     | 0.9862       | 0.9885       | 0.0023    
6007->6097           | 7     | 0.9862       | 0.9869       | 0.0007    
5956->5180           | 7     | 0.9862       | 0.9868       | 0.0006    
5180->6100           | 7     | 0.9862       | 0.9868       | 0.0006    
5307->5743           | 7     | 0.9862       | 0.9955       | 0.0093    
5463->5123           | 7     | 0.9862       | 0.9871       | 0.0009    
5364->5971           | 7     | 0.9862       | 1.0000       | 0.0138    
5123->5398           | 7     | 0.9862       | 0.9871       | 0.0009    
5950->5756           | 7     | 0.9862       | 0.9884       | 0.0022    
6881->7340           | 7     | 0.9862       | 0.5587       | -0.4275   
7510->7079           | 7     | 0.9862       | 0.8173       | -0.1689   
6025->5529           | 7     | 0.9862       | 0.8357       | -0.1505   
7079->7078           | 7     | 0.9862       | 0.8173       | -0.1689   
7208->6750           | 7     | 0.9862       | 0.9492       | -0.0370   
7078->7602           | 7     | 0.9862       | 0.8173       | -0.1689   
7657->7192           | 7     | 0.9862       | 0.9883       | 0.0021    
6757->6848           | 7     | 0.9862       | 0.5216       | -0.4646   
6848->7660           | 7     | 0.9862       | 0.5216       | -0.4646   
7380->7198           | 7     | 0.9862       | 0.9893       | 0.0031    
6813->7645           | 7     | 0.9862       | 0.9761       | -0.0101   
6867->7528           | 7     | 0.9862       | 0.9873       | 0.0011    
7038->7021           | 7     | 0.9862       | 0.5946       | -0.3916   
7021->7980           | 7     | 0.9862       | 0.5946       | -0.3916   
7932->7736           | 7     | 0.9862       | 0.9889       | 0.0027    
7748->6921           | 7     | 0.9862       | 0.9912       | 0.0050    
6921->7712           | 7     | 0.9862       | 0.9912       | 0.0050    
7987->7977           | 7     | 0.9862       | 0.9902       | 0.0040    
7377->7108           | 6     | 0.9896       | 0.8339       | -0.1557   
7108->7125           | 6     | 0.9896       | 0.8339       | -0.1557   
7125->7235           | 6     | 0.9896       | 0.8339       | -0.1557   
7195->7307           | 6     | 0.9896       | 0.9900       | 0.0004    
5740->4887           | 6     | 0.9896       | 0.8822       | -0.1074   
4887->6091           | 6     | 0.9896       | 0.8822       | -0.1074   
6272->5865           | 6     | 0.9896       | 0.9915       | 0.0019    
5759->5542           | 6     | 0.9896       | 0.9778       | -0.0118   
5838->5731           | 6     | 0.9896       | 0.9900       | 0.0004    
4992->4991           | 6     | 0.9896       | 0.9918       | 0.0022    
6097->5331           | 6     | 0.9896       | 0.9916       | 0.0020    
6100->5532           | 6     | 0.9896       | 0.9919       | 0.0022    
5743->5201           | 6     | 0.9896       | 0.9993       | 0.0097    
5971->5027           | 6     | 0.9896       | 1.0000       | 0.0104    
5201->5379           | 6     | 0.9896       | 0.9993       | 0.0097    
5027->5560           | 6     | 0.9896       | 1.0000       | 0.0104    
5756->5223           | 6     | 0.9896       | 0.9915       | 0.0019    
5223->5965           | 6     | 0.9896       | 0.9915       | 0.0019    
7340->7469           | 6     | 0.9896       | 0.8933       | -0.0963   
6750->6751           | 6     | 0.9896       | 0.9948       | 0.0052    
7602->7279           | 6     | 0.9896       | 0.9926       | 0.0030    
7192->6810           | 6     | 0.9896       | 0.9920       | 0.0024    
6810->7618           | 6     | 0.9896       | 0.9920       | 0.0024    
7660->7558           | 6     | 0.9896       | 0.5998       | -0.3898   
7198->7516           | 6     | 0.9896       | 0.9920       | 0.0023    
7645->7571           | 6     | 0.9896       | 0.9924       | 0.0028    
7528->7648           | 6     | 0.9896       | 0.9905       | 0.0009    
7980->7963           | 6     | 0.9896       | 0.7767       | -0.2130   
7736->7923           | 6     | 0.9896       | 0.9922       | 0.0026    
7712->7890           | 6     | 0.9896       | 0.9943       | 0.0047    
7977->7804           | 6     | 0.9896       | 0.9927       | 0.0031    
7002->6988           | 6     | 0.9896       | 0.9881       | -0.0015   
7002->7760           | 6     | 0.9896       | 0.9734       | -0.0162   
7235->7364           | 5     | 0.9927       | 0.9404       | -0.0522   
7307->7565           | 5     | 0.9927       | 0.9930       | 0.0003    
5865->5436           | 5     | 0.9927       | 0.9930       | 0.0003    
4891->6022           | 5     | 0.9927       | 0.5824       | -0.4103   
5542->4949           | 5     | 0.9927       | 0.9995       | 0.0068    
5731->5775           | 5     | 0.9927       | 0.9934       | 0.0007    
5331->6073           | 5     | 0.9927       | 0.9945       | 0.0018    
5127->5159           | 5     | 0.9927       | 0.9734       | -0.0193   
5159->5160           | 5     | 0.9927       | 0.9734       | -0.0193   
5532->5179           | 5     | 0.9927       | 0.9936       | 0.0009    
5179->6076           | 5     | 0.9927       | 0.9936       | 0.0009    
5398->5451           | 5     | 0.9927       | 0.9937       | 0.0010    
5379->6207           | 5     | 0.9927       | 1.0000       | 0.0073    
5066->5892           | 5     | 0.9927       | 0.5119       | -0.4807   
5560->6061           | 5     | 0.9927       | 1.0000       | 0.0073    
5064->5370           | 5     | 0.9927       | 0.5647       | -0.4279   
5965->5222           | 5     | 0.9927       | 0.9948       | 0.0021    
6827->7519           | 5     | 0.9927       | 0.5094       | -0.4833   
7469->7639           | 5     | 0.9927       | 0.9831       | -0.0096   
5529->6307           | 5     | 0.9927       | 0.9962       | 0.0036    
6751->6752           | 5     | 0.9927       | 0.9967       | 0.0040    
7279->7077           | 5     | 0.9927       | 0.9993       | 0.0067    
7077->7076           | 5     | 0.9927       | 0.9993       | 0.0067    
7076->7319           | 5     | 0.9927       | 0.9993       | 0.0067    
7618->7367           | 5     | 0.9927       | 0.9947       | 0.0020    
7558->7313           | 5     | 0.9927       | 0.7215       | -0.2712   
7516->7160           | 5     | 0.9927       | 0.9957       | 0.0030    
7571->6832           | 5     | 0.9927       | 0.9980       | 0.0053    
7648->7257           | 5     | 0.9927       | 0.9939       | 0.0012    
7038->7020           | 5     | 0.9927       | 0.7241       | -0.2686   
7020->7793           | 5     | 0.9927       | 0.7241       | -0.2686   
7963->7703           | 5     | 0.9927       | 0.9947       | 0.0021    
7923->7936           | 5     | 0.9927       | 0.9953       | 0.0026    
7890->7836           | 5     | 0.9927       | 0.9969       | 0.0042    
7804->6936           | 5     | 0.9927       | 0.9956       | 0.0029    
6936->6937           | 5     | 0.9927       | 0.9956       | 0.0029    
6937->7893           | 5     | 0.9927       | 0.9956       | 0.0029    
7364->7630           | 4     | 0.9953       | 0.9908       | -0.0046   
7565->7682           | 4     | 0.9953       | 0.9958       | 0.0005    
6091->4886           | 4     | 0.9953       | 0.9962       | 0.0009    
4886->6146           | 4     | 0.9953       | 0.9962       | 0.0009    
5436->4889           | 4     | 0.9953       | 0.9954       | 0.0000    
6022->6224           | 4     | 0.9953       | 0.6881       | -0.3072   
5775->6257           | 4     | 0.9953       | 0.9962       | 0.0008    
4991->5313           | 4     | 0.9953       | 0.9976       | 0.0023    
5216->5609           | 4     | 0.9953       | 0.9158       | -0.0795   
6073->5904           | 4     | 0.9953       | 0.9974       | 0.0021    
5160->5938           | 4     | 0.9953       | 0.9970       | 0.0016    
5451->5122           | 4     | 0.9953       | 0.9963       | 0.0010    
6207->5572           | 4     | 0.9953       | 1.0000       | 0.0047    
5892->5030           | 4     | 0.9953       | 0.6123       | -0.3830   
6061->5028           | 4     | 0.9953       | 1.0000       | 0.0047    
5370->5346           | 4     | 0.9953       | 0.7281       | -0.2672   
5222->5415           | 4     | 0.9953       | 0.9970       | 0.0017    
7519->7475           | 4     | 0.9953       | 0.7601       | -0.2352   
6784->7673           | 4     | 0.9953       | 0.6313       | -0.3640   
7639->7484           | 4     | 0.9953       | 1.0000       | 0.0047    
6307->7254           | 4     | 0.9953       | 0.9999       | 0.0046    
6752->6753           | 4     | 0.9953       | 0.9980       | 0.0027    
7319->7075           | 4     | 0.9953       | 1.0000       | 0.0047    
7075->7241           | 4     | 0.9953       | 1.0000       | 0.0047    
7367->7355           | 4     | 0.9953       | 0.9975       | 0.0022    
7313->7173           | 4     | 0.9953       | 0.8905       | -0.1049   
7160->7358           | 4     | 0.9953       | 0.9986       | 0.0033    
7257->7389           | 4     | 0.9953       | 0.9965       | 0.0011    
7793->7019           | 4     | 0.9953       | 0.7574       | -0.2379   
7019->7018           | 4     | 0.9953       | 0.7574       | -0.2379   
7703->7899           | 4     | 0.9953       | 0.9994       | 0.0041    
7018->7017           | 4     | 0.9953       | 0.7574       | -0.2379   
7017->7016           | 4     | 0.9953       | 0.7574       | -0.2379   
6898->7097           | 4     | 0.9953       | 0.9453       | -0.0500   
7097->7096           | 4     | 0.9953       | 0.9453       | -0.0500   
7096->7095           | 4     | 0.9953       | 0.9453       | -0.0500   
7095->7094           | 4     | 0.9953       | 0.9453       | -0.0500   
7094->7093           | 4     | 0.9953       | 0.9453       | -0.0500   
7093->7697           | 4     | 0.9953       | 0.9453       | -0.0500   
7936->8009           | 4     | 0.9953       | 0.9980       | 0.0026    
6960->7796           | 4     | 0.9953       | 0.8661       | -0.1292   
7836->6922           | 4     | 0.9953       | 0.9995       | 0.0042    
6922->7715           | 4     | 0.9953       | 0.9995       | 0.0042    
7893->7848           | 4     | 0.9953       | 0.9978       | 0.0025    
6988->6967           | 4     | 0.9953       | 0.9943       | -0.0011   
7760->6993           | 4     | 0.9953       | 1.0000       | 0.0047    
6967->6968           | 4     | 0.9953       | 0.9943       | -0.0011   
6993->6994           | 4     | 0.9953       | 1.0000       | 0.0047    
6968->7996           | 4     | 0.9953       | 0.9943       | -0.0011   
7137->7663           | 3     | 0.9975       | 0.4174       | -0.5802   
7630->7383           | 3     | 0.9975       | 1.0000       | 0.0025    
7682->7608           | 3     | 0.9975       | 0.9979       | 0.0003    
6146->4885           | 3     | 0.9975       | 0.9990       | 0.0015    
4885->6079           | 3     | 0.9975       | 0.9990       | 0.0015    
4889->5472           | 3     | 0.9975       | 0.9982       | 0.0006    
6224->4890           | 3     | 0.9975       | 0.9991       | 0.0016    
4949->5749           | 3     | 0.9975       | 0.9980       | 0.0004    
6257->5871           | 3     | 0.9975       | 0.9984       | 0.0008    
5313->5910           | 3     | 0.9975       | 0.9999       | 0.0024    
4963->6191           | 3     | 0.9975       | 0.1695       | -0.8281   
5609->6319           | 3     | 0.9975       | 1.0000       | 0.0025    
5194->5785           | 3     | 0.9975       | 0.6113       | -0.3863   
5114->8022           | 3     | 0.9975       | 0.7358       | -0.2618   
5034->5166           | 3     | 0.9975       | 0.6021       | -0.3954   
5904->5922           | 3     | 0.9975       | 0.9996       | 0.0021    
5166->5340           | 3     | 0.9975       | 0.6021       | -0.3954   
5938->5161           | 3     | 0.9975       | 1.0000       | 0.0025    
5161->6028           | 3     | 0.9975       | 1.0000       | 0.0025    
6076->5822           | 3     | 0.9975       | 0.9985       | 0.0010    
5122->5825           | 3     | 0.9975       | 0.9986       | 0.0010    
5572->5200           | 3     | 0.9975       | 1.0000       | 0.0025    
5030->5992           | 3     | 0.9975       | 0.8032       | -0.1944   
5084->5058           | 3     | 0.9975       | 0.9900       | -0.0075   
5084->6016           | 3     | 0.9975       | 0.9847       | -0.0128   
5084->6323           | 3     | 0.9975       | 0.9853       | -0.0123   
5028->5794           | 3     | 0.9975       | 1.0000       | 0.0025    
5200->6152           | 3     | 0.9975       | 1.0000       | 0.0025    
5058->5059           | 3     | 0.9975       | 0.9900       | -0.0075   
5346->5797           | 3     | 0.9975       | 0.8727       | -0.1248   
5415->6139           | 3     | 0.9975       | 0.9993       | 0.0018    
7475->7144           | 3     | 0.9975       | 0.8919       | -0.1057   
7673->7147           | 3     | 0.9975       | 0.9828       | -0.0147   
7484->7217           | 3     | 0.9975       | 1.0000       | 0.0025    
7254->5316           | 3     | 0.9975       | 1.0000       | 0.0025    
6758->7552           | 3     | 0.9975       | 0.1062       | -0.8913   
6753->7071           | 3     | 0.9975       | 1.0000       | 0.0025    
7071->7072           | 3     | 0.9975       | 1.0000       | 0.0025    
7072->7460           | 3     | 0.9975       | 1.0000       | 0.0025    
7241->7304           | 3     | 0.9975       | 1.0000       | 0.0025    
7355->7481           | 3     | 0.9975       | 0.9993       | 0.0017    
7173->6847           | 3     | 0.9975       | 1.0000       | 0.0025    
6813->7431           | 3     | 0.9975       | 0.9856       | -0.0119   
6847->7590           | 3     | 0.9975       | 1.0000       | 0.0025    
7358->7463           | 3     | 0.9975       | 1.0000       | 0.0025    
6832->7395           | 3     | 0.9975       | 0.9974       | -0.0001   
7899->7877           | 3     | 0.9975       | 0.9995       | 0.0020    
7016->7751           | 3     | 0.9975       | 0.9150       | -0.0825   
7697->7092           | 3     | 0.9975       | 0.9989       | 0.0014    
8009->7768           | 3     | 0.9975       | 1.0000       | 0.0025    
7796->7842           | 3     | 0.9975       | 0.9979       | 0.0004    
7715->6923           | 3     | 0.9975       | 1.0000       | 0.0025    
6949->7999           | 3     | 0.9975       | 0.9108       | -0.0868   
6923->7046           | 3     | 0.9975       | 1.0000       | 0.0025    
7046->7969           | 3     | 0.9975       | 1.0000       | 0.0025    
7848->7914           | 3     | 0.9975       | 0.9999       | 0.0024    
6994->6995           | 3     | 0.9975       | 1.0000       | 0.0025    
7996->6969           | 3     | 0.9975       | 1.0000       | 0.0025    
6969->7790           | 3     | 0.9975       | 1.0000       | 0.0025    
7663->7500           | 2     | 0.9993       | 0.5549       | -0.4444   
7383->7451           | 2     | 0.9993       | 1.0000       | 0.0007    
7608->7410           | 2     | 0.9993       | 0.9996       | 0.0003    
6079->5478           | 2     | 0.9993       | 1.0000       | 0.0007    
5472->5578           | 2     | 0.9993       | 0.9999       | 0.0006    
4890->5699           | 2     | 0.9993       | 1.0000       | 0.0007    
5016->6231           | 2     | 0.9993       | 0.4307       | -0.5686   
4949->4926           | 2     | 0.9993       | 1.0000       | 0.0007    
4926->6221           | 2     | 0.9993       | 1.0000       | 0.0007    
5871->6210           | 2     | 0.9993       | 0.9999       | 0.0007    
5910->6103           | 2     | 0.9993       | 1.0000       | 0.0007    
6191->5721           | 2     | 0.9993       | 0.2435       | -0.7558   
6319->6260           | 2     | 0.9993       | 1.0000       | 0.0007    
8022->8026           | 2     | 0.9993       | 0.9574       | -0.0419   
5922->5511           | 2     | 0.9993       | 1.0000       | 0.0007    
5340->5165           | 2     | 0.9993       | 0.8077       | -0.1915   
5165->5164           | 2     | 0.9993       | 0.8077       | -0.1915   
5164->6200           | 2     | 0.9993       | 0.8077       | -0.1915   
6028->6088           | 2     | 0.9993       | 1.0000       | 0.0007    
5822->5430           | 2     | 0.9993       | 1.0000       | 0.0007    
5119->5120           | 2     | 0.9993       | 1.0000       | 0.0007    
5825->5121           | 2     | 0.9993       | 1.0000       | 0.0007    
5120->5535           | 2     | 0.9993       | 1.0000       | 0.0007    
5992->5591           | 2     | 0.9993       | 1.0000       | 0.0007    
6016->5874           | 2     | 0.9993       | 1.0000       | 0.0007    
6323->5702           | 2     | 0.9993       | 1.0000       | 0.0007    
5121->5816           | 2     | 0.9993       | 1.0000       | 0.0007    
5794->5029           | 2     | 0.9993       | 1.0000       | 0.0007    
6152->5844           | 2     | 0.9993       | 1.0000       | 0.0007    
5059->5060           | 2     | 0.9993       | 1.0000       | 0.0007    
5064->5810           | 2     | 0.9993       | 0.0500       | -0.9493   
5060->5061           | 2     | 0.9993       | 1.0000       | 0.0007    
5061->5548           | 2     | 0.9993       | 1.0000       | 0.0007    
5797->5980           | 2     | 0.9993       | 1.0000       | 0.0007    
6139->5696           | 2     | 0.9993       | 1.0000       | 0.0007    
7144->6795           | 2     | 0.9993       | 1.0000       | 0.0007    
7147->7581           | 2     | 0.9993       | 1.0000       | 0.0007    
7217->6860           | 2     | 0.9993       | 1.0000       | 0.0007    
6884->7535           | 2     | 0.9993       | 0.7897       | -0.2095   
6860->7153           | 2     | 0.9993       | 1.0000       | 0.0007    
5316->5675           | 2     | 0.9993       | 1.0000       | 0.0007    
7552->7651           | 2     | 0.9993       | 0.1470       | -0.8523   
7460->7073           | 2     | 0.9993       | 1.0000       | 0.0007    
7073->7211           | 2     | 0.9993       | 1.0000       | 0.0007    
7304->7513           | 2     | 0.9993       | 1.0000       | 0.0007    
7481->6811           | 2     | 0.9993       | 1.0000       | 0.0007    
7431->7522           | 2     | 0.9993       | 1.0000       | 0.0007    
6811->7525           | 2     | 0.9993       | 1.0000       | 0.0007    
7590->6846           | 2     | 0.9993       | 1.0000       | 0.0007    
6846->6845           | 2     | 0.9993       | 1.0000       | 0.0007    
6832->7425           | 2     | 0.9993       | 0.9990       | -0.0002   
6845->7621           | 2     | 0.9993       | 1.0000       | 0.0007    
7463->7322           | 2     | 0.9993       | 1.0000       | 0.0007    
7395->7670           | 2     | 0.9993       | 1.0000       | 0.0007    
7035->7826           | 2     | 0.9993       | 0.9958       | -0.0035   
7877->7990           | 2     | 0.9993       | 1.0000       | 0.0007    
7751->7015           | 2     | 0.9993       | 1.0000       | 0.0007    
7015->7014           | 2     | 0.9993       | 1.0000       | 0.0007    
7014->7833           | 2     | 0.9993       | 1.0000       | 0.0007    
7768->7906           | 2     | 0.9993       | 1.0000       | 0.0007    
7842->7700           | 2     | 0.9993       | 1.0000       | 0.0007    
7999->6950           | 2     | 0.9993       | 1.0000       | 0.0007    
6950->7754           | 2     | 0.9993       | 1.0000       | 0.0007    
7969->7045           | 2     | 0.9993       | 1.0000       | 0.0007    
7914->7854           | 2     | 0.9993       | 1.0000       | 0.0007    
7045->7044           | 2     | 0.9993       | 1.0000       | 0.0007    
6988->7866           | 2     | 0.9993       | 0.9808       | -0.0185   
6995->6996           | 2     | 0.9993       | 1.0000       | 0.0007    
7790->6970           | 2     | 0.9993       | 1.0000       | 0.0007    
6970->7817           | 2     | 0.9993       | 1.0000       | 0.0007    
--------------------------------------------------------------------------------
Mean |Deviation|: 0.0653
Max  |Deviation|: 0.9493
================================================================================

LEAF EDGES (n_consumers = 1): 778 edges
--------------------------------------------------------------------------------
These edges were NOT optimized. By definition:
  - Target simultaneity g(n) = 1.0
  - Achieved simultaneity = 1.0
  - Deviation = 0.0
================================================================================


================================================================================
DEVIATION ANALYSIS BY EDGE SIZE
================================================================================

Single consumer (not optimized):
  Count: 778
  Mean deviation: 0.0000
  Mean |deviation|: 0.0000
  Max |deviation|: 0.0000
  Std dev: 0.0000

Very small (2-10):
  Count: 353
  Mean deviation: -0.0620
  Mean |deviation|: 0.0659
  Max |deviation|: 0.9493
  Std dev: 0.1504

Small (11-50):
  Count: 266
  Mean deviation: -0.0858
  Mean |deviation|: 0.0902
  Max |deviation|: 0.3761
  Std dev: 0.0962

Medium (51-100):
  Count: 57
  Mean deviation: -0.0137
  Mean |deviation|: 0.0479
  Max |deviation|: 0.1625
  Std dev: 0.0568

Large (101-200):
  Count: 34
  Mean deviation: 0.0227
  Mean |deviation|: 0.0274
  Max |deviation|: 0.0734
  Std dev: 0.0277

Very large (201-500):
  Count: 54
  Mean deviation: 0.0121
  Mean |deviation|: 0.0121
  Max |deviation|: 0.0253
  Std dev: 0.0074

Huge (500+):
  Count: 52
  Mean deviation: 0.0321
  Mean |deviation|: 0.0321
  Max |deviation|: 0.0553
  Std dev: 0.0109

================================================================================

Network size range: 2 to 692 consumers
Using problem range: 40-60
Saved enhanced verification plot to output/comprehensive_analysis/demoVerbundnetz_SimulationNeu/steady_state_v4/verification_demoVerbundnetz_SimulationNeu_v4.png

Total execution time: 36.53 seconds
Results saved to: output/comprehensive_analysis/demoVerbundnetz_SimulationNeu/steady_state_v4

=== STDERR ===
