Loading network for case 'NetzHast' from data/test_scenarios/complex/NetzHast.vicus...
Loading VICUS file: data/test_scenarios/complex/NetzHast.vicus
Parsed Simultaneity Spline: 63 points.
data/test_scenarios/complex/NetzHast.vicus
Found peak day: day 24 (hours 552-575) with peak=7400.0000
Force-selected profile: Residential_SingleFamily_HeatingLoad.tsv (peak day extraction, resampled to 96 steps)
Peak day profile plot saved to output/peak_day_profile.png
Created 39 consumers and 93 relevant optimization edges.

--- Starting Optimization using Scheme 'v3' for NetzHast ---
Initial weighted error (using v3): 101.628511
Regularization target: 1.0000
  Iter 0: Obj=101.628511 (Fit: 101.628511, Reg: 0.000000) | LR: 0.000367
  Iter 200: Obj=11.777457 (Fit: 11.775156, Reg: 0.002301) | LR: 0.001341
  Iter 400: Obj=11.786479 (Fit: 11.784138, Reg: 0.002341) | LR: 0.001339
  Early stopping at iteration 416
Final Error: 6.730304

================================================================================
OPTIMIZATION RESULTS
================================================================================

OPTIMIZED EDGES (n_consumers > 1): 44 edges
--------------------------------------------------------------------------------
Edge ID              | n_e   | Target g(n)  | Achieved g   | Deviation 
--------------------------------------------------------------------------------
1566->1606           | 39    | 0.8016       | 0.8416       | 0.0400    
1606->1717           | 30    | 0.8560       | 0.8281       | -0.0279   
1717->1732           | 29    | 0.8623       | 0.8281       | -0.0342   
1732->1626           | 28    | 0.8686       | 0.8281       | -0.0406   
1626->1599           | 27    | 0.8749       | 0.8825       | 0.0075    
1599->1723           | 21    | 0.9128       | 0.8862       | -0.0267   
1723->1568           | 20    | 0.9190       | 0.8862       | -0.0329   
1568->1714           | 20    | 0.9190       | 0.8862       | -0.0329   
1714->1591           | 19    | 0.9251       | 0.8861       | -0.0390   
1591->1654           | 10    | 0.9740       | 0.8776       | -0.0963   
1606->1642           | 9     | 0.9783       | 0.8767       | -0.1016   
1591->1691           | 9     | 0.9783       | 0.9017       | -0.0767   
1654->1765           | 9     | 0.9783       | 0.9496       | -0.0287   
1642->1648           | 8     | 0.9824       | 0.9801       | -0.0024   
1691->1570           | 8     | 0.9824       | 0.9491       | -0.0333   
1765->1681           | 8     | 0.9824       | 0.9496       | -0.0328   
1570->1688           | 8     | 0.9824       | 0.9491       | -0.0333   
1648->1669           | 7     | 0.9862       | 0.9850       | -0.0012   
1681->1736           | 7     | 0.9862       | 0.9569       | -0.0293   
1688->1571           | 7     | 0.9862       | 0.9542       | -0.0320   
1571->1747           | 7     | 0.9862       | 0.9542       | -0.0320   
1669->1645           | 6     | 0.9896       | 0.9879       | -0.0018   
1599->1672           | 6     | 0.9896       | 0.8719       | -0.1177   
1736->1675           | 6     | 0.9896       | 0.9569       | -0.0327   
1747->1744           | 6     | 0.9896       | 0.9541       | -0.0355   
1645->1605           | 5     | 0.9927       | 0.9909       | -0.0018   
1672->1639           | 5     | 0.9927       | 0.9815       | -0.0112   
1675->1678           | 5     | 0.9927       | 0.9596       | -0.0331   
1744->1666           | 5     | 0.9927       | 0.9541       | -0.0386   
1605->1604           | 4     | 0.9953       | 0.9934       | -0.0019   
1604->1651           | 4     | 0.9953       | 0.9934       | -0.0019   
1639->1636           | 4     | 0.9953       | 0.9842       | -0.0111   
1678->1660           | 4     | 0.9953       | 0.9625       | -0.0328   
1666->1740           | 4     | 0.9953       | 0.9622       | -0.0332   
1651->1720           | 3     | 0.9975       | 0.9962       | -0.0013   
1636->1752           | 3     | 0.9975       | 0.9871       | -0.0105   
1660->1575           | 3     | 0.9975       | 0.9621       | -0.0354   
1575->1574           | 3     | 0.9975       | 0.9621       | -0.0354   
1740->1776           | 3     | 0.9975       | 0.9621       | -0.0354   
1574->1617           | 3     | 0.9975       | 0.9621       | -0.0354   
1720->1630           | 2     | 0.9993       | 0.9962       | -0.0030   
1752->1613           | 2     | 0.9993       | 0.9871       | -0.0122   
1776->1663           | 2     | 0.9993       | 0.9621       | -0.0371   
1617->1620           | 2     | 0.9993       | 0.9621       | -0.0372   
--------------------------------------------------------------------------------
Mean |Deviation|: 0.0313
Max  |Deviation|: 0.1177
================================================================================

LEAF EDGES (n_consumers = 1): 49 edges
--------------------------------------------------------------------------------
These edges were NOT optimized. By definition:
  - Target simultaneity g(n) = 1.0
  - Achieved simultaneity = 1.0
  - Deviation = 0.0
================================================================================


================================================================================
DEVIATION ANALYSIS BY EDGE SIZE
================================================================================

Single consumer (not optimized):
  Count: 49
  Mean deviation: 0.0000
  Mean |deviation|: 0.0000
  Max |deviation|: 0.0000
  Std dev: 0.0000

Very small (2-10):
  Count: 35
  Mean deviation: -0.0313
  Mean |deviation|: 0.0313
  Max |deviation|: 0.1177
  Std dev: 0.0284

Small (11-50):
  Count: 9
  Mean deviation: -0.0207
  Mean |deviation|: 0.0313
  Max |deviation|: 0.0406
  Std dev: 0.0269

================================================================================

Network size range: 2 to 39 consumers
Using problem range: 5-10
Saved enhanced verification plot to output/comprehensive_analysis/NetzHast/steady_state_v3/verification_NetzHast_v3.png

Total execution time: 1.17 seconds
Results saved to: output/comprehensive_analysis/NetzHast/steady_state_v3

=== STDERR ===
