Loading network for case 'demoVerbundnetz_SimulationNeu' from data/test_scenarios/complex/demoVerbundnetz_SimulationNeu.vicus...
Loading VICUS file: data/test_scenarios/complex/demoVerbundnetz_SimulationNeu.vicus
Parsed Simultaneity Spline: 63 points.
data/test_scenarios/complex/demoVerbundnetz_SimulationNeu.vicus
Found peak day: day 24 (hours 552-575) with peak=7400.0000
Force-selected profile: Residential_SingleFamily_HeatingLoad.tsv (peak day extraction, resampled to 96 steps)
Peak day profile plot saved to output/peak_day_profile.png
Created 692 consumers and 1594 relevant optimization edges.

--- Starting Optimization using Scheme 'v3' for demoVerbundnetz_SimulationNeu ---
Initial weighted error (using v3): 6159758.763098
Regularization target: 1.0000
  Iter 0: Obj=6159758.763098 (Fit: 6159758.763098, Reg: 0.000000) | LR: 0.000000
  Iter 200: Obj=12781.165869 (Fit: 12778.960804, Reg: 2.205065) | LR: 0.000031
  Iter 400: Obj=11141.681991 (Fit: 11139.067491, Reg: 2.614501) | LR: 0.000029
  Iter 600: Obj=11481.928161 (Fit: 11479.204159, Reg: 2.724002) | LR: 0.000015
  Iter 800: Obj=13141.368759 (Fit: 13138.597472, Reg: 2.771287) | LR: 0.000009
  Iter 1000: Obj=13088.934959 (Fit: 13086.121636, Reg: 2.813324) | LR: 0.000010
  Iter 1200: Obj=13131.661469 (Fit: 13128.806112, Reg: 2.855357) | LR: 0.000009
  Iter 1400: Obj=11538.778428 (Fit: 11535.883037, Reg: 2.895391) | LR: 0.000014
  Iter 1600: Obj=10469.936382 (Fit: 10467.001911, Reg: 2.934471) | LR: 0.000063
  Iter 1800: Obj=10373.574663 (Fit: 10370.625297, Reg: 2.949366) | LR: 0.000106
Final Error: 10365.514262

================================================================================
OPTIMIZATION RESULTS
================================================================================

OPTIMIZED EDGES (n_consumers > 1): 816 edges
--------------------------------------------------------------------------------
Edge ID              | n_e   | Target g(n)  | Achieved g   | Deviation 
--------------------------------------------------------------------------------
5266->5289           | 692   | 0.4759       | 0.4834       | 0.0076    
5289->5290           | 692   | 0.4759       | 0.4834       | 0.0076    
5290->7114           | 692   | 0.4759       | 0.4834       | 0.0076    
7114->5291           | 680   | 0.4759       | 0.4755       | -0.0004   
5291->5292           | 680   | 0.4759       | 0.4755       | -0.0004   
5292->7137           | 680   | 0.4759       | 0.4755       | -0.0004   
7137->7117           | 677   | 0.4759       | 0.4834       | 0.0075    
7117->5293           | 670   | 0.4759       | 0.4821       | 0.0063    
5293->5302           | 670   | 0.4759       | 0.4821       | 0.0063    
5302->4858           | 669   | 0.4759       | 0.4830       | 0.0071    
4858->5791           | 669   | 0.4759       | 0.4830       | 0.0071    
5791->5652           | 668   | 0.4759       | 0.4831       | 0.0073    
5652->5457           | 667   | 0.4759       | 0.4834       | 0.0075    
5457->4859           | 666   | 0.4759       | 0.4836       | 0.0077    
4859->4860           | 666   | 0.4759       | 0.4836       | 0.0077    
4860->4861           | 666   | 0.4759       | 0.4836       | 0.0077    
4861->5328           | 665   | 0.4759       | 0.4839       | 0.0080    
5328->4862           | 664   | 0.4759       | 0.4841       | 0.0082    
4862->5514           | 664   | 0.4759       | 0.4841       | 0.0082    
5514->5672           | 663   | 0.4759       | 0.4843       | 0.0085    
5672->4863           | 662   | 0.4759       | 0.4846       | 0.0087    
4863->5772           | 661   | 0.4759       | 0.4848       | 0.0089    
5772->6109           | 660   | 0.4759       | 0.4851       | 0.0092    
6109->6241           | 659   | 0.4759       | 0.4853       | 0.0095    
6241->4864           | 658   | 0.4759       | 0.4855       | 0.0097    
4864->6234           | 658   | 0.4759       | 0.4855       | 0.0097    
6234->5581           | 657   | 0.4759       | 0.4858       | 0.0100    
5581->6188           | 656   | 0.4759       | 0.4861       | 0.0103    
6188->6316           | 655   | 0.4759       | 0.4864       | 0.0106    
6316->5603           | 654   | 0.4759       | 0.4867       | 0.0109    
5603->5986           | 653   | 0.4759       | 0.4871       | 0.0113    
5986->5947           | 652   | 0.4759       | 0.4874       | 0.0116    
5947->4865           | 651   | 0.4759       | 0.4877       | 0.0118    
4865->4919           | 650   | 0.4759       | 0.4879       | 0.0121    
4919->5334           | 545   | 0.4759       | 0.4745       | -0.0013   
5334->5392           | 544   | 0.4759       | 0.4748       | -0.0011   
5392->5859           | 543   | 0.4759       | 0.4752       | -0.0007   
5859->5681           | 542   | 0.4759       | 0.4756       | -0.0003   
5681->4905           | 541   | 0.4759       | 0.4760       | 0.0001    
4905->5678           | 523   | 0.4759       | 0.4771       | 0.0012    
5678->4866           | 522   | 0.4759       | 0.4773       | 0.0015    
4866->4941           | 522   | 0.4759       | 0.4773       | 0.0015    
4941->6228           | 509   | 0.4759       | 0.4767       | 0.0008    
6228->4928           | 508   | 0.4759       | 0.4771       | 0.0013    
4928->5724           | 508   | 0.4759       | 0.4771       | 0.0013    
5724->6332           | 507   | 0.4759       | 0.4774       | 0.0015    
6332->5445           | 506   | 0.4759       | 0.4776       | 0.0017    
5445->5418           | 505   | 0.4759       | 0.4778       | 0.0019    
5418->4929           | 504   | 0.4759       | 0.4780       | 0.0022    
4929->4930           | 504   | 0.4759       | 0.4780       | 0.0022    
4930->4988           | 504   | 0.4759       | 0.4780       | 0.0022    
4988->5005           | 504   | 0.4759       | 0.4780       | 0.0022    
5005->5766           | 488   | 0.4759       | 0.4770       | 0.0012    
5766->5639           | 487   | 0.4759       | 0.4775       | 0.0017    
5639->6158           | 486   | 0.4759       | 0.4817       | 0.0058    
6158->4964           | 485   | 0.4759       | 0.4822       | 0.0063    
4964->5636           | 403   | 0.4759       | 0.4617       | -0.0141   
5636->6278           | 402   | 0.4759       | 0.4625       | -0.0133   
6278->5962           | 401   | 0.4759       | 0.4631       | -0.0128   
5962->5705           | 400   | 0.4759       | 0.4636       | -0.0122   
5705->5883           | 399   | 0.4759       | 0.4645       | -0.0114   
5883->6067           | 398   | 0.4759       | 0.4650       | -0.0109   
6067->5856           | 397   | 0.4759       | 0.4656       | -0.0102   
5856->5968           | 396   | 0.4759       | 0.4664       | -0.0095   
5968->6326           | 395   | 0.4759       | 0.4669       | -0.0089   
6326->5554           | 394   | 0.4759       | 0.4675       | -0.0084   
5554->6047           | 393   | 0.4759       | 0.4677       | -0.0081   
6047->5718           | 392   | 0.4759       | 0.4680       | -0.0078   
5718->5633           | 391   | 0.4759       | 0.4684       | -0.0075   
5633->5545           | 390   | 0.4759       | 0.4689       | -0.0069   
5545->5310           | 389   | 0.4759       | 0.4695       | -0.0064   
5310->6329           | 388   | 0.4759       | 0.4707       | -0.0052   
6329->5557           | 387   | 0.4759       | 0.4712       | -0.0046   
5557->6112           | 385   | 0.4759       | 0.4736       | -0.0023   
6112->6058           | 384   | 0.4759       | 0.4740       | -0.0019   
6058->4963           | 383   | 0.4759       | 0.4750       | -0.0009   
4963->6263           | 346   | 0.4759       | 0.4653       | -0.0105   
6263->5551           | 345   | 0.4759       | 0.4661       | -0.0098   
5551->5977           | 344   | 0.4759       | 0.4672       | -0.0087   
5977->5690           | 343   | 0.4759       | 0.4678       | -0.0080   
5690->5034           | 342   | 0.4759       | 0.4687       | -0.0071   
5034->5832           | 338   | 0.4759       | 0.4720       | -0.0038   
5832->6167           | 337   | 0.4759       | 0.4730       | -0.0028   
6167->5898           | 336   | 0.4759       | 0.4745       | -0.0014   
5898->5928           | 335   | 0.4759       | 0.4768       | 0.0010    
5928->6247           | 334   | 0.4759       | 0.4775       | 0.0016    
6247->5033           | 333   | 0.4759       | 0.4783       | 0.0025    
5033->6143           | 332   | 0.4759       | 0.4793       | 0.0034    
6143->6301           | 331   | 0.4759       | 0.4807       | 0.0048    
6301->5032           | 330   | 0.4759       | 0.4815       | 0.0056    
5032->5031           | 329   | 0.4759       | 0.4826       | 0.0067    
5031->5178           | 329   | 0.4759       | 0.4826       | 0.0067    
5178->5066           | 329   | 0.4759       | 0.4826       | 0.0067    
5066->5065           | 324   | 0.4759       | 0.4861       | 0.0103    
5065->5901           | 324   | 0.4759       | 0.4861       | 0.0103    
5901->6070           | 323   | 0.4759       | 0.4886       | 0.0127    
6070->5880           | 322   | 0.4759       | 0.4891       | 0.0133    
5880->5064           | 321   | 0.4759       | 0.4896       | 0.0138    
5064->6082           | 314   | 0.4759       | 0.4955       | 0.0196    
6082->5231           | 313   | 0.4759       | 0.4962       | 0.0203    
5231->5232           | 313   | 0.4759       | 0.4962       | 0.0203    
5232->5233           | 313   | 0.4759       | 0.4962       | 0.0203    
5233->5234           | 313   | 0.4759       | 0.4962       | 0.0203    
5234->7494           | 250   | 0.4842       | 0.4881       | 0.0039    
7494->5361           | 249   | 0.4844       | 0.4909       | 0.0065    
5361->5235           | 248   | 0.4846       | 0.4936       | 0.0090    
5235->5373           | 199   | 0.4997       | 0.4827       | -0.0170   
5373->5600           | 198   | 0.5001       | 0.4893       | -0.0108   
5600->6284           | 197   | 0.5005       | 0.4917       | -0.0088   
6284->5819           | 196   | 0.5009       | 0.4940       | -0.0069   
5819->5236           | 195   | 0.5014       | 0.4963       | -0.0050   
5236->5262           | 195   | 0.5014       | 0.4963       | -0.0050   
5262->5257           | 165   | 0.5169       | 0.4842       | -0.0327   
5257->6296           | 165   | 0.5169       | 0.4842       | -0.0327   
6296->6338           | 164   | 0.5175       | 0.4871       | -0.0304   
6338->5853           | 163   | 0.5182       | 0.4907       | -0.0275   
5853->5974           | 162   | 0.5188       | 0.4951       | -0.0237   
5974->7441           | 161   | 0.5195       | 0.5007       | -0.0188   
7441->7386           | 160   | 0.5202       | 0.5040       | -0.0161   
7386->7285           | 159   | 0.5209       | 0.5074       | -0.0135   
7285->7370           | 158   | 0.5215       | 0.5128       | -0.0088   
7370->6777           | 157   | 0.5222       | 0.5218       | -0.0005   
6777->7545           | 157   | 0.5222       | 0.5218       | -0.0005   
7545->7434           | 156   | 0.5230       | 0.5262       | 0.0032    
7434->7611           | 155   | 0.5237       | 0.5318       | 0.0081    
7611->6776           | 154   | 0.5244       | 0.5385       | 0.0141    
6776->6758           | 139   | 0.5369       | 0.5369       | -0.0000   
6758->7343           | 136   | 0.5397       | 0.5460       | 0.0063    
7343->7578           | 135   | 0.5407       | 0.5553       | 0.0146    
7578->7273           | 134   | 0.5417       | 0.5601       | 0.0183    
7273->7176           | 133   | 0.5427       | 0.5655       | 0.0227    
7176->6757           | 132   | 0.5438       | 0.5692       | 0.0254    
6757->6889           | 124   | 0.5527       | 0.5906       | 0.0379    
6889->6890           | 124   | 0.5527       | 0.5906       | 0.0379    
4919->6115           | 105   | 0.5795       | 0.5812       | 0.0017    
6115->4892           | 104   | 0.5812       | 0.5836       | 0.0024    
4892->5355           | 104   | 0.5812       | 0.5836       | 0.0024    
5355->6127           | 103   | 0.5829       | 0.5866       | 0.0037    
6127->5847           | 102   | 0.5847       | 0.5890       | 0.0043    
5847->6250           | 101   | 0.5864       | 0.5914       | 0.0050    
6250->6085           | 100   | 0.5882       | 0.5935       | 0.0052    
6085->5645           | 99    | 0.5901       | 0.5960       | 0.0059    
5645->6275           | 98    | 0.5920       | 0.5980       | 0.0061    
6275->5868           | 97    | 0.5939       | 0.6015       | 0.0076    
5868->4891           | 96    | 0.5958       | 0.6037       | 0.0078    
4891->4954           | 91    | 0.6062       | 0.6197       | 0.0135    
4954->4983           | 91    | 0.6062       | 0.6197       | 0.0135    
4964->5895           | 82    | 0.6276       | 0.5891       | -0.0384   
5895->6293           | 81    | 0.6302       | 0.5948       | -0.0353   
6293->5712           | 80    | 0.6328       | 0.6003       | -0.0325   
5712->5813           | 79    | 0.6356       | 0.6067       | -0.0288   
5813->5800           | 78    | 0.6383       | 0.6132       | -0.0251   
5800->5612           | 77    | 0.6412       | 0.6158       | -0.0253   
5612->5098           | 76    | 0.6441       | 0.6200       | -0.0241   
5098->6197           | 76    | 0.6441       | 0.6200       | -0.0241   
6197->5097           | 75    | 0.6470       | 0.6236       | -0.0234   
6890->7706           | 74    | 0.6500       | 0.6177       | -0.0323   
7706->7765           | 72    | 0.6562       | 0.6339       | -0.0223   
7765->7954           | 71    | 0.6594       | 0.6349       | -0.0245   
7954->6891           | 70    | 0.6627       | 0.6385       | -0.0241   
4983->4955           | 69    | 0.6660       | 0.6257       | -0.0403   
4955->4956           | 69    | 0.6660       | 0.6257       | -0.0403   
4956->4957           | 69    | 0.6660       | 0.6257       | -0.0403   
4957->5925           | 69    | 0.6660       | 0.6257       | -0.0403   
5925->4958           | 68    | 0.6694       | 0.6297       | -0.0396   
4958->6344           | 68    | 0.6694       | 0.6297       | -0.0396   
6344->4959           | 67    | 0.6728       | 0.6340       | -0.0388   
4959->6013           | 67    | 0.6728       | 0.6340       | -0.0388   
6013->5395           | 66    | 0.6764       | 0.6384       | -0.0380   
5395->5383           | 65    | 0.6800       | 0.6538       | -0.0262   
5383->6133           | 63    | 0.6874       | 0.6606       | -0.0268   
5234->7310           | 63    | 0.6874       | 0.5465       | -0.1408   
6133->5487           | 62    | 0.6912       | 0.6647       | -0.0265   
5487->5404           | 61    | 0.6951       | 0.6734       | -0.0217   
7310->7266           | 61    | 0.6951       | 0.6002       | -0.0949   
5404->4960           | 60    | 0.6991       | 0.6776       | -0.0215   
4960->5343           | 60    | 0.6991       | 0.6776       | -0.0215   
7266->7352           | 60    | 0.6991       | 0.6201       | -0.0790   
5343->5737           | 59    | 0.7031       | 0.6823       | -0.0209   
5097->5111           | 59    | 0.7031       | 0.6470       | -0.0561   
5111->5112           | 59    | 0.7031       | 0.6470       | -0.0561   
5112->5782           | 59    | 0.7031       | 0.6470       | -0.0561   
7352->7251           | 59    | 0.7031       | 0.6486       | -0.0545   
5737->6040           | 58    | 0.7073       | 0.7068       | -0.0004   
5782->5642           | 58    | 0.7073       | 0.6536       | -0.0537   
7251->7166           | 58    | 0.7073       | 0.6532       | -0.0540   
6040->6253           | 57    | 0.7115       | 0.7129       | 0.0014    
7166->7478           | 57    | 0.7115       | 0.6607       | -0.0507   
6253->4961           | 56    | 0.7158       | 0.7162       | 0.0004    
5642->6170           | 56    | 0.7158       | 0.6655       | -0.0503   
7478->7466           | 56    | 0.7158       | 0.6654       | -0.0504   
6170->5460           | 55    | 0.7201       | 0.6723       | -0.0478   
7466->6794           | 55    | 0.7201       | 0.6698       | -0.0503   
6794->6827           | 55    | 0.7201       | 0.6698       | -0.0503   
5460->6064           | 54    | 0.7246       | 0.6818       | -0.0428   
6064->5113           | 53    | 0.7291       | 0.7041       | -0.0250   
5113->5154           | 53    | 0.7291       | 0.7041       | -0.0250   
5235->7156           | 49    | 0.7481       | 0.5354       | -0.2127   
6827->7422           | 49    | 0.7481       | 0.7277       | -0.0204   
7156->7488           | 48    | 0.7531       | 0.5528       | -0.2004   
7488->7201           | 47    | 0.7582       | 0.5672       | -0.1910   
7422->7226           | 47    | 0.7582       | 0.7467       | -0.0114   
7201->7636           | 46    | 0.7633       | 0.5853       | -0.1780   
7226->6806           | 46    | 0.7633       | 0.7567       | -0.0066   
6806->7575           | 46    | 0.7633       | 0.7567       | -0.0066   
7636->7179           | 45    | 0.7685       | 0.6112       | -0.1574   
7575->7401           | 45    | 0.7685       | 0.7570       | -0.0116   
7179->7282           | 44    | 0.7738       | 0.6329       | -0.1410   
7401->7584           | 44    | 0.7738       | 0.7843       | 0.0104    
7282->7288           | 43    | 0.7792       | 0.6553       | -0.1239   
7584->7316           | 43    | 0.7792       | 0.7917       | 0.0124    
7288->7497           | 42    | 0.7847       | 0.6885       | -0.0962   
7497->7507           | 41    | 0.7903       | 0.7071       | -0.0832   
7316->7205           | 41    | 0.7903       | 0.7965       | 0.0062    
7507->6881           | 40    | 0.7959       | 0.7262       | -0.0696   
7205->6807           | 40    | 0.7959       | 0.8056       | 0.0097    
6807->6884           | 39    | 0.8016       | 0.8359       | 0.0343    
6891->7896           | 37    | 0.8132       | 0.6522       | -0.1611   
7896->6892           | 36    | 0.8192       | 0.6611       | -0.1581   
6892->6893           | 36    | 0.8192       | 0.6611       | -0.1581   
6893->7966           | 35    | 0.8252       | 0.6722       | -0.1530   
4963->5401           | 34    | 0.8312       | 0.7164       | -0.1149   
7966->6894           | 34    | 0.8312       | 0.6840       | -0.1473   
6894->8005           | 34    | 0.8312       | 0.6840       | -0.1473   
5401->5566           | 33    | 0.8374       | 0.7410       | -0.0963   
6881->6784           | 33    | 0.8374       | 0.7808       | -0.0566   
6891->7775           | 33    | 0.8374       | 0.6192       | -0.2182   
8005->6895           | 33    | 0.8374       | 0.7290       | -0.1084   
6895->6896           | 33    | 0.8374       | 0.7290       | -0.1084   
6896->6897           | 33    | 0.8374       | 0.7290       | -0.1084   
6897->7009           | 33    | 0.8374       | 0.7290       | -0.1084   
5566->5989           | 32    | 0.8435       | 0.7595       | -0.0841   
7775->7709           | 32    | 0.8435       | 0.6342       | -0.2094   
7009->6898           | 32    | 0.8435       | 0.7701       | -0.0735   
4961->5995           | 31    | 0.8497       | 0.7326       | -0.1171   
5989->5194           | 31    | 0.8497       | 0.7875       | -0.0622   
7709->8002           | 31    | 0.8497       | 0.6507       | -0.1991   
5995->5322           | 30    | 0.8560       | 0.7505       | -0.1055   
5262->6287           | 30    | 0.8560       | 0.5511       | -0.3049   
8002->6933           | 30    | 0.8560       | 0.6616       | -0.1944   
6933->7926           | 30    | 0.8560       | 0.6616       | -0.1944   
5322->5325           | 29    | 0.8623       | 0.7685       | -0.0938   
6287->5454           | 29    | 0.8623       | 0.5655       | -0.2968   
6784->7593           | 29    | 0.8623       | 0.8170       | -0.0453   
7926->7038           | 29    | 0.8623       | 0.6968       | -0.1655   
5325->6118           | 28    | 0.8686       | 0.7830       | -0.0856   
5154->5807           | 28    | 0.8686       | 0.6895       | -0.1791   
5454->5666           | 28    | 0.8686       | 0.5806       | -0.2880   
7593->7605           | 28    | 0.8686       | 0.8639       | -0.0047   
6898->7845           | 28    | 0.8686       | 0.7635       | -0.1051   
6118->4962           | 27    | 0.8749       | 0.7984       | -0.0765   
4962->5496           | 27    | 0.8749       | 0.7984       | -0.0765   
5807->5841           | 27    | 0.8749       | 0.7634       | -0.1116   
5666->5237           | 27    | 0.8749       | 0.6078       | -0.2671   
5237->5502           | 27    | 0.8749       | 0.6078       | -0.2671   
7605->7182           | 27    | 0.8749       | 0.8816       | 0.0066    
7845->7830           | 27    | 0.8749       | 0.8326       | -0.0424   
5496->5788           | 26    | 0.8813       | 0.8227       | -0.0586   
5841->6335           | 26    | 0.8813       | 0.7999       | -0.0814   
5502->5238           | 26    | 0.8813       | 0.6328       | -0.2485   
5238->5239           | 26    | 0.8813       | 0.6328       | -0.2485   
5239->5240           | 26    | 0.8813       | 0.6328       | -0.2485   
7182->7548           | 26    | 0.8813       | 0.8816       | 0.0003    
7830->7960           | 26    | 0.8813       | 0.8495       | -0.0318   
4961->5594           | 25    | 0.8876       | 0.7060       | -0.1817   
5788->5569           | 25    | 0.8876       | 0.8441       | -0.0436   
5154->5421           | 25    | 0.8876       | 0.7306       | -0.1570   
6335->5526           | 25    | 0.8876       | 0.8068       | -0.0809   
7548->7270           | 25    | 0.8876       | 0.8847       | -0.0030   
6890->7055           | 25    | 0.8876       | 0.6516       | -0.2360   
6890->7745           | 25    | 0.8876       | 0.4922       | -0.3954   
7055->7739           | 25    | 0.8876       | 0.6516       | -0.2360   
7960->7787           | 25    | 0.8876       | 0.8622       | -0.0255   
5594->5508           | 24    | 0.8940       | 0.7150       | -0.1789   
5569->5216           | 24    | 0.8940       | 0.8674       | -0.0266   
5421->5693           | 24    | 0.8940       | 0.7615       | -0.1324   
5526->5469           | 24    | 0.8940       | 0.8202       | -0.0737   
7270->7419           | 24    | 0.8940       | 0.9041       | 0.0101    
7745->7851           | 24    | 0.8940       | 0.5178       | -0.3762   
7739->7688           | 24    | 0.8940       | 0.6721       | -0.2219   
7787->7781           | 24    | 0.8940       | 0.8640       | -0.0300   
5508->6001           | 23    | 0.9003       | 0.7209       | -0.1794   
5693->5877           | 23    | 0.9003       | 0.8125       | -0.0878   
5469->5114           | 23    | 0.9003       | 0.8529       | -0.0474   
7419->7189           | 23    | 0.9003       | 0.9066       | 0.0063    
7851->7757           | 23    | 0.9003       | 0.5279       | -0.3724   
7688->7056           | 23    | 0.9003       | 0.6896       | -0.2107   
7781->7784           | 23    | 0.9003       | 0.8859       | -0.0144   
4983->5835           | 22    | 0.9066       | 0.5802       | -0.3264   
6001->5389           | 22    | 0.9066       | 0.7308       | -0.1758   
5877->5358           | 22    | 0.9066       | 0.8626       | -0.0440   
7189->7555           | 22    | 0.9066       | 0.9067       | 0.0001    
7757->6917           | 22    | 0.9066       | 0.6103       | -0.2963   
7056->7771           | 22    | 0.9066       | 0.7143       | -0.1923   
6917->7823           | 22    | 0.9066       | 0.6103       | -0.2963   
7784->6899           | 22    | 0.9066       | 0.9269       | 0.0203    
6899->6960           | 22    | 0.9066       | 0.9269       | 0.0203    
5835->5016           | 21    | 0.9128       | 0.6041       | -0.3088   
5389->5021           | 21    | 0.9128       | 0.7441       | -0.1687   
5021->6124           | 21    | 0.9128       | 0.7441       | -0.1687   
5358->5886           | 21    | 0.9128       | 0.9087       | -0.0041   
6884->6861           | 21    | 0.9128       | 0.8590       | -0.0538   
6861->7666           | 21    | 0.9128       | 0.8590       | -0.0538   
7555->7170           | 21    | 0.9128       | 0.9081       | -0.0047   
7771->7057           | 21    | 0.9128       | 0.7450       | -0.1678   
7823->7911           | 21    | 0.9128       | 0.6262       | -0.2866   
6124->5022           | 20    | 0.9190       | 0.7541       | -0.1649   
5022->5319           | 20    | 0.9190       | 0.7541       | -0.1649   
5886->5127           | 20    | 0.9190       | 0.9416       | 0.0226    
5114->5115           | 20    | 0.9190       | 0.9075       | -0.0115   
5115->6266           | 20    | 0.9190       | 0.9075       | -0.0115   
7666->7349           | 20    | 0.9190       | 0.9117       | -0.0073   
7170->7331           | 20    | 0.9190       | 0.9087       | -0.0103   
7057->7058           | 20    | 0.9190       | 0.7734       | -0.1456   
7911->7691           | 20    | 0.9190       | 0.6448       | -0.2742   
7058->7920           | 20    | 0.9190       | 0.7734       | -0.1456   
5016->5523           | 19    | 0.9251       | 0.7040       | -0.2211   
5319->6055           | 19    | 0.9251       | 0.7701       | -0.1550   
5216->6281           | 19    | 0.9251       | 0.8885       | -0.0366   
5194->5053           | 19    | 0.9251       | 0.8366       | -0.0885   
5053->5935           | 19    | 0.9251       | 0.8366       | -0.0885   
6266->6149           | 19    | 0.9251       | 0.9196       | -0.0055   
7349->7676           | 19    | 0.9251       | 0.9316       | 0.0065    
7331->7361           | 19    | 0.9251       | 0.9251       | -0.0000   
7691->6918           | 19    | 0.9251       | 0.6806       | -0.2445   
7920->7984           | 19    | 0.9251       | 0.8064       | -0.1187   
5523->5618           | 18    | 0.9311       | 0.7604       | -0.1708   
6055->5411           | 18    | 0.9311       | 0.7798       | -0.1514   
6281->6194           | 18    | 0.9311       | 0.8937       | -0.0374   
5935->5715           | 18    | 0.9311       | 0.8858       | -0.0454   
6149->5828           | 18    | 0.9311       | 0.9247       | -0.0065   
7676->6862           | 18    | 0.9311       | 0.9335       | 0.0024    
6862->7596           | 18    | 0.9311       | 0.9335       | 0.0024    
7361->7654           | 18    | 0.9311       | 0.9406       | 0.0095    
6918->7863           | 18    | 0.9311       | 0.7216       | -0.2095   
7984->7880           | 18    | 0.9311       | 0.8639       | -0.0672   
6960->6947           | 18    | 0.9311       | 0.9313       | 0.0002    
6947->6948           | 18    | 0.9311       | 0.9313       | 0.0002    
6948->6949           | 18    | 0.9311       | 0.9313       | 0.0002    
5618->4993           | 17    | 0.9370       | 0.8300       | -0.1070   
4993->5621           | 17    | 0.9370       | 0.8300       | -0.1070   
5411->6164           | 17    | 0.9370       | 0.7989       | -0.1382   
6194->5205           | 17    | 0.9370       | 0.9409       | 0.0038    
5205->6290           | 17    | 0.9370       | 0.9409       | 0.0038    
5828->5116           | 17    | 0.9370       | 0.9365       | -0.0005   
5116->6037           | 17    | 0.9370       | 0.9365       | -0.0005   
5240->6748           | 17    | 0.9370       | 0.7341       | -0.2029   
7596->7472           | 17    | 0.9370       | 0.9330       | -0.0040   
7654->7244           | 17    | 0.9370       | 0.9406       | 0.0035    
7863->7733           | 17    | 0.9370       | 0.7460       | -0.1910   
7880->7778           | 17    | 0.9370       | 0.8891       | -0.0479   
7038->6934           | 17    | 0.9370       | 0.8508       | -0.0863   
6934->7820           | 17    | 0.9370       | 0.8508       | -0.0863   
5005->4989           | 16    | 0.9428       | 0.5508       | -0.3921   
5621->5575           | 16    | 0.9428       | 0.8804       | -0.0625   
5097->5096           | 16    | 0.9428       | 0.5338       | -0.4090   
5096->5095           | 16    | 0.9428       | 0.5338       | -0.4090   
5095->5913           | 16    | 0.9428       | 0.5338       | -0.4090   
6164->5023           | 16    | 0.9428       | 0.8274       | -0.1155   
5023->5648           | 16    | 0.9428       | 0.8274       | -0.1155   
6290->5916           | 16    | 0.9428       | 0.9427       | -0.0002   
5715->5708           | 16    | 0.9428       | 0.9353       | -0.0076   
6037->5117           | 16    | 0.9428       | 0.9436       | 0.0007    
5117->5352           | 16    | 0.9428       | 0.9436       | 0.0007    
6884->6808           | 16    | 0.9428       | 0.8880       | -0.0548   
6808->7295           | 16    | 0.9428       | 0.8880       | -0.0548   
7472->7562           | 16    | 0.9428       | 0.9451       | 0.0022    
7244->7238           | 16    | 0.9428       | 0.9405       | -0.0024   
7733->7814           | 16    | 0.9428       | 0.8016       | -0.1412   
7778->7799           | 16    | 0.9428       | 0.9258       | -0.0170   
7820->7951           | 16    | 0.9428       | 0.8737       | -0.0691   
4989->5539           | 15    | 0.9485       | 0.6037       | -0.3448   
5575->5998           | 15    | 0.9485       | 0.9192       | -0.0293   
5913->5475           | 15    | 0.9485       | 0.5825       | -0.3660   
5648->5763           | 15    | 0.9485       | 0.8302       | -0.1183   
5127->6181           | 15    | 0.9485       | 0.9371       | -0.0114   
5916->5862           | 15    | 0.9485       | 0.9425       | -0.0060   
5708->5563           | 15    | 0.9485       | 0.9420       | -0.0065   
5352->5727           | 15    | 0.9485       | 0.9452       | -0.0033   
7295->7428           | 15    | 0.9485       | 0.8979       | -0.0506   
6776->6834           | 15    | 0.9485       | 0.5556       | -0.3929   
6834->6833           | 15    | 0.9485       | 0.5556       | -0.3929   
6833->7232           | 15    | 0.9485       | 0.5556       | -0.3929   
7562->7407           | 15    | 0.9485       | 0.9531       | 0.0046    
7238->7438           | 15    | 0.9485       | 0.9408       | -0.0077   
7814->6919           | 15    | 0.9485       | 0.9292       | -0.0193   
7799->7742           | 15    | 0.9485       | 0.9381       | -0.0104   
6919->7860           | 15    | 0.9485       | 0.9292       | -0.0193   
7951->7883           | 15    | 0.9485       | 0.8811       | -0.0673   
6949->6965           | 15    | 0.9485       | 0.9393       | -0.0092   
6965->7874           | 15    | 0.9485       | 0.9393       | -0.0092   
5539->5769           | 14    | 0.9540       | 0.6431       | -0.3109   
5998->5687           | 14    | 0.9540       | 0.9425       | -0.0115   
5475->5386           | 14    | 0.9540       | 0.6627       | -0.2913   
5763->5584           | 14    | 0.9540       | 0.8420       | -0.1120   
6181->6313           | 14    | 0.9540       | 0.9462       | -0.0078   
5862->5204           | 14    | 0.9540       | 0.9561       | 0.0021    
5563->5054           | 14    | 0.9540       | 0.9555       | 0.0015    
5054->5660           | 14    | 0.9540       | 0.9555       | 0.0015    
5727->5983           | 14    | 0.9540       | 0.9464       | -0.0075   
7428->7392           | 14    | 0.9540       | 0.9241       | -0.0299   
7232->7531           | 14    | 0.9540       | 0.6123       | -0.3417   
7407->6863           | 14    | 0.9540       | 0.9552       | 0.0013    
7438->7679           | 14    | 0.9540       | 0.9521       | -0.0019   
7742->7727           | 14    | 0.9540       | 0.9443       | -0.0096   
7860->7035           | 14    | 0.9540       | 0.9632       | 0.0092    
7883->6935           | 14    | 0.9540       | 0.9022       | -0.0517   
6935->7694           | 14    | 0.9540       | 0.9022       | -0.0517   
7874->7810           | 14    | 0.9540       | 0.9431       | -0.0109   
4941->4927           | 13    | 0.9593       | 0.5181       | -0.4412   
4927->5734           | 13    | 0.9593       | 0.5181       | -0.4412   
5769->5424           | 13    | 0.9593       | 0.6875       | -0.2718   
5687->5663           | 13    | 0.9593       | 0.9584       | -0.0009   
5386->6052           | 13    | 0.9593       | 0.7439       | -0.2154   
5584->5889           | 13    | 0.9593       | 0.8870       | -0.0723   
6313->5505           | 13    | 0.9593       | 0.9581       | -0.0012   
5204->5499           | 13    | 0.9593       | 0.9557       | -0.0036   
5660->6244           | 13    | 0.9593       | 0.9624       | 0.0031    
5983->5118           | 13    | 0.9593       | 0.9603       | 0.0010    
5118->5655           | 13    | 0.9593       | 0.9603       | 0.0010    
7392->6809           | 13    | 0.9593       | 0.9524       | -0.0069   
6809->7413           | 13    | 0.9593       | 0.9524       | -0.0069   
7531->7491           | 13    | 0.9593       | 0.6790       | -0.2803   
6863->7448           | 13    | 0.9593       | 0.9572       | -0.0021   
7679->7454           | 13    | 0.9593       | 0.9600       | 0.0007    
7694->7957           | 13    | 0.9593       | 0.9472       | -0.0121   
7810->6966           | 13    | 0.9593       | 0.9667       | 0.0074    
6966->7917           | 13    | 0.9593       | 0.9667       | 0.0074    
7114->7107           | 12    | 0.9644       | 0.5861       | -0.3783   
7107->7503           | 12    | 0.9644       | 0.5861       | -0.3783   
5734->5932           | 12    | 0.9644       | 0.5522       | -0.4122   
5663->5944           | 12    | 0.9644       | 0.9679       | 0.0035    
6052->5669           | 12    | 0.9644       | 0.8348       | -0.1296   
5889->5284           | 12    | 0.9644       | 0.9479       | -0.0166   
5505->5126           | 12    | 0.9644       | 0.9644       | -0.0000   
5126->5125           | 12    | 0.9644       | 0.9644       | -0.0000   
6244->5597           | 12    | 0.9644       | 0.9719       | 0.0075    
5655->5959           | 12    | 0.9644       | 0.9673       | 0.0029    
7491->7568           | 12    | 0.9644       | 0.7875       | -0.1769   
7448->6864           | 12    | 0.9644       | 0.9621       | -0.0023   
6864->7248           | 12    | 0.9644       | 0.9621       | -0.0023   
7454->7599           | 12    | 0.9644       | 0.9729       | 0.0085    
7727->7685           | 12    | 0.9644       | 0.9675       | 0.0031    
7957->7870           | 12    | 0.9644       | 0.9709       | 0.0065    
7917->7002           | 12    | 0.9644       | 0.9682       | 0.0038    
7503->7374           | 11    | 0.9693       | 0.6619       | -0.3074   
5932->5746           | 11    | 0.9693       | 0.5713       | -0.3980   
5424->6238           | 11    | 0.9693       | 0.8117       | -0.1576   
5944->5779           | 11    | 0.9693       | 0.9748       | 0.0055    
5669->5376           | 11    | 0.9693       | 0.9464       | -0.0229   
5284->5408           | 11    | 0.9693       | 0.9535       | -0.0158   
5499->5953           | 11    | 0.9693       | 0.9723       | 0.0030    
5125->6130           | 11    | 0.9693       | 0.9719       | 0.0026    
5597->6347           | 11    | 0.9693       | 0.9755       | 0.0062    
5959->5119           | 11    | 0.9693       | 0.9708       | 0.0015    
7413->7276           | 11    | 0.9693       | 0.9681       | -0.0012   
7568->7541           | 11    | 0.9693       | 0.8144       | -0.1549   
7248->7334           | 11    | 0.9693       | 0.9650       | -0.0043   
7599->7624           | 11    | 0.9693       | 0.9727       | 0.0034    
7035->6920           | 11    | 0.9693       | 0.9662       | -0.0031   
7685->7730           | 11    | 0.9693       | 0.9750       | 0.0057    
6920->7903           | 11    | 0.9693       | 0.9662       | -0.0031   
7870->7718           | 11    | 0.9693       | 0.9749       | 0.0056    
7374->7445           | 10    | 0.9740       | 0.7627       | -0.2113   
4905->4888           | 10    | 0.9740       | 0.5553       | -0.4187   
4888->5427           | 10    | 0.9740       | 0.5553       | -0.4187   
5746->6304           | 10    | 0.9740       | 0.5914       | -0.3826   
6238->5367           | 10    | 0.9740       | 0.8886       | -0.0854   
5779->5517           | 10    | 0.9740       | 0.9790       | 0.0050    
5376->6173           | 10    | 0.9740       | 0.9619       | -0.0121   
5408->6019           | 10    | 0.9740       | 0.9532       | -0.0208   
5953->5203           | 10    | 0.9740       | 0.9729       | -0.0010   
5203->5493           | 10    | 0.9740       | 0.9729       | -0.0010   
6130->6310           | 10    | 0.9740       | 0.9727       | -0.0013   
6347->5055           | 10    | 0.9740       | 0.9780       | 0.0040    
5055->5056           | 10    | 0.9740       | 0.9780       | 0.0040    
5056->6178           | 10    | 0.9740       | 0.9780       | 0.0040    
7276->7263           | 10    | 0.9740       | 0.9810       | 0.0070    
7541->7416           | 10    | 0.9740       | 0.9328       | -0.0411   
7334->6865           | 10    | 0.9740       | 0.9773       | 0.0033    
7624->6813           | 10    | 0.9740       | 0.9728       | -0.0011   
7730->7059           | 10    | 0.9740       | 0.9828       | 0.0089    
7903->7948           | 10    | 0.9740       | 0.9714       | -0.0026   
7718->7887           | 10    | 0.9740       | 0.9812       | 0.0073    
7445->7140           | 9     | 0.9783       | 0.9069       | -0.0715   
5427->5448           | 9     | 0.9783       | 0.6089       | -0.3695   
6304->6031           | 9     | 0.9783       | 0.6140       | -0.3643   
5367->6136           | 9     | 0.9783       | 0.9374       | -0.0409   
5517->5466           | 9     | 0.9783       | 0.9826       | 0.0042    
6173->5094           | 9     | 0.9783       | 0.9839       | 0.0055    
5094->5606           | 9     | 0.9783       | 0.9839       | 0.0055    
5194->5183           | 9     | 0.9783       | 0.8438       | -0.1345   
5183->5182           | 9     | 0.9783       | 0.8438       | -0.1345   
6019->5024           | 9     | 0.9783       | 0.9523       | -0.0260   
5024->5442           | 9     | 0.9783       | 0.9523       | -0.0260   
5493->5490           | 9     | 0.9783       | 0.9751       | -0.0032   
6310->5588           | 9     | 0.9783       | 0.9801       | 0.0018    
6178->5057           | 9     | 0.9783       | 0.9830       | 0.0046    
5057->5084           | 9     | 0.9783       | 0.9830       | 0.0046    
5240->5241           | 9     | 0.9783       | 0.5035       | -0.4748   
5241->7587           | 9     | 0.9783       | 0.5035       | -0.4748   
6748->6749           | 9     | 0.9783       | 0.7216       | -0.2568   
6749->7325           | 9     | 0.9783       | 0.7216       | -0.2568   
7263->7346           | 9     | 0.9783       | 0.9820       | 0.0036    
7416->7404           | 9     | 0.9783       | 0.9562       | -0.0222   
7059->7721           | 9     | 0.9783       | 0.9859       | 0.0076    
7948->7945           | 9     | 0.9783       | 0.9795       | 0.0012    
7887->7939           | 9     | 0.9783       | 0.9856       | 0.0073    
7140->7220           | 8     | 0.9824       | 0.9210       | -0.0614   
4905->6215           | 8     | 0.9824       | 0.2687       | -0.7137   
5448->5627           | 8     | 0.9824       | 0.7142       | -0.2683   
6031->5349           | 8     | 0.9824       | 0.6387       | -0.3437   
6136->5919           | 8     | 0.9824       | 0.9714       | -0.0111   
5466->6341           | 8     | 0.9824       | 0.9850       | 0.0026    
5606->6007           | 8     | 0.9824       | 0.9919       | 0.0095    
5182->5181           | 8     | 0.9824       | 0.9342       | -0.0482   
5181->5956           | 8     | 0.9824       | 0.9342       | -0.0482   
5442->5025           | 8     | 0.9824       | 0.9921       | 0.0097    
5490->5202           | 8     | 0.9824       | 0.9793       | -0.0032   
5588->5124           | 8     | 0.9824       | 0.9829       | 0.0005    
5025->5026           | 8     | 0.9824       | 0.9921       | 0.0097    
5202->5307           | 8     | 0.9824       | 0.9793       | -0.0032   
5124->5463           | 8     | 0.9824       | 0.9829       | 0.0005    
5026->5364           | 8     | 0.9824       | 0.9921       | 0.0097    
5119->5950           | 8     | 0.9824       | 0.9800       | -0.0025   
6748->7510           | 8     | 0.9824       | 0.7483       | -0.2341   
7587->6025           | 8     | 0.9824       | 0.5396       | -0.4428   
7325->7208           | 8     | 0.9824       | 0.8696       | -0.1128   
7346->7657           | 8     | 0.9824       | 0.9847       | 0.0023    
7404->7380           | 8     | 0.9824       | 0.9751       | -0.0074   
6865->6866           | 8     | 0.9824       | 0.9838       | 0.0014    
6866->6867           | 8     | 0.9824       | 0.9838       | 0.0014    
7721->7932           | 8     | 0.9824       | 0.9861       | 0.0037    
7945->7748           | 8     | 0.9824       | 0.9836       | 0.0012    
7939->7987           | 8     | 0.9824       | 0.9867       | 0.0042    
7117->7377           | 7     | 0.9862       | 0.5260       | -0.4602   
7220->7195           | 7     | 0.9862       | 0.9440       | -0.0422   
6215->5740           | 7     | 0.9862       | 0.2924       | -0.6938   
5627->6272           | 7     | 0.9862       | 0.7891       | -0.1971   
5349->5759           | 7     | 0.9862       | 0.6585       | -0.3277   
5919->5838           | 7     | 0.9862       | 0.9892       | 0.0030    
6341->4992           | 7     | 0.9862       | 0.9869       | 0.0007    
6007->6097           | 7     | 0.9862       | 0.9934       | 0.0072    
5956->5180           | 7     | 0.9862       | 0.9843       | -0.0019   
5180->6100           | 7     | 0.9862       | 0.9843       | -0.0019   
5307->5743           | 7     | 0.9862       | 0.9815       | -0.0047   
5463->5123           | 7     | 0.9862       | 0.9858       | -0.0004   
5364->5971           | 7     | 0.9862       | 0.9921       | 0.0059    
5123->5398           | 7     | 0.9862       | 0.9858       | -0.0004   
5950->5756           | 7     | 0.9862       | 0.9859       | -0.0003   
6881->7340           | 7     | 0.9862       | 0.5463       | -0.4399   
7510->7079           | 7     | 0.9862       | 0.7549       | -0.2313   
6025->5529           | 7     | 0.9862       | 0.6940       | -0.2922   
7079->7078           | 7     | 0.9862       | 0.7549       | -0.2313   
7208->6750           | 7     | 0.9862       | 0.8911       | -0.0951   
7078->7602           | 7     | 0.9862       | 0.7549       | -0.2313   
7657->7192           | 7     | 0.9862       | 0.9857       | -0.0005   
6757->6848           | 7     | 0.9862       | 0.1174       | -0.8688   
6848->7660           | 7     | 0.9862       | 0.1174       | -0.8688   
7380->7198           | 7     | 0.9862       | 0.9872       | 0.0010    
6813->7645           | 7     | 0.9862       | 0.9762       | -0.0100   
6867->7528           | 7     | 0.9862       | 0.9862       | 0.0000    
7038->7021           | 7     | 0.9862       | 0.5559       | -0.4303   
7021->7980           | 7     | 0.9862       | 0.5559       | -0.4303   
7932->7736           | 7     | 0.9862       | 0.9881       | 0.0019    
7748->6921           | 7     | 0.9862       | 0.9855       | -0.0007   
6921->7712           | 7     | 0.9862       | 0.9855       | -0.0007   
7987->7977           | 7     | 0.9862       | 0.9889       | 0.0027    
7377->7108           | 6     | 0.9896       | 0.5799       | -0.4097   
7108->7125           | 6     | 0.9896       | 0.5799       | -0.4097   
7125->7235           | 6     | 0.9896       | 0.5799       | -0.4097   
7195->7307           | 6     | 0.9896       | 0.9696       | -0.0200   
5740->4887           | 6     | 0.9896       | 0.3224       | -0.6673   
4887->6091           | 6     | 0.9896       | 0.3224       | -0.6673   
6272->5865           | 6     | 0.9896       | 0.8600       | -0.1296   
5759->5542           | 6     | 0.9896       | 0.6674       | -0.3222   
5838->5731           | 6     | 0.9896       | 0.9980       | 0.0083    
4992->4991           | 6     | 0.9896       | 0.9877       | -0.0019   
6097->5331           | 6     | 0.9896       | 0.9954       | 0.0058    
6100->5532           | 6     | 0.9896       | 0.9932       | 0.0035    
5743->5201           | 6     | 0.9896       | 0.9876       | -0.0020   
5971->5027           | 6     | 0.9896       | 0.9918       | 0.0021    
5201->5379           | 6     | 0.9896       | 0.9876       | -0.0020   
5027->5560           | 6     | 0.9896       | 0.9918       | 0.0021    
5756->5223           | 6     | 0.9896       | 0.9898       | 0.0002    
5223->5965           | 6     | 0.9896       | 0.9898       | 0.0002    
7340->7469           | 6     | 0.9896       | 0.8735       | -0.1161   
6750->6751           | 6     | 0.9896       | 0.9743       | -0.0154   
7602->7279           | 6     | 0.9896       | 0.9674       | -0.0222   
7192->6810           | 6     | 0.9896       | 0.9885       | -0.0011   
6810->7618           | 6     | 0.9896       | 0.9885       | -0.0011   
7660->7558           | 6     | 0.9896       | 0.1286       | -0.8610   
7198->7516           | 6     | 0.9896       | 0.9905       | 0.0009    
7645->7571           | 6     | 0.9896       | 0.9849       | -0.0047   
7528->7648           | 6     | 0.9896       | 0.9880       | -0.0016   
7980->7963           | 6     | 0.9896       | 0.7251       | -0.2645   
7736->7923           | 6     | 0.9896       | 0.9891       | -0.0005   
7712->7890           | 6     | 0.9896       | 0.9852       | -0.0044   
7977->7804           | 6     | 0.9896       | 0.9886       | -0.0010   
7002->6988           | 6     | 0.9896       | 0.9677       | -0.0220   
7002->7760           | 6     | 0.9896       | 0.9689       | -0.0207   
7235->7364           | 5     | 0.9927       | 0.6520       | -0.3407   
7307->7565           | 5     | 0.9927       | 0.9861       | -0.0066   
5865->5436           | 5     | 0.9927       | 0.9020       | -0.0907   
4891->6022           | 5     | 0.9927       | 0.0500       | -0.9427   
5542->4949           | 5     | 0.9927       | 0.8014       | -0.1913   
5731->5775           | 5     | 0.9927       | 0.9984       | 0.0057    
5331->6073           | 5     | 0.9927       | 0.9952       | 0.0025    
5127->5159           | 5     | 0.9927       | 0.9483       | -0.0444   
5159->5160           | 5     | 0.9927       | 0.9483       | -0.0444   
5532->5179           | 5     | 0.9927       | 0.9972       | 0.0045    
5179->6076           | 5     | 0.9927       | 0.9972       | 0.0045    
5398->5451           | 5     | 0.9927       | 0.9907       | -0.0020   
5379->6207           | 5     | 0.9927       | 0.9902       | -0.0025   
5066->5892           | 5     | 0.9927       | 0.0569       | -0.9357   
5560->6061           | 5     | 0.9927       | 0.9922       | -0.0005   
5064->5370           | 5     | 0.9927       | 0.0500       | -0.9427   
5965->5222           | 5     | 0.9927       | 0.9940       | 0.0014    
6827->7519           | 5     | 0.9927       | 0.4661       | -0.5266   
7469->7639           | 5     | 0.9927       | 0.9065       | -0.0862   
5529->6307           | 5     | 0.9927       | 0.9187       | -0.0740   
6751->6752           | 5     | 0.9927       | 0.9766       | -0.0161   
7279->7077           | 5     | 0.9927       | 0.9803       | -0.0124   
7077->7076           | 5     | 0.9927       | 0.9803       | -0.0124   
7076->7319           | 5     | 0.9927       | 0.9803       | -0.0124   
7618->7367           | 5     | 0.9927       | 0.9890       | -0.0037   
7558->7313           | 5     | 0.9927       | 0.1460       | -0.8467   
7516->7160           | 5     | 0.9927       | 0.9905       | -0.0022   
7571->6832           | 5     | 0.9927       | 0.9925       | -0.0001   
7648->7257           | 5     | 0.9927       | 0.9908       | -0.0019   
7038->7020           | 5     | 0.9927       | 0.5553       | -0.4374   
7020->7793           | 5     | 0.9927       | 0.5553       | -0.4374   
7963->7703           | 5     | 0.9927       | 0.8949       | -0.0978   
7923->7936           | 5     | 0.9927       | 0.9898       | -0.0029   
7890->7836           | 5     | 0.9927       | 0.9885       | -0.0042   
7804->6936           | 5     | 0.9927       | 0.9913       | -0.0014   
6936->6937           | 5     | 0.9927       | 0.9913       | -0.0014   
6937->7893           | 5     | 0.9927       | 0.9913       | -0.0014   
7364->7630           | 4     | 0.9953       | 0.7230       | -0.2723   
7565->7682           | 4     | 0.9953       | 0.9995       | 0.0042    
6091->4886           | 4     | 0.9953       | 0.4327       | -0.5627   
4886->6146           | 4     | 0.9953       | 0.4327       | -0.5627   
5436->4889           | 4     | 0.9953       | 0.9558       | -0.0396   
6022->6224           | 4     | 0.9953       | 0.0500       | -0.9453   
5775->6257           | 4     | 0.9953       | 0.9984       | 0.0031    
4991->5313           | 4     | 0.9953       | 0.9890       | -0.0063   
5216->5609           | 4     | 0.9953       | 0.8121       | -0.1833   
6073->5904           | 4     | 0.9953       | 0.9951       | -0.0002   
5160->5938           | 4     | 0.9953       | 0.9697       | -0.0256   
5451->5122           | 4     | 0.9953       | 0.9929       | -0.0025   
6207->5572           | 4     | 0.9953       | 0.9909       | -0.0044   
5892->5030           | 4     | 0.9953       | 0.0584       | -0.9369   
6061->5028           | 4     | 0.9953       | 0.9922       | -0.0031   
5370->5346           | 4     | 0.9953       | 0.0500       | -0.9453   
5222->5415           | 4     | 0.9953       | 0.9945       | -0.0008   
7519->7475           | 4     | 0.9953       | 0.6912       | -0.3041   
6784->7673           | 4     | 0.9953       | 0.5951       | -0.4003   
7639->7484           | 4     | 0.9953       | 0.9545       | -0.0409   
6307->7254           | 4     | 0.9953       | 0.9660       | -0.0293   
6752->6753           | 4     | 0.9953       | 0.9888       | -0.0065   
7319->7075           | 4     | 0.9953       | 0.9817       | -0.0136   
7075->7241           | 4     | 0.9953       | 0.9817       | -0.0136   
7367->7355           | 4     | 0.9953       | 0.9939       | -0.0014   
7313->7173           | 4     | 0.9953       | 0.1702       | -0.8251   
7160->7358           | 4     | 0.9953       | 0.9903       | -0.0050   
7257->7389           | 4     | 0.9953       | 0.9927       | -0.0026   
7793->7019           | 4     | 0.9953       | 0.5724       | -0.4230   
7019->7018           | 4     | 0.9953       | 0.5724       | -0.4230   
7703->7899           | 4     | 0.9953       | 0.9632       | -0.0321   
7018->7017           | 4     | 0.9953       | 0.5724       | -0.4230   
7017->7016           | 4     | 0.9953       | 0.5724       | -0.4230   
6898->7097           | 4     | 0.9953       | 0.8726       | -0.1228   
7097->7096           | 4     | 0.9953       | 0.8726       | -0.1228   
7096->7095           | 4     | 0.9953       | 0.8726       | -0.1228   
7095->7094           | 4     | 0.9953       | 0.8726       | -0.1228   
7094->7093           | 4     | 0.9953       | 0.8726       | -0.1228   
7093->7697           | 4     | 0.9953       | 0.8726       | -0.1228   
7936->8009           | 4     | 0.9953       | 0.9903       | -0.0050   
6960->7796           | 4     | 0.9953       | 0.9079       | -0.0874   
7836->6922           | 4     | 0.9953       | 0.9883       | -0.0070   
6922->7715           | 4     | 0.9953       | 0.9883       | -0.0070   
7893->7848           | 4     | 0.9953       | 0.9928       | -0.0026   
6988->6967           | 4     | 0.9953       | 0.9875       | -0.0078   
7760->6993           | 4     | 0.9953       | 0.9841       | -0.0113   
6967->6968           | 4     | 0.9953       | 0.9875       | -0.0078   
6993->6994           | 4     | 0.9953       | 0.9841       | -0.0113   
6968->7996           | 4     | 0.9953       | 0.9875       | -0.0078   
7137->7663           | 3     | 0.9975       | 0.0500       | -0.9475   
7630->7383           | 3     | 0.9975       | 0.7583       | -0.2392   
7682->7608           | 3     | 0.9975       | 0.9995       | 0.0020    
6146->4885           | 3     | 0.9975       | 0.5399       | -0.4576   
4885->6079           | 3     | 0.9975       | 0.5399       | -0.4576   
4889->5472           | 3     | 0.9975       | 0.9923       | -0.0053   
6224->4890           | 3     | 0.9975       | 0.0500       | -0.9475   
4949->5749           | 3     | 0.9975       | 0.8917       | -0.1059   
6257->5871           | 3     | 0.9975       | 0.9984       | 0.0009    
5313->5910           | 3     | 0.9975       | 0.9901       | -0.0075   
4963->6191           | 3     | 0.9975       | 0.0500       | -0.9475   
5609->6319           | 3     | 0.9975       | 0.8829       | -0.1146   
5194->5785           | 3     | 0.9975       | 0.1417       | -0.8558   
5114->8022           | 3     | 0.9975       | 0.6403       | -0.3572   
5034->5166           | 3     | 0.9975       | 0.0503       | -0.9472   
5904->5922           | 3     | 0.9975       | 0.9951       | -0.0025   
5166->5340           | 3     | 0.9975       | 0.0503       | -0.9472   
5938->5161           | 3     | 0.9975       | 0.9827       | -0.0148   
5161->6028           | 3     | 0.9975       | 0.9827       | -0.0148   
6076->5822           | 3     | 0.9975       | 0.9973       | -0.0003   
5122->5825           | 3     | 0.9975       | 0.9951       | -0.0024   
5572->5200           | 3     | 0.9975       | 0.9927       | -0.0048   
5030->5992           | 3     | 0.9975       | 0.0613       | -0.9362   
5084->5058           | 3     | 0.9975       | 0.9865       | -0.0111   
5084->6016           | 3     | 0.9975       | 0.9800       | -0.0176   
5084->6323           | 3     | 0.9975       | 0.9811       | -0.0164   
5028->5794           | 3     | 0.9975       | 0.9922       | -0.0054   
5200->6152           | 3     | 0.9975       | 0.9927       | -0.0048   
5058->5059           | 3     | 0.9975       | 0.9865       | -0.0111   
5346->5797           | 3     | 0.9975       | 0.0500       | -0.9475   
5415->6139           | 3     | 0.9975       | 0.9949       | -0.0027   
7475->7144           | 3     | 0.9975       | 0.7254       | -0.2721   
7673->7147           | 3     | 0.9975       | 0.8433       | -0.1542   
7484->7217           | 3     | 0.9975       | 0.9910       | -0.0065   
7254->5316           | 3     | 0.9975       | 0.9869       | -0.0106   
6758->7552           | 3     | 0.9975       | 0.0500       | -0.9475   
6753->7071           | 3     | 0.9975       | 0.9896       | -0.0079   
7071->7072           | 3     | 0.9975       | 0.9896       | -0.0079   
7072->7460           | 3     | 0.9975       | 0.9896       | -0.0079   
7241->7304           | 3     | 0.9975       | 0.9794       | -0.0181   
7355->7481           | 3     | 0.9975       | 0.9939       | -0.0036   
7173->6847           | 3     | 0.9975       | 0.2050       | -0.7926   
6813->7431           | 3     | 0.9975       | 0.9660       | -0.0316   
6847->7590           | 3     | 0.9975       | 0.2050       | -0.7926   
7358->7463           | 3     | 0.9975       | 0.9900       | -0.0076   
6832->7395           | 3     | 0.9975       | 0.9920       | -0.0055   
7899->7877           | 3     | 0.9975       | 0.9939       | -0.0037   
7016->7751           | 3     | 0.9975       | 0.6886       | -0.3089   
7697->7092           | 3     | 0.9975       | 0.9883       | -0.0092   
8009->7768           | 3     | 0.9975       | 0.9910       | -0.0066   
7796->7842           | 3     | 0.9975       | 0.9440       | -0.0536   
7715->6923           | 3     | 0.9975       | 0.9876       | -0.0099   
6949->7999           | 3     | 0.9975       | 0.8985       | -0.0990   
6923->7046           | 3     | 0.9975       | 0.9876       | -0.0099   
7046->7969           | 3     | 0.9975       | 0.9876       | -0.0099   
7848->7914           | 3     | 0.9975       | 0.9930       | -0.0046   
6994->6995           | 3     | 0.9975       | 0.9840       | -0.0135   
7996->6969           | 3     | 0.9975       | 0.9881       | -0.0094   
6969->7790           | 3     | 0.9975       | 0.9881       | -0.0094   
7663->7500           | 2     | 0.9993       | 0.0500       | -0.9493   
7383->7451           | 2     | 0.9993       | 0.7718       | -0.2274   
7608->7410           | 2     | 0.9993       | 0.9995       | 0.0003    
6079->5478           | 2     | 0.9993       | 0.6082       | -0.3911   
5472->5578           | 2     | 0.9993       | 0.9991       | -0.0002   
4890->5699           | 2     | 0.9993       | 0.0500       | -0.9493   
5016->6231           | 2     | 0.9993       | 0.0500       | -0.9493   
4949->4926           | 2     | 0.9993       | 0.7730       | -0.2263   
4926->6221           | 2     | 0.9993       | 0.7730       | -0.2263   
5871->6210           | 2     | 0.9993       | 0.9984       | -0.0009   
5910->6103           | 2     | 0.9993       | 0.9910       | -0.0082   
6191->5721           | 2     | 0.9993       | 0.0500       | -0.9493   
6319->6260           | 2     | 0.9993       | 0.9045       | -0.0948   
8022->8026           | 2     | 0.9993       | 0.6754       | -0.3239   
5922->5511           | 2     | 0.9993       | 0.9946       | -0.0047   
5340->5165           | 2     | 0.9993       | 0.0504       | -0.9488   
5165->5164           | 2     | 0.9993       | 0.0504       | -0.9488   
5164->6200           | 2     | 0.9993       | 0.0504       | -0.9488   
6028->6088           | 2     | 0.9993       | 0.9948       | -0.0045   
5822->5430           | 2     | 0.9993       | 0.9973       | -0.0020   
5119->5120           | 2     | 0.9993       | 0.9926       | -0.0067   
5825->5121           | 2     | 0.9993       | 0.9983       | -0.0009   
5120->5535           | 2     | 0.9993       | 0.9926       | -0.0067   
5992->5591           | 2     | 0.9993       | 0.0670       | -0.9322   
6016->5874           | 2     | 0.9993       | 0.9883       | -0.0109   
6323->5702           | 2     | 0.9993       | 0.9882       | -0.0111   
5121->5816           | 2     | 0.9993       | 0.9983       | -0.0009   
5794->5029           | 2     | 0.9993       | 0.9934       | -0.0059   
6152->5844           | 2     | 0.9993       | 0.9919       | -0.0073   
5059->5060           | 2     | 0.9993       | 0.9904       | -0.0089   
5064->5810           | 2     | 0.9993       | 0.0500       | -0.9493   
5060->5061           | 2     | 0.9993       | 0.9904       | -0.0089   
5061->5548           | 2     | 0.9993       | 0.9904       | -0.0089   
5797->5980           | 2     | 0.9993       | 0.0500       | -0.9493   
6139->5696           | 2     | 0.9993       | 0.9963       | -0.0029   
7144->6795           | 2     | 0.9993       | 0.9031       | -0.0962   
7147->7581           | 2     | 0.9993       | 0.9628       | -0.0365   
7217->6860           | 2     | 0.9993       | 0.9944       | -0.0049   
6884->7535           | 2     | 0.9993       | 0.0844       | -0.9149   
6860->7153           | 2     | 0.9993       | 0.9944       | -0.0049   
5316->5675           | 2     | 0.9993       | 0.9874       | -0.0119   
7552->7651           | 2     | 0.9993       | 0.0500       | -0.9493   
7460->7073           | 2     | 0.9993       | 0.9939       | -0.0054   
7073->7211           | 2     | 0.9993       | 0.9939       | -0.0054   
7304->7513           | 2     | 0.9993       | 0.9773       | -0.0219   
7481->6811           | 2     | 0.9993       | 0.9938       | -0.0055   
7431->7522           | 2     | 0.9993       | 0.9754       | -0.0239   
6811->7525           | 2     | 0.9993       | 0.9938       | -0.0055   
7590->6846           | 2     | 0.9993       | 0.2978       | -0.7014   
6846->6845           | 2     | 0.9993       | 0.2978       | -0.7014   
6832->7425           | 2     | 0.9993       | 0.9936       | -0.0057   
6845->7621           | 2     | 0.9993       | 0.2978       | -0.7014   
7463->7322           | 2     | 0.9993       | 0.9889       | -0.0103   
7395->7670           | 2     | 0.9993       | 0.9916       | -0.0076   
7035->7826           | 2     | 0.9993       | 0.9442       | -0.0550   
7877->7990           | 2     | 0.9993       | 0.9938       | -0.0055   
7751->7015           | 2     | 0.9993       | 0.7471       | -0.2521   
7015->7014           | 2     | 0.9993       | 0.7471       | -0.2521   
7014->7833           | 2     | 0.9993       | 0.7471       | -0.2521   
7768->7906           | 2     | 0.9993       | 0.9917       | -0.0076   
7842->7700           | 2     | 0.9993       | 0.9427       | -0.0566   
7999->6950           | 2     | 0.9993       | 0.9156       | -0.0836   
6950->7754           | 2     | 0.9993       | 0.9156       | -0.0836   
7969->7045           | 2     | 0.9993       | 0.9867       | -0.0126   
7914->7854           | 2     | 0.9993       | 0.9933       | -0.0059   
7045->7044           | 2     | 0.9993       | 0.9867       | -0.0126   
6988->7866           | 2     | 0.9993       | 0.9442       | -0.0550   
6995->6996           | 2     | 0.9993       | 0.9965       | -0.0028   
7790->6970           | 2     | 0.9993       | 0.9880       | -0.0113   
6970->7817           | 2     | 0.9993       | 0.9880       | -0.0113   
--------------------------------------------------------------------------------
Mean |Deviation|: 0.1130
Max  |Deviation|: 0.9493
================================================================================

LEAF EDGES (n_consumers = 1): 778 edges
--------------------------------------------------------------------------------
These edges were NOT optimized. By definition:
  - Target simultaneity g(n) = 1.0
  - Achieved simultaneity = 1.0
  - Deviation = 0.0
================================================================================


================================================================================
DEVIATION ANALYSIS BY EDGE SIZE
================================================================================

Single consumer (not optimized):
  Count: 778
  Mean deviation: 0.0000
  Mean |deviation|: 0.0000
  Max |deviation|: 0.0000
  Std dev: 0.0000

Very small (2-10):
  Count: 353
  Mean deviation: -0.1723
  Mean |deviation|: 0.1736
  Max |deviation|: 0.9493
  Std dev: 0.2903

Small (11-50):
  Count: 266
  Mean deviation: -0.1019
  Mean |deviation|: 0.1042
  Max |deviation|: 0.4412
  Std dev: 0.1203

Medium (51-100):
  Count: 57
  Mean deviation: -0.0326
  Mean |deviation|: 0.0348
  Max |deviation|: 0.1408
  Std dev: 0.0266

Large (101-200):
  Count: 34
  Mean deviation: -0.0015
  Mean |deviation|: 0.0137
  Max |deviation|: 0.0379
  Std dev: 0.0180

Very large (201-500):
  Count: 54
  Mean deviation: 0.0003
  Mean |deviation|: 0.0083
  Max |deviation|: 0.0203
  Std dev: 0.0099

Huge (500+):
  Count: 52
  Mean deviation: 0.0056
  Mean |deviation|: 0.0057
  Max |deviation|: 0.0121
  Std dev: 0.0042

================================================================================

Network size range: 2 to 692 consumers
Using problem range: 40-60
Saved enhanced verification plot to output/comprehensive_analysis/demoVerbundnetz_SimulationNeu/steady_state_v3/verification_demoVerbundnetz_SimulationNeu_v3.png

Total execution time: 35.05 seconds
Results saved to: output/comprehensive_analysis/demoVerbundnetz_SimulationNeu/steady_state_v3

=== STDERR ===
