Loading network for case 'NetzHast' from data/test_scenarios/complex/NetzHast.vicus...
Loading VICUS file: data/test_scenarios/complex/NetzHast.vicus
Parsed Simultaneity Spline: 63 points.
data/test_scenarios/complex/NetzHast.vicus
Found peak day: day 24 (hours 552-575) with peak=7400.0000
Force-selected profile: Residential_SingleFamily_HeatingLoad.tsv (peak day extraction, resampled to 96 steps)
Peak day profile plot saved to output/peak_day_profile.png
Created 39 consumers and 93 relevant optimization edges.

--- Starting Optimization using Scheme 'v1' for NetzHast ---
Initial weighted error (using v1): 1.636763
Regularization target: 1.0000
  Iter 0: Obj=1.636763 (Fit: 1.636763, Reg: 0.000000) | LR: 0.021199
  Iter 200: Obj=0.175967 (Fit: 0.174087, Reg: 0.001879) | LR: 0.415092
  Iter 400: Obj=0.175964 (Fit: 0.174080, Reg: 0.001885) | LR: 0.415011
  Iter 600: Obj=0.175963 (Fit: 0.174078, Reg: 0.001885) | LR: 0.415024
  Iter 800: Obj=0.175962 (Fit: 0.174076, Reg: 0.001885) | LR: 0.415027
  Iter 1000: Obj=0.175961 (Fit: 0.174075, Reg: 0.001886) | LR: 0.415029
  Iter 1200: Obj=0.175960 (Fit: 0.174074, Reg: 0.001886) | LR: 0.415031
  Iter 1400: Obj=0.175960 (Fit: 0.174073, Reg: 0.001887) | LR: 0.415032
  Iter 1600: Obj=0.175959 (Fit: 0.174072, Reg: 0.001887) | LR: 0.415033
  Iter 1800: Obj=0.175959 (Fit: 0.174071, Reg: 0.001888) | LR: 0.415035
  Iter 2000: Obj=0.175958 (Fit: 0.174070, Reg: 0.001888) | LR: 0.415036
  Iter 2200: Obj=0.175958 (Fit: 0.174069, Reg: 0.001889) | LR: 0.415037
  Iter 2400: Obj=0.175958 (Fit: 0.174069, Reg: 0.001889) | LR: 0.415037
  Iter 2600: Obj=0.175958 (Fit: 0.174068, Reg: 0.001890) | LR: 0.415038
  Iter 2800: Obj=0.175957 (Fit: 0.174067, Reg: 0.001890) | LR: 0.415039
  Iter 3000: Obj=0.175957 (Fit: 0.174067, Reg: 0.001890) | LR: 0.415040
  Iter 3200: Obj=0.175957 (Fit: 0.174066, Reg: 0.001891) | LR: 0.415040
  Iter 3400: Obj=0.175957 (Fit: 0.174066, Reg: 0.001891) | LR: 0.415041
  Iter 3600: Obj=0.175957 (Fit: 0.174065, Reg: 0.001891) | LR: 0.415041
  Iter 3800: Obj=0.175957 (Fit: 0.174065, Reg: 0.001892) | LR: 0.415042
  Iter 4000: Obj=0.175957 (Fit: 0.174065, Reg: 0.001892) | LR: 0.415042
  Iter 4200: Obj=0.175957 (Fit: 0.174064, Reg: 0.001892) | LR: 0.415043
  Iter 4400: Obj=0.175957 (Fit: 0.174064, Reg: 0.001893) | LR: 0.415043
  Iter 4600: Obj=0.175957 (Fit: 0.174064, Reg: 0.001893) | LR: 0.415043
  Iter 4800: Obj=0.175957 (Fit: 0.174064, Reg: 0.001893) | LR: 0.415044
Final Error: 0.175957

================================================================================
OPTIMIZATION RESULTS
================================================================================

OPTIMIZED EDGES (n_consumers > 1): 44 edges
--------------------------------------------------------------------------------
Edge ID              | n_e   | Target g(n)  | Achieved g   | Deviation 
--------------------------------------------------------------------------------
1566->1606           | 39    | 0.8016       | 0.8643       | 0.0627    
1606->1717           | 30    | 0.8560       | 0.8400       | -0.0160   
1717->1732           | 29    | 0.8623       | 0.8400       | -0.0223   
1732->1626           | 28    | 0.8686       | 0.8400       | -0.0286   
1626->1599           | 27    | 0.8749       | 0.8953       | 0.0203    
1599->1723           | 21    | 0.9128       | 0.8885       | -0.0243   
1723->1568           | 20    | 0.9190       | 0.8885       | -0.0305   
1568->1714           | 20    | 0.9190       | 0.8885       | -0.0305   
1714->1591           | 19    | 0.9251       | 0.8885       | -0.0366   
1591->1654           | 10    | 0.9740       | 0.8820       | -0.0920   
1606->1642           | 9     | 0.9783       | 0.9274       | -0.0509   
1591->1691           | 9     | 0.9783       | 0.9005       | -0.0778   
1654->1765           | 9     | 0.9783       | 0.9570       | -0.0214   
1642->1648           | 8     | 0.9824       | 0.9854       | 0.0030    
1691->1570           | 8     | 0.9824       | 0.9420       | -0.0405   
1765->1681           | 8     | 0.9824       | 0.9570       | -0.0255   
1570->1688           | 8     | 0.9824       | 0.9420       | -0.0405   
1648->1669           | 7     | 0.9862       | 0.9899       | 0.0037    
1681->1736           | 7     | 0.9862       | 0.9638       | -0.0224   
1688->1571           | 7     | 0.9862       | 0.9424       | -0.0438   
1571->1747           | 7     | 0.9862       | 0.9424       | -0.0438   
1669->1645           | 6     | 0.9896       | 0.9939       | 0.0043    
1599->1672           | 6     | 0.9896       | 0.9147       | -0.0750   
1736->1675           | 6     | 0.9896       | 0.9638       | -0.0258   
1747->1744           | 6     | 0.9896       | 0.9424       | -0.0473   
1645->1605           | 5     | 0.9927       | 0.9975       | 0.0048    
1672->1639           | 5     | 0.9927       | 0.9893       | -0.0034   
1675->1678           | 5     | 0.9927       | 0.9672       | -0.0255   
1744->1666           | 5     | 0.9927       | 0.9423       | -0.0503   
1605->1604           | 4     | 0.9953       | 1.0000       | 0.0047    
1604->1651           | 4     | 0.9953       | 1.0000       | 0.0047    
1639->1636           | 4     | 0.9953       | 0.9925       | -0.0029   
1678->1660           | 4     | 0.9953       | 0.9692       | -0.0261   
1666->1740           | 4     | 0.9953       | 0.9472       | -0.0481   
1651->1720           | 3     | 0.9975       | 1.0000       | 0.0025    
1636->1752           | 3     | 0.9975       | 0.9955       | -0.0020   
1660->1575           | 3     | 0.9975       | 0.9691       | -0.0284   
1575->1574           | 3     | 0.9975       | 0.9691       | -0.0284   
1740->1776           | 3     | 0.9975       | 0.9472       | -0.0504   
1574->1617           | 3     | 0.9975       | 0.9691       | -0.0284   
1720->1630           | 2     | 0.9993       | 1.0000       | 0.0007    
1752->1613           | 2     | 0.9993       | 0.9955       | -0.0037   
1776->1663           | 2     | 0.9993       | 0.9471       | -0.0521   
1617->1620           | 2     | 0.9993       | 0.9690       | -0.0303   
--------------------------------------------------------------------------------
Mean |Deviation|: 0.0292
Max  |Deviation|: 0.0920
================================================================================

LEAF EDGES (n_consumers = 1): 49 edges
--------------------------------------------------------------------------------
These edges were NOT optimized. By definition:
  - Target simultaneity g(n) = 1.0
  - Achieved simultaneity = 1.0
  - Deviation = 0.0
================================================================================


================================================================================
DEVIATION ANALYSIS BY EDGE SIZE
================================================================================

Single consumer (not optimized):
  Count: 49
  Mean deviation: 0.0000
  Mean |deviation|: 0.0000
  Max |deviation|: 0.0000
  Std dev: 0.0000

Very small (2-10):
  Count: 35
  Mean deviation: -0.0274
  Mean |deviation|: 0.0290
  Max |deviation|: 0.0920
  Std dev: 0.0260

Small (11-50):
  Count: 9
  Mean deviation: -0.0117
  Mean |deviation|: 0.0302
  Max |deviation|: 0.0627
  Std dev: 0.0325

================================================================================

Network size range: 2 to 39 consumers
Using problem range: 5-10
Saved enhanced verification plot to output/comprehensive_analysis/NetzHast/steady_state_v1/verification_NetzHast_v1.png

Total execution time: 2.03 seconds
Results saved to: output/comprehensive_analysis/NetzHast/steady_state_v1

=== STDERR ===
