Loading network for case 'demoVerbundnetz_SimulationNeu' from data/test_scenarios/complex/demoVerbundnetz_SimulationNeu.vicus...
Loading VICUS file: data/test_scenarios/complex/demoVerbundnetz_SimulationNeu.vicus
Parsed Simultaneity Spline: 63 points.
data/test_scenarios/complex/demoVerbundnetz_SimulationNeu.vicus
Found peak day: day 24 (hours 552-575) with peak=7400.0000
Force-selected profile: Residential_SingleFamily_HeatingLoad.tsv (peak day extraction, resampled to 96 steps)
Peak day profile plot saved to output/peak_day_profile.png
Created 692 consumers and 1594 relevant optimization edges.

--- Starting Optimization using Scheme 'v2' for demoVerbundnetz_SimulationNeu ---
Initial weighted error (using v2): 401670.212063
Regularization target: 1.0000
  Iter 0: Obj=401670.212063 (Fit: 401670.212063, Reg: 0.000000) | LR: 0.000006
  Iter 200: Obj=4461.639678 (Fit: 4461.426847, Reg: 0.212830) | LR: 0.000124
  Iter 400: Obj=4218.517321 (Fit: 4218.273455, Reg: 0.243866) | LR: 0.000111
  Iter 600: Obj=4125.555210 (Fit: 4125.294401, Reg: 0.260809) | LR: 0.000109
  Early stopping at iteration 701
Final Error: 4125.555210

================================================================================
OPTIMIZATION RESULTS
================================================================================

OPTIMIZED EDGES (n_consumers > 1): 816 edges
--------------------------------------------------------------------------------
Edge ID              | n_e   | Target g(n)  | Achieved g   | Deviation 
--------------------------------------------------------------------------------
5266->5289           | 692   | 0.4759       | 0.5110       | 0.0351    
5289->5290           | 692   | 0.4759       | 0.5110       | 0.0351    
5290->7114           | 692   | 0.4759       | 0.5110       | 0.0351    
7114->5291           | 680   | 0.4759       | 0.4935       | 0.0176    
5291->5292           | 680   | 0.4759       | 0.4935       | 0.0176    
5292->7137           | 680   | 0.4759       | 0.4935       | 0.0176    
7137->7117           | 677   | 0.4759       | 0.5024       | 0.0265    
7117->5293           | 670   | 0.4759       | 0.4975       | 0.0217    
5293->5302           | 670   | 0.4759       | 0.4975       | 0.0217    
5302->4858           | 669   | 0.4759       | 0.4983       | 0.0224    
4858->5791           | 669   | 0.4759       | 0.4983       | 0.0224    
5791->5652           | 668   | 0.4759       | 0.4982       | 0.0223    
5652->5457           | 667   | 0.4759       | 0.4981       | 0.0222    
5457->4859           | 666   | 0.4759       | 0.4980       | 0.0221    
4859->4860           | 666   | 0.4759       | 0.4980       | 0.0221    
4860->4861           | 666   | 0.4759       | 0.4980       | 0.0221    
4861->5328           | 665   | 0.4759       | 0.4980       | 0.0221    
5328->4862           | 664   | 0.4759       | 0.4980       | 0.0221    
4862->5514           | 664   | 0.4759       | 0.4980       | 0.0221    
5514->5672           | 663   | 0.4759       | 0.4980       | 0.0221    
5672->4863           | 662   | 0.4759       | 0.4980       | 0.0221    
4863->5772           | 661   | 0.4759       | 0.4980       | 0.0222    
5772->6109           | 660   | 0.4759       | 0.4981       | 0.0223    
6109->6241           | 659   | 0.4759       | 0.4982       | 0.0224    
6241->4864           | 658   | 0.4759       | 0.4983       | 0.0224    
4864->6234           | 658   | 0.4759       | 0.4983       | 0.0224    
6234->5581           | 657   | 0.4759       | 0.4985       | 0.0226    
5581->6188           | 656   | 0.4759       | 0.4988       | 0.0229    
6188->6316           | 655   | 0.4759       | 0.4991       | 0.0232    
6316->5603           | 654   | 0.4759       | 0.4994       | 0.0236    
5603->5986           | 653   | 0.4759       | 0.4999       | 0.0240    
5986->5947           | 652   | 0.4759       | 0.5002       | 0.0243    
5947->4865           | 651   | 0.4759       | 0.5005       | 0.0246    
4865->4919           | 650   | 0.4759       | 0.5007       | 0.0248    
4919->5334           | 545   | 0.4759       | 0.4944       | 0.0186    
5334->5392           | 544   | 0.4759       | 0.4945       | 0.0187    
5392->5859           | 543   | 0.4759       | 0.4950       | 0.0192    
5859->5681           | 542   | 0.4759       | 0.4955       | 0.0196    
5681->4905           | 541   | 0.4759       | 0.4960       | 0.0201    
4905->5678           | 523   | 0.4759       | 0.4931       | 0.0173    
5678->4866           | 522   | 0.4759       | 0.4933       | 0.0175    
4866->4941           | 522   | 0.4759       | 0.4933       | 0.0175    
4941->6228           | 509   | 0.4759       | 0.4888       | 0.0129    
6228->4928           | 508   | 0.4759       | 0.4893       | 0.0135    
4928->5724           | 508   | 0.4759       | 0.4893       | 0.0135    
5724->6332           | 507   | 0.4759       | 0.4895       | 0.0136    
6332->5445           | 506   | 0.4759       | 0.4897       | 0.0138    
5445->5418           | 505   | 0.4759       | 0.4899       | 0.0140    
5418->4929           | 504   | 0.4759       | 0.4901       | 0.0142    
4929->4930           | 504   | 0.4759       | 0.4901       | 0.0142    
4930->4988           | 504   | 0.4759       | 0.4901       | 0.0142    
4988->5005           | 504   | 0.4759       | 0.4901       | 0.0142    
5005->5766           | 488   | 0.4759       | 0.4870       | 0.0112    
5766->5639           | 487   | 0.4759       | 0.4876       | 0.0117    
5639->6158           | 486   | 0.4759       | 0.4922       | 0.0164    
6158->4964           | 485   | 0.4759       | 0.4928       | 0.0169    
4964->5636           | 403   | 0.4759       | 0.4693       | -0.0066   
5636->6278           | 402   | 0.4759       | 0.4701       | -0.0057   
6278->5962           | 401   | 0.4759       | 0.4708       | -0.0051   
5962->5705           | 400   | 0.4759       | 0.4714       | -0.0045   
5705->5883           | 399   | 0.4759       | 0.4723       | -0.0036   
5883->6067           | 398   | 0.4759       | 0.4729       | -0.0030   
6067->5856           | 397   | 0.4759       | 0.4736       | -0.0022   
5856->5968           | 396   | 0.4759       | 0.4744       | -0.0014   
5968->6326           | 395   | 0.4759       | 0.4751       | -0.0008   
6326->5554           | 394   | 0.4759       | 0.4756       | -0.0002   
5554->6047           | 393   | 0.4759       | 0.4760       | 0.0001    
6047->5718           | 392   | 0.4759       | 0.4763       | 0.0004    
5718->5633           | 391   | 0.4759       | 0.4767       | 0.0008    
5633->5545           | 390   | 0.4759       | 0.4773       | 0.0014    
5545->5310           | 389   | 0.4759       | 0.4779       | 0.0020    
5310->6329           | 388   | 0.4759       | 0.4793       | 0.0034    
6329->5557           | 387   | 0.4759       | 0.4799       | 0.0040    
5557->6112           | 385   | 0.4759       | 0.4825       | 0.0066    
6112->6058           | 384   | 0.4759       | 0.4829       | 0.0071    
6058->4963           | 383   | 0.4759       | 0.4841       | 0.0082    
4963->6263           | 346   | 0.4759       | 0.4748       | -0.0010   
6263->5551           | 345   | 0.4759       | 0.4756       | -0.0002   
5551->5977           | 344   | 0.4759       | 0.4769       | 0.0010    
5977->5690           | 343   | 0.4759       | 0.4776       | 0.0018    
5690->5034           | 342   | 0.4759       | 0.4786       | 0.0028    
5034->5832           | 338   | 0.4759       | 0.4823       | 0.0065    
5832->6167           | 337   | 0.4759       | 0.4834       | 0.0076    
6167->5898           | 336   | 0.4759       | 0.4850       | 0.0092    
5898->5928           | 335   | 0.4759       | 0.4877       | 0.0118    
5928->6247           | 334   | 0.4759       | 0.4884       | 0.0125    
6247->5033           | 333   | 0.4759       | 0.4894       | 0.0135    
5033->6143           | 332   | 0.4759       | 0.4904       | 0.0145    
6143->6301           | 331   | 0.4759       | 0.4920       | 0.0161    
6301->5032           | 330   | 0.4759       | 0.4929       | 0.0170    
5032->5031           | 329   | 0.4759       | 0.4941       | 0.0182    
5031->5178           | 329   | 0.4759       | 0.4941       | 0.0182    
5178->5066           | 329   | 0.4759       | 0.4941       | 0.0182    
5066->5065           | 324   | 0.4759       | 0.4981       | 0.0223    
5065->5901           | 324   | 0.4759       | 0.4981       | 0.0223    
5901->6070           | 323   | 0.4759       | 0.5009       | 0.0251    
6070->5880           | 322   | 0.4759       | 0.5015       | 0.0257    
5880->5064           | 321   | 0.4759       | 0.5021       | 0.0262    
5064->6082           | 314   | 0.4759       | 0.5084       | 0.0325    
6082->5231           | 313   | 0.4759       | 0.5092       | 0.0333    
5231->5232           | 313   | 0.4759       | 0.5092       | 0.0333    
5232->5233           | 313   | 0.4759       | 0.5092       | 0.0333    
5233->5234           | 313   | 0.4759       | 0.5092       | 0.0333    
5234->7494           | 250   | 0.4842       | 0.5006       | 0.0164    
7494->5361           | 249   | 0.4844       | 0.5037       | 0.0193    
5361->5235           | 248   | 0.4846       | 0.5068       | 0.0222    
5235->5373           | 199   | 0.4997       | 0.4906       | -0.0091   
5373->5600           | 198   | 0.5001       | 0.4980       | -0.0022   
5600->6284           | 197   | 0.5005       | 0.5006       | 0.0001    
6284->5819           | 196   | 0.5009       | 0.5032       | 0.0022    
5819->5236           | 195   | 0.5014       | 0.5058       | 0.0044    
5236->5262           | 195   | 0.5014       | 0.5058       | 0.0044    
5262->5257           | 165   | 0.5169       | 0.4834       | -0.0335   
5257->6296           | 165   | 0.5169       | 0.4834       | -0.0335   
6296->6338           | 164   | 0.5175       | 0.4865       | -0.0310   
6338->5853           | 163   | 0.5182       | 0.4904       | -0.0278   
5853->5974           | 162   | 0.5188       | 0.4953       | -0.0236   
5974->7441           | 161   | 0.5195       | 0.5013       | -0.0182   
7441->7386           | 160   | 0.5202       | 0.5050       | -0.0152   
7386->7285           | 159   | 0.5209       | 0.5086       | -0.0123   
7285->7370           | 158   | 0.5215       | 0.5145       | -0.0071   
7370->6777           | 157   | 0.5222       | 0.5243       | 0.0021    
6777->7545           | 157   | 0.5222       | 0.5243       | 0.0021    
7545->7434           | 156   | 0.5230       | 0.5291       | 0.0062    
7434->7611           | 155   | 0.5237       | 0.5353       | 0.0116    
7611->6776           | 154   | 0.5244       | 0.5426       | 0.0181    
6776->6758           | 139   | 0.5369       | 0.5406       | 0.0038    
6758->7343           | 136   | 0.5397       | 0.5506       | 0.0109    
7343->7578           | 135   | 0.5407       | 0.5607       | 0.0200    
7578->7273           | 134   | 0.5417       | 0.5659       | 0.0242    
7273->7176           | 133   | 0.5427       | 0.5718       | 0.0291    
7176->6757           | 132   | 0.5438       | 0.5759       | 0.0321    
6757->6889           | 124   | 0.5527       | 0.5975       | 0.0449    
6889->6890           | 124   | 0.5527       | 0.5975       | 0.0449    
4919->6115           | 105   | 0.5795       | 0.5443       | -0.0352   
6115->4892           | 104   | 0.5812       | 0.5467       | -0.0345   
4892->5355           | 104   | 0.5812       | 0.5467       | -0.0345   
5355->6127           | 103   | 0.5829       | 0.5498       | -0.0331   
6127->5847           | 102   | 0.5847       | 0.5522       | -0.0325   
5847->6250           | 101   | 0.5864       | 0.5546       | -0.0318   
6250->6085           | 100   | 0.5882       | 0.5567       | -0.0315   
6085->5645           | 99    | 0.5901       | 0.5592       | -0.0309   
5645->6275           | 98    | 0.5920       | 0.5613       | -0.0307   
6275->5868           | 97    | 0.5939       | 0.5647       | -0.0292   
5868->4891           | 96    | 0.5958       | 0.5669       | -0.0289   
4891->4954           | 91    | 0.6062       | 0.5826       | -0.0236   
4954->4983           | 91    | 0.6062       | 0.5826       | -0.0236   
4964->5895           | 82    | 0.6276       | 0.6159       | -0.0117   
5895->6293           | 81    | 0.6302       | 0.6223       | -0.0079   
6293->5712           | 80    | 0.6328       | 0.6284       | -0.0044   
5712->5813           | 79    | 0.6356       | 0.6356       | 0.0001    
5813->5800           | 78    | 0.6383       | 0.6429       | 0.0046    
5800->5612           | 77    | 0.6412       | 0.6458       | 0.0047    
5612->5098           | 76    | 0.6441       | 0.6505       | 0.0065    
5098->6197           | 76    | 0.6441       | 0.6505       | 0.0065    
6197->5097           | 75    | 0.6470       | 0.6546       | 0.0076    
6890->7706           | 74    | 0.6500       | 0.6231       | -0.0269   
7706->7765           | 72    | 0.6562       | 0.6406       | -0.0156   
7765->7954           | 71    | 0.6594       | 0.6415       | -0.0179   
7954->6891           | 70    | 0.6627       | 0.6454       | -0.0173   
4983->4955           | 69    | 0.6660       | 0.5787       | -0.0873   
4955->4956           | 69    | 0.6660       | 0.5787       | -0.0873   
4956->4957           | 69    | 0.6660       | 0.5787       | -0.0873   
4957->5925           | 69    | 0.6660       | 0.5787       | -0.0873   
5925->4958           | 68    | 0.6694       | 0.5826       | -0.0868   
4958->6344           | 68    | 0.6694       | 0.5826       | -0.0868   
6344->4959           | 67    | 0.6728       | 0.5869       | -0.0860   
4959->6013           | 67    | 0.6728       | 0.5869       | -0.0860   
6013->5395           | 66    | 0.6764       | 0.5912       | -0.0852   
5395->5383           | 65    | 0.6800       | 0.6064       | -0.0736   
5383->6133           | 63    | 0.6874       | 0.6131       | -0.0743   
5234->7310           | 63    | 0.6874       | 0.5622       | -0.1252   
6133->5487           | 62    | 0.6912       | 0.6171       | -0.0741   
5487->5404           | 61    | 0.6951       | 0.6258       | -0.0693   
7310->7266           | 61    | 0.6951       | 0.6219       | -0.0732   
5404->4960           | 60    | 0.6991       | 0.6299       | -0.0692   
4960->5343           | 60    | 0.6991       | 0.6299       | -0.0692   
7266->7352           | 60    | 0.6991       | 0.6440       | -0.0550   
5343->5737           | 59    | 0.7031       | 0.6345       | -0.0686   
5097->5111           | 59    | 0.7031       | 0.6636       | -0.0395   
5111->5112           | 59    | 0.7031       | 0.6636       | -0.0395   
5112->5782           | 59    | 0.7031       | 0.6636       | -0.0395   
7352->7251           | 59    | 0.7031       | 0.6757       | -0.0274   
5737->6040           | 58    | 0.7073       | 0.6588       | -0.0485   
5782->5642           | 58    | 0.7073       | 0.6708       | -0.0365   
7251->7166           | 58    | 0.7073       | 0.6794       | -0.0279   
6040->6253           | 57    | 0.7115       | 0.6647       | -0.0467   
7166->7478           | 57    | 0.7115       | 0.6877       | -0.0237   
6253->4961           | 56    | 0.7158       | 0.6680       | -0.0478   
5642->6170           | 56    | 0.7158       | 0.6838       | -0.0319   
7478->7466           | 56    | 0.7158       | 0.6898       | -0.0259   
6170->5460           | 55    | 0.7201       | 0.6913       | -0.0288   
7466->6794           | 55    | 0.7201       | 0.6909       | -0.0293   
6794->6827           | 55    | 0.7201       | 0.6909       | -0.0293   
5460->6064           | 54    | 0.7246       | 0.7017       | -0.0229   
6064->5113           | 53    | 0.7291       | 0.7261       | -0.0030   
5113->5154           | 53    | 0.7291       | 0.7261       | -0.0030   
5235->7156           | 49    | 0.7481       | 0.5689       | -0.1792   
6827->7422           | 49    | 0.7481       | 0.7437       | -0.0044   
7156->7488           | 48    | 0.7531       | 0.5888       | -0.1643   
7488->7201           | 47    | 0.7582       | 0.6054       | -0.1527   
7422->7226           | 47    | 0.7582       | 0.7492       | -0.0090   
7201->7636           | 46    | 0.7633       | 0.6264       | -0.1369   
7226->6806           | 46    | 0.7633       | 0.7528       | -0.0105   
6806->7575           | 46    | 0.7633       | 0.7528       | -0.0105   
7636->7179           | 45    | 0.7685       | 0.6561       | -0.1124   
7575->7401           | 45    | 0.7685       | 0.7523       | -0.0162   
7179->7282           | 44    | 0.7738       | 0.6811       | -0.0928   
7401->7584           | 44    | 0.7738       | 0.7931       | 0.0193    
7282->7288           | 43    | 0.7792       | 0.7069       | -0.0723   
7584->7316           | 43    | 0.7792       | 0.7983       | 0.0191    
7288->7497           | 42    | 0.7847       | 0.7451       | -0.0396   
7497->7507           | 41    | 0.7903       | 0.7665       | -0.0237   
7316->7205           | 41    | 0.7903       | 0.8004       | 0.0101    
7507->6881           | 40    | 0.7959       | 0.7840       | -0.0119   
7205->6807           | 40    | 0.7959       | 0.8054       | 0.0095    
6807->6884           | 39    | 0.8016       | 0.8374       | 0.0358    
6891->7896           | 37    | 0.8132       | 0.6558       | -0.1575   
7896->6892           | 36    | 0.8192       | 0.6654       | -0.1538   
6892->6893           | 36    | 0.8192       | 0.6654       | -0.1538   
6893->7966           | 35    | 0.8252       | 0.6772       | -0.1479   
4963->5401           | 34    | 0.8312       | 0.7248       | -0.1064   
7966->6894           | 34    | 0.8312       | 0.6899       | -0.1414   
6894->8005           | 34    | 0.8312       | 0.6899       | -0.1414   
5401->5566           | 33    | 0.8374       | 0.7513       | -0.0861   
6881->6784           | 33    | 0.8374       | 0.8158       | -0.0216   
6891->7775           | 33    | 0.8374       | 0.6306       | -0.2067   
8005->6895           | 33    | 0.8374       | 0.7381       | -0.0992   
6895->6896           | 33    | 0.8374       | 0.7381       | -0.0992   
6896->6897           | 33    | 0.8374       | 0.7381       | -0.0992   
6897->7009           | 33    | 0.8374       | 0.7381       | -0.0992   
5566->5989           | 32    | 0.8435       | 0.7711       | -0.0725   
7775->7709           | 32    | 0.8435       | 0.6469       | -0.1966   
7009->6898           | 32    | 0.8435       | 0.7822       | -0.0613   
4961->5995           | 31    | 0.8497       | 0.7251       | -0.1246   
5989->5194           | 31    | 0.8497       | 0.8012       | -0.0486   
7709->8002           | 31    | 0.8497       | 0.6649       | -0.1848   
5995->5322           | 30    | 0.8560       | 0.7438       | -0.1122   
5262->6287           | 30    | 0.8560       | 0.6072       | -0.2488   
8002->6933           | 30    | 0.8560       | 0.6769       | -0.1791   
6933->7926           | 30    | 0.8560       | 0.6769       | -0.1791   
5322->5325           | 29    | 0.8623       | 0.7627       | -0.0996   
6287->5454           | 29    | 0.8623       | 0.6243       | -0.2380   
6784->7593           | 29    | 0.8623       | 0.8346       | -0.0277   
7926->7038           | 29    | 0.8623       | 0.7153       | -0.1470   
5325->6118           | 28    | 0.8686       | 0.7779       | -0.0907   
5154->5807           | 28    | 0.8686       | 0.7107       | -0.1579   
5454->5666           | 28    | 0.8686       | 0.6423       | -0.2263   
7593->7605           | 28    | 0.8686       | 0.8650       | -0.0036   
6898->7845           | 28    | 0.8686       | 0.7762       | -0.0924   
6118->4962           | 27    | 0.8749       | 0.7934       | -0.0816   
4962->5496           | 27    | 0.8749       | 0.7934       | -0.0816   
5807->5841           | 27    | 0.8749       | 0.7916       | -0.0833   
5666->5237           | 27    | 0.8749       | 0.6747       | -0.2002   
5237->5502           | 27    | 0.8749       | 0.6747       | -0.2002   
7605->7182           | 27    | 0.8749       | 0.8813       | 0.0064    
7845->7830           | 27    | 0.8749       | 0.8507       | -0.0242   
5496->5788           | 26    | 0.8813       | 0.8187       | -0.0626   
5841->6335           | 26    | 0.8813       | 0.8317       | -0.0496   
5502->5238           | 26    | 0.8813       | 0.7045       | -0.1768   
5238->5239           | 26    | 0.8813       | 0.7045       | -0.1768   
5239->5240           | 26    | 0.8813       | 0.7045       | -0.1768   
7182->7548           | 26    | 0.8813       | 0.8810       | -0.0003   
7830->7960           | 26    | 0.8813       | 0.8575       | -0.0238   
4961->5594           | 25    | 0.8876       | 0.6327       | -0.2550   
5788->5569           | 25    | 0.8876       | 0.8322       | -0.0555   
5154->5421           | 25    | 0.8876       | 0.7541       | -0.1336   
6335->5526           | 25    | 0.8876       | 0.8332       | -0.0544   
7548->7270           | 25    | 0.8876       | 0.8833       | -0.0043   
6890->7055           | 25    | 0.8876       | 0.6614       | -0.2262   
6890->7745           | 25    | 0.8876       | 0.5011       | -0.3866   
7055->7739           | 25    | 0.8876       | 0.6614       | -0.2262   
7960->7787           | 25    | 0.8876       | 0.8628       | -0.0248   
5594->5508           | 24    | 0.8940       | 0.6413       | -0.2527   
5569->5216           | 24    | 0.8940       | 0.8440       | -0.0500   
5421->5693           | 24    | 0.8940       | 0.7879       | -0.1061   
5526->5469           | 24    | 0.8940       | 0.8371       | -0.0569   
7270->7419           | 24    | 0.8940       | 0.9039       | 0.0099    
7745->7851           | 24    | 0.8940       | 0.5295       | -0.3645   
7739->7688           | 24    | 0.8940       | 0.6836       | -0.2104   
7787->7781           | 24    | 0.8940       | 0.8633       | -0.0307   
5508->6001           | 23    | 0.9003       | 0.6468       | -0.2535   
5693->5877           | 23    | 0.9003       | 0.8436       | -0.0567   
5469->5114           | 23    | 0.9003       | 0.8550       | -0.0453   
7419->7189           | 23    | 0.9003       | 0.9054       | 0.0051    
7851->7757           | 23    | 0.9003       | 0.5407       | -0.3596   
7688->7056           | 23    | 0.9003       | 0.7026       | -0.1977   
7781->7784           | 23    | 0.9003       | 0.8775       | -0.0228   
4983->5835           | 22    | 0.9066       | 0.6081       | -0.2985   
6001->5389           | 22    | 0.9066       | 0.6562       | -0.2504   
5877->5358           | 22    | 0.9066       | 0.8776       | -0.0290   
7189->7555           | 22    | 0.9066       | 0.9051       | -0.0015   
7757->6917           | 22    | 0.9066       | 0.6322       | -0.2744   
7056->7771           | 22    | 0.9066       | 0.7293       | -0.1773   
6917->7823           | 22    | 0.9066       | 0.6322       | -0.2744   
7784->6899           | 22    | 0.9066       | 0.9124       | 0.0058    
6899->6960           | 22    | 0.9066       | 0.9124       | 0.0058    
5835->5016           | 21    | 0.9128       | 0.6351       | -0.2778   
5389->5021           | 21    | 0.9128       | 0.6689       | -0.2439   
5021->6124           | 21    | 0.9128       | 0.6689       | -0.2439   
5358->5886           | 21    | 0.9128       | 0.9117       | -0.0011   
6884->6861           | 21    | 0.9128       | 0.8410       | -0.0718   
6861->7666           | 21    | 0.9128       | 0.8410       | -0.0718   
7555->7170           | 21    | 0.9128       | 0.9056       | -0.0072   
7771->7057           | 21    | 0.9128       | 0.7626       | -0.1502   
7823->7911           | 21    | 0.9128       | 0.6498       | -0.2630   
6124->5022           | 20    | 0.9190       | 0.6783       | -0.2407   
5022->5319           | 20    | 0.9190       | 0.6783       | -0.2407   
5886->5127           | 20    | 0.9190       | 0.9405       | 0.0215    
5114->5115           | 20    | 0.9190       | 0.9168       | -0.0022   
5115->6266           | 20    | 0.9190       | 0.9168       | -0.0022   
7666->7349           | 20    | 0.9190       | 0.8885       | -0.0305   
7170->7331           | 20    | 0.9190       | 0.9056       | -0.0134   
7057->7058           | 20    | 0.9190       | 0.7934       | -0.1256   
7911->7691           | 20    | 0.9190       | 0.6705       | -0.2485   
7058->7920           | 20    | 0.9190       | 0.7934       | -0.1256   
5016->5523           | 19    | 0.9251       | 0.7478       | -0.1774   
5319->6055           | 19    | 0.9251       | 0.6935       | -0.2316   
5216->6281           | 19    | 0.9251       | 0.8682       | -0.0569   
5194->5053           | 19    | 0.9251       | 0.8339       | -0.0912   
5053->5935           | 19    | 0.9251       | 0.8339       | -0.0912   
6266->6149           | 19    | 0.9251       | 0.9235       | -0.0016   
7349->7676           | 19    | 0.9251       | 0.9330       | 0.0079    
7331->7361           | 19    | 0.9251       | 0.9222       | -0.0029   
7691->6918           | 19    | 0.9251       | 0.7103       | -0.2149   
7920->7984           | 19    | 0.9251       | 0.8278       | -0.0973   
5523->5618           | 18    | 0.9311       | 0.8114       | -0.1197   
6055->5411           | 18    | 0.9311       | 0.6969       | -0.2343   
6281->6194           | 18    | 0.9311       | 0.8709       | -0.0603   
5935->5715           | 18    | 0.9311       | 0.8814       | -0.0497   
6149->5828           | 18    | 0.9311       | 0.9263       | -0.0049   
7676->6862           | 18    | 0.9311       | 0.9369       | 0.0058    
6862->7596           | 18    | 0.9311       | 0.9369       | 0.0058    
7361->7654           | 18    | 0.9311       | 0.9389       | 0.0078    
6918->7863           | 18    | 0.9311       | 0.7558       | -0.1753   
7984->7880           | 18    | 0.9311       | 0.8901       | -0.0410   
6960->6947           | 18    | 0.9311       | 0.9259       | -0.0052   
6947->6948           | 18    | 0.9311       | 0.9259       | -0.0052   
6948->6949           | 18    | 0.9311       | 0.9259       | -0.0052   
5618->4993           | 17    | 0.9370       | 0.8900       | -0.0471   
4993->5621           | 17    | 0.9370       | 0.8900       | -0.0471   
5411->6164           | 17    | 0.9370       | 0.7119       | -0.2252   
6194->5205           | 17    | 0.9370       | 0.9247       | -0.0123   
5205->6290           | 17    | 0.9370       | 0.9247       | -0.0123   
5828->5116           | 17    | 0.9370       | 0.9340       | -0.0031   
5116->6037           | 17    | 0.9370       | 0.9340       | -0.0031   
5240->6748           | 17    | 0.9370       | 0.7905       | -0.1465   
7596->7472           | 17    | 0.9370       | 0.9363       | -0.0008   
7654->7244           | 17    | 0.9370       | 0.9386       | 0.0016    
7863->7733           | 17    | 0.9370       | 0.7729       | -0.1641   
7880->7778           | 17    | 0.9370       | 0.9029       | -0.0341   
7038->6934           | 17    | 0.9370       | 0.8687       | -0.0683   
6934->7820           | 17    | 0.9370       | 0.8687       | -0.0683   
5005->4989           | 16    | 0.9428       | 0.7152       | -0.2277   
5621->5575           | 16    | 0.9428       | 0.9147       | -0.0282   
5097->5096           | 16    | 0.9428       | 0.6201       | -0.3228   
5096->5095           | 16    | 0.9428       | 0.6201       | -0.3228   
5095->5913           | 16    | 0.9428       | 0.6201       | -0.3228   
6164->5023           | 16    | 0.9428       | 0.7386       | -0.2043   
5023->5648           | 16    | 0.9428       | 0.7386       | -0.2043   
6290->5916           | 16    | 0.9428       | 0.9259       | -0.0169   
5715->5708           | 16    | 0.9428       | 0.9274       | -0.0154   
6037->5117           | 16    | 0.9428       | 0.9385       | -0.0043   
5117->5352           | 16    | 0.9428       | 0.9385       | -0.0043   
6884->6808           | 16    | 0.9428       | 0.8842       | -0.0586   
6808->7295           | 16    | 0.9428       | 0.8842       | -0.0586   
7472->7562           | 16    | 0.9428       | 0.9512       | 0.0084    
7244->7238           | 16    | 0.9428       | 0.9383       | -0.0046   
7733->7814           | 16    | 0.9428       | 0.8292       | -0.1137   
7778->7799           | 16    | 0.9428       | 0.9253       | -0.0176   
7820->7951           | 16    | 0.9428       | 0.8772       | -0.0656   
4989->5539           | 15    | 0.9485       | 0.7897       | -0.1588   
5575->5998           | 15    | 0.9485       | 0.9333       | -0.0152   
5913->5475           | 15    | 0.9485       | 0.6814       | -0.2670   
5648->5763           | 15    | 0.9485       | 0.7377       | -0.2108   
5127->6181           | 15    | 0.9485       | 0.9396       | -0.0089   
5916->5862           | 15    | 0.9485       | 0.9252       | -0.0233   
5708->5563           | 15    | 0.9485       | 0.9342       | -0.0143   
5352->5727           | 15    | 0.9485       | 0.9392       | -0.0093   
7295->7428           | 15    | 0.9485       | 0.8891       | -0.0594   
6776->6834           | 15    | 0.9485       | 0.5622       | -0.3863   
6834->6833           | 15    | 0.9485       | 0.5622       | -0.3863   
6833->7232           | 15    | 0.9485       | 0.5622       | -0.3863   
7562->7407           | 15    | 0.9485       | 0.9558       | 0.0073    
7238->7438           | 15    | 0.9485       | 0.9381       | -0.0104   
7814->6919           | 15    | 0.9485       | 0.9503       | 0.0018    
7799->7742           | 15    | 0.9485       | 0.9331       | -0.0153   
6919->7860           | 15    | 0.9485       | 0.9503       | 0.0018    
7951->7883           | 15    | 0.9485       | 0.8796       | -0.0689   
6949->6965           | 15    | 0.9485       | 0.9388       | -0.0097   
6965->7874           | 15    | 0.9485       | 0.9388       | -0.0097   
5539->5769           | 14    | 0.9540       | 0.8334       | -0.1206   
5998->5687           | 14    | 0.9540       | 0.9471       | -0.0069   
5475->5386           | 14    | 0.9540       | 0.7826       | -0.1714   
5763->5584           | 14    | 0.9540       | 0.7384       | -0.2156   
6181->6313           | 14    | 0.9540       | 0.9454       | -0.0085   
5862->5204           | 14    | 0.9540       | 0.9516       | -0.0024   
5563->5054           | 14    | 0.9540       | 0.9497       | -0.0043   
5054->5660           | 14    | 0.9540       | 0.9497       | -0.0043   
5727->5983           | 14    | 0.9540       | 0.9396       | -0.0143   
7428->7392           | 14    | 0.9540       | 0.9055       | -0.0485   
7232->7531           | 14    | 0.9540       | 0.6241       | -0.3298   
7407->6863           | 14    | 0.9540       | 0.9562       | 0.0022    
7438->7679           | 14    | 0.9540       | 0.9482       | -0.0058   
7742->7727           | 14    | 0.9540       | 0.9374       | -0.0166   
7860->7035           | 14    | 0.9540       | 0.9665       | 0.0125    
7883->6935           | 14    | 0.9540       | 0.8890       | -0.0650   
6935->7694           | 14    | 0.9540       | 0.8890       | -0.0650   
7874->7810           | 14    | 0.9540       | 0.9407       | -0.0132   
4941->4927           | 13    | 0.9593       | 0.7655       | -0.1938   
4927->5734           | 13    | 0.9593       | 0.7655       | -0.1938   
5769->5424           | 13    | 0.9593       | 0.8648       | -0.0945   
5687->5663           | 13    | 0.9593       | 0.9590       | -0.0003   
5386->6052           | 13    | 0.9593       | 0.8817       | -0.0775   
5584->5889           | 13    | 0.9593       | 0.7490       | -0.2103   
6313->5505           | 13    | 0.9593       | 0.9559       | -0.0034   
5204->5499           | 13    | 0.9593       | 0.9509       | -0.0084   
5660->6244           | 13    | 0.9593       | 0.9588       | -0.0005   
5983->5118           | 13    | 0.9593       | 0.9558       | -0.0035   
5118->5655           | 13    | 0.9593       | 0.9558       | -0.0035   
7392->6809           | 13    | 0.9593       | 0.9258       | -0.0335   
6809->7413           | 13    | 0.9593       | 0.9258       | -0.0335   
7531->7491           | 13    | 0.9593       | 0.6970       | -0.2623   
6863->7448           | 13    | 0.9593       | 0.9565       | -0.0028   
7679->7454           | 13    | 0.9593       | 0.9575       | -0.0018   
7694->7957           | 13    | 0.9593       | 0.9271       | -0.0321   
7810->6966           | 13    | 0.9593       | 0.9644       | 0.0051    
6966->7917           | 13    | 0.9593       | 0.9644       | 0.0051    
7114->7107           | 12    | 0.9644       | 0.7373       | -0.2271   
7107->7503           | 12    | 0.9644       | 0.7373       | -0.2271   
5734->5932           | 12    | 0.9644       | 0.8205       | -0.1439   
5663->5944           | 12    | 0.9644       | 0.9680       | 0.0036    
6052->5669           | 12    | 0.9644       | 0.9357       | -0.0287   
5889->5284           | 12    | 0.9644       | 0.7574       | -0.2070   
5505->5126           | 12    | 0.9644       | 0.9621       | -0.0023   
5126->5125           | 12    | 0.9644       | 0.9621       | -0.0023   
6244->5597           | 12    | 0.9644       | 0.9720       | 0.0076    
5655->5959           | 12    | 0.9644       | 0.9646       | 0.0002    
7491->7568           | 12    | 0.9644       | 0.8155       | -0.1489   
7448->6864           | 12    | 0.9644       | 0.9586       | -0.0058   
6864->7248           | 12    | 0.9644       | 0.9586       | -0.0058   
7454->7599           | 12    | 0.9644       | 0.9741       | 0.0097    
7727->7685           | 12    | 0.9644       | 0.9594       | -0.0050   
7957->7870           | 12    | 0.9644       | 0.9562       | -0.0082   
7917->7002           | 12    | 0.9644       | 0.9647       | 0.0003    
7503->7374           | 11    | 0.9693       | 0.8322       | -0.1371   
5932->5746           | 11    | 0.9693       | 0.8331       | -0.1362   
5424->6238           | 11    | 0.9693       | 0.9254       | -0.0439   
5944->5779           | 11    | 0.9693       | 0.9759       | 0.0066    
5669->5376           | 11    | 0.9693       | 0.9761       | 0.0068    
5284->5408           | 11    | 0.9693       | 0.7425       | -0.2268   
5499->5953           | 11    | 0.9693       | 0.9644       | -0.0049   
5125->6130           | 11    | 0.9693       | 0.9720       | 0.0027    
5597->6347           | 11    | 0.9693       | 0.9769       | 0.0076    
5959->5119           | 11    | 0.9693       | 0.9769       | 0.0076    
7413->7276           | 11    | 0.9693       | 0.9394       | -0.0299   
7568->7541           | 11    | 0.9693       | 0.8266       | -0.1427   
7248->7334           | 11    | 0.9693       | 0.9601       | -0.0092   
7599->7624           | 11    | 0.9693       | 0.9739       | 0.0046    
7035->6920           | 11    | 0.9693       | 0.9690       | -0.0003   
7685->7730           | 11    | 0.9693       | 0.9682       | -0.0011   
6920->7903           | 11    | 0.9693       | 0.9690       | -0.0003   
7870->7718           | 11    | 0.9693       | 0.9616       | -0.0077   
7374->7445           | 10    | 0.9740       | 0.9061       | -0.0678   
4905->4888           | 10    | 0.9740       | 0.7878       | -0.1861   
4888->5427           | 10    | 0.9740       | 0.7878       | -0.1861   
5746->6304           | 10    | 0.9740       | 0.8419       | -0.1320   
6238->5367           | 10    | 0.9740       | 0.9485       | -0.0254   
5779->5517           | 10    | 0.9740       | 0.9813       | 0.0074    
5376->6173           | 10    | 0.9740       | 0.9825       | 0.0086    
5408->6019           | 10    | 0.9740       | 0.7264       | -0.2475   
5953->5203           | 10    | 0.9740       | 0.9640       | -0.0099   
5203->5493           | 10    | 0.9740       | 0.9640       | -0.0099   
6130->6310           | 10    | 0.9740       | 0.9728       | -0.0012   
6347->5055           | 10    | 0.9740       | 0.9803       | 0.0063    
5055->5056           | 10    | 0.9740       | 0.9803       | 0.0063    
5056->6178           | 10    | 0.9740       | 0.9803       | 0.0063    
7276->7263           | 10    | 0.9740       | 0.9829       | 0.0090    
7541->7416           | 10    | 0.9740       | 0.9209       | -0.0530   
7334->6865           | 10    | 0.9740       | 0.9769       | 0.0029    
7624->6813           | 10    | 0.9740       | 0.9736       | -0.0003   
7730->7059           | 10    | 0.9740       | 0.9824       | 0.0084    
7903->7948           | 10    | 0.9740       | 0.9726       | -0.0013   
7718->7887           | 10    | 0.9740       | 0.9722       | -0.0018   
7445->7140           | 9     | 0.9783       | 0.9716       | -0.0068   
5427->5448           | 9     | 0.9783       | 0.8266       | -0.1518   
6304->6031           | 9     | 0.9783       | 0.8488       | -0.1295   
5367->6136           | 9     | 0.9783       | 0.9649       | -0.0134   
5517->5466           | 9     | 0.9783       | 0.9860       | 0.0077    
6173->5094           | 9     | 0.9783       | 0.9936       | 0.0153    
5094->5606           | 9     | 0.9783       | 0.9936       | 0.0153    
5194->5183           | 9     | 0.9783       | 0.8531       | -0.1252   
5183->5182           | 9     | 0.9783       | 0.8531       | -0.1252   
6019->5024           | 9     | 0.9783       | 0.7212       | -0.2571   
5024->5442           | 9     | 0.9783       | 0.7212       | -0.2571   
5493->5490           | 9     | 0.9783       | 0.9643       | -0.0140   
6310->5588           | 9     | 0.9783       | 0.9812       | 0.0029    
6178->5057           | 9     | 0.9783       | 0.9861       | 0.0078    
5057->5084           | 9     | 0.9783       | 0.9861       | 0.0078    
5240->5241           | 9     | 0.9783       | 0.5947       | -0.3836   
5241->7587           | 9     | 0.9783       | 0.5947       | -0.3836   
6748->6749           | 9     | 0.9783       | 0.7723       | -0.2060   
6749->7325           | 9     | 0.9783       | 0.7723       | -0.2060   
7263->7346           | 9     | 0.9783       | 0.9861       | 0.0077    
7416->7404           | 9     | 0.9783       | 0.9385       | -0.0399   
7059->7721           | 9     | 0.9783       | 0.9929       | 0.0146    
7948->7945           | 9     | 0.9783       | 0.9795       | 0.0012    
7887->7939           | 9     | 0.9783       | 0.9807       | 0.0024    
7140->7220           | 8     | 0.9824       | 0.9752       | -0.0072   
4905->6215           | 8     | 0.9824       | 0.6140       | -0.3684   
5448->5627           | 8     | 0.9824       | 0.9102       | -0.0722   
6031->5349           | 8     | 0.9824       | 0.8528       | -0.1296   
6136->5919           | 8     | 0.9824       | 0.9793       | -0.0032   
5466->6341           | 8     | 0.9824       | 0.9888       | 0.0064    
5606->6007           | 8     | 0.9824       | 0.9982       | 0.0157    
5182->5181           | 8     | 0.9824       | 0.9133       | -0.0691   
5181->5956           | 8     | 0.9824       | 0.9133       | -0.0691   
5442->5025           | 8     | 0.9824       | 0.9688       | -0.0136   
5490->5202           | 8     | 0.9824       | 0.9655       | -0.0169   
5588->5124           | 8     | 0.9824       | 0.9837       | 0.0013    
5025->5026           | 8     | 0.9824       | 0.9688       | -0.0136   
5202->5307           | 8     | 0.9824       | 0.9655       | -0.0169   
5124->5463           | 8     | 0.9824       | 0.9837       | 0.0013    
5026->5364           | 8     | 0.9824       | 0.9688       | -0.0136   
5119->5950           | 8     | 0.9824       | 0.9811       | -0.0014   
6748->7510           | 8     | 0.9824       | 0.8111       | -0.1713   
7587->6025           | 8     | 0.9824       | 0.6166       | -0.3659   
7325->7208           | 8     | 0.9824       | 0.8967       | -0.0858   
7346->7657           | 8     | 0.9824       | 0.9905       | 0.0081    
7404->7380           | 8     | 0.9824       | 0.9563       | -0.0261   
6865->6866           | 8     | 0.9824       | 0.9828       | 0.0004    
6866->6867           | 8     | 0.9824       | 0.9828       | 0.0004    
7721->7932           | 8     | 0.9824       | 0.9952       | 0.0127    
7945->7748           | 8     | 0.9824       | 0.9832       | 0.0007    
7939->7987           | 8     | 0.9824       | 0.9831       | 0.0007    
7117->7377           | 7     | 0.9862       | 0.6717       | -0.3145   
7220->7195           | 7     | 0.9862       | 0.9819       | -0.0043   
6215->5740           | 7     | 0.9862       | 0.6747       | -0.3115   
5627->6272           | 7     | 0.9862       | 0.9280       | -0.0582   
5349->5759           | 7     | 0.9862       | 0.8535       | -0.1327   
5919->5838           | 7     | 0.9862       | 0.9889       | 0.0027    
6341->4992           | 7     | 0.9862       | 0.9901       | 0.0039    
6007->6097           | 7     | 0.9862       | 0.9989       | 0.0127    
5956->5180           | 7     | 0.9862       | 0.9642       | -0.0220   
5180->6100           | 7     | 0.9862       | 0.9642       | -0.0220   
5307->5743           | 7     | 0.9862       | 0.9656       | -0.0206   
5463->5123           | 7     | 0.9862       | 0.9856       | -0.0006   
5364->5971           | 7     | 0.9862       | 0.9695       | -0.0167   
5123->5398           | 7     | 0.9862       | 0.9856       | -0.0006   
5950->5756           | 7     | 0.9862       | 0.9846       | -0.0016   
6881->7340           | 7     | 0.9862       | 0.6792       | -0.3070   
7510->7079           | 7     | 0.9862       | 0.8108       | -0.1754   
6025->5529           | 7     | 0.9862       | 0.8113       | -0.1749   
7079->7078           | 7     | 0.9862       | 0.8108       | -0.1754   
7208->6750           | 7     | 0.9862       | 0.9054       | -0.0808   
7078->7602           | 7     | 0.9862       | 0.8108       | -0.1754   
7657->7192           | 7     | 0.9862       | 0.9919       | 0.0057    
6757->6848           | 7     | 0.9862       | 0.1243       | -0.8619   
6848->7660           | 7     | 0.9862       | 0.1243       | -0.8619   
7380->7198           | 7     | 0.9862       | 0.9729       | -0.0133   
6813->7645           | 7     | 0.9862       | 0.9777       | -0.0085   
6867->7528           | 7     | 0.9862       | 0.9843       | -0.0019   
7038->7021           | 7     | 0.9862       | 0.5654       | -0.4208   
7021->7980           | 7     | 0.9862       | 0.5654       | -0.4208   
7932->7736           | 7     | 0.9862       | 0.9963       | 0.0101    
7748->6921           | 7     | 0.9862       | 0.9852       | -0.0010   
6921->7712           | 7     | 0.9862       | 0.9852       | -0.0010   
7987->7977           | 7     | 0.9862       | 0.9915       | 0.0053    
7377->7108           | 6     | 0.9896       | 0.7334       | -0.2562   
7108->7125           | 6     | 0.9896       | 0.7334       | -0.2562   
7125->7235           | 6     | 0.9896       | 0.7334       | -0.2562   
7195->7307           | 6     | 0.9896       | 0.9904       | 0.0008    
5740->4887           | 6     | 0.9896       | 0.7268       | -0.2629   
4887->6091           | 6     | 0.9896       | 0.7268       | -0.2629   
6272->5865           | 6     | 0.9896       | 0.9427       | -0.0470   
5759->5542           | 6     | 0.9896       | 0.8520       | -0.1376   
5838->5731           | 6     | 0.9896       | 0.9957       | 0.0061    
4992->4991           | 6     | 0.9896       | 0.9899       | 0.0002    
6097->5331           | 6     | 0.9896       | 0.9988       | 0.0092    
6100->5532           | 6     | 0.9896       | 0.9779       | -0.0118   
5743->5201           | 6     | 0.9896       | 0.9690       | -0.0207   
5971->5027           | 6     | 0.9896       | 0.9682       | -0.0214   
5201->5379           | 6     | 0.9896       | 0.9690       | -0.0207   
5027->5560           | 6     | 0.9896       | 0.9682       | -0.0214   
5756->5223           | 6     | 0.9896       | 0.9872       | -0.0025   
5223->5965           | 6     | 0.9896       | 0.9872       | -0.0025   
7340->7469           | 6     | 0.9896       | 0.9438       | -0.0458   
6750->6751           | 6     | 0.9896       | 0.9622       | -0.0275   
7602->7279           | 6     | 0.9896       | 0.9678       | -0.0219   
7192->6810           | 6     | 0.9896       | 0.9947       | 0.0051    
6810->7618           | 6     | 0.9896       | 0.9947       | 0.0051    
7660->7558           | 6     | 0.9896       | 0.1433       | -0.8463   
7198->7516           | 6     | 0.9896       | 0.9875       | -0.0021   
7645->7571           | 6     | 0.9896       | 0.9835       | -0.0061   
7528->7648           | 6     | 0.9896       | 0.9853       | -0.0044   
7980->7963           | 6     | 0.9896       | 0.7527       | -0.2369   
7736->7923           | 6     | 0.9896       | 0.9959       | 0.0062    
7712->7890           | 6     | 0.9896       | 0.9864       | -0.0032   
7977->7804           | 6     | 0.9896       | 0.9933       | 0.0037    
7002->6988           | 6     | 0.9896       | 0.9597       | -0.0299   
7002->7760           | 6     | 0.9896       | 0.9714       | -0.0182   
7235->7364           | 5     | 0.9927       | 0.7565       | -0.2362   
7307->7565           | 5     | 0.9927       | 0.9964       | 0.0037    
5865->5436           | 5     | 0.9927       | 0.9521       | -0.0406   
4891->6022           | 5     | 0.9927       | 0.0266       | -0.9660   
5542->4949           | 5     | 0.9927       | 0.8811       | -0.1116   
5731->5775           | 5     | 0.9927       | 0.9998       | 0.0071    
5331->6073           | 5     | 0.9927       | 0.9988       | 0.0061    
5127->5159           | 5     | 0.9927       | 0.9419       | -0.0508   
5159->5160           | 5     | 0.9927       | 0.9419       | -0.0508   
5532->5179           | 5     | 0.9927       | 0.9912       | -0.0014   
5179->6076           | 5     | 0.9927       | 0.9912       | -0.0014   
5398->5451           | 5     | 0.9927       | 0.9883       | -0.0043   
5379->6207           | 5     | 0.9927       | 0.9702       | -0.0225   
5066->5892           | 5     | 0.9927       | 0.0100       | -0.9827   
5560->6061           | 5     | 0.9927       | 0.9692       | -0.0234   
5064->5370           | 5     | 0.9927       | 0.0486       | -0.9441   
5965->5222           | 5     | 0.9927       | 0.9902       | -0.0025   
6827->7519           | 5     | 0.9927       | 0.4853       | -0.5074   
7469->7639           | 5     | 0.9927       | 0.9556       | -0.0371   
5529->6307           | 5     | 0.9927       | 0.9278       | -0.0649   
6751->6752           | 5     | 0.9927       | 0.9631       | -0.0296   
7279->7077           | 5     | 0.9927       | 0.9782       | -0.0145   
7077->7076           | 5     | 0.9927       | 0.9782       | -0.0145   
7076->7319           | 5     | 0.9927       | 0.9782       | -0.0145   
7618->7367           | 5     | 0.9927       | 0.9943       | 0.0016    
7558->7313           | 5     | 0.9927       | 0.1728       | -0.8199   
7516->7160           | 5     | 0.9927       | 0.9974       | 0.0048    
7571->6832           | 5     | 0.9927       | 0.9898       | -0.0029   
7648->7257           | 5     | 0.9927       | 0.9869       | -0.0058   
7038->7020           | 5     | 0.9927       | 0.5838       | -0.4089   
7020->7793           | 5     | 0.9927       | 0.5838       | -0.4089   
7963->7703           | 5     | 0.9927       | 0.8457       | -0.1469   
7923->7936           | 5     | 0.9927       | 0.9956       | 0.0029    
7890->7836           | 5     | 0.9927       | 0.9910       | -0.0017   
7804->6936           | 5     | 0.9927       | 0.9990       | 0.0063    
6936->6937           | 5     | 0.9927       | 0.9990       | 0.0063    
6937->7893           | 5     | 0.9927       | 0.9990       | 0.0063    
7364->7630           | 4     | 0.9953       | 0.7644       | -0.2309   
7565->7682           | 4     | 0.9953       | 0.9999       | 0.0046    
6091->4886           | 4     | 0.9953       | 0.8180       | -0.1773   
4886->6146           | 4     | 0.9953       | 0.8180       | -0.1773   
5436->4889           | 4     | 0.9953       | 0.9679       | -0.0274   
6022->6224           | 4     | 0.9953       | 0.0299       | -0.9654   
5775->6257           | 4     | 0.9953       | 0.9998       | 0.0045    
4991->5313           | 4     | 0.9953       | 0.9896       | -0.0058   
5216->5609           | 4     | 0.9953       | 0.7391       | -0.2562   
6073->5904           | 4     | 0.9953       | 0.9987       | 0.0033    
5160->5938           | 4     | 0.9953       | 0.9553       | -0.0400   
5451->5122           | 4     | 0.9953       | 0.9895       | -0.0058   
6207->5572           | 4     | 0.9953       | 0.9693       | -0.0261   
5892->5030           | 4     | 0.9953       | 0.0100       | -0.9853   
6061->5028           | 4     | 0.9953       | 0.9690       | -0.0263   
5370->5346           | 4     | 0.9953       | 0.0608       | -0.9345   
5222->5415           | 4     | 0.9953       | 0.9900       | -0.0053   
7519->7475           | 4     | 0.9953       | 0.7450       | -0.2504   
6784->7673           | 4     | 0.9953       | 0.7194       | -0.2759   
7639->7484           | 4     | 0.9953       | 0.9763       | -0.0190   
6307->7254           | 4     | 0.9953       | 0.9573       | -0.0380   
6752->6753           | 4     | 0.9953       | 0.9821       | -0.0132   
7319->7075           | 4     | 0.9953       | 0.9874       | -0.0079   
7075->7241           | 4     | 0.9953       | 0.9874       | -0.0079   
7367->7355           | 4     | 0.9953       | 0.9953       | -0.0001   
7313->7173           | 4     | 0.9953       | 0.2139       | -0.7814   
7160->7358           | 4     | 0.9953       | 0.9991       | 0.0037    
7257->7389           | 4     | 0.9953       | 0.9880       | -0.0074   
7793->7019           | 4     | 0.9953       | 0.5798       | -0.4155   
7019->7018           | 4     | 0.9953       | 0.5798       | -0.4155   
7703->7899           | 4     | 0.9953       | 0.8924       | -0.1029   
7018->7017           | 4     | 0.9953       | 0.5798       | -0.4155   
7017->7016           | 4     | 0.9953       | 0.5798       | -0.4155   
6898->7097           | 4     | 0.9953       | 0.8762       | -0.1192   
7097->7096           | 4     | 0.9953       | 0.8762       | -0.1192   
7096->7095           | 4     | 0.9953       | 0.8762       | -0.1192   
7095->7094           | 4     | 0.9953       | 0.8762       | -0.1192   
7094->7093           | 4     | 0.9953       | 0.8762       | -0.1192   
7093->7697           | 4     | 0.9953       | 0.8762       | -0.1192   
7936->8009           | 4     | 0.9953       | 0.9953       | 0.0000    
6960->7796           | 4     | 0.9953       | 0.8549       | -0.1404   
7836->6922           | 4     | 0.9953       | 0.9920       | -0.0034   
6922->7715           | 4     | 0.9953       | 0.9920       | -0.0034   
7893->7848           | 4     | 0.9953       | 0.9991       | 0.0038    
6988->6967           | 4     | 0.9953       | 0.9880       | -0.0073   
7760->6993           | 4     | 0.9953       | 0.9804       | -0.0150   
6967->6968           | 4     | 0.9953       | 0.9880       | -0.0073   
6993->6994           | 4     | 0.9953       | 0.9804       | -0.0150   
6968->7996           | 4     | 0.9953       | 0.9880       | -0.0073   
7137->7663           | 3     | 0.9975       | 0.0123       | -0.9852   
7630->7383           | 3     | 0.9975       | 0.7573       | -0.2402   
7682->7608           | 3     | 0.9975       | 0.9999       | 0.0024    
6146->4885           | 3     | 0.9975       | 0.8526       | -0.1450   
4885->6079           | 3     | 0.9975       | 0.8526       | -0.1450   
4889->5472           | 3     | 0.9975       | 0.9817       | -0.0159   
6224->4890           | 3     | 0.9975       | 0.0438       | -0.9538   
4949->5749           | 3     | 0.9975       | 0.9629       | -0.0346   
6257->5871           | 3     | 0.9975       | 0.9998       | 0.0023    
5313->5910           | 3     | 0.9975       | 0.9896       | -0.0079   
4963->6191           | 3     | 0.9975       | 0.0100       | -0.9875   
5609->6319           | 3     | 0.9975       | 0.7664       | -0.2311   
5194->5785           | 3     | 0.9975       | 0.3233       | -0.6742   
5114->8022           | 3     | 0.9975       | 0.6147       | -0.3829   
5034->5166           | 3     | 0.9975       | 0.0100       | -0.9875   
5904->5922           | 3     | 0.9975       | 0.9986       | 0.0011    
5166->5340           | 3     | 0.9975       | 0.0100       | -0.9875   
5938->5161           | 3     | 0.9975       | 0.9631       | -0.0344   
5161->6028           | 3     | 0.9975       | 0.9631       | -0.0344   
6076->5822           | 3     | 0.9975       | 0.9997       | 0.0022    
5122->5825           | 3     | 0.9975       | 0.9911       | -0.0064   
5572->5200           | 3     | 0.9975       | 0.9704       | -0.0271   
5030->5992           | 3     | 0.9975       | 0.0100       | -0.9875   
5084->5058           | 3     | 0.9975       | 0.9938       | -0.0037   
5084->6016           | 3     | 0.9975       | 0.9802       | -0.0174   
5084->6323           | 3     | 0.9975       | 0.9813       | -0.0163   
5028->5794           | 3     | 0.9975       | 0.9686       | -0.0289   
5200->6152           | 3     | 0.9975       | 0.9704       | -0.0271   
5058->5059           | 3     | 0.9975       | 0.9938       | -0.0037   
5346->5797           | 3     | 0.9975       | 0.0616       | -0.9359   
5415->6139           | 3     | 0.9975       | 0.9896       | -0.0080   
7475->7144           | 3     | 0.9975       | 0.7407       | -0.2568   
7673->7147           | 3     | 0.9975       | 0.8301       | -0.1674   
7484->7217           | 3     | 0.9975       | 0.9963       | -0.0012   
7254->5316           | 3     | 0.9975       | 0.9766       | -0.0209   
6758->7552           | 3     | 0.9975       | 0.0100       | -0.9875   
6753->7071           | 3     | 0.9975       | 0.9990       | 0.0014    
7071->7072           | 3     | 0.9975       | 0.9990       | 0.0014    
7072->7460           | 3     | 0.9975       | 0.9990       | 0.0014    
7241->7304           | 3     | 0.9975       | 0.9976       | 0.0001    
7355->7481           | 3     | 0.9975       | 0.9949       | -0.0026   
7173->6847           | 3     | 0.9975       | 0.2729       | -0.7247   
6813->7431           | 3     | 0.9975       | 0.9653       | -0.0322   
6847->7590           | 3     | 0.9975       | 0.2729       | -0.7247   
7358->7463           | 3     | 0.9975       | 0.9990       | 0.0015    
6832->7395           | 3     | 0.9975       | 0.9897       | -0.0078   
7899->7877           | 3     | 0.9975       | 0.9697       | -0.0279   
7016->7751           | 3     | 0.9975       | 0.6093       | -0.3883   
7697->7092           | 3     | 0.9975       | 0.9703       | -0.0273   
8009->7768           | 3     | 0.9975       | 0.9952       | -0.0023   
7796->7842           | 3     | 0.9975       | 0.8572       | -0.1403   
7715->6923           | 3     | 0.9975       | 0.9927       | -0.0049   
6949->7999           | 3     | 0.9975       | 0.8732       | -0.1243   
6923->7046           | 3     | 0.9975       | 0.9927       | -0.0049   
7046->7969           | 3     | 0.9975       | 0.9927       | -0.0049   
7848->7914           | 3     | 0.9975       | 0.9991       | 0.0016    
6994->6995           | 3     | 0.9975       | 0.9862       | -0.0113   
7996->6969           | 3     | 0.9975       | 0.9921       | -0.0054   
6969->7790           | 3     | 0.9975       | 0.9921       | -0.0054   
7663->7500           | 2     | 0.9993       | 0.0132       | -0.9861   
7383->7451           | 2     | 0.9993       | 0.7342       | -0.2651   
7608->7410           | 2     | 0.9993       | 0.9999       | 0.0007    
6079->5478           | 2     | 0.9993       | 0.8500       | -0.1493   
5472->5578           | 2     | 0.9993       | 0.9841       | -0.0151   
4890->5699           | 2     | 0.9993       | 0.0660       | -0.9333   
5016->6231           | 2     | 0.9993       | 0.0100       | -0.9893   
4949->4926           | 2     | 0.9993       | 0.8554       | -0.1439   
4926->6221           | 2     | 0.9993       | 0.8554       | -0.1439   
5871->6210           | 2     | 0.9993       | 0.9998       | 0.0006    
5910->6103           | 2     | 0.9993       | 0.9898       | -0.0095   
6191->5721           | 2     | 0.9993       | 0.0100       | -0.9893   
6319->6260           | 2     | 0.9993       | 0.7593       | -0.2399   
8022->8026           | 2     | 0.9993       | 0.5886       | -0.4106   
5922->5511           | 2     | 0.9993       | 0.9984       | -0.0008   
5340->5165           | 2     | 0.9993       | 0.0100       | -0.9893   
5165->5164           | 2     | 0.9993       | 0.0100       | -0.9893   
5164->6200           | 2     | 0.9993       | 0.0100       | -0.9893   
6028->6088           | 2     | 0.9993       | 0.9798       | -0.0194   
5822->5430           | 2     | 0.9993       | 0.9997       | 0.0005    
5119->5120           | 2     | 0.9993       | 0.9910       | -0.0083   
5825->5121           | 2     | 0.9993       | 0.9943       | -0.0050   
5120->5535           | 2     | 0.9993       | 0.9910       | -0.0083   
5992->5591           | 2     | 0.9993       | 0.0100       | -0.9893   
6016->5874           | 2     | 0.9993       | 0.9867       | -0.0126   
6323->5702           | 2     | 0.9993       | 0.9866       | -0.0126   
5121->5816           | 2     | 0.9993       | 0.9943       | -0.0050   
5794->5029           | 2     | 0.9993       | 0.9733       | -0.0259   
6152->5844           | 2     | 0.9993       | 0.9675       | -0.0317   
5059->5060           | 2     | 0.9993       | 0.9990       | -0.0002   
5064->5810           | 2     | 0.9993       | 0.0100       | -0.9893   
5060->5061           | 2     | 0.9993       | 0.9990       | -0.0002   
5061->5548           | 2     | 0.9993       | 0.9990       | -0.0002   
5797->5980           | 2     | 0.9993       | 0.0937       | -0.9056   
6139->5696           | 2     | 0.9993       | 0.9904       | -0.0089   
7144->6795           | 2     | 0.9993       | 0.9151       | -0.0841   
7147->7581           | 2     | 0.9993       | 0.9069       | -0.0923   
7217->6860           | 2     | 0.9993       | 0.9994       | 0.0002    
6884->7535           | 2     | 0.9993       | 0.3325       | -0.6667   
6860->7153           | 2     | 0.9993       | 0.9994       | 0.0002    
5316->5675           | 2     | 0.9993       | 0.9922       | -0.0071   
7552->7651           | 2     | 0.9993       | 0.0100       | -0.9893   
7460->7073           | 2     | 0.9993       | 0.9994       | 0.0001    
7073->7211           | 2     | 0.9993       | 0.9994       | 0.0001    
7304->7513           | 2     | 0.9993       | 0.9976       | -0.0016   
7481->6811           | 2     | 0.9993       | 0.9946       | -0.0047   
7431->7522           | 2     | 0.9993       | 0.9699       | -0.0293   
6811->7525           | 2     | 0.9993       | 0.9946       | -0.0047   
7590->6846           | 2     | 0.9993       | 0.4303       | -0.5689   
6846->6845           | 2     | 0.9993       | 0.4303       | -0.5689   
6832->7425           | 2     | 0.9993       | 0.9898       | -0.0095   
6845->7621           | 2     | 0.9993       | 0.4303       | -0.5689   
7463->7322           | 2     | 0.9993       | 0.9989       | -0.0003   
7395->7670           | 2     | 0.9993       | 0.9900       | -0.0092   
7035->7826           | 2     | 0.9993       | 0.9450       | -0.0542   
7877->7990           | 2     | 0.9993       | 0.9771       | -0.0222   
7751->7015           | 2     | 0.9993       | 0.6039       | -0.3953   
7015->7014           | 2     | 0.9993       | 0.6039       | -0.3953   
7014->7833           | 2     | 0.9993       | 0.6039       | -0.3953   
7768->7906           | 2     | 0.9993       | 0.9954       | -0.0039   
7842->7700           | 2     | 0.9993       | 0.8511       | -0.1481   
7999->6950           | 2     | 0.9993       | 0.8684       | -0.1308   
6950->7754           | 2     | 0.9993       | 0.8684       | -0.1308   
7969->7045           | 2     | 0.9993       | 0.9930       | -0.0062   
7914->7854           | 2     | 0.9993       | 0.9992       | -0.0001   
7045->7044           | 2     | 0.9993       | 0.9930       | -0.0062   
6988->7866           | 2     | 0.9993       | 0.9263       | -0.0729   
6995->6996           | 2     | 0.9993       | 0.9980       | -0.0013   
7790->6970           | 2     | 0.9993       | 0.9945       | -0.0048   
6970->7817           | 2     | 0.9993       | 0.9945       | -0.0048   
--------------------------------------------------------------------------------
Mean |Deviation|: 0.1039
Max  |Deviation|: 0.9893
================================================================================

LEAF EDGES (n_consumers = 1): 778 edges
--------------------------------------------------------------------------------
These edges were NOT optimized. By definition:
  - Target simultaneity g(n) = 1.0
  - Achieved simultaneity = 1.0
  - Deviation = 0.0
================================================================================


================================================================================
DEVIATION ANALYSIS BY EDGE SIZE
================================================================================

Single consumer (not optimized):
  Count: 778
  Mean deviation: 0.0000
  Mean |deviation|: 0.0000
  Max |deviation|: 0.0000
  Std dev: 0.0000

Very small (2-10):
  Count: 353
  Mean deviation: -0.1553
  Mean |deviation|: 0.1572
  Max |deviation|: 0.9893
  Std dev: 0.2781

Small (11-50):
  Count: 266
  Mean deviation: -0.0897
  Mean |deviation|: 0.0918
  Max |deviation|: 0.3866
  Std dev: 0.1010

Medium (51-100):
  Count: 57
  Mean deviation: -0.0413
  Mean |deviation|: 0.0423
  Max |deviation|: 0.1252
  Std dev: 0.0320

Large (101-200):
  Count: 34
  Mean deviation: -0.0045
  Mean |deviation|: 0.0199
  Max |deviation|: 0.0449
  Std dev: 0.0240

Very large (201-500):
  Count: 54
  Mean deviation: 0.0106
  Mean |deviation|: 0.0118
  Max |deviation|: 0.0333
  Std dev: 0.0116

Huge (500+):
  Count: 52
  Mean deviation: 0.0208
  Mean |deviation|: 0.0208
  Max |deviation|: 0.0351
  Std dev: 0.0051

================================================================================

Network size range: 2 to 692 consumers
Using problem range: 40-60
Saved enhanced verification plot to output/comprehensive_analysis/demoVerbundnetz_SimulationNeu/steady_state_v2/verification_demoVerbundnetz_SimulationNeu_v2.png

Total execution time: 15.65 seconds
Results saved to: output/comprehensive_analysis/demoVerbundnetz_SimulationNeu/steady_state_v2

=== STDERR ===
