Loading network for case 'NetzHast' from data/test_scenarios/complex/NetzHast.vicus...
Loading VICUS file: data/test_scenarios/complex/NetzHast.vicus
Parsed Simultaneity Spline: 63 points.
data/test_scenarios/complex/NetzHast.vicus
Found peak day: day 24 (hours 552-575) with peak=7400.0000
Force-selected profile: Residential_SingleFamily_HeatingLoad.tsv (peak day extraction, resampled to 96 steps)
Peak day profile plot saved to output/peak_day_profile.png
Created 39 consumers and 93 relevant optimization edges.

--- Starting Optimization using Scheme 'v2' for NetzHast ---
Initial weighted error (using v2): 130.361008
Regularization target: 1.0000
  Iter 0: Obj=130.361008 (Fit: 130.361008, Reg: 0.000000) | LR: 0.000326
  Early stopping at iteration 183
Final Error: 6.721640

================================================================================
OPTIMIZATION RESULTS
================================================================================

OPTIMIZED EDGES (n_consumers > 1): 44 edges
--------------------------------------------------------------------------------
Edge ID              | n_e   | Target g(n)  | Achieved g   | Deviation 
--------------------------------------------------------------------------------
1566->1606           | 39    | 0.8016       | 0.8167       | 0.0151    
1606->1717           | 30    | 0.8560       | 0.8225       | -0.0335   
1717->1732           | 29    | 0.8623       | 0.8224       | -0.0398   
1732->1626           | 28    | 0.8686       | 0.8224       | -0.0462   
1626->1599           | 27    | 0.8749       | 0.8738       | -0.0011   
1599->1723           | 21    | 0.9128       | 0.8866       | -0.0262   
1723->1568           | 20    | 0.9190       | 0.8866       | -0.0324   
1568->1714           | 20    | 0.9190       | 0.8866       | -0.0324   
1714->1591           | 19    | 0.9251       | 0.8866       | -0.0385   
1591->1654           | 10    | 0.9740       | 0.8770       | -0.0969   
1606->1642           | 9     | 0.9783       | 0.8017       | -0.1766   
1591->1691           | 9     | 0.9783       | 0.9041       | -0.0742   
1654->1765           | 9     | 0.9783       | 0.9341       | -0.0442   
1642->1648           | 8     | 0.9824       | 0.9506       | -0.0318   
1691->1570           | 8     | 0.9824       | 0.9589       | -0.0235   
1765->1681           | 8     | 0.9824       | 0.9341       | -0.0483   
1570->1688           | 8     | 0.9824       | 0.9589       | -0.0235   
1648->1669           | 7     | 0.9862       | 0.9813       | -0.0049   
1681->1736           | 7     | 0.9862       | 0.9551       | -0.0311   
1688->1571           | 7     | 0.9862       | 0.9678       | -0.0184   
1571->1747           | 7     | 0.9862       | 0.9678       | -0.0184   
1669->1645           | 6     | 0.9896       | 0.9879       | -0.0017   
1599->1672           | 6     | 0.9896       | 0.8370       | -0.1527   
1736->1675           | 6     | 0.9896       | 0.9551       | -0.0346   
1747->1744           | 6     | 0.9896       | 0.9678       | -0.0218   
1645->1605           | 5     | 0.9927       | 0.9864       | -0.0063   
1672->1639           | 5     | 0.9927       | 0.9610       | -0.0317   
1675->1678           | 5     | 0.9927       | 0.9575       | -0.0351   
1744->1666           | 5     | 0.9927       | 0.9678       | -0.0249   
1605->1604           | 4     | 0.9953       | 0.9847       | -0.0106   
1604->1651           | 4     | 0.9953       | 0.9847       | -0.0106   
1639->1636           | 4     | 0.9953       | 0.9862       | -0.0091   
1678->1660           | 4     | 0.9953       | 0.9589       | -0.0364   
1666->1740           | 4     | 0.9953       | 0.9762       | -0.0192   
1651->1720           | 3     | 0.9975       | 0.9871       | -0.0105   
1636->1752           | 3     | 0.9975       | 0.9866       | -0.0109   
1660->1575           | 3     | 0.9975       | 0.9575       | -0.0400   
1575->1574           | 3     | 0.9975       | 0.9575       | -0.0400   
1740->1776           | 3     | 0.9975       | 0.9762       | -0.0214   
1574->1617           | 3     | 0.9975       | 0.9575       | -0.0400   
1720->1630           | 2     | 0.9993       | 0.9871       | -0.0122   
1752->1613           | 2     | 0.9993       | 0.9866       | -0.0127   
1776->1663           | 2     | 0.9993       | 0.9761       | -0.0231   
1617->1620           | 2     | 0.9993       | 0.9575       | -0.0417   
--------------------------------------------------------------------------------
Mean |Deviation|: 0.0342
Max  |Deviation|: 0.1766
================================================================================

LEAF EDGES (n_consumers = 1): 49 edges
--------------------------------------------------------------------------------
These edges were NOT optimized. By definition:
  - Target simultaneity g(n) = 1.0
  - Achieved simultaneity = 1.0
  - Deviation = 0.0
================================================================================


================================================================================
DEVIATION ANALYSIS BY EDGE SIZE
================================================================================

Single consumer (not optimized):
  Count: 49
  Mean deviation: 0.0000
  Mean |deviation|: 0.0000
  Max |deviation|: 0.0000
  Std dev: 0.0000

Very small (2-10):
  Count: 35
  Mean deviation: -0.0354
  Mean |deviation|: 0.0354
  Max |deviation|: 0.1766
  Std dev: 0.0377

Small (11-50):
  Count: 9
  Mean deviation: -0.0261
  Mean |deviation|: 0.0295
  Max |deviation|: 0.0462
  Std dev: 0.0200

================================================================================

Network size range: 2 to 39 consumers
Using problem range: 5-10
Saved enhanced verification plot to output/comprehensive_analysis/NetzHast/steady_state_v2/verification_NetzHast_v2.png

Total execution time: 1.22 seconds
Results saved to: output/comprehensive_analysis/NetzHast/steady_state_v2

=== STDERR ===
