Loading network for case 'demoVerbundnetz_SimulationNeu' from data/test_scenarios/complex/demoVerbundnetz_SimulationNeu.vicus...
Loading VICUS file: data/test_scenarios/complex/demoVerbundnetz_SimulationNeu.vicus
Parsed Simultaneity Spline: 63 points.
data/test_scenarios/complex/demoVerbundnetz_SimulationNeu.vicus
Found peak day: day 24 (hours 552-575) with peak=7400.0000
Force-selected profile: Residential_SingleFamily_HeatingLoad.tsv (peak day extraction, resampled to 96 steps)
Peak day profile plot saved to output/peak_day_profile.png
Created 692 consumers and 1594 relevant optimization edges.

--- Starting Optimization using Scheme 'v4' for demoVerbundnetz_SimulationNeu ---
Initial weighted error (using v4): 1580050.223118
Regularization target: 1.0000
  Iter 0: Obj=1580050.223118 (Fit: 1580050.223118, Reg: 0.000000) | LR: 0.000002
  Iter 200: Obj=18789.397933 (Fit: 18789.132688, Reg: 0.265245) | LR: 0.000050
  Iter 400: Obj=18381.621206 (Fit: 18381.338973, Reg: 0.282233) | LR: 0.000051
  Iter 600: Obj=18305.579279 (Fit: 18305.290936, Reg: 0.288343) | LR: 0.000051
  Iter 800: Obj=18283.144031 (Fit: 18282.852514, Reg: 0.291517) | LR: 0.000051
  Iter 1000: Obj=18276.277234 (Fit: 18275.983968, Reg: 0.293266) | LR: 0.000051
  Iter 1200: Obj=18273.928181 (Fit: 18273.633749, Reg: 0.294432) | LR: 0.000050
  Iter 1400: Obj=18271.447700 (Fit: 18271.152306, Reg: 0.295394) | LR: 0.000050
  Iter 1600: Obj=18269.675749 (Fit: 18269.379563, Reg: 0.296186) | LR: 0.000050
  Iter 1800: Obj=18268.573947 (Fit: 18268.277201, Reg: 0.296746) | LR: 0.000050
  Iter 2000: Obj=18267.679344 (Fit: 18267.382068, Reg: 0.297276) | LR: 0.000050
  Iter 2200: Obj=18266.925974 (Fit: 18266.628172, Reg: 0.297801) | LR: 0.000050
  Iter 2400: Obj=18266.257925 (Fit: 18265.959601, Reg: 0.298324) | LR: 0.000050
  Iter 2600: Obj=18271.903614 (Fit: 18271.604865, Reg: 0.298749) | LR: 0.000050
  Iter 2800: Obj=18275.411272 (Fit: 18275.112241, Reg: 0.299032) | LR: 0.000050
  Iter 3000: Obj=18275.943046 (Fit: 18275.643772, Reg: 0.299274) | LR: 0.000050
  Iter 3200: Obj=18275.801510 (Fit: 18275.502017, Reg: 0.299492) | LR: 0.000050
  Iter 3400: Obj=18275.831807 (Fit: 18275.532132, Reg: 0.299675) | LR: 0.000050
  Iter 3600: Obj=18275.748099 (Fit: 18275.448294, Reg: 0.299805) | LR: 0.000050
  Iter 3800: Obj=18275.593755 (Fit: 18275.293827, Reg: 0.299928) | LR: 0.000050
  Iter 4000: Obj=18275.482347 (Fit: 18275.182321, Reg: 0.300026) | LR: 0.000050
  Iter 4200: Obj=18275.379785 (Fit: 18275.079681, Reg: 0.300104) | LR: 0.000050
  Iter 4400: Obj=18275.307377 (Fit: 18275.007204, Reg: 0.300174) | LR: 0.000050
  Iter 4600: Obj=18275.254068 (Fit: 18274.953826, Reg: 0.300241) | LR: 0.000050
  Iter 4800: Obj=18275.211244 (Fit: 18274.910936, Reg: 0.300308) | LR: 0.000050
Final Error: 18038.531595

================================================================================
OPTIMIZATION RESULTS
================================================================================

OPTIMIZED EDGES (n_consumers > 1): 816 edges
--------------------------------------------------------------------------------
Edge ID              | n_e   | Target g(n)  | Achieved g   | Deviation 
--------------------------------------------------------------------------------
5266->5289           | 692   | 0.4759       | 0.5299       | 0.0541    
5289->5290           | 692   | 0.4759       | 0.5299       | 0.0541    
5290->7114           | 692   | 0.4759       | 0.5299       | 0.0541    
7114->5291           | 680   | 0.4759       | 0.5139       | 0.0380    
5291->5292           | 680   | 0.4759       | 0.5139       | 0.0380    
5292->7137           | 680   | 0.4759       | 0.5139       | 0.0380    
7137->7117           | 677   | 0.4759       | 0.5154       | 0.0395    
7117->5293           | 670   | 0.4759       | 0.5084       | 0.0326    
5293->5302           | 670   | 0.4759       | 0.5084       | 0.0326    
5302->4858           | 669   | 0.4759       | 0.5094       | 0.0335    
4858->5791           | 669   | 0.4759       | 0.5094       | 0.0335    
5791->5652           | 668   | 0.4759       | 0.5096       | 0.0337    
5652->5457           | 667   | 0.4759       | 0.5098       | 0.0340    
5457->4859           | 666   | 0.4759       | 0.5101       | 0.0342    
4859->4860           | 666   | 0.4759       | 0.5101       | 0.0342    
4860->4861           | 666   | 0.4759       | 0.5101       | 0.0342    
4861->5328           | 665   | 0.4759       | 0.5104       | 0.0345    
5328->4862           | 664   | 0.4759       | 0.5107       | 0.0348    
4862->5514           | 664   | 0.4759       | 0.5107       | 0.0348    
5514->5672           | 663   | 0.4759       | 0.5109       | 0.0351    
5672->4863           | 662   | 0.4759       | 0.5112       | 0.0354    
4863->5772           | 661   | 0.4759       | 0.5115       | 0.0356    
5772->6109           | 660   | 0.4759       | 0.5118       | 0.0359    
6109->6241           | 659   | 0.4759       | 0.5121       | 0.0362    
6241->4864           | 658   | 0.4759       | 0.5124       | 0.0365    
4864->6234           | 658   | 0.4759       | 0.5124       | 0.0365    
6234->5581           | 657   | 0.4759       | 0.5127       | 0.0368    
5581->6188           | 656   | 0.4759       | 0.5130       | 0.0372    
6188->6316           | 655   | 0.4759       | 0.5134       | 0.0375    
6316->5603           | 654   | 0.4759       | 0.5137       | 0.0379    
5603->5986           | 653   | 0.4759       | 0.5142       | 0.0383    
5986->5947           | 652   | 0.4759       | 0.5145       | 0.0387    
5947->4865           | 651   | 0.4759       | 0.5148       | 0.0390    
4865->4919           | 650   | 0.4759       | 0.5151       | 0.0393    
4919->5334           | 545   | 0.4759       | 0.4959       | 0.0200    
5334->5392           | 544   | 0.4759       | 0.4962       | 0.0203    
5392->5859           | 543   | 0.4759       | 0.4966       | 0.0208    
5859->5681           | 542   | 0.4759       | 0.4971       | 0.0212    
5681->4905           | 541   | 0.4759       | 0.4976       | 0.0217    
4905->5678           | 523   | 0.4759       | 0.4938       | 0.0179    
5678->4866           | 522   | 0.4759       | 0.4940       | 0.0182    
4866->4941           | 522   | 0.4759       | 0.4940       | 0.0182    
4941->6228           | 509   | 0.4759       | 0.4895       | 0.0136    
6228->4928           | 508   | 0.4759       | 0.4901       | 0.0142    
4928->5724           | 508   | 0.4759       | 0.4901       | 0.0142    
5724->6332           | 507   | 0.4759       | 0.4903       | 0.0144    
6332->5445           | 506   | 0.4759       | 0.4905       | 0.0147    
5445->5418           | 505   | 0.4759       | 0.4908       | 0.0149    
5418->4929           | 504   | 0.4759       | 0.4910       | 0.0152    
4929->4930           | 504   | 0.4759       | 0.4910       | 0.0152    
4930->4988           | 504   | 0.4759       | 0.4910       | 0.0152    
4988->5005           | 504   | 0.4759       | 0.4910       | 0.0152    
5005->5766           | 488   | 0.4759       | 0.4880       | 0.0122    
5766->5639           | 487   | 0.4759       | 0.4886       | 0.0127    
5639->6158           | 486   | 0.4759       | 0.4932       | 0.0174    
6158->4964           | 485   | 0.4759       | 0.4938       | 0.0179    
4964->5636           | 403   | 0.4759       | 0.4735       | -0.0023   
5636->6278           | 402   | 0.4759       | 0.4744       | -0.0015   
6278->5962           | 401   | 0.4759       | 0.4750       | -0.0008   
5962->5705           | 400   | 0.4759       | 0.4756       | -0.0002   
5705->5883           | 399   | 0.4759       | 0.4766       | 0.0007    
5883->6067           | 398   | 0.4759       | 0.4772       | 0.0013    
6067->5856           | 397   | 0.4759       | 0.4779       | 0.0020    
5856->5968           | 396   | 0.4759       | 0.4787       | 0.0029    
5968->6326           | 395   | 0.4759       | 0.4794       | 0.0035    
6326->5554           | 394   | 0.4759       | 0.4799       | 0.0041    
5554->6047           | 393   | 0.4759       | 0.4803       | 0.0044    
6047->5718           | 392   | 0.4759       | 0.4806       | 0.0047    
5718->5633           | 391   | 0.4759       | 0.4810       | 0.0051    
5633->5545           | 390   | 0.4759       | 0.4816       | 0.0058    
5545->5310           | 389   | 0.4759       | 0.4822       | 0.0063    
5310->6329           | 388   | 0.4759       | 0.4836       | 0.0077    
6329->5557           | 387   | 0.4759       | 0.4842       | 0.0083    
5557->6112           | 385   | 0.4759       | 0.4869       | 0.0110    
6112->6058           | 384   | 0.4759       | 0.4873       | 0.0115    
6058->4963           | 383   | 0.4759       | 0.4885       | 0.0126    
4963->6263           | 346   | 0.4759       | 0.4790       | 0.0031    
6263->5551           | 345   | 0.4759       | 0.4798       | 0.0039    
5551->5977           | 344   | 0.4759       | 0.4811       | 0.0052    
5977->5690           | 343   | 0.4759       | 0.4818       | 0.0059    
5690->5034           | 342   | 0.4759       | 0.4828       | 0.0069    
5034->5832           | 338   | 0.4759       | 0.4825       | 0.0066    
5832->6167           | 337   | 0.4759       | 0.4836       | 0.0077    
6167->5898           | 336   | 0.4759       | 0.4852       | 0.0094    
5898->5928           | 335   | 0.4759       | 0.4879       | 0.0120    
5928->6247           | 334   | 0.4759       | 0.4886       | 0.0127    
6247->5033           | 333   | 0.4759       | 0.4896       | 0.0137    
5033->6143           | 332   | 0.4759       | 0.4906       | 0.0147    
6143->6301           | 331   | 0.4759       | 0.4922       | 0.0163    
6301->5032           | 330   | 0.4759       | 0.4931       | 0.0172    
5032->5031           | 329   | 0.4759       | 0.4943       | 0.0184    
5031->5178           | 329   | 0.4759       | 0.4943       | 0.0184    
5178->5066           | 329   | 0.4759       | 0.4943       | 0.0184    
5066->5065           | 324   | 0.4759       | 0.4940       | 0.0181    
5065->5901           | 324   | 0.4759       | 0.4940       | 0.0181    
5901->6070           | 323   | 0.4759       | 0.4967       | 0.0209    
6070->5880           | 322   | 0.4759       | 0.4973       | 0.0215    
5880->5064           | 321   | 0.4759       | 0.4979       | 0.0220    
5064->6082           | 314   | 0.4759       | 0.5007       | 0.0248    
6082->5231           | 313   | 0.4759       | 0.5015       | 0.0256    
5231->5232           | 313   | 0.4759       | 0.5015       | 0.0256    
5232->5233           | 313   | 0.4759       | 0.5015       | 0.0256    
5233->5234           | 313   | 0.4759       | 0.5015       | 0.0256    
5234->7494           | 250   | 0.4842       | 0.4982       | 0.0140    
7494->5361           | 249   | 0.4844       | 0.5013       | 0.0169    
5361->5235           | 248   | 0.4846       | 0.5043       | 0.0197    
5235->5373           | 199   | 0.4997       | 0.5032       | 0.0035    
5373->5600           | 198   | 0.5001       | 0.5107       | 0.0106    
5600->6284           | 197   | 0.5005       | 0.5135       | 0.0130    
6284->5819           | 196   | 0.5009       | 0.5161       | 0.0152    
5819->5236           | 195   | 0.5014       | 0.5187       | 0.0174    
5236->5262           | 195   | 0.5014       | 0.5187       | 0.0174    
5262->5257           | 165   | 0.5169       | 0.4975       | -0.0194   
5257->6296           | 165   | 0.5169       | 0.4975       | -0.0194   
6296->6338           | 164   | 0.5175       | 0.5008       | -0.0168   
6338->5853           | 163   | 0.5182       | 0.5048       | -0.0134   
5853->5974           | 162   | 0.5188       | 0.5098       | -0.0091   
5974->7441           | 161   | 0.5195       | 0.5160       | -0.0035   
7441->7386           | 160   | 0.5202       | 0.5198       | -0.0004   
7386->7285           | 159   | 0.5209       | 0.5235       | 0.0027    
7285->7370           | 158   | 0.5215       | 0.5296       | 0.0080    
7370->6777           | 157   | 0.5222       | 0.5397       | 0.0174    
6777->7545           | 157   | 0.5222       | 0.5397       | 0.0174    
7545->7434           | 156   | 0.5230       | 0.5447       | 0.0217    
7434->7611           | 155   | 0.5237       | 0.5510       | 0.0273    
7611->6776           | 154   | 0.5244       | 0.5585       | 0.0341    
6776->6758           | 139   | 0.5369       | 0.5546       | 0.0177    
6758->7343           | 136   | 0.5397       | 0.5621       | 0.0224    
7343->7578           | 135   | 0.5407       | 0.5724       | 0.0317    
7578->7273           | 134   | 0.5417       | 0.5777       | 0.0360    
7273->7176           | 133   | 0.5427       | 0.5838       | 0.0410    
7176->6757           | 132   | 0.5438       | 0.5879       | 0.0442    
6757->6889           | 124   | 0.5527       | 0.5932       | 0.0405    
6889->6890           | 124   | 0.5527       | 0.5932       | 0.0405    
4919->6115           | 105   | 0.5795       | 0.6487       | 0.0692    
6115->4892           | 104   | 0.5812       | 0.6516       | 0.0704    
4892->5355           | 104   | 0.5812       | 0.6516       | 0.0704    
5355->6127           | 103   | 0.5829       | 0.6552       | 0.0723    
6127->5847           | 102   | 0.5847       | 0.6581       | 0.0735    
5847->6250           | 101   | 0.5864       | 0.6610       | 0.0746    
6250->6085           | 100   | 0.5882       | 0.6635       | 0.0753    
6085->5645           | 99    | 0.5901       | 0.6665       | 0.0764    
5645->6275           | 98    | 0.5920       | 0.6690       | 0.0770    
6275->5868           | 97    | 0.5939       | 0.6731       | 0.0792    
5868->4891           | 96    | 0.5958       | 0.6758       | 0.0799    
4891->4954           | 91    | 0.6062       | 0.6780       | 0.0718    
4954->4983           | 91    | 0.6062       | 0.6780       | 0.0718    
4964->5895           | 82    | 0.6276       | 0.6000       | -0.0276   
5895->6293           | 81    | 0.6302       | 0.6062       | -0.0240   
6293->5712           | 80    | 0.6328       | 0.6122       | -0.0206   
5712->5813           | 79    | 0.6356       | 0.6192       | -0.0164   
5813->5800           | 78    | 0.6383       | 0.6263       | -0.0120   
5800->5612           | 77    | 0.6412       | 0.6292       | -0.0120   
5612->5098           | 76    | 0.6441       | 0.6337       | -0.0103   
5098->6197           | 76    | 0.6441       | 0.6337       | -0.0103   
6197->5097           | 75    | 0.6470       | 0.6377       | -0.0093   
6890->7706           | 74    | 0.6500       | 0.6086       | -0.0414   
7706->7765           | 72    | 0.6562       | 0.6257       | -0.0305   
7765->7954           | 71    | 0.6594       | 0.6268       | -0.0326   
7954->6891           | 70    | 0.6627       | 0.6306       | -0.0321   
4983->4955           | 69    | 0.6660       | 0.6753       | 0.0094    
4955->4956           | 69    | 0.6660       | 0.6753       | 0.0094    
4956->4957           | 69    | 0.6660       | 0.6753       | 0.0094    
4957->5925           | 69    | 0.6660       | 0.6753       | 0.0094    
5925->4958           | 68    | 0.6694       | 0.6800       | 0.0106    
4958->6344           | 68    | 0.6694       | 0.6800       | 0.0106    
6344->4959           | 67    | 0.6728       | 0.6849       | 0.0121    
4959->6013           | 67    | 0.6728       | 0.6849       | 0.0121    
6013->5395           | 66    | 0.6764       | 0.6900       | 0.0136    
5395->5383           | 65    | 0.6800       | 0.7077       | 0.0278    
5383->6133           | 63    | 0.6874       | 0.7156       | 0.0282    
5234->7310           | 63    | 0.6874       | 0.5218       | -0.1655   
6133->5487           | 62    | 0.6912       | 0.7204       | 0.0292    
5487->5404           | 61    | 0.6951       | 0.7305       | 0.0354    
7310->7266           | 61    | 0.6951       | 0.5772       | -0.1179   
5404->4960           | 60    | 0.6991       | 0.7353       | 0.0362    
4960->5343           | 60    | 0.6991       | 0.7353       | 0.0362    
7266->7352           | 60    | 0.6991       | 0.5977       | -0.1014   
5343->5737           | 59    | 0.7031       | 0.7407       | 0.0375    
5097->5111           | 59    | 0.7031       | 0.6300       | -0.0732   
5111->5112           | 59    | 0.7031       | 0.6300       | -0.0732   
5112->5782           | 59    | 0.7031       | 0.6300       | -0.0732   
7352->7251           | 59    | 0.7031       | 0.6271       | -0.0761   
5737->6040           | 58    | 0.7073       | 0.7689       | 0.0617    
5782->5642           | 58    | 0.7073       | 0.6368       | -0.0705   
7251->7166           | 58    | 0.7073       | 0.6318       | -0.0755   
6040->6253           | 57    | 0.7115       | 0.7759       | 0.0644    
7166->7478           | 57    | 0.7115       | 0.6396       | -0.0719   
6253->4961           | 56    | 0.7158       | 0.7797       | 0.0639    
5642->6170           | 56    | 0.7158       | 0.6492       | -0.0666   
7478->7466           | 56    | 0.7158       | 0.6443       | -0.0714   
6170->5460           | 55    | 0.7201       | 0.6563       | -0.0639   
7466->6794           | 55    | 0.7201       | 0.6489       | -0.0712   
6794->6827           | 55    | 0.7201       | 0.6489       | -0.0712   
5460->6064           | 54    | 0.7246       | 0.6661       | -0.0585   
6064->5113           | 53    | 0.7291       | 0.6892       | -0.0399   
5113->5154           | 53    | 0.7291       | 0.6892       | -0.0399   
5235->7156           | 49    | 0.7481       | 0.5087       | -0.2394   
6827->7422           | 49    | 0.7481       | 0.6881       | -0.0601   
7156->7488           | 48    | 0.7531       | 0.5265       | -0.2266   
7488->7201           | 47    | 0.7582       | 0.5414       | -0.2168   
7422->7226           | 47    | 0.7582       | 0.7095       | -0.0486   
7201->7636           | 46    | 0.7633       | 0.5600       | -0.2033   
7226->6806           | 46    | 0.7633       | 0.7222       | -0.0411   
6806->7575           | 46    | 0.7633       | 0.7222       | -0.0411   
7636->7179           | 45    | 0.7685       | 0.5865       | -0.1820   
7575->7401           | 45    | 0.7685       | 0.7288       | -0.0398   
7179->7282           | 44    | 0.7738       | 0.6088       | -0.1650   
7401->7584           | 44    | 0.7738       | 0.7713       | -0.0026   
7282->7288           | 43    | 0.7792       | 0.6319       | -0.1473   
7584->7316           | 43    | 0.7792       | 0.7874       | 0.0082    
7288->7497           | 42    | 0.7847       | 0.6660       | -0.1187   
7497->7507           | 41    | 0.7903       | 0.6851       | -0.1051   
7316->7205           | 41    | 0.7903       | 0.8051       | 0.0148    
7507->6881           | 40    | 0.7959       | 0.7048       | -0.0911   
7205->6807           | 40    | 0.7959       | 0.8191       | 0.0232    
6807->6884           | 39    | 0.8016       | 0.8515       | 0.0499    
6891->7896           | 37    | 0.8132       | 0.6193       | -0.1940   
7896->6892           | 36    | 0.8192       | 0.6283       | -0.1908   
6892->6893           | 36    | 0.8192       | 0.6283       | -0.1908   
6893->7966           | 35    | 0.8252       | 0.6395       | -0.1856   
4963->5401           | 34    | 0.8312       | 0.7024       | -0.1288   
7966->6894           | 34    | 0.8312       | 0.6514       | -0.1798   
6894->8005           | 34    | 0.8312       | 0.6514       | -0.1798   
5401->5566           | 33    | 0.8374       | 0.7280       | -0.1093   
6881->6784           | 33    | 0.8374       | 0.7411       | -0.0963   
6891->7775           | 33    | 0.8374       | 0.6465       | -0.1908   
8005->6895           | 33    | 0.8374       | 0.6970       | -0.1404   
6895->6896           | 33    | 0.8374       | 0.6970       | -0.1404   
6896->6897           | 33    | 0.8374       | 0.6970       | -0.1404   
6897->7009           | 33    | 0.8374       | 0.6970       | -0.1404   
5566->5989           | 32    | 0.8435       | 0.7472       | -0.0964   
7775->7709           | 32    | 0.8435       | 0.6633       | -0.1803   
7009->6898           | 32    | 0.8435       | 0.7386       | -0.1049   
4961->5995           | 31    | 0.8497       | 0.7343       | -0.1154   
5989->5194           | 31    | 0.8497       | 0.7763       | -0.0734   
7709->8002           | 31    | 0.8497       | 0.6817       | -0.1680   
5995->5322           | 30    | 0.8560       | 0.7532       | -0.1028   
5262->6287           | 30    | 0.8560       | 0.6149       | -0.2411   
8002->6933           | 30    | 0.8560       | 0.6940       | -0.1620   
6933->7926           | 30    | 0.8560       | 0.6940       | -0.1620   
5322->5325           | 29    | 0.8623       | 0.7722       | -0.0901   
6287->5454           | 29    | 0.8623       | 0.6322       | -0.2301   
6784->7593           | 29    | 0.8623       | 0.7476       | -0.1147   
7926->7038           | 29    | 0.8623       | 0.7333       | -0.1290   
5325->6118           | 28    | 0.8686       | 0.7875       | -0.0811   
5154->5807           | 28    | 0.8686       | 0.6772       | -0.1914   
5454->5666           | 28    | 0.8686       | 0.6505       | -0.2182   
7593->7605           | 28    | 0.8686       | 0.8108       | -0.0578   
6898->7845           | 28    | 0.8686       | 0.7245       | -0.1441   
6118->4962           | 27    | 0.8749       | 0.8037       | -0.0712   
4962->5496           | 27    | 0.8749       | 0.8037       | -0.0712   
5807->5841           | 27    | 0.8749       | 0.7542       | -0.1207   
5666->5237           | 27    | 0.8749       | 0.6833       | -0.1917   
5237->5502           | 27    | 0.8749       | 0.6833       | -0.1917   
7605->7182           | 27    | 0.8749       | 0.8675       | -0.0075   
7845->7830           | 27    | 0.8749       | 0.7932       | -0.0818   
5496->5788           | 26    | 0.8813       | 0.8292       | -0.0521   
5841->6335           | 26    | 0.8813       | 0.7923       | -0.0890   
5502->5238           | 26    | 0.8813       | 0.7135       | -0.1678   
5238->5239           | 26    | 0.8813       | 0.7135       | -0.1678   
5239->5240           | 26    | 0.8813       | 0.7135       | -0.1678   
7182->7548           | 26    | 0.8813       | 0.8766       | -0.0047   
7830->7960           | 26    | 0.8813       | 0.8101       | -0.0712   
4961->5594           | 25    | 0.8876       | 0.8077       | -0.0799   
5788->5569           | 25    | 0.8876       | 0.8516       | -0.0361   
5154->5421           | 25    | 0.8876       | 0.7112       | -0.1764   
6335->5526           | 25    | 0.8876       | 0.8012       | -0.0864   
7548->7270           | 25    | 0.8876       | 0.8901       | 0.0024    
6890->7055           | 25    | 0.8876       | 0.6630       | -0.2247   
6890->7745           | 25    | 0.8876       | 0.5176       | -0.3700   
7055->7739           | 25    | 0.8876       | 0.6630       | -0.2247   
7960->7787           | 25    | 0.8876       | 0.8273       | -0.0604   
5594->5508           | 24    | 0.8940       | 0.8187       | -0.0753   
5569->5216           | 24    | 0.8940       | 0.8767       | -0.0172   
5421->5693           | 24    | 0.8940       | 0.7430       | -0.1509   
5526->5469           | 24    | 0.8940       | 0.8159       | -0.0781   
7270->7419           | 24    | 0.8940       | 0.9012       | 0.0072    
7745->7851           | 24    | 0.8940       | 0.5469       | -0.3470   
7739->7688           | 24    | 0.8940       | 0.6852       | -0.2088   
7787->7781           | 24    | 0.8940       | 0.8368       | -0.0572   
5508->6001           | 23    | 0.9003       | 0.8258       | -0.0745   
5693->5877           | 23    | 0.9003       | 0.7955       | -0.1048   
5469->5114           | 23    | 0.9003       | 0.8499       | -0.0504   
7419->7189           | 23    | 0.9003       | 0.9079       | 0.0076    
7851->7757           | 23    | 0.9003       | 0.5585       | -0.3418   
7688->7056           | 23    | 0.9003       | 0.7042       | -0.1961   
7781->7784           | 23    | 0.9003       | 0.8706       | -0.0297   
4983->5835           | 22    | 0.9066       | 0.6954       | -0.2112   
6001->5389           | 22    | 0.9066       | 0.8377       | -0.0688   
5877->5358           | 22    | 0.9066       | 0.8469       | -0.0597   
7189->7555           | 22    | 0.9066       | 0.9098       | 0.0032    
7757->6917           | 22    | 0.9066       | 0.6531       | -0.2535   
7056->7771           | 22    | 0.9066       | 0.7310       | -0.1756   
6917->7823           | 22    | 0.9066       | 0.6531       | -0.2535   
7784->6899           | 22    | 0.9066       | 0.9315       | 0.0249    
6899->6960           | 22    | 0.9066       | 0.9315       | 0.0249    
5835->5016           | 21    | 0.9128       | 0.7262       | -0.1866   
5389->5021           | 21    | 0.9128       | 0.8539       | -0.0590   
5021->6124           | 21    | 0.9128       | 0.8539       | -0.0590   
5358->5886           | 21    | 0.9128       | 0.9144       | 0.0016    
6884->6861           | 21    | 0.9128       | 0.8338       | -0.0790   
6861->7666           | 21    | 0.9128       | 0.8338       | -0.0790   
7555->7170           | 21    | 0.9128       | 0.9162       | 0.0034    
7771->7057           | 21    | 0.9128       | 0.7644       | -0.1485   
7823->7911           | 21    | 0.9128       | 0.6713       | -0.2415   
6124->5022           | 20    | 0.9190       | 0.8659       | -0.0531   
5022->5319           | 20    | 0.9190       | 0.8659       | -0.0531   
5886->5127           | 20    | 0.9190       | 0.9477       | 0.0287    
5114->5115           | 20    | 0.9190       | 0.8705       | -0.0485   
5115->6266           | 20    | 0.9190       | 0.8705       | -0.0485   
7666->7349           | 20    | 0.9190       | 0.9219       | 0.0029    
7170->7331           | 20    | 0.9190       | 0.9199       | 0.0009    
7057->7058           | 20    | 0.9190       | 0.7952       | -0.1238   
7911->7691           | 20    | 0.9190       | 0.6927       | -0.2263   
7058->7920           | 20    | 0.9190       | 0.7952       | -0.1238   
5016->5523           | 19    | 0.9251       | 0.7707       | -0.1544   
5319->6055           | 19    | 0.9251       | 0.8850       | -0.0401   
5216->6281           | 19    | 0.9251       | 0.8911       | -0.0341   
5194->5053           | 19    | 0.9251       | 0.7680       | -0.1571   
5053->5935           | 19    | 0.9251       | 0.7680       | -0.1571   
6266->6149           | 19    | 0.9251       | 0.9061       | -0.0190   
7349->7676           | 19    | 0.9251       | 0.9283       | 0.0032    
7331->7361           | 19    | 0.9251       | 0.9299       | 0.0048    
7691->6918           | 19    | 0.9251       | 0.7338       | -0.1913   
7920->7984           | 19    | 0.9251       | 0.8308       | -0.0943   
5523->5618           | 18    | 0.9311       | 0.8361       | -0.0950   
6055->5411           | 18    | 0.9311       | 0.8966       | -0.0345   
6281->6194           | 18    | 0.9311       | 0.9154       | -0.0158   
5935->5715           | 18    | 0.9311       | 0.8154       | -0.1157   
6149->5828           | 18    | 0.9311       | 0.9266       | -0.0045   
7676->6862           | 18    | 0.9311       | 0.9346       | 0.0035    
6862->7596           | 18    | 0.9311       | 0.9346       | 0.0035    
7361->7654           | 18    | 0.9311       | 0.9405       | 0.0094    
6918->7863           | 18    | 0.9311       | 0.7806       | -0.1505   
7984->7880           | 18    | 0.9311       | 0.8929       | -0.0382   
6960->6947           | 18    | 0.9311       | 0.9325       | 0.0014    
6947->6948           | 18    | 0.9311       | 0.9325       | 0.0014    
6948->6949           | 18    | 0.9311       | 0.9325       | 0.0014    
5618->4993           | 17    | 0.9370       | 0.9166       | -0.0204   
4993->5621           | 17    | 0.9370       | 0.9166       | -0.0204   
5411->6164           | 17    | 0.9370       | 0.9194       | -0.0176   
6194->5205           | 17    | 0.9370       | 0.9530       | 0.0159    
5205->6290           | 17    | 0.9370       | 0.9530       | 0.0159    
5828->5116           | 17    | 0.9370       | 0.9427       | 0.0057    
5116->6037           | 17    | 0.9370       | 0.9427       | 0.0057    
5240->6748           | 17    | 0.9370       | 0.7769       | -0.1602   
7596->7472           | 17    | 0.9370       | 0.9389       | 0.0018    
7654->7244           | 17    | 0.9370       | 0.9426       | 0.0055    
7863->7733           | 17    | 0.9370       | 0.8085       | -0.1285   
7880->7778           | 17    | 0.9370       | 0.9269       | -0.0101   
7038->6934           | 17    | 0.9370       | 0.7902       | -0.1468   
6934->7820           | 17    | 0.9370       | 0.7902       | -0.1468   
5005->4989           | 16    | 0.9428       | 0.7113       | -0.2315   
5621->5575           | 16    | 0.9428       | 0.9436       | 0.0008    
5097->5096           | 16    | 0.9428       | 0.6673       | -0.2756   
5096->5095           | 16    | 0.9428       | 0.6673       | -0.2756   
5095->5913           | 16    | 0.9428       | 0.6673       | -0.2756   
6164->5023           | 16    | 0.9428       | 0.9531       | 0.0103    
5023->5648           | 16    | 0.9428       | 0.9531       | 0.0103    
6290->5916           | 16    | 0.9428       | 0.9590       | 0.0162    
5715->5708           | 16    | 0.9428       | 0.8986       | -0.0442   
6037->5117           | 16    | 0.9428       | 0.9491       | 0.0063    
5117->5352           | 16    | 0.9428       | 0.9491       | 0.0063    
6884->6808           | 16    | 0.9428       | 0.8716       | -0.0712   
6808->7295           | 16    | 0.9428       | 0.8716       | -0.0712   
7472->7562           | 16    | 0.9428       | 0.9446       | 0.0018    
7244->7238           | 16    | 0.9428       | 0.9447       | 0.0018    
7733->7814           | 16    | 0.9428       | 0.8718       | -0.0711   
7778->7799           | 16    | 0.9428       | 0.9471       | 0.0042    
7820->7951           | 16    | 0.9428       | 0.8145       | -0.1283   
4989->5539           | 15    | 0.9485       | 0.7855       | -0.1630   
5575->5998           | 15    | 0.9485       | 0.9515       | 0.0030    
5913->5475           | 15    | 0.9485       | 0.7334       | -0.2151   
5648->5763           | 15    | 0.9485       | 0.9646       | 0.0161    
5127->6181           | 15    | 0.9485       | 0.9299       | -0.0186   
5916->5862           | 15    | 0.9485       | 0.9617       | 0.0132    
5708->5563           | 15    | 0.9485       | 0.9268       | -0.0217   
5352->5727           | 15    | 0.9485       | 0.9534       | 0.0049    
7295->7428           | 15    | 0.9485       | 0.8957       | -0.0527   
6776->6834           | 15    | 0.9485       | 0.5986       | -0.3498   
6834->6833           | 15    | 0.9485       | 0.5986       | -0.3498   
6833->7232           | 15    | 0.9485       | 0.5986       | -0.3498   
7562->7407           | 15    | 0.9485       | 0.9505       | 0.0020    
7238->7438           | 15    | 0.9485       | 0.9490       | 0.0005    
7814->6919           | 15    | 0.9485       | 0.9567       | 0.0082    
7799->7742           | 15    | 0.9485       | 0.9530       | 0.0045    
6919->7860           | 15    | 0.9485       | 0.9567       | 0.0082    
7951->7883           | 15    | 0.9485       | 0.8321       | -0.1164   
6949->6965           | 15    | 0.9485       | 0.9306       | -0.0179   
6965->7874           | 15    | 0.9485       | 0.9306       | -0.0179   
5539->5769           | 14    | 0.9540       | 0.8407       | -0.1133   
5998->5687           | 14    | 0.9540       | 0.9564       | 0.0024    
5475->5386           | 14    | 0.9540       | 0.8419       | -0.1121   
5763->5584           | 14    | 0.9540       | 0.9908       | 0.0368    
6181->6313           | 14    | 0.9540       | 0.9541       | 0.0001    
5862->5204           | 14    | 0.9540       | 0.9657       | 0.0117    
5563->5054           | 14    | 0.9540       | 0.9558       | 0.0018    
5054->5660           | 14    | 0.9540       | 0.9558       | 0.0018    
5727->5983           | 14    | 0.9540       | 0.9576       | 0.0037    
7428->7392           | 14    | 0.9540       | 0.9440       | -0.0100   
7232->7531           | 14    | 0.9540       | 0.6647       | -0.2893   
7407->6863           | 14    | 0.9540       | 0.9557       | 0.0017    
7438->7679           | 14    | 0.9540       | 0.9588       | 0.0048    
7742->7727           | 14    | 0.9540       | 0.9569       | 0.0029    
7860->7035           | 14    | 0.9540       | 0.9658       | 0.0118    
7883->6935           | 14    | 0.9540       | 0.8669       | -0.0871   
6935->7694           | 14    | 0.9540       | 0.8669       | -0.0871   
7874->7810           | 14    | 0.9540       | 0.9574       | 0.0034    
4941->4927           | 13    | 0.9593       | 0.7647       | -0.1946   
4927->5734           | 13    | 0.9593       | 0.7647       | -0.1946   
5769->5424           | 13    | 0.9593       | 0.9027       | -0.0566   
5687->5663           | 13    | 0.9593       | 0.9615       | 0.0022    
5386->6052           | 13    | 0.9593       | 0.9514       | -0.0079   
5584->5889           | 13    | 0.9593       | 1.0000       | 0.0407    
6313->5505           | 13    | 0.9593       | 0.9612       | 0.0019    
5204->5499           | 13    | 0.9593       | 0.9690       | 0.0097    
5660->6244           | 13    | 0.9593       | 0.9621       | 0.0028    
5983->5118           | 13    | 0.9593       | 0.9645       | 0.0052    
5118->5655           | 13    | 0.9593       | 0.9645       | 0.0052    
7392->6809           | 13    | 0.9593       | 0.9636       | 0.0043    
6809->7413           | 13    | 0.9593       | 0.9636       | 0.0043    
7531->7491           | 13    | 0.9593       | 0.7424       | -0.2169   
6863->7448           | 13    | 0.9593       | 0.9605       | 0.0012    
7679->7454           | 13    | 0.9593       | 0.9634       | 0.0041    
7694->7957           | 13    | 0.9593       | 0.9626       | 0.0033    
7810->6966           | 13    | 0.9593       | 0.9691       | 0.0098    
6966->7917           | 13    | 0.9593       | 0.9691       | 0.0098    
7114->7107           | 12    | 0.9644       | 0.7373       | -0.2271   
7107->7503           | 12    | 0.9644       | 0.7373       | -0.2271   
5734->5932           | 12    | 0.9644       | 0.8196       | -0.1448   
5663->5944           | 12    | 0.9644       | 0.9666       | 0.0022    
6052->5669           | 12    | 0.9644       | 0.9664       | 0.0019    
5889->5284           | 12    | 0.9644       | 1.0000       | 0.0356    
5505->5126           | 12    | 0.9644       | 0.9658       | 0.0014    
5126->5125           | 12    | 0.9644       | 0.9658       | 0.0014    
6244->5597           | 12    | 0.9644       | 0.9677       | 0.0033    
5655->5959           | 12    | 0.9644       | 0.9690       | 0.0046    
7491->7568           | 12    | 0.9644       | 0.8677       | -0.0967   
7448->6864           | 12    | 0.9644       | 0.9663       | 0.0019    
6864->7248           | 12    | 0.9644       | 0.9663       | 0.0019    
7454->7599           | 12    | 0.9644       | 0.9718       | 0.0074    
7727->7685           | 12    | 0.9644       | 0.9680       | 0.0036    
7957->7870           | 12    | 0.9644       | 0.9691       | 0.0047    
7917->7002           | 12    | 0.9644       | 0.9857       | 0.0213    
7503->7374           | 11    | 0.9693       | 0.8401       | -0.1292   
5932->5746           | 11    | 0.9693       | 0.8505       | -0.1188   
5424->6238           | 11    | 0.9693       | 0.9696       | 0.0003    
5944->5779           | 11    | 0.9693       | 0.9716       | 0.0023    
5669->5376           | 11    | 0.9693       | 0.9715       | 0.0022    
5284->5408           | 11    | 0.9693       | 1.0000       | 0.0307    
5499->5953           | 11    | 0.9693       | 0.9794       | 0.0101    
5125->6130           | 11    | 0.9693       | 0.9708       | 0.0015    
5597->6347           | 11    | 0.9693       | 0.9717       | 0.0024    
5959->5119           | 11    | 0.9693       | 0.9718       | 0.0025    
7413->7276           | 11    | 0.9693       | 0.9730       | 0.0037    
7568->7541           | 11    | 0.9693       | 0.9094       | -0.0599   
7248->7334           | 11    | 0.9693       | 0.9710       | 0.0017    
7599->7624           | 11    | 0.9693       | 0.9747       | 0.0054    
7035->6920           | 11    | 0.9693       | 0.9704       | 0.0011    
7685->7730           | 11    | 0.9693       | 0.9728       | 0.0035    
6920->7903           | 11    | 0.9693       | 0.9704       | 0.0011    
7870->7718           | 11    | 0.9693       | 0.9726       | 0.0033    
7374->7445           | 10    | 0.9740       | 0.9743       | 0.0004    
4905->4888           | 10    | 0.9740       | 0.8122       | -0.1617   
4888->5427           | 10    | 0.9740       | 0.8122       | -0.1617   
5746->6304           | 10    | 0.9740       | 0.8828       | -0.0912   
6238->5367           | 10    | 0.9740       | 0.9753       | 0.0014    
5779->5517           | 10    | 0.9740       | 0.9762       | 0.0023    
5376->6173           | 10    | 0.9740       | 0.9753       | 0.0013    
5408->6019           | 10    | 0.9740       | 1.0000       | 0.0260    
5953->5203           | 10    | 0.9740       | 0.9829       | 0.0090    
5203->5493           | 10    | 0.9740       | 0.9829       | 0.0090    
6130->6310           | 10    | 0.9740       | 0.9749       | 0.0010    
6347->5055           | 10    | 0.9740       | 0.9758       | 0.0018    
5055->5056           | 10    | 0.9740       | 0.9758       | 0.0018    
5056->6178           | 10    | 0.9740       | 0.9758       | 0.0018    
7276->7263           | 10    | 0.9740       | 0.9768       | 0.0028    
7541->7416           | 10    | 0.9740       | 0.9768       | 0.0029    
7334->6865           | 10    | 0.9740       | 0.9752       | 0.0013    
7624->6813           | 10    | 0.9740       | 0.9821       | 0.0081    
7730->7059           | 10    | 0.9740       | 0.9776       | 0.0036    
7903->7948           | 10    | 0.9740       | 0.9789       | 0.0049    
7718->7887           | 10    | 0.9740       | 0.9776       | 0.0037    
7445->7140           | 9     | 0.9783       | 0.9797       | 0.0014    
5427->5448           | 9     | 0.9783       | 0.8973       | -0.0810   
6304->6031           | 9     | 0.9783       | 0.9193       | -0.0590   
5367->6136           | 9     | 0.9783       | 0.9790       | 0.0007    
5517->5466           | 9     | 0.9783       | 0.9807       | 0.0023    
6173->5094           | 9     | 0.9783       | 0.9802       | 0.0019    
5094->5606           | 9     | 0.9783       | 0.9802       | 0.0019    
5194->5183           | 9     | 0.9783       | 0.8363       | -0.1421   
5183->5182           | 9     | 0.9783       | 0.8363       | -0.1421   
6019->5024           | 9     | 0.9783       | 1.0000       | 0.0217    
5024->5442           | 9     | 0.9783       | 1.0000       | 0.0217    
5493->5490           | 9     | 0.9783       | 0.9877       | 0.0094    
6310->5588           | 9     | 0.9783       | 0.9795       | 0.0011    
6178->5057           | 9     | 0.9783       | 0.9882       | 0.0099    
5057->5084           | 9     | 0.9783       | 0.9882       | 0.0099    
5240->5241           | 9     | 0.9783       | 0.6325       | -0.3458   
5241->7587           | 9     | 0.9783       | 0.6325       | -0.3458   
6748->6749           | 9     | 0.9783       | 0.7412       | -0.2371   
6749->7325           | 9     | 0.9783       | 0.7412       | -0.2371   
7263->7346           | 9     | 0.9783       | 0.9809       | 0.0026    
7416->7404           | 9     | 0.9783       | 0.9821       | 0.0038    
7059->7721           | 9     | 0.9783       | 0.9817       | 0.0033    
7948->7945           | 9     | 0.9783       | 0.9840       | 0.0057    
7887->7939           | 9     | 0.9783       | 0.9825       | 0.0042    
7140->7220           | 8     | 0.9824       | 0.9821       | -0.0003   
4905->6215           | 8     | 0.9824       | 0.7244       | -0.2580   
5448->5627           | 8     | 0.9824       | 0.9825       | 0.0000    
6031->5349           | 8     | 0.9824       | 0.9591       | -0.0234   
6136->5919           | 8     | 0.9824       | 0.9831       | 0.0007    
5466->6341           | 8     | 0.9824       | 0.9847       | 0.0023    
5606->6007           | 8     | 0.9824       | 0.9849       | 0.0025    
5182->5181           | 8     | 0.9824       | 0.9438       | -0.0386   
5181->5956           | 8     | 0.9824       | 0.9438       | -0.0386   
5442->5025           | 8     | 0.9824       | 1.0000       | 0.0176    
5490->5202           | 8     | 0.9824       | 0.9925       | 0.0100    
5588->5124           | 8     | 0.9824       | 0.9835       | 0.0011    
5025->5026           | 8     | 0.9824       | 1.0000       | 0.0176    
5202->5307           | 8     | 0.9824       | 0.9925       | 0.0100    
5124->5463           | 8     | 0.9824       | 0.9835       | 0.0011    
5026->5364           | 8     | 0.9824       | 1.0000       | 0.0176    
5119->5950           | 8     | 0.9824       | 0.9848       | 0.0023    
6748->7510           | 8     | 0.9824       | 0.8173       | -0.1652   
7587->6025           | 8     | 0.9824       | 0.6819       | -0.3005   
7325->7208           | 8     | 0.9824       | 0.9017       | -0.0807   
7346->7657           | 8     | 0.9824       | 0.9852       | 0.0028    
7404->7380           | 8     | 0.9824       | 0.9858       | 0.0034    
6865->6866           | 8     | 0.9824       | 0.9837       | 0.0012    
6866->6867           | 8     | 0.9824       | 0.9837       | 0.0012    
7721->7932           | 8     | 0.9824       | 0.9856       | 0.0032    
7945->7748           | 8     | 0.9824       | 0.9880       | 0.0056    
7939->7987           | 8     | 0.9824       | 0.9862       | 0.0037    
7117->7377           | 7     | 0.9862       | 0.7569       | -0.2293   
7220->7195           | 7     | 0.9862       | 0.9865       | 0.0003    
6215->5740           | 7     | 0.9862       | 0.8021       | -0.1841   
5627->6272           | 7     | 0.9862       | 0.9874       | 0.0012    
5349->5759           | 7     | 0.9862       | 0.9825       | -0.0037   
5919->5838           | 7     | 0.9862       | 0.9870       | 0.0008    
6341->4992           | 7     | 0.9862       | 0.9886       | 0.0024    
6007->6097           | 7     | 0.9862       | 0.9876       | 0.0014    
5956->5180           | 7     | 0.9862       | 0.9873       | 0.0011    
5180->6100           | 7     | 0.9862       | 0.9873       | 0.0011    
5307->5743           | 7     | 0.9862       | 0.9963       | 0.0101    
5463->5123           | 7     | 0.9862       | 0.9873       | 0.0011    
5364->5971           | 7     | 0.9862       | 1.0000       | 0.0138    
5123->5398           | 7     | 0.9862       | 0.9873       | 0.0011    
5950->5756           | 7     | 0.9862       | 0.9884       | 0.0022    
6881->7340           | 7     | 0.9862       | 0.5852       | -0.4010   
7510->7079           | 7     | 0.9862       | 0.8412       | -0.1449   
6025->5529           | 7     | 0.9862       | 0.8923       | -0.0939   
7079->7078           | 7     | 0.9862       | 0.8412       | -0.1449   
7208->6750           | 7     | 0.9862       | 0.9804       | -0.0058   
7078->7602           | 7     | 0.9862       | 0.8412       | -0.1449   
7657->7192           | 7     | 0.9862       | 0.9889       | 0.0027    
6757->6848           | 7     | 0.9862       | 0.5351       | -0.4511   
6848->7660           | 7     | 0.9862       | 0.5351       | -0.4511   
7380->7198           | 7     | 0.9862       | 0.9896       | 0.0034    
6813->7645           | 7     | 0.9862       | 0.9788       | -0.0074   
6867->7528           | 7     | 0.9862       | 0.9875       | 0.0013    
7038->7021           | 7     | 0.9862       | 0.6191       | -0.3671   
7021->7980           | 7     | 0.9862       | 0.6191       | -0.3671   
7932->7736           | 7     | 0.9862       | 0.9891       | 0.0029    
7748->6921           | 7     | 0.9862       | 0.9919       | 0.0057    
6921->7712           | 7     | 0.9862       | 0.9919       | 0.0057    
7987->7977           | 7     | 0.9862       | 0.9903       | 0.0041    
7377->7108           | 6     | 0.9896       | 0.8415       | -0.1481   
7108->7125           | 6     | 0.9896       | 0.8415       | -0.1481   
7125->7235           | 6     | 0.9896       | 0.8415       | -0.1481   
7195->7307           | 6     | 0.9896       | 0.9903       | 0.0006    
5740->4887           | 6     | 0.9896       | 0.8998       | -0.0898   
4887->6091           | 6     | 0.9896       | 0.8998       | -0.0898   
6272->5865           | 6     | 0.9896       | 0.9902       | 0.0006    
5759->5542           | 6     | 0.9896       | 0.9925       | 0.0029    
5838->5731           | 6     | 0.9896       | 0.9905       | 0.0008    
4992->4991           | 6     | 0.9896       | 0.9920       | 0.0024    
6097->5331           | 6     | 0.9896       | 0.9918       | 0.0021    
6100->5532           | 6     | 0.9896       | 0.9910       | 0.0014    
5743->5201           | 6     | 0.9896       | 0.9998       | 0.0102    
5971->5027           | 6     | 0.9896       | 1.0000       | 0.0104    
5201->5379           | 6     | 0.9896       | 0.9998       | 0.0102    
5027->5560           | 6     | 0.9896       | 1.0000       | 0.0104    
5756->5223           | 6     | 0.9896       | 0.9918       | 0.0022    
5223->5965           | 6     | 0.9896       | 0.9918       | 0.0022    
7340->7469           | 6     | 0.9896       | 0.9599       | -0.0298   
6750->6751           | 6     | 0.9896       | 0.9945       | 0.0049    
7602->7279           | 6     | 0.9896       | 0.9954       | 0.0058    
7192->6810           | 6     | 0.9896       | 0.9922       | 0.0026    
6810->7618           | 6     | 0.9896       | 0.9922       | 0.0026    
7660->7558           | 6     | 0.9896       | 0.6221       | -0.3675   
7198->7516           | 6     | 0.9896       | 0.9932       | 0.0036    
7645->7571           | 6     | 0.9896       | 0.9931       | 0.0035    
7528->7648           | 6     | 0.9896       | 0.9909       | 0.0013    
7980->7963           | 6     | 0.9896       | 0.8219       | -0.1677   
7736->7923           | 6     | 0.9896       | 0.9926       | 0.0029    
7712->7890           | 6     | 0.9896       | 0.9956       | 0.0060    
7977->7804           | 6     | 0.9896       | 0.9936       | 0.0039    
7002->6988           | 6     | 0.9896       | 0.9914       | 0.0017    
7002->7760           | 6     | 0.9896       | 0.9781       | -0.0115   
7235->7364           | 5     | 0.9927       | 0.9545       | -0.0382   
7307->7565           | 5     | 0.9927       | 0.9932       | 0.0005    
5865->5436           | 5     | 0.9927       | 0.9931       | 0.0004    
4891->6022           | 5     | 0.9927       | 0.5986       | -0.3941   
5542->4949           | 5     | 0.9927       | 0.9994       | 0.0067    
5731->5775           | 5     | 0.9927       | 0.9935       | 0.0008    
5331->6073           | 5     | 0.9927       | 0.9948       | 0.0021    
5127->5159           | 5     | 0.9927       | 0.9741       | -0.0186   
5159->5160           | 5     | 0.9927       | 0.9741       | -0.0186   
5532->5179           | 5     | 0.9927       | 0.9939       | 0.0012    
5179->6076           | 5     | 0.9927       | 0.9939       | 0.0012    
5398->5451           | 5     | 0.9927       | 0.9938       | 0.0011    
5379->6207           | 5     | 0.9927       | 1.0000       | 0.0073    
5066->5892           | 5     | 0.9927       | 0.5336       | -0.4590   
5560->6061           | 5     | 0.9927       | 1.0000       | 0.0073    
5064->5370           | 5     | 0.9927       | 0.5782       | -0.4145   
5965->5222           | 5     | 0.9927       | 0.9947       | 0.0020    
6827->7519           | 5     | 0.9927       | 0.5398       | -0.4528   
7469->7639           | 5     | 0.9927       | 0.9965       | 0.0038    
5529->6307           | 5     | 0.9927       | 0.9975       | 0.0048    
6751->6752           | 5     | 0.9927       | 0.9962       | 0.0035    
7279->7077           | 5     | 0.9927       | 0.9995       | 0.0068    
7077->7076           | 5     | 0.9927       | 0.9995       | 0.0068    
7076->7319           | 5     | 0.9927       | 0.9995       | 0.0068    
7618->7367           | 5     | 0.9927       | 0.9954       | 0.0027    
7558->7313           | 5     | 0.9927       | 0.7574       | -0.2353   
7516->7160           | 5     | 0.9927       | 0.9963       | 0.0036    
7571->6832           | 5     | 0.9927       | 0.9983       | 0.0056    
7648->7257           | 5     | 0.9927       | 0.9940       | 0.0013    
7038->7020           | 5     | 0.9927       | 0.7439       | -0.2488   
7020->7793           | 5     | 0.9927       | 0.7439       | -0.2488   
7963->7703           | 5     | 0.9927       | 0.9966       | 0.0039    
7923->7936           | 5     | 0.9927       | 0.9957       | 0.0030    
7890->7836           | 5     | 0.9927       | 0.9975       | 0.0048    
7804->6936           | 5     | 0.9927       | 0.9961       | 0.0034    
6936->6937           | 5     | 0.9927       | 0.9961       | 0.0034    
6937->7893           | 5     | 0.9927       | 0.9961       | 0.0034    
7364->7630           | 4     | 0.9953       | 0.9961       | 0.0008    
7565->7682           | 4     | 0.9953       | 0.9957       | 0.0004    
6091->4886           | 4     | 0.9953       | 0.9966       | 0.0012    
4886->6146           | 4     | 0.9953       | 0.9966       | 0.0012    
5436->4889           | 4     | 0.9953       | 0.9960       | 0.0007    
6022->6224           | 4     | 0.9953       | 0.7154       | -0.2800   
5775->6257           | 4     | 0.9953       | 0.9962       | 0.0008    
4991->5313           | 4     | 0.9953       | 0.9978       | 0.0025    
5216->5609           | 4     | 0.9953       | 0.9352       | -0.0601   
6073->5904           | 4     | 0.9953       | 0.9975       | 0.0022    
5160->5938           | 4     | 0.9953       | 0.9981       | 0.0027    
5451->5122           | 4     | 0.9953       | 0.9965       | 0.0011    
6207->5572           | 4     | 0.9953       | 1.0000       | 0.0047    
5892->5030           | 4     | 0.9953       | 0.6474       | -0.3479   
6061->5028           | 4     | 0.9953       | 1.0000       | 0.0047    
5370->5346           | 4     | 0.9953       | 0.7585       | -0.2368   
5222->5415           | 4     | 0.9953       | 0.9974       | 0.0020    
7519->7475           | 4     | 0.9953       | 0.8260       | -0.1694   
6784->7673           | 4     | 0.9953       | 0.7074       | -0.2879   
7639->7484           | 4     | 0.9953       | 0.9992       | 0.0038    
6307->7254           | 4     | 0.9953       | 1.0000       | 0.0047    
6752->6753           | 4     | 0.9953       | 0.9995       | 0.0042    
7319->7075           | 4     | 0.9953       | 1.0000       | 0.0047    
7075->7241           | 4     | 0.9953       | 1.0000       | 0.0047    
7367->7355           | 4     | 0.9953       | 0.9976       | 0.0023    
7313->7173           | 4     | 0.9953       | 0.9453       | -0.0501   
7160->7358           | 4     | 0.9953       | 0.9990       | 0.0037    
7257->7389           | 4     | 0.9953       | 0.9966       | 0.0013    
7793->7019           | 4     | 0.9953       | 0.7802       | -0.2151   
7019->7018           | 4     | 0.9953       | 0.7802       | -0.2151   
7703->7899           | 4     | 0.9953       | 0.9991       | 0.0038    
7018->7017           | 4     | 0.9953       | 0.7802       | -0.2151   
7017->7016           | 4     | 0.9953       | 0.7802       | -0.2151   
6898->7097           | 4     | 0.9953       | 0.9590       | -0.0364   
7097->7096           | 4     | 0.9953       | 0.9590       | -0.0364   
7096->7095           | 4     | 0.9953       | 0.9590       | -0.0364   
7095->7094           | 4     | 0.9953       | 0.9590       | -0.0364   
7094->7093           | 4     | 0.9953       | 0.9590       | -0.0364   
7093->7697           | 4     | 0.9953       | 0.9590       | -0.0364   
7936->8009           | 4     | 0.9953       | 0.9985       | 0.0032    
6960->7796           | 4     | 0.9953       | 0.9270       | -0.0683   
7836->6922           | 4     | 0.9953       | 1.0000       | 0.0047    
6922->7715           | 4     | 0.9953       | 1.0000       | 0.0047    
7893->7848           | 4     | 0.9953       | 0.9982       | 0.0029    
6988->6967           | 4     | 0.9953       | 0.9958       | 0.0005    
7760->6993           | 4     | 0.9953       | 1.0000       | 0.0047    
6967->6968           | 4     | 0.9953       | 0.9958       | 0.0005    
6993->6994           | 4     | 0.9953       | 1.0000       | 0.0047    
6968->7996           | 4     | 0.9953       | 0.9958       | 0.0005    
7137->7663           | 3     | 0.9975       | 0.4334       | -0.5642   
7630->7383           | 3     | 0.9975       | 0.9994       | 0.0019    
7682->7608           | 3     | 0.9975       | 0.9979       | 0.0004    
6146->4885           | 3     | 0.9975       | 0.9989       | 0.0013    
4885->6079           | 3     | 0.9975       | 0.9989       | 0.0013    
4889->5472           | 3     | 0.9975       | 0.9982       | 0.0006    
6224->4890           | 3     | 0.9975       | 0.9992       | 0.0017    
4949->5749           | 3     | 0.9975       | 0.9974       | -0.0002   
6257->5871           | 3     | 0.9975       | 0.9984       | 0.0008    
5313->5910           | 3     | 0.9975       | 1.0000       | 0.0025    
4963->6191           | 3     | 0.9975       | 0.2232       | -0.7743   
5609->6319           | 3     | 0.9975       | 1.0000       | 0.0025    
5194->5785           | 3     | 0.9975       | 0.6601       | -0.3375   
5114->8022           | 3     | 0.9975       | 0.7696       | -0.2279   
5034->5166           | 3     | 0.9975       | 0.6204       | -0.3771   
5904->5922           | 3     | 0.9975       | 0.9998       | 0.0023    
5166->5340           | 3     | 0.9975       | 0.6204       | -0.3771   
5938->5161           | 3     | 0.9975       | 1.0000       | 0.0025    
5161->6028           | 3     | 0.9975       | 1.0000       | 0.0025    
6076->5822           | 3     | 0.9975       | 0.9988       | 0.0012    
5122->5825           | 3     | 0.9975       | 0.9987       | 0.0011    
5572->5200           | 3     | 0.9975       | 1.0000       | 0.0025    
5030->5992           | 3     | 0.9975       | 0.8635       | -0.1341   
5084->5058           | 3     | 0.9975       | 0.9911       | -0.0064   
5084->6016           | 3     | 0.9975       | 0.9860       | -0.0115   
5084->6323           | 3     | 0.9975       | 0.9865       | -0.0111   
5028->5794           | 3     | 0.9975       | 1.0000       | 0.0025    
5200->6152           | 3     | 0.9975       | 1.0000       | 0.0025    
5058->5059           | 3     | 0.9975       | 0.9911       | -0.0064   
5346->5797           | 3     | 0.9975       | 0.9180       | -0.0795   
5415->6139           | 3     | 0.9975       | 0.9998       | 0.0023    
7475->7144           | 3     | 0.9975       | 0.9772       | -0.0204   
7673->7147           | 3     | 0.9975       | 1.0000       | 0.0025    
7484->7217           | 3     | 0.9975       | 1.0000       | 0.0025    
7254->5316           | 3     | 0.9975       | 1.0000       | 0.0025    
6758->7552           | 3     | 0.9975       | 0.1532       | -0.8443   
6753->7071           | 3     | 0.9975       | 1.0000       | 0.0025    
7071->7072           | 3     | 0.9975       | 1.0000       | 0.0025    
7072->7460           | 3     | 0.9975       | 1.0000       | 0.0025    
7241->7304           | 3     | 0.9975       | 1.0000       | 0.0025    
7355->7481           | 3     | 0.9975       | 0.9999       | 0.0023    
7173->6847           | 3     | 0.9975       | 1.0000       | 0.0025    
6813->7431           | 3     | 0.9975       | 0.9888       | -0.0087   
6847->7590           | 3     | 0.9975       | 1.0000       | 0.0025    
7358->7463           | 3     | 0.9975       | 1.0000       | 0.0025    
6832->7395           | 3     | 0.9975       | 0.9978       | 0.0002    
7899->7877           | 3     | 0.9975       | 0.9999       | 0.0023    
7016->7751           | 3     | 0.9975       | 0.9516       | -0.0460   
7697->7092           | 3     | 0.9975       | 0.9992       | 0.0016    
8009->7768           | 3     | 0.9975       | 1.0000       | 0.0025    
7796->7842           | 3     | 0.9975       | 1.0000       | 0.0025    
7715->6923           | 3     | 0.9975       | 1.0000       | 0.0025    
6949->7999           | 3     | 0.9975       | 0.9402       | -0.0573   
6923->7046           | 3     | 0.9975       | 1.0000       | 0.0025    
7046->7969           | 3     | 0.9975       | 1.0000       | 0.0025    
7848->7914           | 3     | 0.9975       | 1.0000       | 0.0025    
6994->6995           | 3     | 0.9975       | 1.0000       | 0.0025    
7996->6969           | 3     | 0.9975       | 1.0000       | 0.0025    
6969->7790           | 3     | 0.9975       | 1.0000       | 0.0025    
7663->7500           | 2     | 0.9993       | 0.5919       | -0.4074   
7383->7451           | 2     | 0.9993       | 1.0000       | 0.0007    
7608->7410           | 2     | 0.9993       | 0.9996       | 0.0004    
6079->5478           | 2     | 0.9993       | 1.0000       | 0.0007    
5472->5578           | 2     | 0.9993       | 0.9999       | 0.0007    
4890->5699           | 2     | 0.9993       | 1.0000       | 0.0007    
5016->6231           | 2     | 0.9993       | 0.4794       | -0.5199   
4949->4926           | 2     | 0.9993       | 1.0000       | 0.0007    
4926->6221           | 2     | 0.9993       | 1.0000       | 0.0007    
5871->6210           | 2     | 0.9993       | 1.0000       | 0.0007    
5910->6103           | 2     | 0.9993       | 1.0000       | 0.0007    
6191->5721           | 2     | 0.9993       | 0.3552       | -0.6440   
6319->6260           | 2     | 0.9993       | 1.0000       | 0.0007    
8022->8026           | 2     | 0.9993       | 1.0000       | 0.0007    
5922->5511           | 2     | 0.9993       | 1.0000       | 0.0007    
5340->5165           | 2     | 0.9993       | 0.8478       | -0.1515   
5165->5164           | 2     | 0.9993       | 0.8478       | -0.1515   
5164->6200           | 2     | 0.9993       | 0.8478       | -0.1515   
6028->6088           | 2     | 0.9993       | 1.0000       | 0.0007    
5822->5430           | 2     | 0.9993       | 1.0000       | 0.0007    
5119->5120           | 2     | 0.9993       | 1.0000       | 0.0007    
5825->5121           | 2     | 0.9993       | 1.0000       | 0.0007    
5120->5535           | 2     | 0.9993       | 1.0000       | 0.0007    
5992->5591           | 2     | 0.9993       | 1.0000       | 0.0007    
6016->5874           | 2     | 0.9993       | 1.0000       | 0.0007    
6323->5702           | 2     | 0.9993       | 1.0000       | 0.0007    
5121->5816           | 2     | 0.9993       | 1.0000       | 0.0007    
5794->5029           | 2     | 0.9993       | 1.0000       | 0.0007    
6152->5844           | 2     | 0.9993       | 1.0000       | 0.0007    
5059->5060           | 2     | 0.9993       | 1.0000       | 0.0007    
5064->5810           | 2     | 0.9993       | 0.0100       | -0.9893   
5060->5061           | 2     | 0.9993       | 1.0000       | 0.0007    
5061->5548           | 2     | 0.9993       | 1.0000       | 0.0007    
5797->5980           | 2     | 0.9993       | 1.0000       | 0.0007    
6139->5696           | 2     | 0.9993       | 1.0000       | 0.0007    
7144->6795           | 2     | 0.9993       | 1.0000       | 0.0007    
7147->7581           | 2     | 0.9993       | 1.0000       | 0.0007    
7217->6860           | 2     | 0.9993       | 1.0000       | 0.0007    
6884->7535           | 2     | 0.9993       | 0.8278       | -0.1715   
6860->7153           | 2     | 0.9993       | 1.0000       | 0.0007    
5316->5675           | 2     | 0.9993       | 1.0000       | 0.0007    
7552->7651           | 2     | 0.9993       | 0.2570       | -0.7422   
7460->7073           | 2     | 0.9993       | 1.0000       | 0.0007    
7073->7211           | 2     | 0.9993       | 1.0000       | 0.0007    
7304->7513           | 2     | 0.9993       | 1.0000       | 0.0007    
7481->6811           | 2     | 0.9993       | 1.0000       | 0.0007    
7431->7522           | 2     | 0.9993       | 1.0000       | 0.0007    
6811->7525           | 2     | 0.9993       | 1.0000       | 0.0007    
7590->6846           | 2     | 0.9993       | 1.0000       | 0.0007    
6846->6845           | 2     | 0.9993       | 1.0000       | 0.0007    
6832->7425           | 2     | 0.9993       | 0.9993       | 0.0001    
6845->7621           | 2     | 0.9993       | 1.0000       | 0.0007    
7463->7322           | 2     | 0.9993       | 1.0000       | 0.0007    
7395->7670           | 2     | 0.9993       | 1.0000       | 0.0007    
7035->7826           | 2     | 0.9993       | 0.9974       | -0.0018   
7877->7990           | 2     | 0.9993       | 1.0000       | 0.0007    
7751->7015           | 2     | 0.9993       | 1.0000       | 0.0007    
7015->7014           | 2     | 0.9993       | 1.0000       | 0.0007    
7014->7833           | 2     | 0.9993       | 1.0000       | 0.0007    
7768->7906           | 2     | 0.9993       | 1.0000       | 0.0007    
7842->7700           | 2     | 0.9993       | 1.0000       | 0.0007    
7999->6950           | 2     | 0.9993       | 1.0000       | 0.0007    
6950->7754           | 2     | 0.9993       | 1.0000       | 0.0007    
7969->7045           | 2     | 0.9993       | 1.0000       | 0.0007    
7914->7854           | 2     | 0.9993       | 1.0000       | 0.0007    
7045->7044           | 2     | 0.9993       | 1.0000       | 0.0007    
6988->7866           | 2     | 0.9993       | 0.9861       | -0.0131   
6995->6996           | 2     | 0.9993       | 1.0000       | 0.0007    
7790->6970           | 2     | 0.9993       | 1.0000       | 0.0007    
6970->7817           | 2     | 0.9993       | 1.0000       | 0.0007    
--------------------------------------------------------------------------------
Mean |Deviation|: 0.0597
Max  |Deviation|: 0.9893
================================================================================

LEAF EDGES (n_consumers = 1): 778 edges
--------------------------------------------------------------------------------
These edges were NOT optimized. By definition:
  - Target simultaneity g(n) = 1.0
  - Achieved simultaneity = 1.0
  - Deviation = 0.0
================================================================================


================================================================================
DEVIATION ANALYSIS BY EDGE SIZE
================================================================================

Single consumer (not optimized):
  Count: 778
  Mean deviation: 0.0000
  Mean |deviation|: 0.0000
  Max |deviation|: 0.0000
  Std dev: 0.0000

Very small (2-10):
  Count: 353
  Mean deviation: -0.0546
  Mean |deviation|: 0.0589
  Max |deviation|: 0.9893
  Std dev: 0.1404

Small (11-50):
  Count: 266
  Mean deviation: -0.0770
  Mean |deviation|: 0.0827
  Max |deviation|: 0.3700
  Std dev: 0.0933

Medium (51-100):
  Count: 57
  Mean deviation: -0.0107
  Mean |deviation|: 0.0475
  Max |deviation|: 0.1655
  Std dev: 0.0570

Large (101-200):
  Count: 34
  Mean deviation: 0.0244
  Mean |deviation|: 0.0292
  Max |deviation|: 0.0746
  Std dev: 0.0282

Very large (201-500):
  Count: 54
  Mean deviation: 0.0114
  Mean |deviation|: 0.0116
  Max |deviation|: 0.0256
  Std dev: 0.0080

Huge (500+):
  Count: 52
  Mean deviation: 0.0304
  Mean |deviation|: 0.0304
  Max |deviation|: 0.0541
  Std dev: 0.0110

================================================================================

Network size range: 2 to 692 consumers
Using problem range: 40-60
Saved enhanced verification plot to output/comprehensive_analysis/demoVerbundnetz_SimulationNeu/steady_state_v4/verification_demoVerbundnetz_SimulationNeu_v4.png

Total execution time: 87.96 seconds
Results saved to: output/comprehensive_analysis/demoVerbundnetz_SimulationNeu/steady_state_v4

=== STDERR ===
