Loading network for case 'demoVerbundnetz_SimulationNeu' from data/test_scenarios/complex/demoVerbundnetz_SimulationNeu.vicus...
Loading VICUS file: data/test_scenarios/complex/demoVerbundnetz_SimulationNeu.vicus
Parsed Simultaneity Spline: 63 points.
data/test_scenarios/complex/demoVerbundnetz_SimulationNeu.vicus
Found peak day: day 24 (hours 552-575) with peak=7400.0000
Force-selected profile: Residential_SingleFamily_HeatingLoad.tsv (peak day extraction, resampled to 96 steps)
Peak day profile plot saved to output/peak_day_profile.png
Created 692 consumers and 1594 relevant optimization edges.

--- Starting Optimization using Scheme 'v4' for demoVerbundnetz_SimulationNeu ---
Initial weighted error (using v4): 1580050.223118
Average target simultaneity: 0.8569
  Iter 0: Obj=1580050.931272 (Fit: 1580050.223118, Reg: 0.708153) | LR: 0.000000
  Iter 200: Obj=28082.221430 (Fit: 28076.715229, Reg: 5.506201) | LR: 0.000019
  Iter 400: Obj=21020.439705 (Fit: 21012.210345, Reg: 8.229360) | LR: 0.000023
  Iter 600: Obj=20016.983329 (Fit: 20007.809095, Reg: 9.174233) | LR: 0.000024
  Iter 800: Obj=19776.572700 (Fit: 19767.022962, Reg: 9.549737) | LR: 0.000024
  Iter 1000: Obj=19691.743979 (Fit: 19682.007961, Reg: 9.736018) | LR: 0.000024
  Iter 1200: Obj=19642.411830 (Fit: 19632.532340, Reg: 9.879490) | LR: 0.000024
  Iter 1400: Obj=19608.850586 (Fit: 19598.855666, Reg: 9.994920) | LR: 0.000024
  Iter 1600: Obj=19590.321138 (Fit: 19580.249037, Reg: 10.072101) | LR: 0.000024
  Iter 1800: Obj=19578.203575 (Fit: 19568.071201, Reg: 10.132374) | LR: 0.000024
Final Error: 19571.993354

================================================================================
OPTIMIZATION RESULTS
================================================================================

OPTIMIZED EDGES (n_consumers > 1): 816 edges
--------------------------------------------------------------------------------
Edge ID              | n_e   | Target g(n)  | Achieved g   | Deviation 
--------------------------------------------------------------------------------
5266->5289           | 692   | 0.4759       | 0.5253       | 0.0495    
5289->5290           | 692   | 0.4759       | 0.5253       | 0.0495    
5290->7114           | 692   | 0.4759       | 0.5253       | 0.0495    
7114->5291           | 680   | 0.4759       | 0.5091       | 0.0332    
5291->5292           | 680   | 0.4759       | 0.5091       | 0.0332    
5292->7137           | 680   | 0.4759       | 0.5091       | 0.0332    
7137->7117           | 677   | 0.4759       | 0.5108       | 0.0349    
7117->5293           | 670   | 0.4759       | 0.5039       | 0.0280    
5293->5302           | 670   | 0.4759       | 0.5039       | 0.0280    
5302->4858           | 669   | 0.4759       | 0.5047       | 0.0289    
4858->5791           | 669   | 0.4759       | 0.5047       | 0.0289    
5791->5652           | 668   | 0.4759       | 0.5049       | 0.0291    
5652->5457           | 667   | 0.4759       | 0.5052       | 0.0293    
5457->4859           | 666   | 0.4759       | 0.5054       | 0.0295    
4859->4860           | 666   | 0.4759       | 0.5054       | 0.0295    
4860->4861           | 666   | 0.4759       | 0.5054       | 0.0295    
4861->5328           | 665   | 0.4759       | 0.5057       | 0.0298    
5328->4862           | 664   | 0.4759       | 0.5059       | 0.0301    
4862->5514           | 664   | 0.4759       | 0.5059       | 0.0301    
5514->5672           | 663   | 0.4759       | 0.5062       | 0.0303    
5672->4863           | 662   | 0.4759       | 0.5064       | 0.0306    
4863->5772           | 661   | 0.4759       | 0.5067       | 0.0308    
5772->6109           | 660   | 0.4759       | 0.5070       | 0.0311    
6109->6241           | 659   | 0.4759       | 0.5072       | 0.0314    
6241->4864           | 658   | 0.4759       | 0.5075       | 0.0316    
4864->6234           | 658   | 0.4759       | 0.5075       | 0.0316    
6234->5581           | 657   | 0.4759       | 0.5078       | 0.0319    
5581->6188           | 656   | 0.4759       | 0.5081       | 0.0322    
6188->6316           | 655   | 0.4759       | 0.5084       | 0.0325    
6316->5603           | 654   | 0.4759       | 0.5087       | 0.0329    
5603->5986           | 653   | 0.4759       | 0.5091       | 0.0333    
5986->5947           | 652   | 0.4759       | 0.5094       | 0.0336    
5947->4865           | 651   | 0.4759       | 0.5097       | 0.0339    
4865->4919           | 650   | 0.4759       | 0.5100       | 0.0341    
4919->5334           | 545   | 0.4759       | 0.4953       | 0.0194    
5334->5392           | 544   | 0.4759       | 0.4955       | 0.0196    
5392->5859           | 543   | 0.4759       | 0.4959       | 0.0201    
5859->5681           | 542   | 0.4759       | 0.4964       | 0.0205    
5681->4905           | 541   | 0.4759       | 0.4968       | 0.0210    
4905->5678           | 523   | 0.4759       | 0.4931       | 0.0172    
5678->4866           | 522   | 0.4759       | 0.4933       | 0.0175    
4866->4941           | 522   | 0.4759       | 0.4933       | 0.0175    
4941->6228           | 509   | 0.4759       | 0.4888       | 0.0130    
6228->4928           | 508   | 0.4759       | 0.4894       | 0.0135    
4928->5724           | 508   | 0.4759       | 0.4894       | 0.0135    
5724->6332           | 507   | 0.4759       | 0.4896       | 0.0137    
6332->5445           | 506   | 0.4759       | 0.4898       | 0.0139    
5445->5418           | 505   | 0.4759       | 0.4900       | 0.0142    
5418->4929           | 504   | 0.4759       | 0.4903       | 0.0144    
4929->4930           | 504   | 0.4759       | 0.4903       | 0.0144    
4930->4988           | 504   | 0.4759       | 0.4903       | 0.0144    
4988->5005           | 504   | 0.4759       | 0.4903       | 0.0144    
5005->5766           | 488   | 0.4759       | 0.4873       | 0.0115    
5766->5639           | 487   | 0.4759       | 0.4878       | 0.0120    
5639->6158           | 486   | 0.4759       | 0.4921       | 0.0162    
6158->4964           | 485   | 0.4759       | 0.4926       | 0.0167    
4964->5636           | 403   | 0.4759       | 0.4727       | -0.0032   
5636->6278           | 402   | 0.4759       | 0.4735       | -0.0024   
6278->5962           | 401   | 0.4759       | 0.4741       | -0.0018   
5962->5705           | 400   | 0.4759       | 0.4746       | -0.0012   
5705->5883           | 399   | 0.4759       | 0.4755       | -0.0004   
5883->6067           | 398   | 0.4759       | 0.4760       | 0.0001    
6067->5856           | 397   | 0.4759       | 0.4767       | 0.0008    
5856->5968           | 396   | 0.4759       | 0.4775       | 0.0016    
5968->6326           | 395   | 0.4759       | 0.4780       | 0.0022    
6326->5554           | 394   | 0.4759       | 0.4785       | 0.0027    
5554->6047           | 393   | 0.4759       | 0.4788       | 0.0030    
6047->5718           | 392   | 0.4759       | 0.4791       | 0.0033    
5718->5633           | 391   | 0.4759       | 0.4795       | 0.0036    
5633->5545           | 390   | 0.4759       | 0.4801       | 0.0042    
5545->5310           | 389   | 0.4759       | 0.4806       | 0.0047    
5310->6329           | 388   | 0.4759       | 0.4819       | 0.0060    
6329->5557           | 387   | 0.4759       | 0.4824       | 0.0066    
5557->6112           | 385   | 0.4759       | 0.4849       | 0.0090    
6112->6058           | 384   | 0.4759       | 0.4853       | 0.0094    
6058->4963           | 383   | 0.4759       | 0.4863       | 0.0104    
4963->6263           | 346   | 0.4759       | 0.4776       | 0.0017    
6263->5551           | 345   | 0.4759       | 0.4783       | 0.0024    
5551->5977           | 344   | 0.4759       | 0.4795       | 0.0036    
5977->5690           | 343   | 0.4759       | 0.4801       | 0.0043    
5690->5034           | 342   | 0.4759       | 0.4811       | 0.0052    
5034->5832           | 338   | 0.4759       | 0.4808       | 0.0050    
5832->6167           | 337   | 0.4759       | 0.4818       | 0.0060    
6167->5898           | 336   | 0.4759       | 0.4833       | 0.0074    
5898->5928           | 335   | 0.4759       | 0.4857       | 0.0098    
5928->6247           | 334   | 0.4759       | 0.4864       | 0.0105    
6247->5033           | 333   | 0.4759       | 0.4873       | 0.0114    
5033->6143           | 332   | 0.4759       | 0.4882       | 0.0123    
6143->6301           | 331   | 0.4759       | 0.4897       | 0.0138    
6301->5032           | 330   | 0.4759       | 0.4904       | 0.0146    
5032->5031           | 329   | 0.4759       | 0.4916       | 0.0157    
5031->5178           | 329   | 0.4759       | 0.4916       | 0.0157    
5178->5066           | 329   | 0.4759       | 0.4916       | 0.0157    
5066->5065           | 324   | 0.4759       | 0.4914       | 0.0155    
5065->5901           | 324   | 0.4759       | 0.4914       | 0.0155    
5901->6070           | 323   | 0.4759       | 0.4939       | 0.0180    
6070->5880           | 322   | 0.4759       | 0.4945       | 0.0186    
5880->5064           | 321   | 0.4759       | 0.4950       | 0.0191    
5064->6082           | 314   | 0.4759       | 0.4976       | 0.0217    
6082->5231           | 313   | 0.4759       | 0.4983       | 0.0224    
5231->5232           | 313   | 0.4759       | 0.4983       | 0.0224    
5232->5233           | 313   | 0.4759       | 0.4983       | 0.0224    
5233->5234           | 313   | 0.4759       | 0.4983       | 0.0224    
5234->7494           | 250   | 0.4842       | 0.4943       | 0.0101    
7494->5361           | 249   | 0.4844       | 0.4971       | 0.0127    
5361->5235           | 248   | 0.4846       | 0.4999       | 0.0153    
5235->5373           | 199   | 0.4997       | 0.4995       | -0.0002   
5373->5600           | 198   | 0.5001       | 0.5064       | 0.0063    
5600->6284           | 197   | 0.5005       | 0.5089       | 0.0084    
6284->5819           | 196   | 0.5009       | 0.5113       | 0.0103    
5819->5236           | 195   | 0.5014       | 0.5137       | 0.0123    
5236->5262           | 195   | 0.5014       | 0.5137       | 0.0123    
5262->5257           | 165   | 0.5169       | 0.4953       | -0.0216   
5257->6296           | 165   | 0.5169       | 0.4953       | -0.0216   
6296->6338           | 164   | 0.5175       | 0.4983       | -0.0193   
6338->5853           | 163   | 0.5182       | 0.5019       | -0.0163   
5853->5974           | 162   | 0.5188       | 0.5065       | -0.0123   
5974->7441           | 161   | 0.5195       | 0.5122       | -0.0073   
7441->7386           | 160   | 0.5202       | 0.5156       | -0.0046   
7386->7285           | 159   | 0.5209       | 0.5190       | -0.0018   
7285->7370           | 158   | 0.5215       | 0.5246       | 0.0030    
7370->6777           | 157   | 0.5222       | 0.5338       | 0.0116    
6777->7545           | 157   | 0.5222       | 0.5338       | 0.0116    
7545->7434           | 156   | 0.5230       | 0.5384       | 0.0154    
7434->7611           | 155   | 0.5237       | 0.5441       | 0.0204    
7611->6776           | 154   | 0.5244       | 0.5510       | 0.0266    
6776->6758           | 139   | 0.5369       | 0.5480       | 0.0111    
6758->7343           | 136   | 0.5397       | 0.5564       | 0.0166    
7343->7578           | 135   | 0.5407       | 0.5658       | 0.0251    
7578->7273           | 134   | 0.5417       | 0.5707       | 0.0290    
7273->7176           | 133   | 0.5427       | 0.5762       | 0.0335    
7176->6757           | 132   | 0.5438       | 0.5800       | 0.0363    
6757->6889           | 124   | 0.5527       | 0.5854       | 0.0327    
6889->6890           | 124   | 0.5527       | 0.5854       | 0.0327    
4919->6115           | 105   | 0.5795       | 0.6122       | 0.0327    
6115->4892           | 104   | 0.5812       | 0.6147       | 0.0335    
4892->5355           | 104   | 0.5812       | 0.6147       | 0.0335    
5355->6127           | 103   | 0.5829       | 0.6179       | 0.0350    
6127->5847           | 102   | 0.5847       | 0.6205       | 0.0358    
5847->6250           | 101   | 0.5864       | 0.6230       | 0.0366    
6250->6085           | 100   | 0.5882       | 0.6252       | 0.0370    
6085->5645           | 99    | 0.5901       | 0.6278       | 0.0377    
5645->6275           | 98    | 0.5920       | 0.6300       | 0.0381    
6275->5868           | 97    | 0.5939       | 0.6337       | 0.0398    
5868->4891           | 96    | 0.5958       | 0.6360       | 0.0401    
4891->4954           | 91    | 0.6062       | 0.6376       | 0.0314    
4954->4983           | 91    | 0.6062       | 0.6376       | 0.0314    
4964->5895           | 82    | 0.6276       | 0.5969       | -0.0307   
5895->6293           | 81    | 0.6302       | 0.6027       | -0.0275   
6293->5712           | 80    | 0.6328       | 0.6082       | -0.0246   
5712->5813           | 79    | 0.6356       | 0.6147       | -0.0208   
5813->5800           | 78    | 0.6383       | 0.6213       | -0.0170   
5800->5612           | 77    | 0.6412       | 0.6240       | -0.0172   
5612->5098           | 76    | 0.6441       | 0.6282       | -0.0159   
5098->6197           | 76    | 0.6441       | 0.6282       | -0.0159   
6197->5097           | 75    | 0.6470       | 0.6319       | -0.0151   
6890->7706           | 74    | 0.6500       | 0.6019       | -0.0481   
7706->7765           | 72    | 0.6562       | 0.6177       | -0.0385   
7765->7954           | 71    | 0.6594       | 0.6186       | -0.0408   
7954->6891           | 70    | 0.6627       | 0.6221       | -0.0405   
4983->4955           | 69    | 0.6660       | 0.6301       | -0.0359   
4955->4956           | 69    | 0.6660       | 0.6301       | -0.0359   
4956->4957           | 69    | 0.6660       | 0.6301       | -0.0359   
4957->5925           | 69    | 0.6660       | 0.6301       | -0.0359   
5925->4958           | 68    | 0.6694       | 0.6341       | -0.0352   
4958->6344           | 68    | 0.6694       | 0.6341       | -0.0352   
6344->4959           | 67    | 0.6728       | 0.6385       | -0.0344   
4959->6013           | 67    | 0.6728       | 0.6385       | -0.0344   
6013->5395           | 66    | 0.6764       | 0.6429       | -0.0335   
5395->5383           | 65    | 0.6800       | 0.6584       | -0.0216   
5383->6133           | 63    | 0.6874       | 0.6652       | -0.0222   
5234->7310           | 63    | 0.6874       | 0.5229       | -0.1645   
6133->5487           | 62    | 0.6912       | 0.6694       | -0.0218   
5487->5404           | 61    | 0.6951       | 0.6782       | -0.0169   
7310->7266           | 61    | 0.6951       | 0.5740       | -0.1211   
5404->4960           | 60    | 0.6991       | 0.6824       | -0.0167   
4960->5343           | 60    | 0.6991       | 0.6824       | -0.0167   
7266->7352           | 60    | 0.6991       | 0.5930       | -0.1061   
5343->5737           | 59    | 0.7031       | 0.6871       | -0.0161   
5097->5111           | 59    | 0.7031       | 0.6259       | -0.0772   
5111->5112           | 59    | 0.7031       | 0.6259       | -0.0772   
5112->5782           | 59    | 0.7031       | 0.6259       | -0.0772   
7352->7251           | 59    | 0.7031       | 0.6202       | -0.0830   
5737->6040           | 58    | 0.7073       | 0.7118       | 0.0046    
5782->5642           | 58    | 0.7073       | 0.6323       | -0.0750   
7251->7166           | 58    | 0.7073       | 0.6245       | -0.0827   
6040->6253           | 57    | 0.7115       | 0.7179       | 0.0064    
7166->7478           | 57    | 0.7115       | 0.6317       | -0.0798   
6253->4961           | 56    | 0.7158       | 0.7212       | 0.0055    
5642->6170           | 56    | 0.7158       | 0.6438       | -0.0720   
7478->7466           | 56    | 0.7158       | 0.6361       | -0.0796   
6170->5460           | 55    | 0.7201       | 0.6504       | -0.0698   
7466->6794           | 55    | 0.7201       | 0.6403       | -0.0798   
6794->6827           | 55    | 0.7201       | 0.6403       | -0.0798   
5460->6064           | 54    | 0.7246       | 0.6595       | -0.0651   
6064->5113           | 53    | 0.7291       | 0.6810       | -0.0481   
5113->5154           | 53    | 0.7291       | 0.6810       | -0.0481   
5235->7156           | 49    | 0.7481       | 0.5014       | -0.2467   
6827->7422           | 49    | 0.7481       | 0.6834       | -0.0648   
7156->7488           | 48    | 0.7531       | 0.5175       | -0.2356   
7488->7201           | 47    | 0.7582       | 0.5309       | -0.2272   
7422->7226           | 47    | 0.7582       | 0.7034       | -0.0547   
7201->7636           | 46    | 0.7633       | 0.5478       | -0.2155   
7226->6806           | 46    | 0.7633       | 0.7152       | -0.0481   
6806->7575           | 46    | 0.7633       | 0.7152       | -0.0481   
7636->7179           | 45    | 0.7685       | 0.5718       | -0.1967   
7575->7401           | 45    | 0.7685       | 0.7214       | -0.0471   
7179->7282           | 44    | 0.7738       | 0.5920       | -0.1818   
7401->7584           | 44    | 0.7738       | 0.7614       | -0.0125   
7282->7288           | 43    | 0.7792       | 0.6129       | -0.1663   
7584->7316           | 43    | 0.7792       | 0.7765       | -0.0028   
7288->7497           | 42    | 0.7847       | 0.6437       | -0.1410   
7497->7507           | 41    | 0.7903       | 0.6610       | -0.1292   
7316->7205           | 41    | 0.7903       | 0.7930       | 0.0028    
7507->6881           | 40    | 0.7959       | 0.6789       | -0.1170   
7205->6807           | 40    | 0.7959       | 0.8062       | 0.0103    
6807->6884           | 39    | 0.8016       | 0.8366       | 0.0350    
6891->7896           | 37    | 0.8132       | 0.6139       | -0.1993   
7896->6892           | 36    | 0.8192       | 0.6223       | -0.1969   
6892->6893           | 36    | 0.8192       | 0.6223       | -0.1969   
6893->7966           | 35    | 0.8252       | 0.6327       | -0.1925   
4963->5401           | 34    | 0.8312       | 0.6949       | -0.1363   
7966->6894           | 34    | 0.8312       | 0.6437       | -0.1875   
6894->8005           | 34    | 0.8312       | 0.6437       | -0.1875   
5401->5566           | 33    | 0.8374       | 0.7188       | -0.1186   
6881->6784           | 33    | 0.8374       | 0.7164       | -0.1210   
6891->7775           | 33    | 0.8374       | 0.6338       | -0.2036   
8005->6895           | 33    | 0.8374       | 0.6859       | -0.1515   
6895->6896           | 33    | 0.8374       | 0.6859       | -0.1515   
6896->6897           | 33    | 0.8374       | 0.6859       | -0.1515   
6897->7009           | 33    | 0.8374       | 0.6859       | -0.1515   
5566->5989           | 32    | 0.8435       | 0.7366       | -0.1069   
7775->7709           | 32    | 0.8435       | 0.6491       | -0.1944   
7009->6898           | 32    | 0.8435       | 0.7243       | -0.1192   
4961->5995           | 31    | 0.8497       | 0.7199       | -0.1298   
5989->5194           | 31    | 0.8497       | 0.7638       | -0.0860   
7709->8002           | 31    | 0.8497       | 0.6660       | -0.1837   
5995->5322           | 30    | 0.8560       | 0.7375       | -0.1185   
5262->6287           | 30    | 0.8560       | 0.5970       | -0.2590   
8002->6933           | 30    | 0.8560       | 0.6773       | -0.1787   
6933->7926           | 30    | 0.8560       | 0.6773       | -0.1787   
5322->5325           | 29    | 0.8623       | 0.7551       | -0.1072   
6287->5454           | 29    | 0.8623       | 0.6127       | -0.2496   
6784->7593           | 29    | 0.8623       | 0.7347       | -0.1276   
7926->7038           | 29    | 0.8623       | 0.7134       | -0.1489   
5325->6118           | 28    | 0.8686       | 0.7694       | -0.0993   
5154->5807           | 28    | 0.8686       | 0.6700       | -0.1986   
5454->5666           | 28    | 0.8686       | 0.6292       | -0.2395   
7593->7605           | 28    | 0.8686       | 0.7941       | -0.0745   
6898->7845           | 28    | 0.8686       | 0.7105       | -0.1581   
6118->4962           | 27    | 0.8749       | 0.7845       | -0.0904   
4962->5496           | 27    | 0.8749       | 0.7845       | -0.0904   
5807->5841           | 27    | 0.8749       | 0.7416       | -0.1334   
5666->5237           | 27    | 0.8749       | 0.6588       | -0.2161   
5237->5502           | 27    | 0.8749       | 0.6588       | -0.2161   
7605->7182           | 27    | 0.8749       | 0.8474       | -0.0276   
7845->7830           | 27    | 0.8749       | 0.7747       | -0.1002   
5496->5788           | 26    | 0.8813       | 0.8083       | -0.0730   
5841->6335           | 26    | 0.8813       | 0.7770       | -0.1043   
5502->5238           | 26    | 0.8813       | 0.6862       | -0.1951   
5238->5239           | 26    | 0.8813       | 0.6862       | -0.1951   
5239->5240           | 26    | 0.8813       | 0.6862       | -0.1951   
7182->7548           | 26    | 0.8813       | 0.8524       | -0.0289   
7830->7960           | 26    | 0.8813       | 0.7905       | -0.0908   
4961->5594           | 25    | 0.8876       | 0.7221       | -0.1656   
5788->5569           | 25    | 0.8876       | 0.8293       | -0.0583   
5154->5421           | 25    | 0.8876       | 0.7011       | -0.1865   
6335->5526           | 25    | 0.8876       | 0.7852       | -0.1024   
7548->7270           | 25    | 0.8876       | 0.8651       | -0.0225   
6890->7055           | 25    | 0.8876       | 0.6560       | -0.2317   
6890->7745           | 25    | 0.8876       | 0.5066       | -0.3810   
7055->7739           | 25    | 0.8876       | 0.6560       | -0.2317   
7960->7787           | 25    | 0.8876       | 0.8064       | -0.0812   
5594->5508           | 24    | 0.8940       | 0.7313       | -0.1627   
5569->5216           | 24    | 0.8940       | 0.8529       | -0.0411   
5421->5693           | 24    | 0.8940       | 0.7307       | -0.1633   
5526->5469           | 24    | 0.8940       | 0.7988       | -0.0951   
7270->7419           | 24    | 0.8940       | 0.9028       | 0.0088    
7745->7851           | 24    | 0.8940       | 0.5330       | -0.3610   
7739->7688           | 24    | 0.8940       | 0.6766       | -0.2174   
7787->7781           | 24    | 0.8940       | 0.8152       | -0.0788   
5508->6001           | 23    | 0.9003       | 0.7373       | -0.1630   
5693->5877           | 23    | 0.9003       | 0.7795       | -0.1208   
5469->5114           | 23    | 0.9003       | 0.8306       | -0.0697   
7419->7189           | 23    | 0.9003       | 0.9070       | 0.0067    
7851->7757           | 23    | 0.9003       | 0.5434       | -0.3569   
7688->7056           | 23    | 0.9003       | 0.6943       | -0.2060   
7781->7784           | 23    | 0.9003       | 0.8468       | -0.0535   
4983->5835           | 22    | 0.9066       | 0.6866       | -0.2200   
6001->5389           | 22    | 0.9066       | 0.7474       | -0.1592   
5877->5358           | 22    | 0.9066       | 0.8274       | -0.0792   
7189->7555           | 22    | 0.9066       | 0.9074       | 0.0008    
7757->6917           | 22    | 0.9066       | 0.6285       | -0.2781   
7056->7771           | 22    | 0.9066       | 0.7191       | -0.1875   
6917->7823           | 22    | 0.9066       | 0.6285       | -0.2781   
7784->6899           | 22    | 0.9066       | 0.9041       | -0.0025   
6899->6960           | 22    | 0.9066       | 0.9041       | -0.0025   
5835->5016           | 21    | 0.9128       | 0.7153       | -0.1975   
5389->5021           | 21    | 0.9128       | 0.7611       | -0.1517   
5021->6124           | 21    | 0.9128       | 0.7611       | -0.1517   
5358->5886           | 21    | 0.9128       | 0.8916       | -0.0212   
6884->6861           | 21    | 0.9128       | 0.8186       | -0.0942   
6861->7666           | 21    | 0.9128       | 0.8186       | -0.0942   
7555->7170           | 21    | 0.9128       | 0.9094       | -0.0034   
7771->7057           | 21    | 0.9128       | 0.7501       | -0.1628   
7823->7911           | 21    | 0.9128       | 0.6449       | -0.2679   
6124->5022           | 20    | 0.9190       | 0.7713       | -0.1477   
5022->5319           | 20    | 0.9190       | 0.7713       | -0.1477   
5886->5127           | 20    | 0.9190       | 0.9474       | 0.0284    
5114->5115           | 20    | 0.9190       | 0.8572       | -0.0618   
5115->6266           | 20    | 0.9190       | 0.8572       | -0.0618   
7666->7349           | 20    | 0.9190       | 0.9016       | -0.0174   
7170->7331           | 20    | 0.9190       | 0.9103       | -0.0087   
7057->7058           | 20    | 0.9190       | 0.7787       | -0.1403   
7911->7691           | 20    | 0.9190       | 0.6642       | -0.2548   
7058->7920           | 20    | 0.9190       | 0.7787       | -0.1403   
5016->5523           | 19    | 0.9251       | 0.7682       | -0.1569   
5319->6055           | 19    | 0.9251       | 0.7877       | -0.1374   
5216->6281           | 19    | 0.9251       | 0.8658       | -0.0593   
5194->5053           | 19    | 0.9251       | 0.7598       | -0.1653   
5053->5935           | 19    | 0.9251       | 0.7598       | -0.1653   
6266->6149           | 19    | 0.9251       | 0.8907       | -0.0344   
7349->7676           | 19    | 0.9251       | 0.9296       | 0.0045    
7331->7361           | 19    | 0.9251       | 0.9257       | 0.0006    
7691->6918           | 19    | 0.9251       | 0.7011       | -0.2240   
7920->7984           | 19    | 0.9251       | 0.8119       | -0.1132   
5523->5618           | 18    | 0.9311       | 0.8301       | -0.1010   
6055->5411           | 18    | 0.9311       | 0.7976       | -0.1335   
6281->6194           | 18    | 0.9311       | 0.8761       | -0.0551   
5935->5715           | 18    | 0.9311       | 0.8042       | -0.1269   
6149->5828           | 18    | 0.9311       | 0.9055       | -0.0257   
7676->6862           | 18    | 0.9311       | 0.9325       | 0.0014    
6862->7596           | 18    | 0.9311       | 0.9325       | 0.0014    
7361->7654           | 18    | 0.9311       | 0.9398       | 0.0086    
6918->7863           | 18    | 0.9311       | 0.7435       | -0.1876   
7984->7880           | 18    | 0.9311       | 0.8699       | -0.0612   
6960->6947           | 18    | 0.9311       | 0.9135       | -0.0177   
6947->6948           | 18    | 0.9311       | 0.9135       | -0.0177   
6948->6949           | 18    | 0.9311       | 0.9135       | -0.0177   
5618->4993           | 17    | 0.9370       | 0.9066       | -0.0304   
4993->5621           | 17    | 0.9370       | 0.9066       | -0.0304   
5411->6164           | 17    | 0.9370       | 0.8172       | -0.1198   
6194->5205           | 17    | 0.9370       | 0.9419       | 0.0048    
5205->6290           | 17    | 0.9370       | 0.9419       | 0.0048    
5828->5116           | 17    | 0.9370       | 0.9328       | -0.0043   
5116->6037           | 17    | 0.9370       | 0.9328       | -0.0043   
5240->6748           | 17    | 0.9370       | 0.7557       | -0.1813   
7596->7472           | 17    | 0.9370       | 0.9325       | -0.0046   
7654->7244           | 17    | 0.9370       | 0.9399       | 0.0028    
7863->7733           | 17    | 0.9370       | 0.7687       | -0.1684   
7880->7778           | 17    | 0.9370       | 0.8969       | -0.0402   
7038->6934           | 17    | 0.9370       | 0.7774       | -0.1597   
6934->7820           | 17    | 0.9370       | 0.7774       | -0.1597   
5005->4989           | 16    | 0.9428       | 0.7045       | -0.2383   
5621->5575           | 16    | 0.9428       | 0.9313       | -0.0116   
5097->5096           | 16    | 0.9428       | 0.6546       | -0.2883   
5096->5095           | 16    | 0.9428       | 0.6546       | -0.2883   
5095->5913           | 16    | 0.9428       | 0.6546       | -0.2883   
6164->5023           | 16    | 0.9428       | 0.8464       | -0.0964   
5023->5648           | 16    | 0.9428       | 0.8464       | -0.0964   
6290->5916           | 16    | 0.9428       | 0.9449       | 0.0021    
5715->5708           | 16    | 0.9428       | 0.8823       | -0.0606   
6037->5117           | 16    | 0.9428       | 0.9459       | 0.0031    
5117->5352           | 16    | 0.9428       | 0.9459       | 0.0031    
6884->6808           | 16    | 0.9428       | 0.8598       | -0.0830   
6808->7295           | 16    | 0.9428       | 0.8598       | -0.0830   
7472->7562           | 16    | 0.9428       | 0.9430       | 0.0002    
7244->7238           | 16    | 0.9428       | 0.9399       | -0.0029   
7733->7814           | 16    | 0.9428       | 0.8263       | -0.1166   
7778->7799           | 16    | 0.9428       | 0.9332       | -0.0097   
7820->7951           | 16    | 0.9428       | 0.8000       | -0.1429   
4989->5539           | 15    | 0.9485       | 0.7738       | -0.1747   
5575->5998           | 15    | 0.9485       | 0.9458       | -0.0027   
5913->5475           | 15    | 0.9485       | 0.7154       | -0.2331   
5648->5763           | 15    | 0.9485       | 0.8510       | -0.0975   
5127->6181           | 15    | 0.9485       | 0.9319       | -0.0165   
5916->5862           | 15    | 0.9485       | 0.9453       | -0.0032   
5708->5563           | 15    | 0.9485       | 0.9023       | -0.0462   
5352->5727           | 15    | 0.9485       | 0.9491       | 0.0006    
7295->7428           | 15    | 0.9485       | 0.8772       | -0.0713   
6776->6834           | 15    | 0.9485       | 0.5814       | -0.3671   
6834->6833           | 15    | 0.9485       | 0.5814       | -0.3671   
6833->7232           | 15    | 0.9485       | 0.5814       | -0.3671   
7562->7407           | 15    | 0.9485       | 0.9516       | 0.0031    
7238->7438           | 15    | 0.9485       | 0.9406       | -0.0079   
7814->6919           | 15    | 0.9485       | 0.9489       | 0.0004    
7799->7742           | 15    | 0.9485       | 0.9451       | -0.0034   
6919->7860           | 15    | 0.9485       | 0.9489       | 0.0004    
7951->7883           | 15    | 0.9485       | 0.8164       | -0.1321   
6949->6965           | 15    | 0.9485       | 0.9156       | -0.0329   
6965->7874           | 15    | 0.9485       | 0.9156       | -0.0329   
5539->5769           | 14    | 0.9540       | 0.8253       | -0.1287   
5998->5687           | 14    | 0.9540       | 0.9546       | 0.0006    
5475->5386           | 14    | 0.9540       | 0.8156       | -0.1384   
5763->5584           | 14    | 0.9540       | 0.8678       | -0.0862   
6181->6313           | 14    | 0.9540       | 0.9469       | -0.0071   
5862->5204           | 14    | 0.9540       | 0.9565       | 0.0025    
5563->5054           | 14    | 0.9540       | 0.9375       | -0.0165   
5054->5660           | 14    | 0.9540       | 0.9375       | -0.0165   
5727->5983           | 14    | 0.9540       | 0.9514       | -0.0026   
7428->7392           | 14    | 0.9540       | 0.9179       | -0.0361   
7232->7531           | 14    | 0.9540       | 0.6410       | -0.3130   
7407->6863           | 14    | 0.9540       | 0.9545       | 0.0005    
7438->7679           | 14    | 0.9540       | 0.9523       | -0.0017   
7742->7727           | 14    | 0.9540       | 0.9509       | -0.0031   
7860->7035           | 14    | 0.9540       | 0.9650       | 0.0110    
7883->6935           | 14    | 0.9540       | 0.8489       | -0.1051   
6935->7694           | 14    | 0.9540       | 0.8489       | -0.1051   
7874->7810           | 14    | 0.9540       | 0.9305       | -0.0234   
4941->4927           | 13    | 0.9593       | 0.7622       | -0.1971   
4927->5734           | 13    | 0.9593       | 0.7622       | -0.1971   
5769->5424           | 13    | 0.9593       | 0.8832       | -0.0761   
5687->5663           | 13    | 0.9593       | 0.9611       | 0.0018    
5386->6052           | 13    | 0.9593       | 0.9170       | -0.0423   
5584->5889           | 13    | 0.9593       | 0.9215       | -0.0378   
6313->5505           | 13    | 0.9593       | 0.9597       | 0.0004    
5204->5499           | 13    | 0.9593       | 0.9565       | -0.0028   
5660->6244           | 13    | 0.9593       | 0.9517       | -0.0076   
5983->5118           | 13    | 0.9593       | 0.9608       | 0.0016    
5118->5655           | 13    | 0.9593       | 0.9608       | 0.0016    
7392->6809           | 13    | 0.9593       | 0.9566       | -0.0027   
6809->7413           | 13    | 0.9593       | 0.9566       | -0.0027   
7531->7491           | 13    | 0.9593       | 0.7111       | -0.2482   
6863->7448           | 13    | 0.9593       | 0.9574       | -0.0019   
7679->7454           | 13    | 0.9593       | 0.9596       | 0.0003    
7694->7957           | 13    | 0.9593       | 0.9379       | -0.0214   
7810->6966           | 13    | 0.9593       | 0.9696       | 0.0103    
6966->7917           | 13    | 0.9593       | 0.9696       | 0.0103    
7114->7107           | 12    | 0.9644       | 0.7353       | -0.2291   
7107->7503           | 12    | 0.9644       | 0.7353       | -0.2291   
5734->5932           | 12    | 0.9644       | 0.8140       | -0.1504   
5663->5944           | 12    | 0.9644       | 0.9658       | 0.0014    
6052->5669           | 12    | 0.9644       | 0.9597       | -0.0047   
5889->5284           | 12    | 0.9644       | 0.9668       | 0.0024    
5505->5126           | 12    | 0.9644       | 0.9651       | 0.0006    
5126->5125           | 12    | 0.9644       | 0.9651       | 0.0006    
6244->5597           | 12    | 0.9644       | 0.9676       | 0.0032    
5655->5959           | 12    | 0.9644       | 0.9634       | -0.0010   
7491->7568           | 12    | 0.9644       | 0.8251       | -0.1393   
7448->6864           | 12    | 0.9644       | 0.9638       | -0.0006   
6864->7248           | 12    | 0.9644       | 0.9638       | -0.0006   
7454->7599           | 12    | 0.9644       | 0.9733       | 0.0089    
7727->7685           | 12    | 0.9644       | 0.9686       | 0.0042    
7957->7870           | 12    | 0.9644       | 0.9686       | 0.0042    
7917->7002           | 12    | 0.9644       | 0.9747       | 0.0103    
7503->7374           | 11    | 0.9693       | 0.8321       | -0.1372   
5932->5746           | 11    | 0.9693       | 0.8431       | -0.1262   
5424->6238           | 11    | 0.9693       | 0.9586       | -0.0107   
5944->5779           | 11    | 0.9693       | 0.9703       | 0.0010    
5669->5376           | 11    | 0.9693       | 0.9727       | 0.0034    
5284->5408           | 11    | 0.9693       | 0.9729       | 0.0036    
5499->5953           | 11    | 0.9693       | 0.9724       | 0.0031    
5125->6130           | 11    | 0.9693       | 0.9708       | 0.0015    
5597->6347           | 11    | 0.9693       | 0.9734       | 0.0041    
5959->5119           | 11    | 0.9693       | 0.9702       | 0.0009    
7413->7276           | 11    | 0.9693       | 0.9752       | 0.0059    
7568->7541           | 11    | 0.9693       | 0.8603       | -0.1090   
7248->7334           | 11    | 0.9693       | 0.9676       | -0.0017   
7599->7624           | 11    | 0.9693       | 0.9737       | 0.0044    
7035->6920           | 11    | 0.9693       | 0.9644       | -0.0049   
7685->7730           | 11    | 0.9693       | 0.9734       | 0.0041    
6920->7903           | 11    | 0.9693       | 0.9644       | -0.0049   
7870->7718           | 11    | 0.9693       | 0.9730       | 0.0037    
7374->7445           | 10    | 0.9740       | 0.9518       | -0.0222   
4905->4888           | 10    | 0.9740       | 0.8026       | -0.1714   
4888->5427           | 10    | 0.9740       | 0.8026       | -0.1714   
5746->6304           | 10    | 0.9740       | 0.8736       | -0.1004   
6238->5367           | 10    | 0.9740       | 0.9756       | 0.0016    
5779->5517           | 10    | 0.9740       | 0.9740       | 0.0001    
5376->6173           | 10    | 0.9740       | 0.9747       | 0.0007    
5408->6019           | 10    | 0.9740       | 0.9771       | 0.0032    
5953->5203           | 10    | 0.9740       | 0.9735       | -0.0004   
5203->5493           | 10    | 0.9740       | 0.9735       | -0.0004   
6130->6310           | 10    | 0.9740       | 0.9720       | -0.0019   
6347->5055           | 10    | 0.9740       | 0.9775       | 0.0036    
5055->5056           | 10    | 0.9740       | 0.9775       | 0.0036    
5056->6178           | 10    | 0.9740       | 0.9775       | 0.0036    
7276->7263           | 10    | 0.9740       | 0.9767       | 0.0028    
7541->7416           | 10    | 0.9740       | 0.9662       | -0.0078   
7334->6865           | 10    | 0.9740       | 0.9752       | 0.0013    
7624->6813           | 10    | 0.9740       | 0.9751       | 0.0011    
7730->7059           | 10    | 0.9740       | 0.9767       | 0.0027    
7903->7948           | 10    | 0.9740       | 0.9702       | -0.0037   
7718->7887           | 10    | 0.9740       | 0.9774       | 0.0035    
7445->7140           | 9     | 0.9783       | 0.9835       | 0.0052    
5427->5448           | 9     | 0.9783       | 0.8824       | -0.0960   
6304->6031           | 9     | 0.9783       | 0.9081       | -0.0702   
5367->6136           | 9     | 0.9783       | 0.9824       | 0.0040    
5517->5466           | 9     | 0.9783       | 0.9783       | -0.0000   
6173->5094           | 9     | 0.9783       | 0.9787       | 0.0004    
5094->5606           | 9     | 0.9783       | 0.9787       | 0.0004    
5194->5183           | 9     | 0.9783       | 0.8242       | -0.1542   
5183->5182           | 9     | 0.9783       | 0.8242       | -0.1542   
6019->5024           | 9     | 0.9783       | 0.9771       | -0.0013   
5024->5442           | 9     | 0.9783       | 0.9771       | -0.0013   
5493->5490           | 9     | 0.9783       | 0.9768       | -0.0016   
6310->5588           | 9     | 0.9783       | 0.9788       | 0.0005    
6178->5057           | 9     | 0.9783       | 0.9870       | 0.0086    
5057->5084           | 9     | 0.9783       | 0.9870       | 0.0086    
5240->5241           | 9     | 0.9783       | 0.5973       | -0.3810   
5241->7587           | 9     | 0.9783       | 0.5973       | -0.3810   
6748->6749           | 9     | 0.9783       | 0.7271       | -0.2512   
6749->7325           | 9     | 0.9783       | 0.7271       | -0.2512   
7263->7346           | 9     | 0.9783       | 0.9780       | -0.0004   
7416->7404           | 9     | 0.9783       | 0.9806       | 0.0022    
7059->7721           | 9     | 0.9783       | 0.9790       | 0.0007    
7948->7945           | 9     | 0.9783       | 0.9785       | 0.0002    
7887->7939           | 9     | 0.9783       | 0.9803       | 0.0020    
7140->7220           | 8     | 0.9824       | 0.9854       | 0.0029    
4905->6215           | 8     | 0.9824       | 0.7175       | -0.2650   
5448->5627           | 8     | 0.9824       | 0.9740       | -0.0084   
6031->5349           | 8     | 0.9824       | 0.9337       | -0.0488   
6136->5919           | 8     | 0.9824       | 0.9855       | 0.0031    
5466->6341           | 8     | 0.9824       | 0.9821       | -0.0003   
5606->6007           | 8     | 0.9824       | 0.9831       | 0.0007    
5182->5181           | 8     | 0.9824       | 0.9251       | -0.0574   
5181->5956           | 8     | 0.9824       | 0.9251       | -0.0574   
5442->5025           | 8     | 0.9824       | 0.9825       | 0.0001    
5490->5202           | 8     | 0.9824       | 0.9821       | -0.0003   
5588->5124           | 8     | 0.9824       | 0.9823       | -0.0001   
5025->5026           | 8     | 0.9824       | 0.9825       | 0.0001    
5202->5307           | 8     | 0.9824       | 0.9821       | -0.0003   
5124->5463           | 8     | 0.9824       | 0.9823       | -0.0001   
5026->5364           | 8     | 0.9824       | 0.9825       | 0.0001    
5119->5950           | 8     | 0.9824       | 0.9808       | -0.0016   
6748->7510           | 8     | 0.9824       | 0.7881       | -0.1943   
7587->6025           | 8     | 0.9824       | 0.6409       | -0.3415   
7325->7208           | 8     | 0.9824       | 0.8774       | -0.1050   
7346->7657           | 8     | 0.9824       | 0.9823       | -0.0001   
7404->7380           | 8     | 0.9824       | 0.9886       | 0.0062    
6865->6866           | 8     | 0.9824       | 0.9825       | 0.0001    
6866->6867           | 8     | 0.9824       | 0.9825       | 0.0001    
7721->7932           | 8     | 0.9824       | 0.9808       | -0.0016   
7945->7748           | 8     | 0.9824       | 0.9833       | 0.0008    
7939->7987           | 8     | 0.9824       | 0.9815       | -0.0009   
7117->7377           | 7     | 0.9862       | 0.7516       | -0.2346   
7220->7195           | 7     | 0.9862       | 0.9882       | 0.0020    
6215->5740           | 7     | 0.9862       | 0.7900       | -0.1962   
5627->6272           | 7     | 0.9862       | 0.9877       | 0.0015    
5349->5759           | 7     | 0.9862       | 0.9483       | -0.0379   
5919->5838           | 7     | 0.9862       | 0.9873       | 0.0011    
6341->4992           | 7     | 0.9862       | 0.9860       | -0.0002   
6007->6097           | 7     | 0.9862       | 0.9843       | -0.0019   
5956->5180           | 7     | 0.9862       | 0.9841       | -0.0021   
5180->6100           | 7     | 0.9862       | 0.9841       | -0.0021   
5307->5743           | 7     | 0.9862       | 0.9850       | -0.0012   
5463->5123           | 7     | 0.9862       | 0.9861       | -0.0001   
5364->5971           | 7     | 0.9862       | 0.9877       | 0.0015    
5123->5398           | 7     | 0.9862       | 0.9861       | -0.0001   
5950->5756           | 7     | 0.9862       | 0.9864       | 0.0002    
6881->7340           | 7     | 0.9862       | 0.5551       | -0.4311   
7510->7079           | 7     | 0.9862       | 0.8101       | -0.1761   
6025->5529           | 7     | 0.9862       | 0.8306       | -0.1556   
7079->7078           | 7     | 0.9862       | 0.8101       | -0.1761   
7208->6750           | 7     | 0.9862       | 0.9222       | -0.0640   
7078->7602           | 7     | 0.9862       | 0.8101       | -0.1761   
7657->7192           | 7     | 0.9862       | 0.9847       | -0.0015   
6757->6848           | 7     | 0.9862       | 0.5200       | -0.4662   
6848->7660           | 7     | 0.9862       | 0.5200       | -0.4662   
7380->7198           | 7     | 0.9862       | 0.9915       | 0.0053    
6813->7645           | 7     | 0.9862       | 0.9723       | -0.0139   
6867->7528           | 7     | 0.9862       | 0.9860       | -0.0002   
7038->7021           | 7     | 0.9862       | 0.5928       | -0.3934   
7021->7980           | 7     | 0.9862       | 0.5928       | -0.3934   
7932->7736           | 7     | 0.9862       | 0.9860       | -0.0002   
7748->6921           | 7     | 0.9862       | 0.9865       | 0.0003    
6921->7712           | 7     | 0.9862       | 0.9865       | 0.0003    
7987->7977           | 7     | 0.9862       | 0.9860       | -0.0002   
7377->7108           | 6     | 0.9896       | 0.8311       | -0.1585   
7108->7125           | 6     | 0.9896       | 0.8311       | -0.1585   
7125->7235           | 6     | 0.9896       | 0.8311       | -0.1585   
7195->7307           | 6     | 0.9896       | 0.9907       | 0.0011    
5740->4887           | 6     | 0.9896       | 0.8813       | -0.1083   
4887->6091           | 6     | 0.9896       | 0.8813       | -0.1083   
6272->5865           | 6     | 0.9896       | 0.9939       | 0.0042    
5759->5542           | 6     | 0.9896       | 0.9561       | -0.0336   
5838->5731           | 6     | 0.9896       | 0.9890       | -0.0006   
4992->4991           | 6     | 0.9896       | 0.9893       | -0.0003   
6097->5331           | 6     | 0.9896       | 0.9888       | -0.0009   
6100->5532           | 6     | 0.9896       | 0.9917       | 0.0021    
5743->5201           | 6     | 0.9896       | 0.9903       | 0.0006    
5971->5027           | 6     | 0.9896       | 0.9885       | -0.0011   
5201->5379           | 6     | 0.9896       | 0.9903       | 0.0006    
5027->5560           | 6     | 0.9896       | 0.9885       | -0.0011   
5756->5223           | 6     | 0.9896       | 0.9898       | 0.0001    
5223->5965           | 6     | 0.9896       | 0.9898       | 0.0001    
7340->7469           | 6     | 0.9896       | 0.8963       | -0.0933   
6750->6751           | 6     | 0.9896       | 0.9929       | 0.0033    
7602->7279           | 6     | 0.9896       | 0.9846       | -0.0050   
7192->6810           | 6     | 0.9896       | 0.9900       | 0.0004    
6810->7618           | 6     | 0.9896       | 0.9900       | 0.0004    
7660->7558           | 6     | 0.9896       | 0.5978       | -0.3918   
7198->7516           | 6     | 0.9896       | 0.9911       | 0.0015    
7645->7571           | 6     | 0.9896       | 0.9878       | -0.0019   
7528->7648           | 6     | 0.9896       | 0.9889       | -0.0007   
7980->7963           | 6     | 0.9896       | 0.7759       | -0.2137   
7736->7923           | 6     | 0.9896       | 0.9894       | -0.0003   
7712->7890           | 6     | 0.9896       | 0.9885       | -0.0011   
7977->7804           | 6     | 0.9896       | 0.9870       | -0.0026   
7002->6988           | 6     | 0.9896       | 0.9804       | -0.0092   
7002->7760           | 6     | 0.9896       | 0.9672       | -0.0224   
7235->7364           | 5     | 0.9927       | 0.9335       | -0.0591   
7307->7565           | 5     | 0.9927       | 0.9915       | -0.0012   
5865->5436           | 5     | 0.9927       | 0.9956       | 0.0029    
4891->6022           | 5     | 0.9927       | 0.5799       | -0.4128   
5542->4949           | 5     | 0.9927       | 1.0000       | 0.0073    
5731->5775           | 5     | 0.9927       | 0.9912       | -0.0014   
5331->6073           | 5     | 0.9927       | 0.9916       | -0.0011   
5127->5159           | 5     | 0.9927       | 0.9703       | -0.0223   
5159->5160           | 5     | 0.9927       | 0.9703       | -0.0223   
5532->5179           | 5     | 0.9927       | 0.9942       | 0.0015    
5179->6076           | 5     | 0.9927       | 0.9942       | 0.0015    
5398->5451           | 5     | 0.9927       | 0.9927       | -0.0000   
5379->6207           | 5     | 0.9927       | 0.9931       | 0.0004    
5066->5892           | 5     | 0.9927       | 0.5119       | -0.4808   
5560->6061           | 5     | 0.9927       | 0.9928       | 0.0001    
5064->5370           | 5     | 0.9927       | 0.5632       | -0.4295   
5965->5222           | 5     | 0.9927       | 0.9936       | 0.0009    
6827->7519           | 5     | 0.9927       | 0.5058       | -0.4868   
7469->7639           | 5     | 0.9927       | 0.9603       | -0.0324   
5529->6307           | 5     | 0.9927       | 0.9869       | -0.0058   
6751->6752           | 5     | 0.9927       | 0.9956       | 0.0029    
7279->7077           | 5     | 0.9927       | 0.9939       | 0.0013    
7077->7076           | 5     | 0.9927       | 0.9939       | 0.0013    
7076->7319           | 5     | 0.9927       | 0.9939       | 0.0013    
7618->7367           | 5     | 0.9927       | 0.9918       | -0.0009   
7558->7313           | 5     | 0.9927       | 0.7191       | -0.2736   
7516->7160           | 5     | 0.9927       | 0.9918       | -0.0009   
7571->6832           | 5     | 0.9927       | 0.9959       | 0.0032    
7648->7257           | 5     | 0.9927       | 0.9927       | 0.0000    
7038->7020           | 5     | 0.9927       | 0.7172       | -0.2755   
7020->7793           | 5     | 0.9927       | 0.7172       | -0.2755   
7963->7703           | 5     | 0.9927       | 0.9783       | -0.0144   
7923->7936           | 5     | 0.9927       | 0.9924       | -0.0003   
7890->7836           | 5     | 0.9927       | 0.9930       | 0.0003    
7804->6936           | 5     | 0.9927       | 0.9928       | 0.0001    
6936->6937           | 5     | 0.9927       | 0.9928       | 0.0001    
6937->7893           | 5     | 0.9927       | 0.9928       | 0.0001    
7364->7630           | 4     | 0.9953       | 0.9818       | -0.0135   
7565->7682           | 4     | 0.9953       | 0.9951       | -0.0002   
6091->4886           | 4     | 0.9953       | 0.9920       | -0.0033   
4886->6146           | 4     | 0.9953       | 0.9920       | -0.0033   
5436->4889           | 4     | 0.9953       | 0.9954       | 0.0001    
6022->6224           | 4     | 0.9953       | 0.6851       | -0.3102   
5775->6257           | 4     | 0.9953       | 0.9941       | -0.0012   
4991->5313           | 4     | 0.9953       | 0.9949       | -0.0005   
5216->5609           | 4     | 0.9953       | 0.9043       | -0.0911   
6073->5904           | 4     | 0.9953       | 0.9954       | 0.0000    
5160->5938           | 4     | 0.9953       | 0.9930       | -0.0023   
5451->5122           | 4     | 0.9953       | 0.9953       | -0.0000   
6207->5572           | 4     | 0.9953       | 0.9946       | -0.0007   
5892->5030           | 4     | 0.9953       | 0.6122       | -0.3831   
6061->5028           | 4     | 0.9953       | 0.9955       | 0.0001    
5370->5346           | 4     | 0.9953       | 0.7260       | -0.2693   
5222->5415           | 4     | 0.9953       | 0.9951       | -0.0002   
7519->7475           | 4     | 0.9953       | 0.7549       | -0.2405   
6784->7673           | 4     | 0.9953       | 0.6223       | -0.3730   
7639->7484           | 4     | 0.9953       | 0.9999       | 0.0045    
6307->7254           | 4     | 0.9953       | 0.9993       | 0.0040    
6752->6753           | 4     | 0.9953       | 0.9974       | 0.0021    
7319->7075           | 4     | 0.9953       | 0.9968       | 0.0015    
7075->7241           | 4     | 0.9953       | 0.9968       | 0.0015    
7367->7355           | 4     | 0.9953       | 0.9960       | 0.0006    
7313->7173           | 4     | 0.9953       | 0.8882       | -0.1072   
7160->7358           | 4     | 0.9953       | 0.9941       | -0.0012   
7257->7389           | 4     | 0.9953       | 0.9955       | 0.0002    
7793->7019           | 4     | 0.9953       | 0.7503       | -0.2450   
7019->7018           | 4     | 0.9953       | 0.7503       | -0.2450   
7703->7899           | 4     | 0.9953       | 0.9998       | 0.0045    
7018->7017           | 4     | 0.9953       | 0.7503       | -0.2450   
7017->7016           | 4     | 0.9953       | 0.7503       | -0.2450   
6898->7097           | 4     | 0.9953       | 0.9415       | -0.0538   
7097->7096           | 4     | 0.9953       | 0.9415       | -0.0538   
7096->7095           | 4     | 0.9953       | 0.9415       | -0.0538   
7095->7094           | 4     | 0.9953       | 0.9415       | -0.0538   
7094->7093           | 4     | 0.9953       | 0.9415       | -0.0538   
7093->7697           | 4     | 0.9953       | 0.9415       | -0.0538   
7936->8009           | 4     | 0.9953       | 0.9950       | -0.0003   
6960->7796           | 4     | 0.9953       | 0.8643       | -0.1311   
7836->6922           | 4     | 0.9953       | 0.9953       | -0.0000   
6922->7715           | 4     | 0.9953       | 0.9953       | -0.0000   
7893->7848           | 4     | 0.9953       | 0.9956       | 0.0002    
6988->6967           | 4     | 0.9953       | 0.9895       | -0.0058   
7760->6993           | 4     | 0.9953       | 0.9949       | -0.0005   
6967->6968           | 4     | 0.9953       | 0.9895       | -0.0058   
6993->6994           | 4     | 0.9953       | 0.9949       | -0.0005   
6968->7996           | 4     | 0.9953       | 0.9895       | -0.0058   
7137->7663           | 3     | 0.9975       | 0.4161       | -0.5814   
7630->7383           | 3     | 0.9975       | 1.0000       | 0.0025    
7682->7608           | 3     | 0.9975       | 0.9972       | -0.0003   
6146->4885           | 3     | 0.9975       | 0.9997       | 0.0022    
4885->6079           | 3     | 0.9975       | 0.9997       | 0.0022    
4889->5472           | 3     | 0.9975       | 0.9969       | -0.0007   
6224->4890           | 3     | 0.9975       | 0.9940       | -0.0036   
4949->5749           | 3     | 0.9975       | 1.0000       | 0.0025    
6257->5871           | 3     | 0.9975       | 0.9973       | -0.0002   
5313->5910           | 3     | 0.9975       | 0.9978       | 0.0002    
4963->6191           | 3     | 0.9975       | 0.1667       | -0.8308   
5609->6319           | 3     | 0.9975       | 0.9903       | -0.0073   
5194->5785           | 3     | 0.9975       | 0.6052       | -0.3924   
5114->8022           | 3     | 0.9975       | 0.7269       | -0.2707   
5034->5166           | 3     | 0.9975       | 0.6002       | -0.3974   
5904->5922           | 3     | 0.9975       | 0.9983       | 0.0007    
5166->5340           | 3     | 0.9975       | 0.6002       | -0.3974   
5938->5161           | 3     | 0.9975       | 0.9989       | 0.0014    
5161->6028           | 3     | 0.9975       | 0.9989       | 0.0014    
6076->5822           | 3     | 0.9975       | 0.9968       | -0.0007   
5122->5825           | 3     | 0.9975       | 0.9977       | 0.0002    
5572->5200           | 3     | 0.9975       | 0.9977       | 0.0002    
5030->5992           | 3     | 0.9975       | 0.8031       | -0.1945   
5084->5058           | 3     | 0.9975       | 0.9892       | -0.0083   
5084->6016           | 3     | 0.9975       | 0.9851       | -0.0125   
5084->6323           | 3     | 0.9975       | 0.9857       | -0.0118   
5028->5794           | 3     | 0.9975       | 0.9976       | 0.0001    
5200->6152           | 3     | 0.9975       | 0.9977       | 0.0002    
5058->5059           | 3     | 0.9975       | 0.9892       | -0.0083   
5346->5797           | 3     | 0.9975       | 0.8702       | -0.1273   
5415->6139           | 3     | 0.9975       | 0.9968       | -0.0008   
7475->7144           | 3     | 0.9975       | 0.8860       | -0.1115   
7673->7147           | 3     | 0.9975       | 0.9741       | -0.0234   
7484->7217           | 3     | 0.9975       | 0.9998       | 0.0023    
7254->5316           | 3     | 0.9975       | 0.9991       | 0.0016    
6758->7552           | 3     | 0.9975       | 0.1039       | -0.8936   
6753->7071           | 3     | 0.9975       | 0.9973       | -0.0003   
7071->7072           | 3     | 0.9975       | 0.9973       | -0.0003   
7072->7460           | 3     | 0.9975       | 0.9973       | -0.0003   
7241->7304           | 3     | 0.9975       | 0.9976       | 0.0000    
7355->7481           | 3     | 0.9975       | 0.9972       | -0.0004   
7173->6847           | 3     | 0.9975       | 0.9960       | -0.0015   
6813->7431           | 3     | 0.9975       | 0.9807       | -0.0168   
6847->7590           | 3     | 0.9975       | 0.9960       | -0.0015   
7358->7463           | 3     | 0.9975       | 0.9980       | 0.0004    
6832->7395           | 3     | 0.9975       | 0.9952       | -0.0023   
7899->7877           | 3     | 0.9975       | 0.9997       | 0.0022    
7016->7751           | 3     | 0.9975       | 0.9078       | -0.0898   
7697->7092           | 3     | 0.9975       | 0.9976       | 0.0001    
8009->7768           | 3     | 0.9975       | 0.9978       | 0.0003    
7796->7842           | 3     | 0.9975       | 0.9857       | -0.0118   
7715->6923           | 3     | 0.9975       | 0.9975       | -0.0000   
6949->7999           | 3     | 0.9975       | 0.9046       | -0.0929   
6923->7046           | 3     | 0.9975       | 0.9975       | -0.0000   
7046->7969           | 3     | 0.9975       | 0.9975       | -0.0000   
7848->7914           | 3     | 0.9975       | 0.9975       | -0.0000   
6994->6995           | 3     | 0.9975       | 0.9977       | 0.0002    
7996->6969           | 3     | 0.9975       | 0.9975       | -0.0001   
6969->7790           | 3     | 0.9975       | 0.9975       | -0.0001   
7663->7500           | 2     | 0.9993       | 0.5532       | -0.4460   
7383->7451           | 2     | 0.9993       | 1.0000       | 0.0007    
7608->7410           | 2     | 0.9993       | 0.9993       | 0.0001    
6079->5478           | 2     | 0.9993       | 0.9996       | 0.0004    
5472->5578           | 2     | 0.9993       | 0.9977       | -0.0016   
4890->5699           | 2     | 0.9993       | 1.0000       | 0.0007    
5016->6231           | 2     | 0.9993       | 0.4220       | -0.5773   
4949->4926           | 2     | 0.9993       | 1.0000       | 0.0007    
4926->6221           | 2     | 0.9993       | 1.0000       | 0.0007    
5871->6210           | 2     | 0.9993       | 0.9999       | 0.0006    
5910->6103           | 2     | 0.9993       | 0.9997       | 0.0004    
6191->5721           | 2     | 0.9993       | 0.2390       | -0.7603   
6319->6260           | 2     | 0.9993       | 1.0000       | 0.0007    
8022->8026           | 2     | 0.9993       | 0.9471       | -0.0521   
5922->5511           | 2     | 0.9993       | 0.9998       | 0.0006    
5340->5165           | 2     | 0.9993       | 0.8051       | -0.1942   
5165->5164           | 2     | 0.9993       | 0.8051       | -0.1942   
5164->6200           | 2     | 0.9993       | 0.8051       | -0.1942   
6028->6088           | 2     | 0.9993       | 0.9990       | -0.0003   
5822->5430           | 2     | 0.9993       | 0.9987       | -0.0005   
5119->5120           | 2     | 0.9993       | 0.9990       | -0.0003   
5825->5121           | 2     | 0.9993       | 0.9992       | -0.0000   
5120->5535           | 2     | 0.9993       | 0.9990       | -0.0003   
5992->5591           | 2     | 0.9993       | 0.9917       | -0.0075   
6016->5874           | 2     | 0.9993       | 0.9981       | -0.0012   
6323->5702           | 2     | 0.9993       | 0.9980       | -0.0012   
5121->5816           | 2     | 0.9993       | 0.9992       | -0.0000   
5794->5029           | 2     | 0.9993       | 0.9992       | -0.0001   
6152->5844           | 2     | 0.9993       | 0.9989       | -0.0004   
5059->5060           | 2     | 0.9993       | 0.9985       | -0.0007   
5064->5810           | 2     | 0.9993       | 0.0500       | -0.9493   
5060->5061           | 2     | 0.9993       | 0.9985       | -0.0007   
5061->5548           | 2     | 0.9993       | 0.9985       | -0.0007   
5797->5980           | 2     | 0.9993       | 1.0000       | 0.0007    
6139->5696           | 2     | 0.9993       | 0.9994       | 0.0001    
7144->6795           | 2     | 0.9993       | 0.9997       | 0.0004    
7147->7581           | 2     | 0.9993       | 1.0000       | 0.0007    
7217->6860           | 2     | 0.9993       | 0.9996       | 0.0003    
6884->7535           | 2     | 0.9993       | 0.7834       | -0.2159   
6860->7153           | 2     | 0.9993       | 0.9996       | 0.0003    
5316->5675           | 2     | 0.9993       | 0.9990       | -0.0002   
7552->7651           | 2     | 0.9993       | 0.1430       | -0.8563   
7460->7073           | 2     | 0.9993       | 0.9992       | -0.0001   
7073->7211           | 2     | 0.9993       | 0.9992       | -0.0001   
7304->7513           | 2     | 0.9993       | 0.9976       | -0.0017   
7481->6811           | 2     | 0.9993       | 0.9993       | 0.0000    
7431->7522           | 2     | 0.9993       | 0.9990       | -0.0003   
6811->7525           | 2     | 0.9993       | 0.9993       | 0.0000    
7590->6846           | 2     | 0.9993       | 0.9997       | 0.0005    
6846->6845           | 2     | 0.9993       | 0.9997       | 0.0005    
6832->7425           | 2     | 0.9993       | 0.9973       | -0.0019   
6845->7621           | 2     | 0.9993       | 0.9997       | 0.0005    
7463->7322           | 2     | 0.9993       | 0.9983       | -0.0010   
7395->7670           | 2     | 0.9993       | 0.9990       | -0.0003   
7035->7826           | 2     | 0.9993       | 0.9931       | -0.0062   
7877->7990           | 2     | 0.9993       | 0.9996       | 0.0003    
7751->7015           | 2     | 0.9993       | 1.0000       | 0.0007    
7015->7014           | 2     | 0.9993       | 1.0000       | 0.0007    
7014->7833           | 2     | 0.9993       | 1.0000       | 0.0007    
7768->7906           | 2     | 0.9993       | 0.9997       | 0.0005    
7842->7700           | 2     | 0.9993       | 0.9878       | -0.0115   
7999->6950           | 2     | 0.9993       | 0.9935       | -0.0058   
6950->7754           | 2     | 0.9993       | 0.9935       | -0.0058   
7969->7045           | 2     | 0.9993       | 0.9993       | 0.0000    
7914->7854           | 2     | 0.9993       | 0.9993       | 0.0000    
7045->7044           | 2     | 0.9993       | 0.9993       | 0.0000    
6988->7866           | 2     | 0.9993       | 0.9697       | -0.0296   
6995->6996           | 2     | 0.9993       | 0.9992       | -0.0001   
7790->6970           | 2     | 0.9993       | 0.9992       | -0.0000   
6970->7817           | 2     | 0.9993       | 0.9992       | -0.0000   
--------------------------------------------------------------------------------
Mean |Deviation|: 0.0666
Max  |Deviation|: 0.9493
================================================================================

LEAF EDGES (n_consumers = 1): 778 edges
--------------------------------------------------------------------------------
These edges were NOT optimized. By definition:
  - Target simultaneity g(n) = 1.0
  - Achieved simultaneity = 1.0
  - Deviation = 0.0
================================================================================


================================================================================
DEVIATION ANALYSIS BY EDGE SIZE
================================================================================

Single consumer (not optimized):
  Count: 778
  Mean deviation: 0.0000
  Mean |deviation|: 0.0000
  Max |deviation|: 0.0000
  Std dev: 0.0000

Very small (2-10):
  Count: 353
  Mean deviation: -0.0653
  Mean |deviation|: 0.0663
  Max |deviation|: 0.9493
  Std dev: 0.1505

Small (11-50):
  Count: 266
  Mean deviation: -0.0950
  Mean |deviation|: 0.0968
  Max |deviation|: 0.3810
  Std dev: 0.0952

Medium (51-100):
  Count: 57
  Mean deviation: -0.0353
  Mean |deviation|: 0.0449
  Max |deviation|: 0.1645
  Std dev: 0.0418

Large (101-200):
  Count: 34
  Mean deviation: 0.0135
  Mean |deviation|: 0.0196
  Max |deviation|: 0.0366
  Std dev: 0.0186

Very large (201-500):
  Count: 54
  Mean deviation: 0.0094
  Mean |deviation|: 0.0097
  Max |deviation|: 0.0224
  Std dev: 0.0073

Huge (500+):
  Count: 52
  Mean deviation: 0.0271
  Mean |deviation|: 0.0271
  Max |deviation|: 0.0495
  Std dev: 0.0093

================================================================================

Network size range: 2 to 692 consumers
Using problem range: 40-60
Saved enhanced verification plot to output/comprehensive_analysis/demoVerbundnetz_SimulationNeu/steady_state_v4/verification_demoVerbundnetz_SimulationNeu_v4.png

Total execution time: 36.47 seconds
Results saved to: output/comprehensive_analysis/demoVerbundnetz_SimulationNeu/steady_state_v4

=== STDERR ===
