Loading network for case 'demoVerbundnetz_SimulationNeu' from data/test_scenarios/complex/demoVerbundnetz_SimulationNeu.vicus...
Loading VICUS file: data/test_scenarios/complex/demoVerbundnetz_SimulationNeu.vicus
Parsed Simultaneity Spline: 63 points.
data/test_scenarios/complex/demoVerbundnetz_SimulationNeu.vicus
Found peak day: day 24 (hours 552-575) with peak=7400.0000
Force-selected profile: Residential_SingleFamily_HeatingLoad.tsv (peak day extraction, resampled to 96 steps)
Peak day profile plot saved to output/peak_day_profile.png
Created 692 consumers and 1594 relevant optimization edges.

--- Starting Optimization using Scheme 'v1' for demoVerbundnetz_SimulationNeu ---
Initial weighted error (using v1): 1436.189757
Average target simultaneity: 0.8569
  Iter 0: Obj=1436.897910 (Fit: 1436.189757, Reg: 0.708153) | LR: 0.000386
  Iter 200: Obj=80.363913 (Fit: 75.461771, Reg: 4.902141) | LR: 0.007422
  Iter 400: Obj=68.341565 (Fit: 61.401949, Reg: 6.939616) | LR: 0.008544
  Iter 600: Obj=66.640641 (Fit: 58.991062, Reg: 7.649579) | LR: 0.008777
  Iter 800: Obj=66.163076 (Fit: 58.186864, Reg: 7.976212) | LR: 0.008854
  Iter 1000: Obj=65.963760 (Fit: 57.778648, Reg: 8.185111) | LR: 0.008896
  Iter 1200: Obj=65.857418 (Fit: 57.518890, Reg: 8.338529) | LR: 0.008922
  Iter 1400: Obj=65.814000 (Fit: 57.390662, Reg: 8.423338) | LR: 0.008936
  Iter 1600: Obj=65.793601 (Fit: 57.317206, Reg: 8.476395) | LR: 0.008944
  Iter 1800: Obj=65.782243 (Fit: 57.268913, Reg: 8.513331) | LR: 0.008950
Final Error: 65.775589

================================================================================
OPTIMIZATION RESULTS
================================================================================

OPTIMIZED EDGES (n_consumers > 1): 816 edges
--------------------------------------------------------------------------------
Edge ID              | n_e   | Target g(n)  | Achieved g   | Deviation 
--------------------------------------------------------------------------------
5266->5289           | 692   | 0.4759       | 0.5876       | 0.1118    
5289->5290           | 692   | 0.4759       | 0.5876       | 0.1118    
5290->7114           | 692   | 0.4759       | 0.5876       | 0.1118    
7114->5291           | 680   | 0.4759       | 0.5637       | 0.0878    
5291->5292           | 680   | 0.4759       | 0.5637       | 0.0878    
5292->7137           | 680   | 0.4759       | 0.5637       | 0.0878    
7137->7117           | 677   | 0.4759       | 0.5592       | 0.0833    
7117->5293           | 670   | 0.4759       | 0.5498       | 0.0739    
5293->5302           | 670   | 0.4759       | 0.5498       | 0.0739    
5302->4858           | 669   | 0.4759       | 0.5507       | 0.0749    
4858->5791           | 669   | 0.4759       | 0.5507       | 0.0749    
5791->5652           | 668   | 0.4759       | 0.5507       | 0.0749    
5652->5457           | 667   | 0.4759       | 0.5507       | 0.0749    
5457->4859           | 666   | 0.4759       | 0.5507       | 0.0749    
4859->4860           | 666   | 0.4759       | 0.5507       | 0.0749    
4860->4861           | 666   | 0.4759       | 0.5507       | 0.0749    
4861->5328           | 665   | 0.4759       | 0.5509       | 0.0751    
5328->4862           | 664   | 0.4759       | 0.5510       | 0.0752    
4862->5514           | 664   | 0.4759       | 0.5510       | 0.0752    
5514->5672           | 663   | 0.4759       | 0.5512       | 0.0753    
5672->4863           | 662   | 0.4759       | 0.5514       | 0.0755    
4863->5772           | 661   | 0.4759       | 0.5515       | 0.0757    
5772->6109           | 660   | 0.4759       | 0.5518       | 0.0759    
6109->6241           | 659   | 0.4759       | 0.5520       | 0.0762    
6241->4864           | 658   | 0.4759       | 0.5522       | 0.0764    
4864->6234           | 658   | 0.4759       | 0.5522       | 0.0764    
6234->5581           | 657   | 0.4759       | 0.5526       | 0.0767    
5581->6188           | 656   | 0.4759       | 0.5529       | 0.0770    
6188->6316           | 655   | 0.4759       | 0.5533       | 0.0774    
6316->5603           | 654   | 0.4759       | 0.5536       | 0.0777    
5603->5986           | 653   | 0.4759       | 0.5540       | 0.0782    
5986->5947           | 652   | 0.4759       | 0.5544       | 0.0785    
5947->4865           | 651   | 0.4759       | 0.5547       | 0.0788    
4865->4919           | 650   | 0.4759       | 0.5550       | 0.0791    
4919->5334           | 545   | 0.4759       | 0.5416       | 0.0658    
5334->5392           | 544   | 0.4759       | 0.5419       | 0.0660    
5392->5859           | 543   | 0.4759       | 0.5424       | 0.0665    
5859->5681           | 542   | 0.4759       | 0.5428       | 0.0670    
5681->4905           | 541   | 0.4759       | 0.5433       | 0.0675    
4905->5678           | 523   | 0.4759       | 0.5383       | 0.0624    
5678->4866           | 522   | 0.4759       | 0.5385       | 0.0627    
4866->4941           | 522   | 0.4759       | 0.5385       | 0.0627    
4941->6228           | 509   | 0.4759       | 0.5330       | 0.0571    
6228->4928           | 508   | 0.4759       | 0.5335       | 0.0577    
4928->5724           | 508   | 0.4759       | 0.5335       | 0.0577    
5724->6332           | 507   | 0.4759       | 0.5338       | 0.0579    
6332->5445           | 506   | 0.4759       | 0.5340       | 0.0582    
5445->5418           | 505   | 0.4759       | 0.5343       | 0.0584    
5418->4929           | 504   | 0.4759       | 0.5345       | 0.0586    
4929->4930           | 504   | 0.4759       | 0.5345       | 0.0586    
4930->4988           | 504   | 0.4759       | 0.5345       | 0.0586    
4988->5005           | 504   | 0.4759       | 0.5345       | 0.0586    
5005->5766           | 488   | 0.4759       | 0.5307       | 0.0548    
5766->5639           | 487   | 0.4759       | 0.5312       | 0.0554    
5639->6158           | 486   | 0.4759       | 0.5359       | 0.0601    
6158->4964           | 485   | 0.4759       | 0.5365       | 0.0606    
4964->5636           | 403   | 0.4759       | 0.5166       | 0.0407    
5636->6278           | 402   | 0.4759       | 0.5175       | 0.0416    
6278->5962           | 401   | 0.4759       | 0.5181       | 0.0423    
5962->5705           | 400   | 0.4759       | 0.5187       | 0.0429    
5705->5883           | 399   | 0.4759       | 0.5197       | 0.0438    
5883->6067           | 398   | 0.4759       | 0.5203       | 0.0444    
6067->5856           | 397   | 0.4759       | 0.5210       | 0.0452    
5856->5968           | 396   | 0.4759       | 0.5219       | 0.0460    
5968->6326           | 395   | 0.4759       | 0.5225       | 0.0466    
6326->5554           | 394   | 0.4759       | 0.5231       | 0.0472    
5554->6047           | 393   | 0.4759       | 0.5234       | 0.0475    
6047->5718           | 392   | 0.4759       | 0.5237       | 0.0479    
5718->5633           | 391   | 0.4759       | 0.5241       | 0.0483    
5633->5545           | 390   | 0.4759       | 0.5248       | 0.0489    
5545->5310           | 389   | 0.4759       | 0.5253       | 0.0495    
5310->6329           | 388   | 0.4759       | 0.5268       | 0.0509    
6329->5557           | 387   | 0.4759       | 0.5274       | 0.0515    
5557->6112           | 385   | 0.4759       | 0.5300       | 0.0542    
6112->6058           | 384   | 0.4759       | 0.5305       | 0.0546    
6058->4963           | 383   | 0.4759       | 0.5316       | 0.0558    
4963->6263           | 346   | 0.4759       | 0.5192       | 0.0434    
6263->5551           | 345   | 0.4759       | 0.5200       | 0.0442    
5551->5977           | 344   | 0.4759       | 0.5213       | 0.0454    
5977->5690           | 343   | 0.4759       | 0.5220       | 0.0462    
5690->5034           | 342   | 0.4759       | 0.5231       | 0.0472    
5034->5832           | 338   | 0.4759       | 0.5220       | 0.0461    
5832->6167           | 337   | 0.4759       | 0.5231       | 0.0472    
6167->5898           | 336   | 0.4759       | 0.5247       | 0.0489    
5898->5928           | 335   | 0.4759       | 0.5274       | 0.0515    
5928->6247           | 334   | 0.4759       | 0.5281       | 0.0522    
6247->5033           | 333   | 0.4759       | 0.5291       | 0.0532    
5033->6143           | 332   | 0.4759       | 0.5301       | 0.0542    
6143->6301           | 331   | 0.4759       | 0.5317       | 0.0558    
6301->5032           | 330   | 0.4759       | 0.5325       | 0.0567    
5032->5031           | 329   | 0.4759       | 0.5338       | 0.0579    
5031->5178           | 329   | 0.4759       | 0.5338       | 0.0579    
5178->5066           | 329   | 0.4759       | 0.5338       | 0.0579    
5066->5065           | 324   | 0.4759       | 0.5322       | 0.0564    
5065->5901           | 324   | 0.4759       | 0.5322       | 0.0564    
5901->6070           | 323   | 0.4759       | 0.5350       | 0.0591    
6070->5880           | 322   | 0.4759       | 0.5356       | 0.0597    
5880->5064           | 321   | 0.4759       | 0.5361       | 0.0602    
5064->6082           | 314   | 0.4759       | 0.5378       | 0.0619    
6082->5231           | 313   | 0.4759       | 0.5386       | 0.0627    
5231->5232           | 313   | 0.4759       | 0.5386       | 0.0627    
5232->5233           | 313   | 0.4759       | 0.5386       | 0.0627    
5233->5234           | 313   | 0.4759       | 0.5386       | 0.0627    
5234->7494           | 250   | 0.4842       | 0.5379       | 0.0537    
7494->5361           | 249   | 0.4844       | 0.5410       | 0.0566    
5361->5235           | 248   | 0.4846       | 0.5441       | 0.0594    
5235->5373           | 199   | 0.4997       | 0.5456       | 0.0459    
5373->5600           | 198   | 0.5001       | 0.5532       | 0.0531    
5600->6284           | 197   | 0.5005       | 0.5559       | 0.0554    
6284->5819           | 196   | 0.5009       | 0.5586       | 0.0576    
5819->5236           | 195   | 0.5014       | 0.5612       | 0.0598    
5236->5262           | 195   | 0.5014       | 0.5612       | 0.0598    
5262->5257           | 165   | 0.5169       | 0.5356       | 0.0187    
5257->6296           | 165   | 0.5169       | 0.5356       | 0.0187    
6296->6338           | 164   | 0.5175       | 0.5388       | 0.0213    
6338->5853           | 163   | 0.5182       | 0.5428       | 0.0246    
5853->5974           | 162   | 0.5188       | 0.5478       | 0.0290    
5974->7441           | 161   | 0.5195       | 0.5540       | 0.0345    
7441->7386           | 160   | 0.5202       | 0.5577       | 0.0376    
7386->7285           | 159   | 0.5209       | 0.5615       | 0.0406    
7285->7370           | 158   | 0.5215       | 0.5675       | 0.0460    
7370->6777           | 157   | 0.5222       | 0.5776       | 0.0554    
6777->7545           | 157   | 0.5222       | 0.5776       | 0.0554    
7545->7434           | 156   | 0.5230       | 0.5826       | 0.0596    
7434->7611           | 155   | 0.5237       | 0.5888       | 0.0652    
7611->6776           | 154   | 0.5244       | 0.5963       | 0.0719    
6776->6758           | 139   | 0.5369       | 0.5891       | 0.0522    
6758->7343           | 136   | 0.5397       | 0.5925       | 0.0527    
7343->7578           | 135   | 0.5407       | 0.6026       | 0.0619    
7578->7273           | 134   | 0.5417       | 0.6078       | 0.0661    
7273->7176           | 133   | 0.5427       | 0.6138       | 0.0710    
7176->6757           | 132   | 0.5438       | 0.6178       | 0.0741    
6757->6889           | 124   | 0.5527       | 0.6187       | 0.0661    
6889->6890           | 124   | 0.5527       | 0.6187       | 0.0661    
4919->6115           | 105   | 0.5795       | 0.6479       | 0.0684    
6115->4892           | 104   | 0.5812       | 0.6506       | 0.0694    
4892->5355           | 104   | 0.5812       | 0.6506       | 0.0694    
5355->6127           | 103   | 0.5829       | 0.6540       | 0.0711    
6127->5847           | 102   | 0.5847       | 0.6567       | 0.0721    
5847->6250           | 101   | 0.5864       | 0.6594       | 0.0730    
6250->6085           | 100   | 0.5882       | 0.6618       | 0.0735    
6085->5645           | 99    | 0.5901       | 0.6646       | 0.0745    
5645->6275           | 98    | 0.5920       | 0.6669       | 0.0749    
6275->5868           | 97    | 0.5939       | 0.6708       | 0.0769    
5868->4891           | 96    | 0.5958       | 0.6732       | 0.0774    
4891->4954           | 91    | 0.6062       | 0.6697       | 0.0635    
4954->4983           | 91    | 0.6062       | 0.6697       | 0.0635    
4964->5895           | 82    | 0.6276       | 0.6406       | 0.0131    
5895->6293           | 81    | 0.6302       | 0.6469       | 0.0167    
6293->5712           | 80    | 0.6328       | 0.6529       | 0.0200    
5712->5813           | 79    | 0.6356       | 0.6599       | 0.0243    
5813->5800           | 78    | 0.6383       | 0.6670       | 0.0287    
5800->5612           | 77    | 0.6412       | 0.6698       | 0.0287    
5612->5098           | 76    | 0.6441       | 0.6744       | 0.0303    
5098->6197           | 76    | 0.6441       | 0.6744       | 0.0303    
6197->5097           | 75    | 0.6470       | 0.6784       | 0.0314    
6890->7706           | 74    | 0.6500       | 0.6270       | -0.0230   
7706->7765           | 72    | 0.6562       | 0.6434       | -0.0128   
7765->7954           | 71    | 0.6594       | 0.6445       | -0.0149   
7954->6891           | 70    | 0.6627       | 0.6481       | -0.0145   
4983->4955           | 69    | 0.6660       | 0.6530       | -0.0130   
4955->4956           | 69    | 0.6660       | 0.6530       | -0.0130   
4956->4957           | 69    | 0.6660       | 0.6530       | -0.0130   
4957->5925           | 69    | 0.6660       | 0.6530       | -0.0130   
5925->4958           | 68    | 0.6694       | 0.6571       | -0.0122   
4958->6344           | 68    | 0.6694       | 0.6571       | -0.0122   
6344->4959           | 67    | 0.6728       | 0.6617       | -0.0112   
4959->6013           | 67    | 0.6728       | 0.6617       | -0.0112   
6013->5395           | 66    | 0.6764       | 0.6662       | -0.0101   
5395->5383           | 65    | 0.6800       | 0.6823       | 0.0023    
5383->6133           | 63    | 0.6874       | 0.6895       | 0.0021    
5234->7310           | 63    | 0.6874       | 0.5427       | -0.1447   
6133->5487           | 62    | 0.6912       | 0.6937       | 0.0025    
5487->5404           | 61    | 0.6951       | 0.7029       | 0.0078    
7310->7266           | 61    | 0.6951       | 0.5960       | -0.0991   
5404->4960           | 60    | 0.6991       | 0.7073       | 0.0082    
4960->5343           | 60    | 0.6991       | 0.7073       | 0.0082    
7266->7352           | 60    | 0.6991       | 0.6157       | -0.0833   
5343->5737           | 59    | 0.7031       | 0.7122       | 0.0090    
5097->5111           | 59    | 0.7031       | 0.6544       | -0.0487   
5111->5112           | 59    | 0.7031       | 0.6544       | -0.0487   
5112->5782           | 59    | 0.7031       | 0.6544       | -0.0487   
7352->7251           | 59    | 0.7031       | 0.6440       | -0.0591   
5737->6040           | 58    | 0.7073       | 0.7379       | 0.0306    
5782->5642           | 58    | 0.7073       | 0.6610       | -0.0462   
7251->7166           | 58    | 0.7073       | 0.6486       | -0.0587   
6040->6253           | 57    | 0.7115       | 0.7442       | 0.0327    
7166->7478           | 57    | 0.7115       | 0.6560       | -0.0554   
6253->4961           | 56    | 0.7158       | 0.7477       | 0.0319    
5642->6170           | 56    | 0.7158       | 0.6731       | -0.0427   
7478->7466           | 56    | 0.7158       | 0.6606       | -0.0551   
6170->5460           | 55    | 0.7201       | 0.6800       | -0.0401   
7466->6794           | 55    | 0.7201       | 0.6650       | -0.0551   
6794->6827           | 55    | 0.7201       | 0.6650       | -0.0551   
5460->6064           | 54    | 0.7246       | 0.6896       | -0.0350   
6064->5113           | 53    | 0.7291       | 0.7122       | -0.0170   
5113->5154           | 53    | 0.7291       | 0.7122       | -0.0170   
5235->7156           | 49    | 0.7481       | 0.5383       | -0.2098   
6827->7422           | 49    | 0.7481       | 0.6915       | -0.0567   
7156->7488           | 48    | 0.7531       | 0.5557       | -0.1974   
7488->7201           | 47    | 0.7582       | 0.5702       | -0.1879   
7422->7226           | 47    | 0.7582       | 0.7118       | -0.0464   
7201->7636           | 46    | 0.7633       | 0.5885       | -0.1748   
7226->6806           | 46    | 0.7633       | 0.7237       | -0.0396   
6806->7575           | 46    | 0.7633       | 0.7237       | -0.0396   
7636->7179           | 45    | 0.7685       | 0.6145       | -0.1541   
7575->7401           | 45    | 0.7685       | 0.7296       | -0.0389   
7179->7282           | 44    | 0.7738       | 0.6363       | -0.1375   
7401->7584           | 44    | 0.7738       | 0.7701       | -0.0037   
7282->7288           | 43    | 0.7792       | 0.6589       | -0.1203   
7584->7316           | 43    | 0.7792       | 0.7854       | 0.0062    
7288->7497           | 42    | 0.7847       | 0.6923       | -0.0924   
7497->7507           | 41    | 0.7903       | 0.7110       | -0.0793   
7316->7205           | 41    | 0.7903       | 0.8009       | 0.0107    
7507->6881           | 40    | 0.7959       | 0.7302       | -0.0656   
7205->6807           | 40    | 0.7959       | 0.8142       | 0.0183    
6807->6884           | 39    | 0.8016       | 0.8449       | 0.0433    
6891->7896           | 37    | 0.8132       | 0.6244       | -0.1888   
7896->6892           | 36    | 0.8192       | 0.6329       | -0.1862   
6892->6893           | 36    | 0.8192       | 0.6329       | -0.1862   
6893->7966           | 35    | 0.8252       | 0.6435       | -0.1817   
4963->5401           | 34    | 0.8312       | 0.7574       | -0.0738   
7966->6894           | 34    | 0.8312       | 0.6547       | -0.1765   
6894->8005           | 34    | 0.8312       | 0.6547       | -0.1765   
5401->5566           | 33    | 0.8374       | 0.7836       | -0.0538   
6881->6784           | 33    | 0.8374       | 0.7496       | -0.0878   
6891->7775           | 33    | 0.8374       | 0.6817       | -0.1556   
8005->6895           | 33    | 0.8374       | 0.6977       | -0.1397   
6895->6896           | 33    | 0.8374       | 0.6977       | -0.1397   
6896->6897           | 33    | 0.8374       | 0.6977       | -0.1397   
6897->7009           | 33    | 0.8374       | 0.6977       | -0.1397   
5566->5989           | 32    | 0.8435       | 0.8032       | -0.0404   
7775->7709           | 32    | 0.8435       | 0.6983       | -0.1452   
7009->6898           | 32    | 0.8435       | 0.7369       | -0.1067   
4961->5995           | 31    | 0.8497       | 0.7359       | -0.1139   
5989->5194           | 31    | 0.8497       | 0.8329       | -0.0168   
7709->8002           | 31    | 0.8497       | 0.7167       | -0.1331   
5995->5322           | 30    | 0.8560       | 0.7539       | -0.1021   
5262->6287           | 30    | 0.8560       | 0.6772       | -0.1788   
8002->6933           | 30    | 0.8560       | 0.7288       | -0.1272   
6933->7926           | 30    | 0.8560       | 0.7288       | -0.1272   
5322->5325           | 29    | 0.8623       | 0.7719       | -0.0904   
6287->5454           | 29    | 0.8623       | 0.6952       | -0.1671   
6784->7593           | 29    | 0.8623       | 0.7435       | -0.1187   
7926->7038           | 29    | 0.8623       | 0.7679       | -0.0944   
5325->6118           | 28    | 0.8686       | 0.7865       | -0.0821   
5154->5807           | 28    | 0.8686       | 0.6992       | -0.1694   
5454->5666           | 28    | 0.8686       | 0.7141       | -0.1545   
7593->7605           | 28    | 0.8686       | 0.8038       | -0.0649   
6898->7845           | 28    | 0.8686       | 0.7224       | -0.1462   
6118->4962           | 27    | 0.8749       | 0.8020       | -0.0730   
4962->5496           | 27    | 0.8749       | 0.8020       | -0.0730   
5807->5841           | 27    | 0.8749       | 0.7742       | -0.1008   
5666->5237           | 27    | 0.8749       | 0.7482       | -0.1268   
5237->5502           | 27    | 0.8749       | 0.7482       | -0.1268   
7605->7182           | 27    | 0.8749       | 0.8577       | -0.0173   
7845->7830           | 27    | 0.8749       | 0.7878       | -0.0872   
5496->5788           | 26    | 0.8813       | 0.8264       | -0.0549   
5841->6335           | 26    | 0.8813       | 0.8112       | -0.0701   
5502->5238           | 26    | 0.8813       | 0.7795       | -0.1018   
5238->5239           | 26    | 0.8813       | 0.7795       | -0.1018   
5239->5240           | 26    | 0.8813       | 0.7795       | -0.1018   
7182->7548           | 26    | 0.8813       | 0.8614       | -0.0199   
7830->7960           | 26    | 0.8813       | 0.8038       | -0.0775   
4961->5594           | 25    | 0.8876       | 0.7550       | -0.1327   
5788->5569           | 25    | 0.8876       | 0.8479       | -0.0398   
5154->5421           | 25    | 0.8876       | 0.7358       | -0.1518   
6335->5526           | 25    | 0.8876       | 0.8191       | -0.0685   
7548->7270           | 25    | 0.8876       | 0.8704       | -0.0173   
6890->7055           | 25    | 0.8876       | 0.6928       | -0.1949   
6890->7745           | 25    | 0.8876       | 0.5578       | -0.3298   
7055->7739           | 25    | 0.8876       | 0.6928       | -0.1949   
7960->7787           | 25    | 0.8876       | 0.8200       | -0.0676   
5594->5508           | 24    | 0.8940       | 0.7647       | -0.1293   
5569->5216           | 24    | 0.8940       | 0.8720       | -0.0220   
5421->5693           | 24    | 0.8940       | 0.7670       | -0.1270   
5526->5469           | 24    | 0.8940       | 0.8333       | -0.0606   
7270->7419           | 24    | 0.8940       | 0.8979       | 0.0040    
7745->7851           | 24    | 0.8940       | 0.5871       | -0.3068   
7739->7688           | 24    | 0.8940       | 0.7146       | -0.1794   
7787->7781           | 24    | 0.8940       | 0.8259       | -0.0681   
5508->6001           | 23    | 0.9003       | 0.7710       | -0.1293   
5693->5877           | 23    | 0.9003       | 0.8184       | -0.0819   
5469->5114           | 23    | 0.9003       | 0.8665       | -0.0338   
7419->7189           | 23    | 0.9003       | 0.9026       | 0.0023    
7851->7757           | 23    | 0.9003       | 0.5987       | -0.3016   
7688->7056           | 23    | 0.9003       | 0.7334       | -0.1669   
7781->7784           | 23    | 0.9003       | 0.8579       | -0.0424   
4983->5835           | 22    | 0.9066       | 0.7788       | -0.1278   
6001->5389           | 22    | 0.9066       | 0.7816       | -0.1250   
5877->5358           | 22    | 0.9066       | 0.8688       | -0.0378   
7189->7555           | 22    | 0.9066       | 0.9039       | -0.0027   
7757->6917           | 22    | 0.9066       | 0.6933       | -0.2133   
7056->7771           | 22    | 0.9066       | 0.7597       | -0.1469   
6917->7823           | 22    | 0.9066       | 0.6933       | -0.2133   
7784->6899           | 22    | 0.9066       | 0.9160       | 0.0094    
6899->6960           | 22    | 0.9066       | 0.9160       | 0.0094    
5835->5016           | 21    | 0.9128       | 0.8116       | -0.1012   
5389->5021           | 21    | 0.9128       | 0.7960       | -0.1169   
5021->6124           | 21    | 0.9128       | 0.7960       | -0.1169   
5358->5886           | 21    | 0.9128       | 0.9071       | -0.0057   
6884->6861           | 21    | 0.9128       | 0.8194       | -0.0934   
6861->7666           | 21    | 0.9128       | 0.8194       | -0.0934   
7555->7170           | 21    | 0.9128       | 0.9069       | -0.0059   
7771->7057           | 21    | 0.9128       | 0.7926       | -0.1203   
7823->7911           | 21    | 0.9128       | 0.7116       | -0.2012   
6124->5022           | 20    | 0.9190       | 0.8066       | -0.1124   
5022->5319           | 20    | 0.9190       | 0.8066       | -0.1124   
5886->5127           | 20    | 0.9190       | 0.9437       | 0.0247    
5114->5115           | 20    | 0.9190       | 0.8758       | -0.0432   
5115->6266           | 20    | 0.9190       | 0.8758       | -0.0432   
7666->7349           | 20    | 0.9190       | 0.8907       | -0.0283   
7170->7331           | 20    | 0.9190       | 0.9091       | -0.0099   
7057->7058           | 20    | 0.9190       | 0.8229       | -0.0961   
7911->7691           | 20    | 0.9190       | 0.7330       | -0.1860   
7058->7920           | 20    | 0.9190       | 0.8229       | -0.0961   
5016->5523           | 19    | 0.9251       | 0.8199       | -0.1052   
5319->6055           | 19    | 0.9251       | 0.8238       | -0.1013   
5216->6281           | 19    | 0.9251       | 0.8771       | -0.0480   
5194->5053           | 19    | 0.9251       | 0.8138       | -0.1113   
5053->5935           | 19    | 0.9251       | 0.8138       | -0.1113   
6266->6149           | 19    | 0.9251       | 0.9006       | -0.0246   
7349->7676           | 19    | 0.9251       | 0.9236       | -0.0015   
7331->7361           | 19    | 0.9251       | 0.9231       | -0.0021   
7691->6918           | 19    | 0.9251       | 0.7741       | -0.1510   
7920->7984           | 19    | 0.9251       | 0.8581       | -0.0670   
5523->5618           | 18    | 0.9311       | 0.8863       | -0.0448   
6055->5411           | 18    | 0.9311       | 0.8342       | -0.0969   
6281->6194           | 18    | 0.9311       | 0.8855       | -0.0456   
5935->5715           | 18    | 0.9311       | 0.8616       | -0.0695   
6149->5828           | 18    | 0.9311       | 0.9109       | -0.0202   
7676->6862           | 18    | 0.9311       | 0.9303       | -0.0009   
6862->7596           | 18    | 0.9311       | 0.9303       | -0.0009   
7361->7654           | 18    | 0.9311       | 0.9362       | 0.0050    
6918->7863           | 18    | 0.9311       | 0.8212       | -0.1099   
7984->7880           | 18    | 0.9311       | 0.9118       | -0.0193   
6960->6947           | 18    | 0.9311       | 0.9180       | -0.0132   
6947->6948           | 18    | 0.9311       | 0.9180       | -0.0132   
6948->6949           | 18    | 0.9311       | 0.9180       | -0.0132   
5618->4993           | 17    | 0.9370       | 0.9287       | -0.0083   
4993->5621           | 17    | 0.9370       | 0.9287       | -0.0083   
5411->6164           | 17    | 0.9370       | 0.8548       | -0.0823   
6194->5205           | 17    | 0.9370       | 0.9338       | -0.0033   
5205->6290           | 17    | 0.9370       | 0.9338       | -0.0033   
5828->5116           | 17    | 0.9370       | 0.9289       | -0.0081   
5116->6037           | 17    | 0.9370       | 0.9289       | -0.0081   
5240->6748           | 17    | 0.9370       | 0.8262       | -0.1109   
7596->7472           | 17    | 0.9370       | 0.9334       | -0.0036   
7654->7244           | 17    | 0.9370       | 0.9378       | 0.0008    
7863->7733           | 17    | 0.9370       | 0.8481       | -0.0890   
7880->7778           | 17    | 0.9370       | 0.9223       | -0.0148   
7038->6934           | 17    | 0.9370       | 0.7987       | -0.1383   
6934->7820           | 17    | 0.9370       | 0.7987       | -0.1383   
5005->4989           | 16    | 0.9428       | 0.8148       | -0.1281   
5621->5575           | 16    | 0.9428       | 0.9384       | -0.0045   
5097->5096           | 16    | 0.9428       | 0.7703       | -0.1725   
5096->5095           | 16    | 0.9428       | 0.7703       | -0.1725   
5095->5913           | 16    | 0.9428       | 0.7703       | -0.1725   
6164->5023           | 16    | 0.9428       | 0.8854       | -0.0574   
5023->5648           | 16    | 0.9428       | 0.8854       | -0.0574   
6290->5916           | 16    | 0.9428       | 0.9386       | -0.0042   
5715->5708           | 16    | 0.9428       | 0.9209       | -0.0219   
6037->5117           | 16    | 0.9428       | 0.9390       | -0.0038   
5117->5352           | 16    | 0.9428       | 0.9390       | -0.0038   
6884->6808           | 16    | 0.9428       | 0.8725       | -0.0703   
6808->7295           | 16    | 0.9428       | 0.8725       | -0.0703   
7472->7562           | 16    | 0.9428       | 0.9419       | -0.0009   
7244->7238           | 16    | 0.9428       | 0.9393       | -0.0035   
7733->7814           | 16    | 0.9428       | 0.8998       | -0.0430   
7778->7799           | 16    | 0.9428       | 0.9366       | -0.0063   
7820->7951           | 16    | 0.9428       | 0.8220       | -0.1209   
4989->5539           | 15    | 0.9485       | 0.8956       | -0.0529   
5575->5998           | 15    | 0.9485       | 0.9458       | -0.0027   
5913->5475           | 15    | 0.9485       | 0.8428       | -0.1057   
5648->5763           | 15    | 0.9485       | 0.8887       | -0.0598   
5127->6181           | 15    | 0.9485       | 0.9283       | -0.0202   
5916->5862           | 15    | 0.9485       | 0.9412       | -0.0073   
5708->5563           | 15    | 0.9485       | 0.9301       | -0.0184   
5352->5727           | 15    | 0.9485       | 0.9432       | -0.0053   
7295->7428           | 15    | 0.9485       | 0.8870       | -0.0615   
6776->6834           | 15    | 0.9485       | 0.6704       | -0.2781   
6834->6833           | 15    | 0.9485       | 0.6704       | -0.2781   
6833->7232           | 15    | 0.9485       | 0.6704       | -0.2781   
7562->7407           | 15    | 0.9485       | 0.9490       | 0.0005    
7238->7438           | 15    | 0.9485       | 0.9419       | -0.0066   
7814->6919           | 15    | 0.9485       | 0.9444       | -0.0040   
7799->7742           | 15    | 0.9485       | 0.9430       | -0.0055   
6919->7860           | 15    | 0.9485       | 0.9444       | -0.0040   
7951->7883           | 15    | 0.9485       | 0.8389       | -0.1096   
6949->6965           | 15    | 0.9485       | 0.9168       | -0.0317   
6965->7874           | 15    | 0.9485       | 0.9168       | -0.0317   
5539->5769           | 14    | 0.9540       | 0.9277       | -0.0263   
5998->5687           | 14    | 0.9540       | 0.9520       | -0.0020   
5475->5386           | 14    | 0.9540       | 0.9315       | -0.0225   
5763->5584           | 14    | 0.9540       | 0.8990       | -0.0549   
6181->6313           | 14    | 0.9540       | 0.9431       | -0.0108   
5862->5204           | 14    | 0.9540       | 0.9537       | -0.0003   
5563->5054           | 14    | 0.9540       | 0.9454       | -0.0086   
5054->5660           | 14    | 0.9540       | 0.9454       | -0.0086   
5727->5983           | 14    | 0.9540       | 0.9473       | -0.0067   
7428->7392           | 14    | 0.9540       | 0.9176       | -0.0363   
7232->7531           | 14    | 0.9540       | 0.7401       | -0.2139   
7407->6863           | 14    | 0.9540       | 0.9535       | -0.0004   
7438->7679           | 14    | 0.9540       | 0.9519       | -0.0021   
7742->7727           | 14    | 0.9540       | 0.9476       | -0.0064   
7860->7035           | 14    | 0.9540       | 0.9625       | 0.0085    
7883->6935           | 14    | 0.9540       | 0.8723       | -0.0816   
6935->7694           | 14    | 0.9540       | 0.8723       | -0.0816   
7874->7810           | 14    | 0.9540       | 0.9309       | -0.0231   
4941->4927           | 13    | 0.9593       | 0.8713       | -0.0880   
4927->5734           | 13    | 0.9593       | 0.8713       | -0.0880   
5769->5424           | 13    | 0.9593       | 0.9450       | -0.0143   
5687->5663           | 13    | 0.9593       | 0.9578       | -0.0015   
5386->6052           | 13    | 0.9593       | 0.9532       | -0.0061   
5584->5889           | 13    | 0.9593       | 0.9278       | -0.0315   
6313->5505           | 13    | 0.9593       | 0.9559       | -0.0034   
5204->5499           | 13    | 0.9593       | 0.9575       | -0.0018   
5660->6244           | 13    | 0.9593       | 0.9535       | -0.0058   
5983->5118           | 13    | 0.9593       | 0.9584       | -0.0009   
5118->5655           | 13    | 0.9593       | 0.9584       | -0.0009   
7392->6809           | 13    | 0.9593       | 0.9458       | -0.0134   
6809->7413           | 13    | 0.9593       | 0.9458       | -0.0134   
7531->7491           | 13    | 0.9593       | 0.8219       | -0.1374   
6863->7448           | 13    | 0.9593       | 0.9579       | -0.0014   
7679->7454           | 13    | 0.9593       | 0.9592       | -0.0001   
7694->7957           | 13    | 0.9593       | 0.9338       | -0.0255   
7810->6966           | 13    | 0.9593       | 0.9656       | 0.0063    
6966->7917           | 13    | 0.9593       | 0.9656       | 0.0063    
7114->7107           | 12    | 0.9644       | 0.8966       | -0.0678   
7107->7503           | 12    | 0.9644       | 0.8966       | -0.0678   
5734->5932           | 12    | 0.9644       | 0.9311       | -0.0333   
5663->5944           | 12    | 0.9644       | 0.9630       | -0.0014   
6052->5669           | 12    | 0.9644       | 0.9621       | -0.0023   
5889->5284           | 12    | 0.9644       | 0.9615       | -0.0029   
5505->5126           | 12    | 0.9644       | 0.9634       | -0.0010   
5126->5125           | 12    | 0.9644       | 0.9634       | -0.0010   
6244->5597           | 12    | 0.9644       | 0.9631       | -0.0013   
5655->5959           | 12    | 0.9644       | 0.9644       | -0.0001   
7491->7568           | 12    | 0.9644       | 0.9461       | -0.0184   
7448->6864           | 12    | 0.9644       | 0.9639       | -0.0005   
6864->7248           | 12    | 0.9644       | 0.9639       | -0.0005   
7454->7599           | 12    | 0.9644       | 0.9696       | 0.0052    
7727->7685           | 12    | 0.9644       | 0.9611       | -0.0033   
7957->7870           | 12    | 0.9644       | 0.9582       | -0.0062   
7917->7002           | 12    | 0.9644       | 0.9734       | 0.0090    
7503->7374           | 11    | 0.9693       | 0.9502       | -0.0191   
5932->5746           | 11    | 0.9693       | 0.9452       | -0.0241   
5424->6238           | 11    | 0.9693       | 0.9650       | -0.0043   
5944->5779           | 11    | 0.9693       | 0.9681       | -0.0012   
5669->5376           | 11    | 0.9693       | 0.9680       | -0.0013   
5284->5408           | 11    | 0.9693       | 0.9686       | -0.0007   
5499->5953           | 11    | 0.9693       | 0.9685       | -0.0008   
5125->6130           | 11    | 0.9693       | 0.9684       | -0.0009   
5597->6347           | 11    | 0.9693       | 0.9685       | -0.0008   
5959->5119           | 11    | 0.9693       | 0.9687       | -0.0006   
7413->7276           | 11    | 0.9693       | 0.9639       | -0.0054   
7568->7541           | 11    | 0.9693       | 0.9541       | -0.0152   
7248->7334           | 11    | 0.9693       | 0.9694       | 0.0001    
7599->7624           | 11    | 0.9693       | 0.9724       | 0.0031    
7035->6920           | 11    | 0.9693       | 0.9641       | -0.0052   
7685->7730           | 11    | 0.9693       | 0.9673       | -0.0020   
6920->7903           | 11    | 0.9693       | 0.9641       | -0.0052   
7870->7718           | 11    | 0.9693       | 0.9649       | -0.0044   
7374->7445           | 10    | 0.9740       | 0.9692       | -0.0048   
4905->4888           | 10    | 0.9740       | 0.9234       | -0.0506   
4888->5427           | 10    | 0.9740       | 0.9234       | -0.0506   
5746->6304           | 10    | 0.9740       | 0.9560       | -0.0179   
6238->5367           | 10    | 0.9740       | 0.9717       | -0.0022   
5779->5517           | 10    | 0.9740       | 0.9729       | -0.0011   
5376->6173           | 10    | 0.9740       | 0.9725       | -0.0014   
5408->6019           | 10    | 0.9740       | 0.9756       | 0.0016    
5953->5203           | 10    | 0.9740       | 0.9725       | -0.0014   
5203->5493           | 10    | 0.9740       | 0.9725       | -0.0014   
6130->6310           | 10    | 0.9740       | 0.9735       | -0.0005   
6347->5055           | 10    | 0.9740       | 0.9733       | -0.0007   
5055->5056           | 10    | 0.9740       | 0.9733       | -0.0007   
5056->6178           | 10    | 0.9740       | 0.9733       | -0.0007   
7276->7263           | 10    | 0.9740       | 0.9712       | -0.0028   
7541->7416           | 10    | 0.9740       | 0.9699       | -0.0040   
7334->6865           | 10    | 0.9740       | 0.9712       | -0.0028   
7624->6813           | 10    | 0.9740       | 0.9765       | 0.0025    
7730->7059           | 10    | 0.9740       | 0.9730       | -0.0010   
7903->7948           | 10    | 0.9740       | 0.9704       | -0.0036   
7718->7887           | 10    | 0.9740       | 0.9718       | -0.0022   
7445->7140           | 9     | 0.9783       | 0.9761       | -0.0022   
5427->5448           | 9     | 0.9783       | 0.9555       | -0.0228   
6304->6031           | 9     | 0.9783       | 0.9655       | -0.0129   
5367->6136           | 9     | 0.9783       | 0.9769       | -0.0014   
5517->5466           | 9     | 0.9783       | 0.9773       | -0.0010   
6173->5094           | 9     | 0.9783       | 0.9774       | -0.0009   
5094->5606           | 9     | 0.9783       | 0.9774       | -0.0009   
5194->5183           | 9     | 0.9783       | 0.8926       | -0.0857   
5183->5182           | 9     | 0.9783       | 0.8926       | -0.0857   
6019->5024           | 9     | 0.9783       | 0.9775       | -0.0008   
5024->5442           | 9     | 0.9783       | 0.9775       | -0.0008   
5493->5490           | 9     | 0.9783       | 0.9771       | -0.0012   
6310->5588           | 9     | 0.9783       | 0.9765       | -0.0019   
6178->5057           | 9     | 0.9783       | 0.9831       | 0.0048    
5057->5084           | 9     | 0.9783       | 0.9831       | 0.0048    
5240->5241           | 9     | 0.9783       | 0.7199       | -0.2585   
5241->7587           | 9     | 0.9783       | 0.7199       | -0.2585   
6748->6749           | 9     | 0.9783       | 0.7912       | -0.1872   
6749->7325           | 9     | 0.9783       | 0.7912       | -0.1872   
7263->7346           | 9     | 0.9783       | 0.9768       | -0.0015   
7416->7404           | 9     | 0.9783       | 0.9759       | -0.0025   
7059->7721           | 9     | 0.9783       | 0.9769       | -0.0015   
7948->7945           | 9     | 0.9783       | 0.9764       | -0.0019   
7887->7939           | 9     | 0.9783       | 0.9771       | -0.0012   
7140->7220           | 8     | 0.9824       | 0.9805       | -0.0020   
4905->6215           | 8     | 0.9824       | 0.8726       | -0.1098   
5448->5627           | 8     | 0.9824       | 0.9765       | -0.0059   
6031->5349           | 8     | 0.9824       | 0.9732       | -0.0092   
6136->5919           | 8     | 0.9824       | 0.9813       | -0.0012   
5466->6341           | 8     | 0.9824       | 0.9815       | -0.0009   
5606->6007           | 8     | 0.9824       | 0.9815       | -0.0010   
5182->5181           | 8     | 0.9824       | 0.9623       | -0.0201   
5181->5956           | 8     | 0.9824       | 0.9623       | -0.0201   
5442->5025           | 8     | 0.9824       | 0.9804       | -0.0021   
5490->5202           | 8     | 0.9824       | 0.9819       | -0.0005   
5588->5124           | 8     | 0.9824       | 0.9814       | -0.0010   
5025->5026           | 8     | 0.9824       | 0.9804       | -0.0021   
5202->5307           | 8     | 0.9824       | 0.9819       | -0.0005   
5124->5463           | 8     | 0.9824       | 0.9814       | -0.0010   
5026->5364           | 8     | 0.9824       | 0.9804       | -0.0021   
5119->5950           | 8     | 0.9824       | 0.9791       | -0.0033   
6748->7510           | 8     | 0.9824       | 0.8658       | -0.1166   
7587->6025           | 8     | 0.9824       | 0.7733       | -0.2092   
7325->7208           | 8     | 0.9824       | 0.9556       | -0.0268   
7346->7657           | 8     | 0.9824       | 0.9811       | -0.0014   
7404->7380           | 8     | 0.9824       | 0.9812       | -0.0013   
6865->6866           | 8     | 0.9824       | 0.9810       | -0.0015   
6866->6867           | 8     | 0.9824       | 0.9810       | -0.0015   
7721->7932           | 8     | 0.9824       | 0.9820       | -0.0004   
7945->7748           | 8     | 0.9824       | 0.9814       | -0.0010   
7939->7987           | 8     | 0.9824       | 0.9821       | -0.0004   
7117->7377           | 7     | 0.9862       | 0.8870       | -0.0992   
7220->7195           | 7     | 0.9862       | 0.9855       | -0.0007   
6215->5740           | 7     | 0.9862       | 0.9388       | -0.0474   
5627->6272           | 7     | 0.9862       | 0.9834       | -0.0028   
5349->5759           | 7     | 0.9862       | 0.9790       | -0.0072   
5919->5838           | 7     | 0.9862       | 0.9853       | -0.0009   
6341->4992           | 7     | 0.9862       | 0.9853       | -0.0009   
6007->6097           | 7     | 0.9862       | 0.9857       | -0.0005   
5956->5180           | 7     | 0.9862       | 0.9822       | -0.0040   
5180->6100           | 7     | 0.9862       | 0.9822       | -0.0040   
5307->5743           | 7     | 0.9862       | 0.9864       | 0.0002    
5463->5123           | 7     | 0.9862       | 0.9853       | -0.0009   
5364->5971           | 7     | 0.9862       | 0.9846       | -0.0016   
5123->5398           | 7     | 0.9862       | 0.9853       | -0.0009   
5950->5756           | 7     | 0.9862       | 0.9845       | -0.0017   
6881->7340           | 7     | 0.9862       | 0.6665       | -0.3197   
7510->7079           | 7     | 0.9862       | 0.8856       | -0.1006   
6025->5529           | 7     | 0.9862       | 0.9593       | -0.0269   
7079->7078           | 7     | 0.9862       | 0.8856       | -0.1006   
7208->6750           | 7     | 0.9862       | 0.9716       | -0.0146   
7078->7602           | 7     | 0.9862       | 0.8856       | -0.1006   
7657->7192           | 7     | 0.9862       | 0.9863       | 0.0001    
6757->6848           | 7     | 0.9862       | 0.6698       | -0.3164   
6848->7660           | 7     | 0.9862       | 0.6698       | -0.3164   
7380->7198           | 7     | 0.9862       | 0.9857       | -0.0005   
6813->7645           | 7     | 0.9862       | 0.9742       | -0.0120   
6867->7528           | 7     | 0.9862       | 0.9851       | -0.0011   
7038->7021           | 7     | 0.9862       | 0.6818       | -0.3044   
7021->7980           | 7     | 0.9862       | 0.6818       | -0.3044   
7932->7736           | 7     | 0.9862       | 0.9838       | -0.0024   
7748->6921           | 7     | 0.9862       | 0.9864       | 0.0002    
6921->7712           | 7     | 0.9862       | 0.9864       | 0.0002    
7987->7977           | 7     | 0.9862       | 0.9851       | -0.0011   
7377->7108           | 6     | 0.9896       | 0.9633       | -0.0263   
7108->7125           | 6     | 0.9896       | 0.9633       | -0.0263   
7125->7235           | 6     | 0.9896       | 0.9633       | -0.0263   
7195->7307           | 6     | 0.9896       | 0.9898       | 0.0002    
5740->4887           | 6     | 0.9896       | 0.9754       | -0.0142   
4887->6091           | 6     | 0.9896       | 0.9754       | -0.0142   
6272->5865           | 6     | 0.9896       | 0.9884       | -0.0012   
5759->5542           | 6     | 0.9896       | 0.9839       | -0.0057   
5838->5731           | 6     | 0.9896       | 0.9890       | -0.0006   
4992->4991           | 6     | 0.9896       | 0.9886       | -0.0011   
6097->5331           | 6     | 0.9896       | 0.9886       | -0.0011   
6100->5532           | 6     | 0.9896       | 0.9881       | -0.0015   
5743->5201           | 6     | 0.9896       | 0.9887       | -0.0009   
5971->5027           | 6     | 0.9896       | 0.9897       | 0.0001    
5201->5379           | 6     | 0.9896       | 0.9887       | -0.0009   
5027->5560           | 6     | 0.9896       | 0.9897       | 0.0001    
5756->5223           | 6     | 0.9896       | 0.9891       | -0.0005   
5223->5965           | 6     | 0.9896       | 0.9891       | -0.0005   
7340->7469           | 6     | 0.9896       | 0.9743       | -0.0153   
6750->6751           | 6     | 0.9896       | 0.9861       | -0.0035   
7602->7279           | 6     | 0.9896       | 0.9792       | -0.0105   
7192->6810           | 6     | 0.9896       | 0.9884       | -0.0013   
6810->7618           | 6     | 0.9896       | 0.9884       | -0.0013   
7660->7558           | 6     | 0.9896       | 0.7725       | -0.2171   
7198->7516           | 6     | 0.9896       | 0.9892       | -0.0004   
7645->7571           | 6     | 0.9896       | 0.9871       | -0.0026   
7528->7648           | 6     | 0.9896       | 0.9895       | -0.0002   
7980->7963           | 6     | 0.9896       | 0.8949       | -0.0948   
7736->7923           | 6     | 0.9896       | 0.9877       | -0.0019   
7712->7890           | 6     | 0.9896       | 0.9918       | 0.0022    
7977->7804           | 6     | 0.9896       | 0.9911       | 0.0015    
7002->6988           | 6     | 0.9896       | 0.9793       | -0.0103   
7002->7760           | 6     | 0.9896       | 0.9655       | -0.0241   
7235->7364           | 5     | 0.9927       | 0.9819       | -0.0108   
7307->7565           | 5     | 0.9927       | 0.9945       | 0.0019    
5865->5436           | 5     | 0.9927       | 0.9931       | 0.0005    
4891->6022           | 5     | 0.9927       | 0.7971       | -0.1956   
5542->4949           | 5     | 0.9927       | 0.9935       | 0.0009    
5731->5775           | 5     | 0.9927       | 0.9919       | -0.0008   
5331->6073           | 5     | 0.9927       | 0.9927       | 0.0000    
5127->5159           | 5     | 0.9927       | 0.9663       | -0.0264   
5159->5160           | 5     | 0.9927       | 0.9663       | -0.0264   
5532->5179           | 5     | 0.9927       | 0.9925       | -0.0002   
5179->6076           | 5     | 0.9927       | 0.9925       | -0.0002   
5398->5451           | 5     | 0.9927       | 0.9919       | -0.0008   
5379->6207           | 5     | 0.9927       | 0.9912       | -0.0015   
5066->5892           | 5     | 0.9927       | 0.7203       | -0.2724   
5560->6061           | 5     | 0.9927       | 0.9915       | -0.0012   
5064->5370           | 5     | 0.9927       | 0.7247       | -0.2680   
5965->5222           | 5     | 0.9927       | 0.9885       | -0.0041   
6827->7519           | 5     | 0.9927       | 0.6155       | -0.3772   
7469->7639           | 5     | 0.9927       | 0.9882       | -0.0045   
5529->6307           | 5     | 0.9927       | 0.9874       | -0.0053   
6751->6752           | 5     | 0.9927       | 0.9919       | -0.0008   
7279->7077           | 5     | 0.9927       | 0.9897       | -0.0030   
7077->7076           | 5     | 0.9927       | 0.9897       | -0.0030   
7076->7319           | 5     | 0.9927       | 0.9897       | -0.0030   
7618->7367           | 5     | 0.9927       | 0.9938       | 0.0011    
7558->7313           | 5     | 0.9927       | 0.9324       | -0.0603   
7516->7160           | 5     | 0.9927       | 0.9917       | -0.0010   
7571->6832           | 5     | 0.9927       | 0.9926       | -0.0000   
7648->7257           | 5     | 0.9927       | 0.9921       | -0.0006   
7038->7020           | 5     | 0.9927       | 0.7980       | -0.1947   
7020->7793           | 5     | 0.9927       | 0.7980       | -0.1947   
7963->7703           | 5     | 0.9927       | 0.9769       | -0.0158   
7923->7936           | 5     | 0.9927       | 0.9916       | -0.0010   
7890->7836           | 5     | 0.9927       | 0.9895       | -0.0031   
7804->6936           | 5     | 0.9927       | 0.9921       | -0.0005   
6936->6937           | 5     | 0.9927       | 0.9921       | -0.0005   
6937->7893           | 5     | 0.9927       | 0.9921       | -0.0005   
7364->7630           | 4     | 0.9953       | 0.9908       | -0.0045   
7565->7682           | 4     | 0.9953       | 0.9918       | -0.0035   
6091->4886           | 4     | 0.9953       | 0.9934       | -0.0019   
4886->6146           | 4     | 0.9953       | 0.9934       | -0.0019   
5436->4889           | 4     | 0.9953       | 0.9951       | -0.0002   
6022->6224           | 4     | 0.9953       | 0.9239       | -0.0715   
5775->6257           | 4     | 0.9953       | 0.9951       | -0.0002   
4991->5313           | 4     | 0.9953       | 0.9952       | -0.0002   
5216->5609           | 4     | 0.9953       | 0.9315       | -0.0638   
6073->5904           | 4     | 0.9953       | 0.9947       | -0.0007   
5160->5938           | 4     | 0.9953       | 0.9864       | -0.0089   
5451->5122           | 4     | 0.9953       | 0.9958       | 0.0005    
6207->5572           | 4     | 0.9953       | 0.9963       | 0.0009    
5892->5030           | 4     | 0.9953       | 0.8659       | -0.1294   
6061->5028           | 4     | 0.9953       | 0.9945       | -0.0009   
5370->5346           | 4     | 0.9953       | 0.9389       | -0.0565   
5222->5415           | 4     | 0.9953       | 0.9939       | -0.0014   
7519->7475           | 4     | 0.9953       | 0.9244       | -0.0709   
6784->7673           | 4     | 0.9953       | 0.7804       | -0.2149   
7639->7484           | 4     | 0.9953       | 0.9951       | -0.0002   
6307->7254           | 4     | 0.9953       | 0.9935       | -0.0019   
6752->6753           | 4     | 0.9953       | 0.9952       | -0.0002   
7319->7075           | 4     | 0.9953       | 0.9934       | -0.0020   
7075->7241           | 4     | 0.9953       | 0.9934       | -0.0020   
7367->7355           | 4     | 0.9953       | 0.9908       | -0.0045   
7313->7173           | 4     | 0.9953       | 0.9809       | -0.0145   
7160->7358           | 4     | 0.9953       | 0.9942       | -0.0011   
7257->7389           | 4     | 0.9953       | 0.9938       | -0.0015   
7793->7019           | 4     | 0.9953       | 0.8350       | -0.1603   
7019->7018           | 4     | 0.9953       | 0.8350       | -0.1603   
7703->7899           | 4     | 0.9953       | 0.9935       | -0.0019   
7018->7017           | 4     | 0.9953       | 0.8350       | -0.1603   
7017->7016           | 4     | 0.9953       | 0.8350       | -0.1603   
6898->7097           | 4     | 0.9953       | 0.9639       | -0.0315   
7097->7096           | 4     | 0.9953       | 0.9639       | -0.0315   
7096->7095           | 4     | 0.9953       | 0.9639       | -0.0315   
7095->7094           | 4     | 0.9953       | 0.9639       | -0.0315   
7094->7093           | 4     | 0.9953       | 0.9639       | -0.0315   
7093->7697           | 4     | 0.9953       | 0.9639       | -0.0315   
7936->8009           | 4     | 0.9953       | 0.9958       | 0.0005    
6960->7796           | 4     | 0.9953       | 0.9075       | -0.0879   
7836->6922           | 4     | 0.9953       | 0.9942       | -0.0011   
6922->7715           | 4     | 0.9953       | 0.9942       | -0.0011   
7893->7848           | 4     | 0.9953       | 0.9926       | -0.0027   
6988->6967           | 4     | 0.9953       | 0.9883       | -0.0070   
7760->6993           | 4     | 0.9953       | 0.9939       | -0.0014   
6967->6968           | 4     | 0.9953       | 0.9883       | -0.0070   
6993->6994           | 4     | 0.9953       | 0.9939       | -0.0014   
6968->7996           | 4     | 0.9953       | 0.9883       | -0.0070   
7137->7663           | 3     | 0.9975       | 0.8062       | -0.1914   
7630->7383           | 3     | 0.9975       | 0.9961       | -0.0014   
7682->7608           | 3     | 0.9975       | 0.9962       | -0.0013   
6146->4885           | 3     | 0.9975       | 0.9956       | -0.0019   
4885->6079           | 3     | 0.9975       | 0.9956       | -0.0019   
4889->5472           | 3     | 0.9975       | 0.9949       | -0.0026   
6224->4890           | 3     | 0.9975       | 0.9890       | -0.0085   
4949->5749           | 3     | 0.9975       | 0.9871       | -0.0105   
6257->5871           | 3     | 0.9975       | 0.9972       | -0.0003   
5313->5910           | 3     | 0.9975       | 0.9974       | -0.0001   
4963->6191           | 3     | 0.9975       | 0.5476       | -0.4499   
5609->6319           | 3     | 0.9975       | 0.9819       | -0.0156   
5194->5785           | 3     | 0.9975       | 0.8194       | -0.1782   
5114->8022           | 3     | 0.9975       | 0.8303       | -0.1672   
5034->5166           | 3     | 0.9975       | 0.7764       | -0.2212   
5904->5922           | 3     | 0.9975       | 0.9959       | -0.0017   
5166->5340           | 3     | 0.9975       | 0.7764       | -0.2212   
5938->5161           | 3     | 0.9975       | 0.9974       | -0.0001   
5161->6028           | 3     | 0.9975       | 0.9974       | -0.0001   
6076->5822           | 3     | 0.9975       | 0.9963       | -0.0012   
5122->5825           | 3     | 0.9975       | 0.9985       | 0.0010    
5572->5200           | 3     | 0.9975       | 0.9959       | -0.0017   
5030->5992           | 3     | 0.9975       | 0.9696       | -0.0280   
5084->5058           | 3     | 0.9975       | 0.9863       | -0.0113   
5084->6016           | 3     | 0.9975       | 0.9807       | -0.0168   
5084->6323           | 3     | 0.9975       | 0.9811       | -0.0164   
5028->5794           | 3     | 0.9975       | 0.9955       | -0.0021   
5200->6152           | 3     | 0.9975       | 0.9959       | -0.0017   
5058->5059           | 3     | 0.9975       | 0.9863       | -0.0113   
5346->5797           | 3     | 0.9975       | 0.9783       | -0.0192   
5415->6139           | 3     | 0.9975       | 0.9988       | 0.0013    
7475->7144           | 3     | 0.9975       | 0.9703       | -0.0273   
7673->7147           | 3     | 0.9975       | 0.9755       | -0.0220   
7484->7217           | 3     | 0.9975       | 0.9968       | -0.0007   
7254->5316           | 3     | 0.9975       | 0.9970       | -0.0005   
6758->7552           | 3     | 0.9975       | 0.4084       | -0.5891   
6753->7071           | 3     | 0.9975       | 0.9976       | 0.0001    
7071->7072           | 3     | 0.9975       | 0.9976       | 0.0001    
7072->7460           | 3     | 0.9975       | 0.9976       | 0.0001    
7241->7304           | 3     | 0.9975       | 0.9908       | -0.0067   
7355->7481           | 3     | 0.9975       | 0.9974       | -0.0001   
7173->6847           | 3     | 0.9975       | 0.9959       | -0.0016   
6813->7431           | 3     | 0.9975       | 0.9812       | -0.0163   
6847->7590           | 3     | 0.9975       | 0.9959       | -0.0016   
7358->7463           | 3     | 0.9975       | 0.9919       | -0.0057   
6832->7395           | 3     | 0.9975       | 0.9925       | -0.0050   
7899->7877           | 3     | 0.9975       | 0.9919       | -0.0056   
7016->7751           | 3     | 0.9975       | 0.9472       | -0.0504   
7697->7092           | 3     | 0.9975       | 0.9869       | -0.0107   
8009->7768           | 3     | 0.9975       | 0.9987       | 0.0011    
7796->7842           | 3     | 0.9975       | 0.9776       | -0.0199   
7715->6923           | 3     | 0.9975       | 0.9957       | -0.0019   
6949->7999           | 3     | 0.9975       | 0.9229       | -0.0747   
6923->7046           | 3     | 0.9975       | 0.9957       | -0.0019   
7046->7969           | 3     | 0.9975       | 0.9957       | -0.0019   
7848->7914           | 3     | 0.9975       | 0.9959       | -0.0016   
6994->6995           | 3     | 0.9975       | 0.9976       | 0.0000    
7996->6969           | 3     | 0.9975       | 0.9963       | -0.0012   
6969->7790           | 3     | 0.9975       | 0.9963       | -0.0012   
7663->7500           | 2     | 0.9993       | 0.9453       | -0.0540   
7383->7451           | 2     | 0.9993       | 1.0000       | 0.0007    
7608->7410           | 2     | 0.9993       | 0.9978       | -0.0014   
6079->5478           | 2     | 0.9993       | 0.9940       | -0.0053   
5472->5578           | 2     | 0.9993       | 1.0000       | 0.0007    
4890->5699           | 2     | 0.9993       | 0.9953       | -0.0040   
5016->6231           | 2     | 0.9993       | 0.7658       | -0.2335   
4949->4926           | 2     | 0.9993       | 0.9956       | -0.0037   
4926->6221           | 2     | 0.9993       | 0.9956       | -0.0037   
5871->6210           | 2     | 0.9993       | 0.9983       | -0.0009   
5910->6103           | 2     | 0.9993       | 0.9987       | -0.0005   
6191->5721           | 2     | 0.9993       | 0.8558       | -0.1434   
6319->6260           | 2     | 0.9993       | 0.9941       | -0.0052   
8022->8026           | 2     | 0.9993       | 0.9462       | -0.0530   
5922->5511           | 2     | 0.9993       | 0.9997       | 0.0004    
5340->5165           | 2     | 0.9993       | 0.9735       | -0.0257   
5165->5164           | 2     | 0.9993       | 0.9735       | -0.0257   
5164->6200           | 2     | 0.9993       | 0.9735       | -0.0257   
6028->6088           | 2     | 0.9993       | 0.9956       | -0.0037   
5822->5430           | 2     | 0.9993       | 0.9982       | -0.0010   
5119->5120           | 2     | 0.9993       | 0.9933       | -0.0059   
5825->5121           | 2     | 0.9993       | 0.9975       | -0.0018   
5120->5535           | 2     | 0.9993       | 0.9933       | -0.0059   
5992->5591           | 2     | 0.9993       | 0.9932       | -0.0061   
6016->5874           | 2     | 0.9993       | 0.9937       | -0.0056   
6323->5702           | 2     | 0.9993       | 0.9953       | -0.0040   
5121->5816           | 2     | 0.9993       | 0.9975       | -0.0018   
5794->5029           | 2     | 0.9993       | 0.9916       | -0.0076   
6152->5844           | 2     | 0.9993       | 1.0000       | 0.0007    
5059->5060           | 2     | 0.9993       | 0.9988       | -0.0004   
5064->5810           | 2     | 0.9993       | 0.1082       | -0.8910   
5060->5061           | 2     | 0.9993       | 0.9988       | -0.0004   
5061->5548           | 2     | 0.9993       | 0.9988       | -0.0004   
5797->5980           | 2     | 0.9993       | 0.9937       | -0.0055   
6139->5696           | 2     | 0.9993       | 0.9982       | -0.0011   
7144->6795           | 2     | 0.9993       | 0.9905       | -0.0088   
7147->7581           | 2     | 0.9993       | 0.9879       | -0.0114   
7217->6860           | 2     | 0.9993       | 0.9950       | -0.0042   
6884->7535           | 2     | 0.9993       | 0.8240       | -0.1753   
6860->7153           | 2     | 0.9993       | 0.9950       | -0.0042   
5316->5675           | 2     | 0.9993       | 0.9953       | -0.0040   
7552->7651           | 2     | 0.9993       | 0.6682       | -0.3311   
7460->7073           | 2     | 0.9993       | 0.9960       | -0.0032   
7073->7211           | 2     | 0.9993       | 0.9960       | -0.0032   
7304->7513           | 2     | 0.9993       | 0.9952       | -0.0041   
7481->6811           | 2     | 0.9993       | 0.9973       | -0.0020   
7431->7522           | 2     | 0.9993       | 0.9950       | -0.0043   
6811->7525           | 2     | 0.9993       | 0.9973       | -0.0020   
7590->6846           | 2     | 0.9993       | 0.9982       | -0.0011   
6846->6845           | 2     | 0.9993       | 0.9982       | -0.0011   
6832->7425           | 2     | 0.9993       | 0.9929       | -0.0064   
6845->7621           | 2     | 0.9993       | 0.9982       | -0.0011   
7463->7322           | 2     | 0.9993       | 0.9993       | 0.0001    
7395->7670           | 2     | 0.9993       | 0.9975       | -0.0018   
7035->7826           | 2     | 0.9993       | 0.9852       | -0.0141   
7877->7990           | 2     | 0.9993       | 0.9950       | -0.0042   
7751->7015           | 2     | 0.9993       | 0.9908       | -0.0085   
7015->7014           | 2     | 0.9993       | 0.9908       | -0.0085   
7014->7833           | 2     | 0.9993       | 0.9908       | -0.0085   
7768->7906           | 2     | 0.9993       | 0.9983       | -0.0010   
7842->7700           | 2     | 0.9993       | 0.9830       | -0.0163   
7999->6950           | 2     | 0.9993       | 0.9837       | -0.0156   
6950->7754           | 2     | 0.9993       | 0.9837       | -0.0156   
7969->7045           | 2     | 0.9993       | 0.9930       | -0.0063   
7914->7854           | 2     | 0.9993       | 0.9933       | -0.0060   
7045->7044           | 2     | 0.9993       | 0.9930       | -0.0063   
6988->7866           | 2     | 0.9993       | 0.9686       | -0.0306   
6995->6996           | 2     | 0.9993       | 0.9906       | -0.0086   
7790->6970           | 2     | 0.9993       | 0.9978       | -0.0015   
6970->7817           | 2     | 0.9993       | 0.9978       | -0.0015   
--------------------------------------------------------------------------------
Mean |Deviation|: 0.0502
Max  |Deviation|: 0.8910
================================================================================

LEAF EDGES (n_consumers = 1): 778 edges
--------------------------------------------------------------------------------
These edges were NOT optimized. By definition:
  - Target simultaneity g(n) = 1.0
  - Achieved simultaneity = 1.0
  - Deviation = 0.0
================================================================================


================================================================================
DEVIATION ANALYSIS BY EDGE SIZE
================================================================================

Single consumer (not optimized):
  Count: 778
  Mean deviation: 0.0000
  Mean |deviation|: 0.0000
  Max |deviation|: 0.0000
  Std dev: 0.0000

Very small (2-10):
  Count: 353
  Mean deviation: -0.0350
  Mean |deviation|: 0.0352
  Max |deviation|: 0.8910
  Std dev: 0.0898

Small (11-50):
  Count: 266
  Mean deviation: -0.0665
  Mean |deviation|: 0.0678
  Max |deviation|: 0.3298
  Std dev: 0.0715

Medium (51-100):
  Count: 57
  Mean deviation: -0.0056
  Mean |deviation|: 0.0359
  Max |deviation|: 0.1447
  Std dev: 0.0458

Large (101-200):
  Count: 34
  Mean deviation: 0.0542
  Mean |deviation|: 0.0542
  Max |deviation|: 0.0741
  Std dev: 0.0169

Very large (201-500):
  Count: 54
  Mean deviation: 0.0522
  Mean |deviation|: 0.0522
  Max |deviation|: 0.0627
  Std dev: 0.0065

Huge (500+):
  Count: 52
  Mean deviation: 0.0738
  Mean |deviation|: 0.0738
  Max |deviation|: 0.1118
  Std dev: 0.0127

================================================================================

Network size range: 2 to 692 consumers
Using problem range: 40-60
Saved enhanced verification plot to output/comprehensive_analysis/demoVerbundnetz_SimulationNeu/steady_state_v1/verification_demoVerbundnetz_SimulationNeu_v1.png

Total execution time: 33.43 seconds
Results saved to: output/comprehensive_analysis/demoVerbundnetz_SimulationNeu/steady_state_v1

=== STDERR ===
