Loading network for case 'NetzHast' from data/test_scenarios/complex/NetzHast.vicus...
Loading VICUS file: data/test_scenarios/complex/NetzHast.vicus
Parsed Simultaneity Spline: 63 points.
data/test_scenarios/complex/NetzHast.vicus
Found peak day: day 24 (hours 552-575) with peak=7400.0000
Force-selected profile: Residential_SingleFamily_HeatingLoad.tsv (peak day extraction, resampled to 96 steps)
Peak day profile plot saved to output/peak_day_profile.png
Created 39 consumers and 93 relevant optimization edges.

--- Starting Optimization using Scheme 'v1' for NetzHast ---
Initial weighted error (using v1): 1.636763
Regularization target: 1.0000
  Iter 0: Obj=1.636763 (Fit: 1.636763, Reg: 0.000000) | LR: 0.021199
  Iter 200: Obj=0.195381 (Fit: 0.178203, Reg: 0.017178) | LR: 0.404176
  Early stopping at iteration 315
Final Error: 0.195327

================================================================================
OPTIMIZATION RESULTS
================================================================================

OPTIMIZED EDGES (n_consumers > 1): 44 edges
--------------------------------------------------------------------------------
Edge ID              | n_e   | Target g(n)  | Achieved g   | Deviation 
--------------------------------------------------------------------------------
1566->1606           | 39    | 0.8016       | 0.8658       | 0.0642    
1606->1717           | 30    | 0.8560       | 0.8413       | -0.0147   
1717->1732           | 29    | 0.8623       | 0.8413       | -0.0210   
1732->1626           | 28    | 0.8686       | 0.8413       | -0.0273   
1626->1599           | 27    | 0.8749       | 0.8939       | 0.0190    
1599->1723           | 21    | 0.9128       | 0.8889       | -0.0239   
1723->1568           | 20    | 0.9190       | 0.8889       | -0.0301   
1568->1714           | 20    | 0.9190       | 0.8889       | -0.0301   
1714->1591           | 19    | 0.9251       | 0.8889       | -0.0362   
1591->1654           | 10    | 0.9740       | 0.8834       | -0.0905   
1606->1642           | 9     | 0.9783       | 0.9295       | -0.0488   
1591->1691           | 9     | 0.9783       | 0.8990       | -0.0793   
1654->1765           | 9     | 0.9783       | 0.9520       | -0.0263   
1642->1648           | 8     | 0.9824       | 0.9831       | 0.0006    
1691->1570           | 8     | 0.9824       | 0.9416       | -0.0409   
1765->1681           | 8     | 0.9824       | 0.9520       | -0.0304   
1570->1688           | 8     | 0.9824       | 0.9416       | -0.0409   
1648->1669           | 7     | 0.9862       | 0.9897       | 0.0035    
1681->1736           | 7     | 0.9862       | 0.9632       | -0.0230   
1688->1571           | 7     | 0.9862       | 0.9436       | -0.0426   
1571->1747           | 7     | 0.9862       | 0.9436       | -0.0426   
1669->1645           | 6     | 0.9896       | 0.9941       | 0.0045    
1599->1672           | 6     | 0.9896       | 0.9084       | -0.0813   
1736->1675           | 6     | 0.9896       | 0.9632       | -0.0265   
1747->1744           | 6     | 0.9896       | 0.9436       | -0.0460   
1645->1605           | 5     | 0.9927       | 0.9975       | 0.0049    
1672->1639           | 5     | 0.9927       | 0.9822       | -0.0105   
1675->1678           | 5     | 0.9927       | 0.9661       | -0.0266   
1744->1666           | 5     | 0.9927       | 0.9436       | -0.0491   
1605->1604           | 4     | 0.9953       | 1.0000       | 0.0047    
1604->1651           | 4     | 0.9953       | 1.0000       | 0.0047    
1639->1636           | 4     | 0.9953       | 0.9870       | -0.0083   
1678->1660           | 4     | 0.9953       | 0.9688       | -0.0266   
1666->1740           | 4     | 0.9953       | 0.9486       | -0.0467   
1651->1720           | 3     | 0.9975       | 1.0000       | 0.0025    
1636->1752           | 3     | 0.9975       | 0.9895       | -0.0081   
1660->1575           | 3     | 0.9975       | 0.9688       | -0.0287   
1575->1574           | 3     | 0.9975       | 0.9688       | -0.0287   
1740->1776           | 3     | 0.9975       | 0.9486       | -0.0490   
1574->1617           | 3     | 0.9975       | 0.9688       | -0.0287   
1720->1630           | 2     | 0.9993       | 1.0000       | 0.0007    
1752->1613           | 2     | 0.9993       | 0.9895       | -0.0098   
1776->1663           | 2     | 0.9993       | 0.9485       | -0.0507   
1617->1620           | 2     | 0.9993       | 0.9687       | -0.0305   
--------------------------------------------------------------------------------
Mean |Deviation|: 0.0299
Max  |Deviation|: 0.0905
================================================================================

LEAF EDGES (n_consumers = 1): 49 edges
--------------------------------------------------------------------------------
These edges were NOT optimized. By definition:
  - Target simultaneity g(n) = 1.0
  - Achieved simultaneity = 1.0
  - Deviation = 0.0
================================================================================


================================================================================
DEVIATION ANALYSIS BY EDGE SIZE
================================================================================

Single consumer (not optimized):
  Count: 49
  Mean deviation: 0.0000
  Mean |deviation|: 0.0000
  Max |deviation|: 0.0000
  Std dev: 0.0000

Very small (2-10):
  Count: 35
  Mean deviation: -0.0284
  Mean |deviation|: 0.0299
  Max |deviation|: 0.0905
  Std dev: 0.0254

Small (11-50):
  Count: 9
  Mean deviation: -0.0111
  Mean |deviation|: 0.0296
  Max |deviation|: 0.0642
  Std dev: 0.0325

================================================================================

Network size range: 2 to 39 consumers
Using problem range: 5-10
Saved enhanced verification plot to output/comprehensive_analysis/NetzHast/steady_state_v1/verification_NetzHast_v1.png

Total execution time: 1.34 seconds
Results saved to: output/comprehensive_analysis/NetzHast/steady_state_v1

=== STDERR ===
