Loading network for case 'NetzHast' from data/test_scenarios/complex/NetzHast.vicus...
Loading VICUS file: data/test_scenarios/complex/NetzHast.vicus
Parsed Simultaneity Spline: 63 points.
data/test_scenarios/complex/NetzHast.vicus
Found peak day: day 24 (hours 552-575) with peak=7400.0000
Force-selected profile: Residential_SingleFamily_HeatingLoad.tsv (peak day extraction, resampled to 96 steps)
Peak day profile plot saved to output/peak_day_profile.png
Created 39 consumers and 93 relevant optimization edges.

--- Starting Optimization using Scheme 'v3' for NetzHast ---
Initial weighted error (using v3): 101.628511
Regularization target: 1.0000
  Iter 0: Obj=101.628511 (Fit: 101.628511, Reg: 0.000000) | LR: 0.000092
  Iter 200: Obj=6.902529 (Fit: 6.802011, Reg: 0.100518) | LR: 0.002578
  Iter 400: Obj=6.872244 (Fit: 6.766455, Reg: 0.105790) | LR: 0.002655
  Iter 600: Obj=6.867262 (Fit: 6.759812, Reg: 0.107450) | LR: 0.002691
  Iter 800: Obj=6.866966 (Fit: 6.758934, Reg: 0.108031) | LR: 0.002689
  Early stopping at iteration 839
Final Error: 6.866940

================================================================================
OPTIMIZATION RESULTS
================================================================================

OPTIMIZED EDGES (n_consumers > 1): 44 edges
--------------------------------------------------------------------------------
Edge ID              | n_e   | Target g(n)  | Achieved g   | Deviation 
--------------------------------------------------------------------------------
1566->1606           | 39    | 0.8016       | 0.8573       | 0.0557    
1606->1717           | 30    | 0.8560       | 0.8492       | -0.0068   
1717->1732           | 29    | 0.8623       | 0.8492       | -0.0131   
1732->1626           | 28    | 0.8686       | 0.8492       | -0.0194   
1626->1599           | 27    | 0.8749       | 0.9024       | 0.0274    
1599->1723           | 21    | 0.9128       | 0.9109       | -0.0020   
1723->1568           | 20    | 0.9190       | 0.9109       | -0.0081   
1568->1714           | 20    | 0.9190       | 0.9109       | -0.0081   
1714->1591           | 19    | 0.9251       | 0.9109       | -0.0143   
1591->1654           | 10    | 0.9740       | 0.9021       | -0.0719   
1606->1642           | 9     | 0.9783       | 0.8784       | -0.1000   
1591->1691           | 9     | 0.9783       | 0.9269       | -0.0515   
1654->1765           | 9     | 0.9783       | 0.9739       | -0.0045   
1642->1648           | 8     | 0.9824       | 0.9801       | -0.0024   
1691->1570           | 8     | 0.9824       | 0.9769       | -0.0055   
1765->1681           | 8     | 0.9824       | 0.9739       | -0.0086   
1570->1688           | 8     | 0.9824       | 0.9769       | -0.0055   
1648->1669           | 7     | 0.9862       | 0.9863       | 0.0001    
1681->1736           | 7     | 0.9862       | 0.9831       | -0.0031   
1688->1571           | 7     | 0.9862       | 0.9827       | -0.0035   
1571->1747           | 7     | 0.9862       | 0.9827       | -0.0035   
1669->1645           | 6     | 0.9896       | 0.9893       | -0.0003   
1599->1672           | 6     | 0.9896       | 0.8779       | -0.1118   
1736->1675           | 6     | 0.9896       | 0.9831       | -0.0065   
1747->1744           | 6     | 0.9896       | 0.9827       | -0.0069   
1645->1605           | 5     | 0.9927       | 0.9923       | -0.0003   
1672->1639           | 5     | 0.9927       | 0.9893       | -0.0033   
1675->1678           | 5     | 0.9927       | 0.9870       | -0.0057   
1744->1666           | 5     | 0.9927       | 0.9827       | -0.0100   
1605->1604           | 4     | 0.9953       | 0.9950       | -0.0003   
1604->1651           | 4     | 0.9953       | 0.9950       | -0.0003   
1639->1636           | 4     | 0.9953       | 0.9937       | -0.0016   
1678->1660           | 4     | 0.9953       | 0.9901       | -0.0053   
1666->1740           | 4     | 0.9953       | 0.9905       | -0.0048   
1651->1720           | 3     | 0.9975       | 0.9978       | 0.0002    
1636->1752           | 3     | 0.9975       | 0.9963       | -0.0012   
1660->1575           | 3     | 0.9975       | 0.9906       | -0.0070   
1575->1574           | 3     | 0.9975       | 0.9906       | -0.0070   
1740->1776           | 3     | 0.9975       | 0.9905       | -0.0070   
1574->1617           | 3     | 0.9975       | 0.9906       | -0.0070   
1720->1630           | 2     | 0.9993       | 0.9978       | -0.0015   
1752->1613           | 2     | 0.9993       | 0.9963       | -0.0030   
1776->1663           | 2     | 0.9993       | 0.9905       | -0.0087   
1617->1620           | 2     | 0.9993       | 0.9905       | -0.0087   
--------------------------------------------------------------------------------
Mean |Deviation|: 0.0142
Max  |Deviation|: 0.1118
================================================================================

LEAF EDGES (n_consumers = 1): 49 edges
--------------------------------------------------------------------------------
These edges were NOT optimized. By definition:
  - Target simultaneity g(n) = 1.0
  - Achieved simultaneity = 1.0
  - Deviation = 0.0
================================================================================


================================================================================
DEVIATION ANALYSIS BY EDGE SIZE
================================================================================

Single consumer (not optimized):
  Count: 49
  Mean deviation: 0.0000
  Mean |deviation|: 0.0000
  Max |deviation|: 0.0000
  Std dev: 0.0000

Very small (2-10):
  Count: 35
  Mean deviation: -0.0134
  Mean |deviation|: 0.0134
  Max |deviation|: 0.1118
  Std dev: 0.0271

Small (11-50):
  Count: 9
  Mean deviation: 0.0013
  Mean |deviation|: 0.0172
  Max |deviation|: 0.0557
  Std dev: 0.0244

================================================================================

Network size range: 2 to 39 consumers
Using problem range: 5-10
Saved enhanced verification plot to output/comprehensive_analysis/NetzHast/steady_state_v3/verification_NetzHast_v3.png

Total execution time: 2.38 seconds
Results saved to: output/comprehensive_analysis/NetzHast/steady_state_v3

=== STDERR ===
