Loading network for case 'NetzHast' from data/test_scenarios/complex/NetzHast.vicus...
Loading VICUS file: data/test_scenarios/complex/NetzHast.vicus
Parsed Simultaneity Spline: 63 points.
data/test_scenarios/complex/NetzHast.vicus
Found peak day: day 24 (hours 552-575) with peak=7400.0000
Force-selected profile: Residential_SingleFamily_HeatingLoad.tsv (peak day extraction, resampled to 96 steps)
Peak day profile plot saved to output/peak_day_profile.png
Created 39 consumers and 93 relevant optimization edges.

--- Starting Optimization using Scheme 'v4' for NetzHast ---
Initial weighted error (using v4): 418.017927
Regularization target: 1.0000
  Iter 0: Obj=418.017927 (Fit: 418.017927, Reg: 0.000000) | LR: 0.000022
  Iter 200: Obj=39.903957 (Fit: 39.806282, Reg: 0.097675) | LR: 0.000369
  Iter 400: Obj=39.822589 (Fit: 39.720697, Reg: 0.101892) | LR: 0.000365
  Iter 600: Obj=39.817786 (Fit: 39.715005, Reg: 0.102780) | LR: 0.000365
  Iter 800: Obj=39.817137 (Fit: 39.714153, Reg: 0.102984) | LR: 0.000365
  Iter 1000: Obj=39.816945 (Fit: 39.713906, Reg: 0.103039) | LR: 0.000365
  Iter 1200: Obj=39.816813 (Fit: 39.713752, Reg: 0.103060) | LR: 0.000365
  Iter 1400: Obj=39.816680 (Fit: 39.713606, Reg: 0.103074) | LR: 0.000365
  Iter 1600: Obj=39.816543 (Fit: 39.713457, Reg: 0.103086) | LR: 0.000365
  Iter 1800: Obj=39.816404 (Fit: 39.713305, Reg: 0.103098) | LR: 0.000365
Final Error: 39.327110

================================================================================
OPTIMIZATION RESULTS
================================================================================

OPTIMIZED EDGES (n_consumers > 1): 44 edges
--------------------------------------------------------------------------------
Edge ID              | n_e   | Target g(n)  | Achieved g   | Deviation 
--------------------------------------------------------------------------------
1566->1606           | 39    | 0.8016       | 0.8650       | 0.0634    
1606->1717           | 30    | 0.8560       | 0.8520       | -0.0040   
1717->1732           | 29    | 0.8623       | 0.8520       | -0.0103   
1732->1626           | 28    | 0.8686       | 0.8520       | -0.0166   
1626->1599           | 27    | 0.8749       | 0.9054       | 0.0305    
1599->1723           | 21    | 0.9128       | 0.9084       | -0.0044   
1723->1568           | 20    | 0.9190       | 0.9084       | -0.0106   
1568->1714           | 20    | 0.9190       | 0.9084       | -0.0106   
1714->1591           | 19    | 0.9251       | 0.9084       | -0.0167   
1591->1654           | 10    | 0.9740       | 0.8974       | -0.0766   
1606->1642           | 9     | 0.9783       | 0.8987       | -0.0796   
1591->1691           | 9     | 0.9783       | 0.9285       | -0.0498   
1654->1765           | 9     | 0.9783       | 0.9757       | -0.0027   
1642->1648           | 8     | 0.9824       | 0.9820       | -0.0005   
1691->1570           | 8     | 0.9824       | 0.9761       | -0.0063   
1765->1681           | 8     | 0.9824       | 0.9757       | -0.0068   
1570->1688           | 8     | 0.9824       | 0.9761       | -0.0063   
1648->1669           | 7     | 0.9862       | 0.9859       | -0.0003   
1681->1736           | 7     | 0.9862       | 0.9832       | -0.0030   
1688->1571           | 7     | 0.9862       | 0.9815       | -0.0047   
1571->1747           | 7     | 0.9862       | 0.9815       | -0.0047   
1669->1645           | 6     | 0.9896       | 0.9893       | -0.0003   
1599->1672           | 6     | 0.9896       | 0.8968       | -0.0929   
1736->1675           | 6     | 0.9896       | 0.9832       | -0.0065   
1747->1744           | 6     | 0.9896       | 0.9815       | -0.0081   
1645->1605           | 5     | 0.9927       | 0.9923       | -0.0004   
1672->1639           | 5     | 0.9927       | 0.9912       | -0.0014   
1675->1678           | 5     | 0.9927       | 0.9878       | -0.0049   
1744->1666           | 5     | 0.9927       | 0.9815       | -0.0112   
1605->1604           | 4     | 0.9953       | 0.9949       | -0.0004   
1604->1651           | 4     | 0.9953       | 0.9949       | -0.0004   
1639->1636           | 4     | 0.9953       | 0.9940       | -0.0014   
1678->1660           | 4     | 0.9953       | 0.9904       | -0.0050   
1666->1740           | 4     | 0.9953       | 0.9885       | -0.0068   
1651->1720           | 3     | 0.9975       | 0.9978       | 0.0002    
1636->1752           | 3     | 0.9975       | 0.9969       | -0.0007   
1660->1575           | 3     | 0.9975       | 0.9914       | -0.0061   
1575->1574           | 3     | 0.9975       | 0.9914       | -0.0061   
1740->1776           | 3     | 0.9975       | 0.9885       | -0.0090   
1574->1617           | 3     | 0.9975       | 0.9914       | -0.0061   
1720->1630           | 2     | 0.9993       | 0.9978       | -0.0015   
1752->1613           | 2     | 0.9993       | 0.9969       | -0.0024   
1776->1663           | 2     | 0.9993       | 0.9885       | -0.0108   
1617->1620           | 2     | 0.9993       | 0.9914       | -0.0079   
--------------------------------------------------------------------------------
Mean |Deviation|: 0.0136
Max  |Deviation|: 0.0929
================================================================================

LEAF EDGES (n_consumers = 1): 49 edges
--------------------------------------------------------------------------------
These edges were NOT optimized. By definition:
  - Target simultaneity g(n) = 1.0
  - Achieved simultaneity = 1.0
  - Deviation = 0.0
================================================================================


================================================================================
DEVIATION ANALYSIS BY EDGE SIZE
================================================================================

Single consumer (not optimized):
  Count: 49
  Mean deviation: 0.0000
  Mean |deviation|: 0.0000
  Max |deviation|: 0.0000
  Std dev: 0.0000

Very small (2-10):
  Count: 35
  Mean deviation: -0.0123
  Mean |deviation|: 0.0123
  Max |deviation|: 0.0929
  Std dev: 0.0236

Small (11-50):
  Count: 9
  Mean deviation: 0.0023
  Mean |deviation|: 0.0186
  Max |deviation|: 0.0634
  Std dev: 0.0270

================================================================================

Network size range: 2 to 39 consumers
Using problem range: 5-10
Saved enhanced verification plot to output/comprehensive_analysis/NetzHast/steady_state_v4/verification_NetzHast_v4.png

Total execution time: 2.16 seconds
Results saved to: output/comprehensive_analysis/NetzHast/steady_state_v4

=== STDERR ===
