Loading network for case 'NetzHast' from data/test_scenarios/complex/NetzHast.vicus...
Loading VICUS file: data/test_scenarios/complex/NetzHast.vicus
Parsed Simultaneity Spline: 63 points.
data/test_scenarios/complex/NetzHast.vicus
Found peak day: day 24 (hours 552-575) with peak=7400.0000
Force-selected profile: Residential_SingleFamily_HeatingLoad.tsv (peak day extraction, resampled to 96 steps)
Peak day profile plot saved to output/peak_day_profile.png
Created 39 consumers and 93 relevant optimization edges.

--- Starting Optimization using Scheme 'v3' for NetzHast ---
Initial weighted error (using v3): 101.628511
Regularization target: 1.0000
  Iter 0: Obj=101.628511 (Fit: 101.628511, Reg: 0.000000) | LR: 0.000184
  Iter 200: Obj=7.608685 (Fit: 7.587428, Reg: 0.021257) | LR: 0.001609
  Iter 400: Obj=7.624949 (Fit: 7.602830, Reg: 0.022120) | LR: 0.001583
  Iter 600: Obj=7.624839 (Fit: 7.602498, Reg: 0.022340) | LR: 0.001582
  Early stopping at iteration 650
Final Error: 6.799027

================================================================================
OPTIMIZATION RESULTS
================================================================================

OPTIMIZED EDGES (n_consumers > 1): 44 edges
--------------------------------------------------------------------------------
Edge ID              | n_e   | Target g(n)  | Achieved g   | Deviation 
--------------------------------------------------------------------------------
1566->1606           | 39    | 0.8016       | 0.8523       | 0.0507    
1606->1717           | 30    | 0.8560       | 0.8428       | -0.0132   
1717->1732           | 29    | 0.8623       | 0.8428       | -0.0195   
1732->1626           | 28    | 0.8686       | 0.8427       | -0.0259   
1626->1599           | 27    | 0.8749       | 0.8955       | 0.0206    
1599->1723           | 21    | 0.9128       | 0.9028       | -0.0100   
1723->1568           | 20    | 0.9190       | 0.9028       | -0.0162   
1568->1714           | 20    | 0.9190       | 0.9028       | -0.0162   
1714->1591           | 19    | 0.9251       | 0.9028       | -0.0223   
1591->1654           | 10    | 0.9740       | 0.8939       | -0.0800   
1606->1642           | 9     | 0.9783       | 0.8771       | -0.1012   
1591->1691           | 9     | 0.9783       | 0.9190       | -0.0594   
1654->1765           | 9     | 0.9783       | 0.9667       | -0.0116   
1642->1648           | 8     | 0.9824       | 0.9807       | -0.0018   
1691->1570           | 8     | 0.9824       | 0.9683       | -0.0141   
1765->1681           | 8     | 0.9824       | 0.9667       | -0.0157   
1570->1688           | 8     | 0.9824       | 0.9683       | -0.0141   
1648->1669           | 7     | 0.9862       | 0.9860       | -0.0002   
1681->1736           | 7     | 0.9862       | 0.9748       | -0.0114   
1688->1571           | 7     | 0.9862       | 0.9737       | -0.0125   
1571->1747           | 7     | 0.9862       | 0.9737       | -0.0125   
1669->1645           | 6     | 0.9896       | 0.9888       | -0.0008   
1599->1672           | 6     | 0.9896       | 0.8744       | -0.1152   
1736->1675           | 6     | 0.9896       | 0.9748       | -0.0148   
1747->1744           | 6     | 0.9896       | 0.9737       | -0.0159   
1645->1605           | 5     | 0.9927       | 0.9919       | -0.0008   
1672->1639           | 5     | 0.9927       | 0.9875       | -0.0052   
1675->1678           | 5     | 0.9927       | 0.9784       | -0.0143   
1744->1666           | 5     | 0.9927       | 0.9737       | -0.0190   
1605->1604           | 4     | 0.9953       | 0.9945       | -0.0008   
1604->1651           | 4     | 0.9953       | 0.9945       | -0.0008   
1639->1636           | 4     | 0.9953       | 0.9908       | -0.0046   
1678->1660           | 4     | 0.9953       | 0.9813       | -0.0140   
1666->1740           | 4     | 0.9953       | 0.9812       | -0.0141   
1651->1720           | 3     | 0.9975       | 0.9973       | -0.0003   
1636->1752           | 3     | 0.9975       | 0.9934       | -0.0042   
1660->1575           | 3     | 0.9975       | 0.9811       | -0.0164   
1575->1574           | 3     | 0.9975       | 0.9811       | -0.0164   
1740->1776           | 3     | 0.9975       | 0.9812       | -0.0163   
1574->1617           | 3     | 0.9975       | 0.9811       | -0.0164   
1720->1630           | 2     | 0.9993       | 0.9973       | -0.0020   
1752->1613           | 2     | 0.9993       | 0.9934       | -0.0059   
1776->1663           | 2     | 0.9993       | 0.9812       | -0.0181   
1617->1620           | 2     | 0.9993       | 0.9811       | -0.0182   
--------------------------------------------------------------------------------
Mean |Deviation|: 0.0196
Max  |Deviation|: 0.1152
================================================================================

LEAF EDGES (n_consumers = 1): 49 edges
--------------------------------------------------------------------------------
These edges were NOT optimized. By definition:
  - Target simultaneity g(n) = 1.0
  - Achieved simultaneity = 1.0
  - Deviation = 0.0
================================================================================


================================================================================
DEVIATION ANALYSIS BY EDGE SIZE
================================================================================

Single consumer (not optimized):
  Count: 49
  Mean deviation: 0.0000
  Mean |deviation|: 0.0000
  Max |deviation|: 0.0000
  Std dev: 0.0000

Very small (2-10):
  Count: 35
  Mean deviation: -0.0191
  Mean |deviation|: 0.0191
  Max |deviation|: 0.1152
  Std dev: 0.0272

Small (11-50):
  Count: 9
  Mean deviation: -0.0058
  Mean |deviation|: 0.0216
  Max |deviation|: 0.0507
  Std dev: 0.0251

================================================================================

Network size range: 2 to 39 consumers
Using problem range: 5-10
Saved enhanced verification plot to output/comprehensive_analysis/NetzHast/steady_state_v3/verification_NetzHast_v3.png

Total execution time: 1.12 seconds
Results saved to: output/comprehensive_analysis/NetzHast/steady_state_v3

=== STDERR ===
