Loading network for case 'demoVerbundnetz_SimulationNeu' from data/test_scenarios/complex/demoVerbundnetz_SimulationNeu.vicus...
Loading VICUS file: data/test_scenarios/complex/demoVerbundnetz_SimulationNeu.vicus
Parsed Simultaneity Spline: 63 points.
data/test_scenarios/complex/demoVerbundnetz_SimulationNeu.vicus
Found peak day: day 24 (hours 552-575) with peak=7400.0000
Force-selected profile: Residential_SingleFamily_HeatingLoad.tsv (peak day extraction, resampled to 96 steps)
Peak day profile plot saved to output/peak_day_profile.png
Created 692 consumers and 1594 relevant optimization edges.

--- Starting Optimization using Scheme 'v1' for demoVerbundnetz_SimulationNeu ---
Initial weighted error (using v1): 1436.189757
Regularization target: 1.0000
  Iter 0: Obj=1436.189757 (Fit: 1436.189757, Reg: 0.000000) | LR: 0.001544
  Iter 200: Obj=64.719981 (Fit: 62.539708, Reg: 2.180274) | LR: 0.016154
  Iter 400: Obj=63.357470 (Fit: 60.976857, Reg: 2.380613) | LR: 0.016095
  Iter 600: Obj=63.126643 (Fit: 60.678556, Reg: 2.448087) | LR: 0.016073
  Iter 800: Obj=63.062638 (Fit: 60.585683, Reg: 2.476956) | LR: 0.016062
  Iter 1000: Obj=63.044265 (Fit: 60.555264, Reg: 2.489001) | LR: 0.016059
  Iter 1200: Obj=63.034336 (Fit: 60.537213, Reg: 2.497122) | LR: 0.016057
  Iter 1400: Obj=63.027350 (Fit: 60.523027, Reg: 2.504323) | LR: 0.016055
  Iter 1600: Obj=63.023346 (Fit: 60.513546, Reg: 2.509800) | LR: 0.016053
  Iter 1800: Obj=63.021926 (Fit: 60.508807, Reg: 2.513119) | LR: 0.016052
Final Error: 60.649336

================================================================================
OPTIMIZATION RESULTS
================================================================================

OPTIMIZED EDGES (n_consumers > 1): 816 edges
--------------------------------------------------------------------------------
Edge ID              | n_e   | Target g(n)  | Achieved g   | Deviation 
--------------------------------------------------------------------------------
5266->5289           | 692   | 0.4759       | 0.5799       | 0.1041    
5289->5290           | 692   | 0.4759       | 0.5799       | 0.1041    
5290->7114           | 692   | 0.4759       | 0.5799       | 0.1041    
7114->5291           | 680   | 0.4759       | 0.5558       | 0.0799    
5291->5292           | 680   | 0.4759       | 0.5558       | 0.0799    
5292->7137           | 680   | 0.4759       | 0.5558       | 0.0799    
7137->7117           | 677   | 0.4759       | 0.5515       | 0.0756    
7117->5293           | 670   | 0.4759       | 0.5422       | 0.0663    
5293->5302           | 670   | 0.4759       | 0.5422       | 0.0663    
5302->4858           | 669   | 0.4759       | 0.5431       | 0.0673    
4858->5791           | 669   | 0.4759       | 0.5431       | 0.0673    
5791->5652           | 668   | 0.4759       | 0.5433       | 0.0675    
5652->5457           | 667   | 0.4759       | 0.5436       | 0.0677    
5457->4859           | 666   | 0.4759       | 0.5438       | 0.0679    
4859->4860           | 666   | 0.4759       | 0.5438       | 0.0679    
4860->4861           | 666   | 0.4759       | 0.5438       | 0.0679    
4861->5328           | 665   | 0.4759       | 0.5441       | 0.0683    
5328->4862           | 664   | 0.4759       | 0.5444       | 0.0685    
4862->5514           | 664   | 0.4759       | 0.5444       | 0.0685    
5514->5672           | 663   | 0.4759       | 0.5447       | 0.0688    
5672->4863           | 662   | 0.4759       | 0.5449       | 0.0691    
4863->5772           | 661   | 0.4759       | 0.5452       | 0.0694    
5772->6109           | 660   | 0.4759       | 0.5455       | 0.0696    
6109->6241           | 659   | 0.4759       | 0.5458       | 0.0699    
6241->4864           | 658   | 0.4759       | 0.5460       | 0.0702    
4864->6234           | 658   | 0.4759       | 0.5460       | 0.0702    
6234->5581           | 657   | 0.4759       | 0.5464       | 0.0705    
5581->6188           | 656   | 0.4759       | 0.5467       | 0.0709    
6188->6316           | 655   | 0.4759       | 0.5471       | 0.0712    
6316->5603           | 654   | 0.4759       | 0.5474       | 0.0716    
5603->5986           | 653   | 0.4759       | 0.5479       | 0.0720    
5986->5947           | 652   | 0.4759       | 0.5482       | 0.0723    
5947->4865           | 651   | 0.4759       | 0.5485       | 0.0726    
4865->4919           | 650   | 0.4759       | 0.5488       | 0.0729    
4919->5334           | 545   | 0.4759       | 0.5403       | 0.0644    
5334->5392           | 544   | 0.4759       | 0.5405       | 0.0647    
5392->5859           | 543   | 0.4759       | 0.5410       | 0.0652    
5859->5681           | 542   | 0.4759       | 0.5415       | 0.0656    
5681->4905           | 541   | 0.4759       | 0.5420       | 0.0661    
4905->5678           | 523   | 0.4759       | 0.5371       | 0.0612    
5678->4866           | 522   | 0.4759       | 0.5373       | 0.0615    
4866->4941           | 522   | 0.4759       | 0.5373       | 0.0615    
4941->6228           | 509   | 0.4759       | 0.5319       | 0.0560    
6228->4928           | 508   | 0.4759       | 0.5324       | 0.0566    
4928->5724           | 508   | 0.4759       | 0.5324       | 0.0566    
5724->6332           | 507   | 0.4759       | 0.5327       | 0.0568    
6332->5445           | 506   | 0.4759       | 0.5329       | 0.0571    
5445->5418           | 505   | 0.4759       | 0.5332       | 0.0573    
5418->4929           | 504   | 0.4759       | 0.5334       | 0.0575    
4929->4930           | 504   | 0.4759       | 0.5334       | 0.0575    
4930->4988           | 504   | 0.4759       | 0.5334       | 0.0575    
4988->5005           | 504   | 0.4759       | 0.5334       | 0.0575    
5005->5766           | 488   | 0.4759       | 0.5297       | 0.0538    
5766->5639           | 487   | 0.4759       | 0.5303       | 0.0544    
5639->6158           | 486   | 0.4759       | 0.5349       | 0.0591    
6158->4964           | 485   | 0.4759       | 0.5355       | 0.0596    
4964->5636           | 403   | 0.4759       | 0.5157       | 0.0398    
5636->6278           | 402   | 0.4759       | 0.5166       | 0.0407    
6278->5962           | 401   | 0.4759       | 0.5172       | 0.0413    
5962->5705           | 400   | 0.4759       | 0.5178       | 0.0419    
5705->5883           | 399   | 0.4759       | 0.5188       | 0.0429    
5883->6067           | 398   | 0.4759       | 0.5193       | 0.0435    
6067->5856           | 397   | 0.4759       | 0.5201       | 0.0442    
5856->5968           | 396   | 0.4759       | 0.5209       | 0.0451    
5968->6326           | 395   | 0.4759       | 0.5215       | 0.0457    
6326->5554           | 394   | 0.4759       | 0.5221       | 0.0463    
5554->6047           | 393   | 0.4759       | 0.5225       | 0.0466    
6047->5718           | 392   | 0.4759       | 0.5228       | 0.0469    
5718->5633           | 391   | 0.4759       | 0.5232       | 0.0473    
5633->5545           | 390   | 0.4759       | 0.5238       | 0.0479    
5545->5310           | 389   | 0.4759       | 0.5244       | 0.0485    
5310->6329           | 388   | 0.4759       | 0.5258       | 0.0500    
6329->5557           | 387   | 0.4759       | 0.5264       | 0.0505    
5557->6112           | 385   | 0.4759       | 0.5291       | 0.0532    
6112->6058           | 384   | 0.4759       | 0.5295       | 0.0537    
6058->4963           | 383   | 0.4759       | 0.5307       | 0.0548    
4963->6263           | 346   | 0.4759       | 0.5184       | 0.0426    
6263->5551           | 345   | 0.4759       | 0.5192       | 0.0434    
5551->5977           | 344   | 0.4759       | 0.5205       | 0.0446    
5977->5690           | 343   | 0.4759       | 0.5212       | 0.0454    
5690->5034           | 342   | 0.4759       | 0.5223       | 0.0464    
5034->5832           | 338   | 0.4759       | 0.5213       | 0.0454    
5832->6167           | 337   | 0.4759       | 0.5224       | 0.0465    
6167->5898           | 336   | 0.4759       | 0.5240       | 0.0481    
5898->5928           | 335   | 0.4759       | 0.5266       | 0.0508    
5928->6247           | 334   | 0.4759       | 0.5274       | 0.0515    
6247->5033           | 333   | 0.4759       | 0.5283       | 0.0525    
5033->6143           | 332   | 0.4759       | 0.5294       | 0.0535    
6143->6301           | 331   | 0.4759       | 0.5309       | 0.0551    
6301->5032           | 330   | 0.4759       | 0.5318       | 0.0559    
5032->5031           | 329   | 0.4759       | 0.5331       | 0.0572    
5031->5178           | 329   | 0.4759       | 0.5331       | 0.0572    
5178->5066           | 329   | 0.4759       | 0.5331       | 0.0572    
5066->5065           | 324   | 0.4759       | 0.5315       | 0.0557    
5065->5901           | 324   | 0.4759       | 0.5315       | 0.0557    
5901->6070           | 323   | 0.4759       | 0.5343       | 0.0584    
6070->5880           | 322   | 0.4759       | 0.5348       | 0.0590    
5880->5064           | 321   | 0.4759       | 0.5354       | 0.0595    
5064->6082           | 314   | 0.4759       | 0.5373       | 0.0614    
6082->5231           | 313   | 0.4759       | 0.5381       | 0.0622    
5231->5232           | 313   | 0.4759       | 0.5381       | 0.0622    
5232->5233           | 313   | 0.4759       | 0.5381       | 0.0622    
5233->5234           | 313   | 0.4759       | 0.5381       | 0.0622    
5234->7494           | 250   | 0.4842       | 0.5375       | 0.0533    
7494->5361           | 249   | 0.4844       | 0.5406       | 0.0562    
5361->5235           | 248   | 0.4846       | 0.5437       | 0.0590    
5235->5373           | 199   | 0.4997       | 0.5451       | 0.0454    
5373->5600           | 198   | 0.5001       | 0.5527       | 0.0526    
5600->6284           | 197   | 0.5005       | 0.5554       | 0.0549    
6284->5819           | 196   | 0.5009       | 0.5581       | 0.0571    
5819->5236           | 195   | 0.5014       | 0.5607       | 0.0594    
5236->5262           | 195   | 0.5014       | 0.5607       | 0.0594    
5262->5257           | 165   | 0.5169       | 0.5350       | 0.0181    
5257->6296           | 165   | 0.5169       | 0.5350       | 0.0181    
6296->6338           | 164   | 0.5175       | 0.5383       | 0.0207    
6338->5853           | 163   | 0.5182       | 0.5422       | 0.0240    
5853->5974           | 162   | 0.5188       | 0.5472       | 0.0284    
5974->7441           | 161   | 0.5195       | 0.5534       | 0.0339    
7441->7386           | 160   | 0.5202       | 0.5571       | 0.0370    
7386->7285           | 159   | 0.5209       | 0.5609       | 0.0400    
7285->7370           | 158   | 0.5215       | 0.5669       | 0.0454    
7370->6777           | 157   | 0.5222       | 0.5770       | 0.0547    
6777->7545           | 157   | 0.5222       | 0.5770       | 0.0547    
7545->7434           | 156   | 0.5230       | 0.5819       | 0.0590    
7434->7611           | 155   | 0.5237       | 0.5882       | 0.0645    
7611->6776           | 154   | 0.5244       | 0.5957       | 0.0712    
6776->6758           | 139   | 0.5369       | 0.5884       | 0.0516    
6758->7343           | 136   | 0.5397       | 0.5918       | 0.0521    
7343->7578           | 135   | 0.5407       | 0.6020       | 0.0612    
7578->7273           | 134   | 0.5417       | 0.6072       | 0.0654    
7273->7176           | 133   | 0.5427       | 0.6131       | 0.0703    
7176->6757           | 132   | 0.5438       | 0.6171       | 0.0734    
6757->6889           | 124   | 0.5527       | 0.6180       | 0.0653    
6889->6890           | 124   | 0.5527       | 0.6180       | 0.0653    
4919->6115           | 105   | 0.5795       | 0.6078       | 0.0283    
6115->4892           | 104   | 0.5812       | 0.6103       | 0.0291    
4892->5355           | 104   | 0.5812       | 0.6103       | 0.0291    
5355->6127           | 103   | 0.5829       | 0.6135       | 0.0306    
6127->5847           | 102   | 0.5847       | 0.6160       | 0.0313    
5847->6250           | 101   | 0.5864       | 0.6185       | 0.0321    
6250->6085           | 100   | 0.5882       | 0.6207       | 0.0325    
6085->5645           | 99    | 0.5901       | 0.6233       | 0.0332    
5645->6275           | 98    | 0.5920       | 0.6255       | 0.0335    
6275->5868           | 97    | 0.5939       | 0.6291       | 0.0352    
5868->4891           | 96    | 0.5958       | 0.6314       | 0.0356    
4891->4954           | 91    | 0.6062       | 0.6269       | 0.0207    
4954->4983           | 91    | 0.6062       | 0.6269       | 0.0207    
4964->5895           | 82    | 0.6276       | 0.6392       | 0.0117    
5895->6293           | 81    | 0.6302       | 0.6455       | 0.0153    
6293->5712           | 80    | 0.6328       | 0.6514       | 0.0186    
5712->5813           | 79    | 0.6356       | 0.6584       | 0.0229    
5813->5800           | 78    | 0.6383       | 0.6655       | 0.0272    
5800->5612           | 77    | 0.6412       | 0.6684       | 0.0272    
5612->5098           | 76    | 0.6441       | 0.6729       | 0.0289    
5098->6197           | 76    | 0.6441       | 0.6729       | 0.0289    
6197->5097           | 75    | 0.6470       | 0.6769       | 0.0299    
6890->7706           | 74    | 0.6500       | 0.6262       | -0.0238   
7706->7765           | 72    | 0.6562       | 0.6426       | -0.0136   
7765->7954           | 71    | 0.6594       | 0.6436       | -0.0158   
7954->6891           | 70    | 0.6627       | 0.6473       | -0.0154   
4983->4955           | 69    | 0.6660       | 0.6041       | -0.0619   
4955->4956           | 69    | 0.6660       | 0.6041       | -0.0619   
4956->4957           | 69    | 0.6660       | 0.6041       | -0.0619   
4957->5925           | 69    | 0.6660       | 0.6041       | -0.0619   
5925->4958           | 68    | 0.6694       | 0.6080       | -0.0614   
4958->6344           | 68    | 0.6694       | 0.6080       | -0.0614   
6344->4959           | 67    | 0.6728       | 0.6121       | -0.0607   
4959->6013           | 67    | 0.6728       | 0.6121       | -0.0607   
6013->5395           | 66    | 0.6764       | 0.6163       | -0.0600   
5395->5383           | 65    | 0.6800       | 0.6311       | -0.0489   
5383->6133           | 63    | 0.6874       | 0.6377       | -0.0497   
5234->7310           | 63    | 0.6874       | 0.5416       | -0.1458   
6133->5487           | 62    | 0.6912       | 0.6416       | -0.0496   
5487->5404           | 61    | 0.6951       | 0.6500       | -0.0451   
7310->7266           | 61    | 0.6951       | 0.5948       | -0.1004   
5404->4960           | 60    | 0.6991       | 0.6540       | -0.0450   
4960->5343           | 60    | 0.6991       | 0.6540       | -0.0450   
7266->7352           | 60    | 0.6991       | 0.6145       | -0.0846   
5343->5737           | 59    | 0.7031       | 0.6585       | -0.0446   
5097->5111           | 59    | 0.7031       | 0.6530       | -0.0501   
5111->5112           | 59    | 0.7031       | 0.6530       | -0.0501   
5112->5782           | 59    | 0.7031       | 0.6530       | -0.0501   
7352->7251           | 59    | 0.7031       | 0.6427       | -0.0604   
5737->6040           | 58    | 0.7073       | 0.6822       | -0.0251   
5782->5642           | 58    | 0.7073       | 0.6597       | -0.0476   
7251->7166           | 58    | 0.7073       | 0.6472       | -0.0600   
6040->6253           | 57    | 0.7115       | 0.6880       | -0.0235   
7166->7478           | 57    | 0.7115       | 0.6547       | -0.0568   
6253->4961           | 56    | 0.7158       | 0.6912       | -0.0246   
5642->6170           | 56    | 0.7158       | 0.6717       | -0.0441   
7478->7466           | 56    | 0.7158       | 0.6593       | -0.0565   
6170->5460           | 55    | 0.7201       | 0.6786       | -0.0415   
7466->6794           | 55    | 0.7201       | 0.6637       | -0.0565   
6794->6827           | 55    | 0.7201       | 0.6637       | -0.0565   
5460->6064           | 54    | 0.7246       | 0.6882       | -0.0364   
6064->5113           | 53    | 0.7291       | 0.7107       | -0.0184   
5113->5154           | 53    | 0.7291       | 0.7107       | -0.0184   
5235->7156           | 49    | 0.7481       | 0.5381       | -0.2100   
6827->7422           | 49    | 0.7481       | 0.6892       | -0.0590   
7156->7488           | 48    | 0.7531       | 0.5555       | -0.1976   
7488->7201           | 47    | 0.7582       | 0.5700       | -0.1881   
7422->7226           | 47    | 0.7582       | 0.7094       | -0.0487   
7201->7636           | 46    | 0.7633       | 0.5883       | -0.1750   
7226->6806           | 46    | 0.7633       | 0.7213       | -0.0420   
6806->7575           | 46    | 0.7633       | 0.7213       | -0.0420   
7636->7179           | 45    | 0.7685       | 0.6142       | -0.1543   
7575->7401           | 45    | 0.7685       | 0.7275       | -0.0410   
7179->7282           | 44    | 0.7738       | 0.6361       | -0.1378   
7401->7584           | 44    | 0.7738       | 0.7679       | -0.0059   
7282->7288           | 43    | 0.7792       | 0.6586       | -0.1206   
7584->7316           | 43    | 0.7792       | 0.7831       | 0.0039    
7288->7497           | 42    | 0.7847       | 0.6920       | -0.0927   
7497->7507           | 41    | 0.7903       | 0.7107       | -0.0795   
7316->7205           | 41    | 0.7903       | 0.7999       | 0.0096    
7507->6881           | 40    | 0.7959       | 0.7300       | -0.0659   
7205->6807           | 40    | 0.7959       | 0.8131       | 0.0172    
6807->6884           | 39    | 0.8016       | 0.8438       | 0.0422    
6891->7896           | 37    | 0.8132       | 0.6234       | -0.1898   
7896->6892           | 36    | 0.8192       | 0.6319       | -0.1872   
6892->6893           | 36    | 0.8192       | 0.6319       | -0.1872   
6893->7966           | 35    | 0.8252       | 0.6425       | -0.1827   
4963->5401           | 34    | 0.8312       | 0.7527       | -0.0785   
7966->6894           | 34    | 0.8312       | 0.6537       | -0.1775   
6894->8005           | 34    | 0.8312       | 0.6537       | -0.1775   
5401->5566           | 33    | 0.8374       | 0.7787       | -0.0586   
6881->6784           | 33    | 0.8374       | 0.7483       | -0.0891   
6891->7775           | 33    | 0.8374       | 0.6811       | -0.1563   
8005->6895           | 33    | 0.8374       | 0.6966       | -0.1408   
6895->6896           | 33    | 0.8374       | 0.6966       | -0.1408   
6896->6897           | 33    | 0.8374       | 0.6966       | -0.1408   
6897->7009           | 33    | 0.8374       | 0.6966       | -0.1408   
5566->5989           | 32    | 0.8435       | 0.7982       | -0.0454   
7775->7709           | 32    | 0.8435       | 0.6977       | -0.1458   
7009->6898           | 32    | 0.8435       | 0.7357       | -0.1078   
4961->5995           | 31    | 0.8497       | 0.7249       | -0.1249   
5989->5194           | 31    | 0.8497       | 0.8277       | -0.0220   
7709->8002           | 31    | 0.8497       | 0.7160       | -0.1338   
5995->5322           | 30    | 0.8560       | 0.7425       | -0.1135   
5262->6287           | 30    | 0.8560       | 0.6772       | -0.1788   
8002->6933           | 30    | 0.8560       | 0.7281       | -0.1279   
6933->7926           | 30    | 0.8560       | 0.7281       | -0.1279   
5322->5325           | 29    | 0.8623       | 0.7603       | -0.1020   
6287->5454           | 29    | 0.8623       | 0.6952       | -0.1671   
6784->7593           | 29    | 0.8623       | 0.7417       | -0.1206   
7926->7038           | 29    | 0.8623       | 0.7671       | -0.0952   
5325->6118           | 28    | 0.8686       | 0.7747       | -0.0940   
5154->5807           | 28    | 0.8686       | 0.6974       | -0.1712   
5454->5666           | 28    | 0.8686       | 0.7141       | -0.1546   
7593->7605           | 28    | 0.8686       | 0.8018       | -0.0668   
6898->7845           | 28    | 0.8686       | 0.7210       | -0.1476   
6118->4962           | 27    | 0.8749       | 0.7899       | -0.0850   
4962->5496           | 27    | 0.8749       | 0.7899       | -0.0850   
5807->5841           | 27    | 0.8749       | 0.7722       | -0.1028   
5666->5237           | 27    | 0.8749       | 0.7481       | -0.1268   
5237->5502           | 27    | 0.8749       | 0.7481       | -0.1268   
7605->7182           | 27    | 0.8749       | 0.8556       | -0.0194   
7845->7830           | 27    | 0.8749       | 0.7863       | -0.0887   
5496->5788           | 26    | 0.8813       | 0.8139       | -0.0674   
5841->6335           | 26    | 0.8813       | 0.8091       | -0.0721   
5502->5238           | 26    | 0.8813       | 0.7794       | -0.1019   
5238->5239           | 26    | 0.8813       | 0.7794       | -0.1019   
5239->5240           | 26    | 0.8813       | 0.7794       | -0.1019   
7182->7548           | 26    | 0.8813       | 0.8622       | -0.0191   
7830->7960           | 26    | 0.8813       | 0.8023       | -0.0790   
4961->5594           | 25    | 0.8876       | 0.6703       | -0.2173   
5788->5569           | 25    | 0.8876       | 0.8350       | -0.0526   
5154->5421           | 25    | 0.8876       | 0.7349       | -0.1527   
6335->5526           | 25    | 0.8876       | 0.8178       | -0.0699   
7548->7270           | 25    | 0.8876       | 0.8753       | -0.0124   
6890->7055           | 25    | 0.8876       | 0.6912       | -0.1964   
6890->7745           | 25    | 0.8876       | 0.5575       | -0.3301   
7055->7739           | 25    | 0.8876       | 0.6912       | -0.1964   
7960->7787           | 25    | 0.8876       | 0.8185       | -0.0692   
5594->5508           | 24    | 0.8940       | 0.6789       | -0.2151   
5569->5216           | 24    | 0.8940       | 0.8588       | -0.0352   
5421->5693           | 24    | 0.8940       | 0.7660       | -0.1280   
5526->5469           | 24    | 0.8940       | 0.8320       | -0.0620   
7270->7419           | 24    | 0.8940       | 0.8997       | 0.0058    
7745->7851           | 24    | 0.8940       | 0.5868       | -0.3072   
7739->7688           | 24    | 0.8940       | 0.7131       | -0.1809   
7787->7781           | 24    | 0.8940       | 0.8274       | -0.0666   
5508->6001           | 23    | 0.9003       | 0.6844       | -0.2159   
5693->5877           | 23    | 0.9003       | 0.8173       | -0.0830   
5469->5114           | 23    | 0.9003       | 0.8651       | -0.0352   
7419->7189           | 23    | 0.9003       | 0.9045       | 0.0042    
7851->7757           | 23    | 0.9003       | 0.5984       | -0.3019   
7688->7056           | 23    | 0.9003       | 0.7318       | -0.1685   
7781->7784           | 23    | 0.9003       | 0.8595       | -0.0408   
4983->5835           | 22    | 0.9066       | 0.7755       | -0.1311   
6001->5389           | 22    | 0.9066       | 0.6937       | -0.2128   
5877->5358           | 22    | 0.9066       | 0.8677       | -0.0389   
7189->7555           | 22    | 0.9066       | 0.9053       | -0.0013   
7757->6917           | 22    | 0.9066       | 0.6930       | -0.2136   
7056->7771           | 22    | 0.9066       | 0.7580       | -0.1486   
6917->7823           | 22    | 0.9066       | 0.6930       | -0.2136   
7784->6899           | 22    | 0.9066       | 0.9177       | 0.0111    
6899->6960           | 22    | 0.9066       | 0.9177       | 0.0111    
5835->5016           | 21    | 0.9128       | 0.8082       | -0.1047   
5389->5021           | 21    | 0.9128       | 0.7064       | -0.2064   
5021->6124           | 21    | 0.9128       | 0.7064       | -0.2064   
5358->5886           | 21    | 0.9128       | 0.9105       | -0.0023   
6884->6861           | 21    | 0.9128       | 0.8215       | -0.0913   
6861->7666           | 21    | 0.9128       | 0.8215       | -0.0913   
7555->7170           | 21    | 0.9128       | 0.9089       | -0.0040   
7771->7057           | 21    | 0.9128       | 0.7908       | -0.1220   
7823->7911           | 21    | 0.9128       | 0.7112       | -0.2016   
6124->5022           | 20    | 0.9190       | 0.7158       | -0.2032   
5022->5319           | 20    | 0.9190       | 0.7158       | -0.2032   
5886->5127           | 20    | 0.9190       | 0.9476       | 0.0286    
5114->5115           | 20    | 0.9190       | 0.8712       | -0.0478   
5115->6266           | 20    | 0.9190       | 0.8712       | -0.0478   
7666->7349           | 20    | 0.9190       | 0.9047       | -0.0143   
7170->7331           | 20    | 0.9190       | 0.9108       | -0.0082   
7057->7058           | 20    | 0.9190       | 0.8211       | -0.0979   
7911->7691           | 20    | 0.9190       | 0.7326       | -0.1864   
7058->7920           | 20    | 0.9190       | 0.8211       | -0.0979   
5016->5523           | 19    | 0.9251       | 0.8146       | -0.1105   
5319->6055           | 19    | 0.9251       | 0.7309       | -0.1942   
5216->6281           | 19    | 0.9251       | 0.8678       | -0.0573   
5194->5053           | 19    | 0.9251       | 0.8072       | -0.1180   
5053->5935           | 19    | 0.9251       | 0.8072       | -0.1180   
6266->6149           | 19    | 0.9251       | 0.9053       | -0.0199   
7349->7676           | 19    | 0.9251       | 0.9264       | 0.0013    
7331->7361           | 19    | 0.9251       | 0.9244       | -0.0007   
7691->6918           | 19    | 0.9251       | 0.7736       | -0.1515   
7920->7984           | 19    | 0.9251       | 0.8562       | -0.0689   
5523->5618           | 18    | 0.9311       | 0.8805       | -0.0506   
6055->5411           | 18    | 0.9311       | 0.7401       | -0.1911   
6281->6194           | 18    | 0.9311       | 0.8830       | -0.0481   
5935->5715           | 18    | 0.9311       | 0.8546       | -0.0766   
6149->5828           | 18    | 0.9311       | 0.9179       | -0.0132   
7676->6862           | 18    | 0.9311       | 0.9313       | 0.0002    
6862->7596           | 18    | 0.9311       | 0.9313       | 0.0002    
7361->7654           | 18    | 0.9311       | 0.9376       | 0.0064    
6918->7863           | 18    | 0.9311       | 0.8207       | -0.1104   
7984->7880           | 18    | 0.9311       | 0.9176       | -0.0135   
6960->6947           | 18    | 0.9311       | 0.9195       | -0.0117   
6947->6948           | 18    | 0.9311       | 0.9195       | -0.0117   
6948->6949           | 18    | 0.9311       | 0.9195       | -0.0117   
5618->4993           | 17    | 0.9370       | 0.9334       | -0.0037   
4993->5621           | 17    | 0.9370       | 0.9334       | -0.0037   
5411->6164           | 17    | 0.9370       | 0.7581       | -0.1789   
6194->5205           | 17    | 0.9370       | 0.9260       | -0.0111   
5205->6290           | 17    | 0.9370       | 0.9260       | -0.0111   
5828->5116           | 17    | 0.9370       | 0.9349       | -0.0022   
5116->6037           | 17    | 0.9370       | 0.9349       | -0.0022   
5240->6748           | 17    | 0.9370       | 0.8265       | -0.1105   
7596->7472           | 17    | 0.9370       | 0.9332       | -0.0038   
7654->7244           | 17    | 0.9370       | 0.9384       | 0.0014    
7863->7733           | 17    | 0.9370       | 0.8487       | -0.0883   
7880->7778           | 17    | 0.9370       | 0.9294       | -0.0076   
7038->6934           | 17    | 0.9370       | 0.7974       | -0.1397   
6934->7820           | 17    | 0.9370       | 0.7974       | -0.1397   
5005->4989           | 16    | 0.9428       | 0.8055       | -0.1373   
5621->5575           | 16    | 0.9428       | 0.9411       | -0.0018   
5097->5096           | 16    | 0.9428       | 0.7684       | -0.1744   
5096->5095           | 16    | 0.9428       | 0.7684       | -0.1744   
5095->5913           | 16    | 0.9428       | 0.7684       | -0.1744   
6164->5023           | 16    | 0.9428       | 0.7851       | -0.1577   
5023->5648           | 16    | 0.9428       | 0.7851       | -0.1577   
6290->5916           | 16    | 0.9428       | 0.9295       | -0.0133   
5715->5708           | 16    | 0.9428       | 0.9320       | -0.0108   
6037->5117           | 16    | 0.9428       | 0.9428       | -0.0000   
5117->5352           | 16    | 0.9428       | 0.9428       | -0.0000   
6884->6808           | 16    | 0.9428       | 0.8661       | -0.0768   
6808->7295           | 16    | 0.9428       | 0.8661       | -0.0768   
7472->7562           | 16    | 0.9428       | 0.9433       | 0.0005    
7244->7238           | 16    | 0.9428       | 0.9392       | -0.0036   
7733->7814           | 16    | 0.9428       | 0.9128       | -0.0301   
7778->7799           | 16    | 0.9428       | 0.9425       | -0.0003   
7820->7951           | 16    | 0.9428       | 0.8206       | -0.1222   
4989->5539           | 15    | 0.9485       | 0.8854       | -0.0631   
5575->5998           | 15    | 0.9485       | 0.9470       | -0.0015   
5913->5475           | 15    | 0.9485       | 0.8407       | -0.1078   
5648->5763           | 15    | 0.9485       | 0.7906       | -0.1579   
5127->6181           | 15    | 0.9485       | 0.9300       | -0.0185   
5916->5862           | 15    | 0.9485       | 0.9303       | -0.0182   
5708->5563           | 15    | 0.9485       | 0.9409       | -0.0076   
5352->5727           | 15    | 0.9485       | 0.9460       | -0.0025   
7295->7428           | 15    | 0.9485       | 0.8889       | -0.0595   
6776->6834           | 15    | 0.9485       | 0.6698       | -0.2787   
6834->6833           | 15    | 0.9485       | 0.6698       | -0.2787   
6833->7232           | 15    | 0.9485       | 0.6698       | -0.2787   
7562->7407           | 15    | 0.9485       | 0.9502       | 0.0017    
7238->7438           | 15    | 0.9485       | 0.9414       | -0.0071   
7814->6919           | 15    | 0.9485       | 0.9469       | -0.0016   
7799->7742           | 15    | 0.9485       | 0.9477       | -0.0008   
6919->7860           | 15    | 0.9485       | 0.9469       | -0.0016   
7951->7883           | 15    | 0.9485       | 0.8374       | -0.1110   
6949->6965           | 15    | 0.9485       | 0.9173       | -0.0312   
6965->7874           | 15    | 0.9485       | 0.9173       | -0.0312   
5539->5769           | 14    | 0.9540       | 0.9392       | -0.0148   
5998->5687           | 14    | 0.9540       | 0.9523       | -0.0017   
5475->5386           | 14    | 0.9540       | 0.9473       | -0.0067   
5763->5584           | 14    | 0.9540       | 0.8056       | -0.1483   
6181->6313           | 14    | 0.9540       | 0.9489       | -0.0051   
5862->5204           | 14    | 0.9540       | 0.9472       | -0.0068   
5563->5054           | 14    | 0.9540       | 0.9529       | -0.0010   
5054->5660           | 14    | 0.9540       | 0.9529       | -0.0010   
5727->5983           | 14    | 0.9540       | 0.9488       | -0.0051   
7428->7392           | 14    | 0.9540       | 0.9333       | -0.0207   
7232->7531           | 14    | 0.9540       | 0.7393       | -0.2147   
7407->6863           | 14    | 0.9540       | 0.9542       | 0.0002    
7438->7679           | 14    | 0.9540       | 0.9528       | -0.0012   
7742->7727           | 14    | 0.9540       | 0.9510       | -0.0030   
7860->7035           | 14    | 0.9540       | 0.9639       | 0.0099    
7883->6935           | 14    | 0.9540       | 0.8709       | -0.0831   
6935->7694           | 14    | 0.9540       | 0.8709       | -0.0831   
7874->7810           | 14    | 0.9540       | 0.9393       | -0.0147   
4941->4927           | 13    | 0.9593       | 0.8641       | -0.0952   
4927->5734           | 13    | 0.9593       | 0.8641       | -0.0952   
5769->5424           | 13    | 0.9593       | 0.9567       | -0.0026   
5687->5663           | 13    | 0.9593       | 0.9577       | -0.0016   
5386->6052           | 13    | 0.9593       | 0.9588       | -0.0005   
5584->5889           | 13    | 0.9593       | 0.8157       | -0.1436   
6313->5505           | 13    | 0.9593       | 0.9590       | -0.0003   
5204->5499           | 13    | 0.9593       | 0.9484       | -0.0109   
5660->6244           | 13    | 0.9593       | 0.9583       | -0.0010   
5983->5118           | 13    | 0.9593       | 0.9583       | -0.0009   
5118->5655           | 13    | 0.9593       | 0.9583       | -0.0009   
7392->6809           | 13    | 0.9593       | 0.9571       | -0.0022   
6809->7413           | 13    | 0.9593       | 0.9571       | -0.0022   
7531->7491           | 13    | 0.9593       | 0.8211       | -0.1382   
6863->7448           | 13    | 0.9593       | 0.9579       | -0.0014   
7679->7454           | 13    | 0.9593       | 0.9587       | -0.0006   
7694->7957           | 13    | 0.9593       | 0.9502       | -0.0091   
7810->6966           | 13    | 0.9593       | 0.9652       | 0.0059    
6966->7917           | 13    | 0.9593       | 0.9652       | 0.0059    
7114->7107           | 12    | 0.9644       | 0.8920       | -0.0724   
7107->7503           | 12    | 0.9644       | 0.8920       | -0.0724   
5734->5932           | 12    | 0.9644       | 0.9233       | -0.0411   
5663->5944           | 12    | 0.9644       | 0.9627       | -0.0017   
6052->5669           | 12    | 0.9644       | 0.9640       | -0.0004   
5889->5284           | 12    | 0.9644       | 0.8042       | -0.1602   
5505->5126           | 12    | 0.9644       | 0.9639       | -0.0005   
5126->5125           | 12    | 0.9644       | 0.9639       | -0.0005   
6244->5597           | 12    | 0.9644       | 0.9656       | 0.0012    
5655->5959           | 12    | 0.9644       | 0.9636       | -0.0008   
7491->7568           | 12    | 0.9644       | 0.9541       | -0.0103   
7448->6864           | 12    | 0.9644       | 0.9640       | -0.0004   
6864->7248           | 12    | 0.9644       | 0.9640       | -0.0004   
7454->7599           | 12    | 0.9644       | 0.9708       | 0.0064    
7727->7685           | 12    | 0.9644       | 0.9633       | -0.0011   
7957->7870           | 12    | 0.9644       | 0.9647       | 0.0003    
7917->7002           | 12    | 0.9644       | 0.9763       | 0.0119    
7503->7374           | 11    | 0.9693       | 0.9631       | -0.0062   
5932->5746           | 11    | 0.9693       | 0.9485       | -0.0208   
5424->6238           | 11    | 0.9693       | 0.9691       | -0.0002   
5944->5779           | 11    | 0.9693       | 0.9678       | -0.0015   
5669->5376           | 11    | 0.9693       | 0.9701       | 0.0008    
5284->5408           | 11    | 0.9693       | 0.7920       | -0.1773   
5499->5953           | 11    | 0.9693       | 0.9635       | -0.0058   
5125->6130           | 11    | 0.9693       | 0.9700       | 0.0007    
5597->6347           | 11    | 0.9693       | 0.9695       | 0.0002    
5959->5119           | 11    | 0.9693       | 0.9697       | 0.0004    
7413->7276           | 11    | 0.9693       | 0.9671       | -0.0022   
7568->7541           | 11    | 0.9693       | 0.9620       | -0.0073   
7248->7334           | 11    | 0.9693       | 0.9682       | -0.0011   
7599->7624           | 11    | 0.9693       | 0.9724       | 0.0031    
7035->6920           | 11    | 0.9693       | 0.9647       | -0.0046   
7685->7730           | 11    | 0.9693       | 0.9680       | -0.0013   
6920->7903           | 11    | 0.9693       | 0.9647       | -0.0046   
7870->7718           | 11    | 0.9693       | 0.9680       | -0.0013   
7374->7445           | 10    | 0.9740       | 0.9736       | -0.0003   
4905->4888           | 10    | 0.9740       | 0.9185       | -0.0554   
4888->5427           | 10    | 0.9740       | 0.9185       | -0.0554   
5746->6304           | 10    | 0.9740       | 0.9633       | -0.0106   
6238->5367           | 10    | 0.9740       | 0.9737       | -0.0003   
5779->5517           | 10    | 0.9740       | 0.9723       | -0.0017   
5376->6173           | 10    | 0.9740       | 0.9729       | -0.0010   
5408->6019           | 10    | 0.9740       | 0.7789       | -0.1951   
5953->5203           | 10    | 0.9740       | 0.9654       | -0.0085   
5203->5493           | 10    | 0.9740       | 0.9654       | -0.0085   
6130->6310           | 10    | 0.9740       | 0.9728       | -0.0011   
6347->5055           | 10    | 0.9740       | 0.9731       | -0.0008   
5055->5056           | 10    | 0.9740       | 0.9731       | -0.0008   
5056->6178           | 10    | 0.9740       | 0.9731       | -0.0008   
7276->7263           | 10    | 0.9740       | 0.9744       | 0.0004    
7541->7416           | 10    | 0.9740       | 0.9741       | 0.0002    
7334->6865           | 10    | 0.9740       | 0.9743       | 0.0003    
7624->6813           | 10    | 0.9740       | 0.9768       | 0.0029    
7730->7059           | 10    | 0.9740       | 0.9734       | -0.0006   
7903->7948           | 10    | 0.9740       | 0.9715       | -0.0025   
7718->7887           | 10    | 0.9740       | 0.9733       | -0.0006   
7445->7140           | 9     | 0.9783       | 0.9798       | 0.0014    
5427->5448           | 9     | 0.9783       | 0.9683       | -0.0100   
6304->6031           | 9     | 0.9783       | 0.9735       | -0.0048   
5367->6136           | 9     | 0.9783       | 0.9779       | -0.0005   
5517->5466           | 9     | 0.9783       | 0.9768       | -0.0015   
6173->5094           | 9     | 0.9783       | 0.9781       | -0.0003   
5094->5606           | 9     | 0.9783       | 0.9781       | -0.0003   
5194->5183           | 9     | 0.9783       | 0.8861       | -0.0922   
5183->5182           | 9     | 0.9783       | 0.8861       | -0.0922   
6019->5024           | 9     | 0.9783       | 0.7747       | -0.2036   
5024->5442           | 9     | 0.9783       | 0.7747       | -0.2036   
5493->5490           | 9     | 0.9783       | 0.9692       | -0.0092   
6310->5588           | 9     | 0.9783       | 0.9785       | 0.0002    
6178->5057           | 9     | 0.9783       | 0.9849       | 0.0065    
5057->5084           | 9     | 0.9783       | 0.9849       | 0.0065    
5240->5241           | 9     | 0.9783       | 0.7193       | -0.2591   
5241->7587           | 9     | 0.9783       | 0.7193       | -0.2591   
6748->6749           | 9     | 0.9783       | 0.7936       | -0.1847   
6749->7325           | 9     | 0.9783       | 0.7936       | -0.1847   
7263->7346           | 9     | 0.9783       | 0.9777       | -0.0006   
7416->7404           | 9     | 0.9783       | 0.9776       | -0.0007   
7059->7721           | 9     | 0.9783       | 0.9783       | 0.0000    
7948->7945           | 9     | 0.9783       | 0.9779       | -0.0005   
7887->7939           | 9     | 0.9783       | 0.9783       | 0.0000    
7140->7220           | 8     | 0.9824       | 0.9815       | -0.0009   
4905->6215           | 8     | 0.9824       | 0.8572       | -0.1252   
5448->5627           | 8     | 0.9824       | 0.9826       | 0.0002    
6031->5349           | 8     | 0.9824       | 0.9803       | -0.0021   
6136->5919           | 8     | 0.9824       | 0.9822       | -0.0003   
5466->6341           | 8     | 0.9824       | 0.9808       | -0.0016   
5606->6007           | 8     | 0.9824       | 0.9828       | 0.0004    
5182->5181           | 8     | 0.9824       | 0.9764       | -0.0061   
5181->5956           | 8     | 0.9824       | 0.9764       | -0.0061   
5442->5025           | 8     | 0.9824       | 0.9723       | -0.0102   
5490->5202           | 8     | 0.9824       | 0.9738       | -0.0086   
5588->5124           | 8     | 0.9824       | 0.9823       | -0.0001   
5025->5026           | 8     | 0.9824       | 0.9723       | -0.0102   
5202->5307           | 8     | 0.9824       | 0.9738       | -0.0086   
5124->5463           | 8     | 0.9824       | 0.9823       | -0.0001   
5026->5364           | 8     | 0.9824       | 0.9723       | -0.0102   
5119->5950           | 8     | 0.9824       | 0.9817       | -0.0008   
6748->7510           | 8     | 0.9824       | 0.8638       | -0.1186   
7587->6025           | 8     | 0.9824       | 0.7726       | -0.2098   
7325->7208           | 8     | 0.9824       | 0.9587       | -0.0238   
7346->7657           | 8     | 0.9824       | 0.9824       | -0.0000   
7404->7380           | 8     | 0.9824       | 0.9817       | -0.0007   
6865->6866           | 8     | 0.9824       | 0.9824       | -0.0001   
6866->6867           | 8     | 0.9824       | 0.9824       | -0.0001   
7721->7932           | 8     | 0.9824       | 0.9817       | -0.0007   
7945->7748           | 8     | 0.9824       | 0.9820       | -0.0005   
7939->7987           | 8     | 0.9824       | 0.9811       | -0.0013   
7117->7377           | 7     | 0.9862       | 0.8758       | -0.1104   
7220->7195           | 7     | 0.9862       | 0.9854       | -0.0008   
6215->5740           | 7     | 0.9862       | 0.9449       | -0.0413   
5627->6272           | 7     | 0.9862       | 0.9859       | -0.0003   
5349->5759           | 7     | 0.9862       | 0.9843       | -0.0019   
5919->5838           | 7     | 0.9862       | 0.9859       | -0.0003   
6341->4992           | 7     | 0.9862       | 0.9846       | -0.0016   
6007->6097           | 7     | 0.9862       | 0.9849       | -0.0013   
5956->5180           | 7     | 0.9862       | 0.9860       | -0.0002   
5180->6100           | 7     | 0.9862       | 0.9860       | -0.0002   
5307->5743           | 7     | 0.9862       | 0.9767       | -0.0095   
5463->5123           | 7     | 0.9862       | 0.9860       | -0.0002   
5364->5971           | 7     | 0.9862       | 0.9727       | -0.0135   
5123->5398           | 7     | 0.9862       | 0.9860       | -0.0002   
5950->5756           | 7     | 0.9862       | 0.9859       | -0.0003   
6881->7340           | 7     | 0.9862       | 0.6695       | -0.3167   
7510->7079           | 7     | 0.9862       | 0.8880       | -0.0982   
6025->5529           | 7     | 0.9862       | 0.9800       | -0.0062   
7079->7078           | 7     | 0.9862       | 0.8880       | -0.0982   
7208->6750           | 7     | 0.9862       | 0.9787       | -0.0075   
7078->7602           | 7     | 0.9862       | 0.8880       | -0.0982   
7657->7192           | 7     | 0.9862       | 0.9855       | -0.0007   
6757->6848           | 7     | 0.9862       | 0.6711       | -0.3151   
6848->7660           | 7     | 0.9862       | 0.6711       | -0.3151   
7380->7198           | 7     | 0.9862       | 0.9856       | -0.0006   
6813->7645           | 7     | 0.9862       | 0.9737       | -0.0125   
6867->7528           | 7     | 0.9862       | 0.9860       | -0.0002   
7038->7021           | 7     | 0.9862       | 0.6837       | -0.3025   
7021->7980           | 7     | 0.9862       | 0.6837       | -0.3025   
7932->7736           | 7     | 0.9862       | 0.9861       | -0.0001   
7748->6921           | 7     | 0.9862       | 0.9853       | -0.0009   
6921->7712           | 7     | 0.9862       | 0.9853       | -0.0009   
7987->7977           | 7     | 0.9862       | 0.9861       | -0.0001   
7377->7108           | 6     | 0.9896       | 0.9694       | -0.0202   
7108->7125           | 6     | 0.9896       | 0.9694       | -0.0202   
7125->7235           | 6     | 0.9896       | 0.9694       | -0.0202   
7195->7307           | 6     | 0.9896       | 0.9893       | -0.0003   
5740->4887           | 6     | 0.9896       | 0.9858       | -0.0039   
4887->6091           | 6     | 0.9896       | 0.9858       | -0.0039   
6272->5865           | 6     | 0.9896       | 0.9893       | -0.0003   
5759->5542           | 6     | 0.9896       | 0.9865       | -0.0031   
5838->5731           | 6     | 0.9896       | 0.9893       | -0.0003   
4992->4991           | 6     | 0.9896       | 0.9880       | -0.0016   
6097->5331           | 6     | 0.9896       | 0.9893       | -0.0003   
6100->5532           | 6     | 0.9896       | 0.9892       | -0.0005   
5743->5201           | 6     | 0.9896       | 0.9807       | -0.0089   
5971->5027           | 6     | 0.9896       | 0.9715       | -0.0181   
5201->5379           | 6     | 0.9896       | 0.9807       | -0.0089   
5027->5560           | 6     | 0.9896       | 0.9715       | -0.0181   
5756->5223           | 6     | 0.9896       | 0.9893       | -0.0004   
5223->5965           | 6     | 0.9896       | 0.9893       | -0.0004   
7340->7469           | 6     | 0.9896       | 0.9868       | -0.0028   
6750->6751           | 6     | 0.9896       | 0.9900       | 0.0004    
7602->7279           | 6     | 0.9896       | 0.9875       | -0.0021   
7192->6810           | 6     | 0.9896       | 0.9894       | -0.0002   
6810->7618           | 6     | 0.9896       | 0.9894       | -0.0002   
7660->7558           | 6     | 0.9896       | 0.7741       | -0.2156   
7198->7516           | 6     | 0.9896       | 0.9891       | -0.0005   
7645->7571           | 6     | 0.9896       | 0.9887       | -0.0009   
7528->7648           | 6     | 0.9896       | 0.9891       | -0.0005   
7980->7963           | 6     | 0.9896       | 0.8974       | -0.0922   
7736->7923           | 6     | 0.9896       | 0.9894       | -0.0003   
7712->7890           | 6     | 0.9896       | 0.9885       | -0.0011   
7977->7804           | 6     | 0.9896       | 0.9887       | -0.0009   
7002->6988           | 6     | 0.9896       | 0.9812       | -0.0084   
7002->7760           | 6     | 0.9896       | 0.9699       | -0.0198   
7235->7364           | 5     | 0.9927       | 0.9894       | -0.0033   
7307->7565           | 5     | 0.9927       | 0.9923       | -0.0003   
5865->5436           | 5     | 0.9927       | 0.9922       | -0.0005   
4891->6022           | 5     | 0.9927       | 0.7886       | -0.2040   
5542->4949           | 5     | 0.9927       | 0.9950       | 0.0024    
5731->5775           | 5     | 0.9927       | 0.9925       | -0.0002   
5331->6073           | 5     | 0.9927       | 0.9921       | -0.0006   
5127->5159           | 5     | 0.9927       | 0.9735       | -0.0192   
5159->5160           | 5     | 0.9927       | 0.9735       | -0.0192   
5532->5179           | 5     | 0.9927       | 0.9924       | -0.0003   
5179->6076           | 5     | 0.9927       | 0.9924       | -0.0003   
5398->5451           | 5     | 0.9927       | 0.9923       | -0.0003   
5379->6207           | 5     | 0.9927       | 0.9834       | -0.0093   
5066->5892           | 5     | 0.9927       | 0.7168       | -0.2759   
5560->6061           | 5     | 0.9927       | 0.9723       | -0.0204   
5064->5370           | 5     | 0.9927       | 0.7249       | -0.2678   
5965->5222           | 5     | 0.9927       | 0.9927       | 0.0000    
6827->7519           | 5     | 0.9927       | 0.6185       | -0.3742   
7469->7639           | 5     | 0.9927       | 0.9920       | -0.0007   
5529->6307           | 5     | 0.9927       | 0.9920       | -0.0006   
6751->6752           | 5     | 0.9927       | 0.9911       | -0.0016   
7279->7077           | 5     | 0.9927       | 0.9917       | -0.0010   
7077->7076           | 5     | 0.9927       | 0.9917       | -0.0010   
7076->7319           | 5     | 0.9927       | 0.9917       | -0.0010   
7618->7367           | 5     | 0.9927       | 0.9921       | -0.0006   
7558->7313           | 5     | 0.9927       | 0.9343       | -0.0584   
7516->7160           | 5     | 0.9927       | 0.9923       | -0.0004   
7571->6832           | 5     | 0.9927       | 0.9950       | 0.0023    
7648->7257           | 5     | 0.9927       | 0.9924       | -0.0003   
7038->7020           | 5     | 0.9927       | 0.7957       | -0.1970   
7020->7793           | 5     | 0.9927       | 0.7957       | -0.1970   
7963->7703           | 5     | 0.9927       | 0.9887       | -0.0040   
7923->7936           | 5     | 0.9927       | 0.9923       | -0.0004   
7890->7836           | 5     | 0.9927       | 0.9923       | -0.0004   
7804->6936           | 5     | 0.9927       | 0.9924       | -0.0003   
6936->6937           | 5     | 0.9927       | 0.9924       | -0.0003   
6937->7893           | 5     | 0.9927       | 0.9924       | -0.0003   
7364->7630           | 4     | 0.9953       | 0.9947       | -0.0006   
7565->7682           | 4     | 0.9953       | 0.9953       | -0.0000   
6091->4886           | 4     | 0.9953       | 0.9949       | -0.0004   
4886->6146           | 4     | 0.9953       | 0.9949       | -0.0004   
5436->4889           | 4     | 0.9953       | 0.9951       | -0.0002   
6022->6224           | 4     | 0.9953       | 0.9352       | -0.0601   
5775->6257           | 4     | 0.9953       | 0.9951       | -0.0002   
4991->5313           | 4     | 0.9953       | 0.9936       | -0.0017   
5216->5609           | 4     | 0.9953       | 0.9385       | -0.0568   
6073->5904           | 4     | 0.9953       | 0.9949       | -0.0004   
5160->5938           | 4     | 0.9953       | 0.9927       | -0.0026   
5451->5122           | 4     | 0.9953       | 0.9950       | -0.0003   
6207->5572           | 4     | 0.9953       | 0.9835       | -0.0118   
5892->5030           | 4     | 0.9953       | 0.8616       | -0.1337   
6061->5028           | 4     | 0.9953       | 0.9721       | -0.0233   
5370->5346           | 4     | 0.9953       | 0.9391       | -0.0563   
5222->5415           | 4     | 0.9953       | 0.9948       | -0.0005   
7519->7475           | 4     | 0.9953       | 0.9290       | -0.0663   
6784->7673           | 4     | 0.9953       | 0.7821       | -0.2132   
7639->7484           | 4     | 0.9953       | 0.9948       | -0.0006   
6307->7254           | 4     | 0.9953       | 0.9947       | -0.0006   
6752->6753           | 4     | 0.9953       | 0.9948       | -0.0006   
7319->7075           | 4     | 0.9953       | 0.9944       | -0.0010   
7075->7241           | 4     | 0.9953       | 0.9944       | -0.0010   
7367->7355           | 4     | 0.9953       | 0.9953       | -0.0000   
7313->7173           | 4     | 0.9953       | 0.9912       | -0.0042   
7160->7358           | 4     | 0.9953       | 0.9949       | -0.0004   
7257->7389           | 4     | 0.9953       | 0.9950       | -0.0003   
7793->7019           | 4     | 0.9953       | 0.8327       | -0.1627   
7019->7018           | 4     | 0.9953       | 0.8327       | -0.1627   
7703->7899           | 4     | 0.9953       | 0.9948       | -0.0006   
7018->7017           | 4     | 0.9953       | 0.8327       | -0.1627   
7017->7016           | 4     | 0.9953       | 0.8327       | -0.1627   
6898->7097           | 4     | 0.9953       | 0.9657       | -0.0296   
7097->7096           | 4     | 0.9953       | 0.9657       | -0.0296   
7096->7095           | 4     | 0.9953       | 0.9657       | -0.0296   
7095->7094           | 4     | 0.9953       | 0.9657       | -0.0296   
7094->7093           | 4     | 0.9953       | 0.9657       | -0.0296   
7093->7697           | 4     | 0.9953       | 0.9657       | -0.0296   
7936->8009           | 4     | 0.9953       | 0.9948       | -0.0005   
6960->7796           | 4     | 0.9953       | 0.9101       | -0.0852   
7836->6922           | 4     | 0.9953       | 0.9948       | -0.0005   
6922->7715           | 4     | 0.9953       | 0.9948       | -0.0005   
7893->7848           | 4     | 0.9953       | 0.9951       | -0.0003   
6988->6967           | 4     | 0.9953       | 0.9899       | -0.0054   
7760->6993           | 4     | 0.9953       | 0.9942       | -0.0011   
6967->6968           | 4     | 0.9953       | 0.9899       | -0.0054   
6993->6994           | 4     | 0.9953       | 0.9942       | -0.0011   
6968->7996           | 4     | 0.9953       | 0.9899       | -0.0054   
7137->7663           | 3     | 0.9975       | 0.7863       | -0.2112   
7630->7383           | 3     | 0.9975       | 0.9971       | -0.0005   
7682->7608           | 3     | 0.9975       | 0.9974       | -0.0001   
6146->4885           | 3     | 0.9975       | 0.9973       | -0.0003   
4885->6079           | 3     | 0.9975       | 0.9973       | -0.0003   
4889->5472           | 3     | 0.9975       | 0.9974       | -0.0001   
6224->4890           | 3     | 0.9975       | 0.9956       | -0.0020   
4949->5749           | 3     | 0.9975       | 0.9959       | -0.0016   
6257->5871           | 3     | 0.9975       | 0.9973       | -0.0002   
5313->5910           | 3     | 0.9975       | 0.9959       | -0.0016   
4963->6191           | 3     | 0.9975       | 0.5524       | -0.4451   
5609->6319           | 3     | 0.9975       | 0.9872       | -0.0104   
5194->5785           | 3     | 0.9975       | 0.8323       | -0.1653   
5114->8022           | 3     | 0.9975       | 0.8414       | -0.1561   
5034->5166           | 3     | 0.9975       | 0.7598       | -0.2377   
5904->5922           | 3     | 0.9975       | 0.9972       | -0.0004   
5166->5340           | 3     | 0.9975       | 0.7598       | -0.2377   
5938->5161           | 3     | 0.9975       | 0.9968       | -0.0007   
5161->6028           | 3     | 0.9975       | 0.9968       | -0.0007   
6076->5822           | 3     | 0.9975       | 0.9973       | -0.0002   
5122->5825           | 3     | 0.9975       | 0.9973       | -0.0003   
5572->5200           | 3     | 0.9975       | 0.9830       | -0.0145   
5030->5992           | 3     | 0.9975       | 0.9899       | -0.0076   
5084->5058           | 3     | 0.9975       | 0.9873       | -0.0102   
5084->6016           | 3     | 0.9975       | 0.9828       | -0.0147   
5084->6323           | 3     | 0.9975       | 0.9835       | -0.0140   
5028->5794           | 3     | 0.9975       | 0.9717       | -0.0259   
5200->6152           | 3     | 0.9975       | 0.9830       | -0.0145   
5058->5059           | 3     | 0.9975       | 0.9873       | -0.0102   
5346->5797           | 3     | 0.9975       | 0.9902       | -0.0073   
5415->6139           | 3     | 0.9975       | 0.9969       | -0.0006   
7475->7144           | 3     | 0.9975       | 0.9866       | -0.0109   
7673->7147           | 3     | 0.9975       | 0.9926       | -0.0050   
7484->7217           | 3     | 0.9975       | 0.9972       | -0.0004   
7254->5316           | 3     | 0.9975       | 0.9970       | -0.0006   
6758->7552           | 3     | 0.9975       | 0.4088       | -0.5887   
6753->7071           | 3     | 0.9975       | 0.9971       | -0.0004   
7071->7072           | 3     | 0.9975       | 0.9971       | -0.0004   
7072->7460           | 3     | 0.9975       | 0.9971       | -0.0004   
7241->7304           | 3     | 0.9975       | 0.9970       | -0.0005   
7355->7481           | 3     | 0.9975       | 0.9971       | -0.0005   
7173->6847           | 3     | 0.9975       | 0.9971       | -0.0005   
6813->7431           | 3     | 0.9975       | 0.9832       | -0.0143   
6847->7590           | 3     | 0.9975       | 0.9971       | -0.0005   
7358->7463           | 3     | 0.9975       | 0.9975       | -0.0001   
6832->7395           | 3     | 0.9975       | 0.9942       | -0.0033   
7899->7877           | 3     | 0.9975       | 0.9974       | -0.0002   
7016->7751           | 3     | 0.9975       | 0.9790       | -0.0185   
7697->7092           | 3     | 0.9975       | 0.9972       | -0.0003   
8009->7768           | 3     | 0.9975       | 0.9971       | -0.0004   
7796->7842           | 3     | 0.9975       | 0.9911       | -0.0065   
7715->6923           | 3     | 0.9975       | 0.9970       | -0.0006   
6949->7999           | 3     | 0.9975       | 0.9285       | -0.0690   
6923->7046           | 3     | 0.9975       | 0.9970       | -0.0006   
7046->7969           | 3     | 0.9975       | 0.9970       | -0.0006   
7848->7914           | 3     | 0.9975       | 0.9972       | -0.0003   
6994->6995           | 3     | 0.9975       | 0.9968       | -0.0007   
7996->6969           | 3     | 0.9975       | 0.9969       | -0.0007   
6969->7790           | 3     | 0.9975       | 0.9969       | -0.0007   
7663->7500           | 2     | 0.9993       | 0.9829       | -0.0163   
7383->7451           | 2     | 0.9993       | 0.9985       | -0.0008   
7608->7410           | 2     | 0.9993       | 0.9991       | -0.0001   
6079->5478           | 2     | 0.9993       | 0.9989       | -0.0004   
5472->5578           | 2     | 0.9993       | 0.9990       | -0.0003   
4890->5699           | 2     | 0.9993       | 0.9983       | -0.0009   
5016->6231           | 2     | 0.9993       | 0.7726       | -0.2267   
4949->4926           | 2     | 0.9993       | 0.9948       | -0.0045   
4926->6221           | 2     | 0.9993       | 0.9948       | -0.0045   
5871->6210           | 2     | 0.9993       | 0.9991       | -0.0002   
5910->6103           | 2     | 0.9993       | 0.9974       | -0.0019   
6191->5721           | 2     | 0.9993       | 0.8636       | -0.1357   
6319->6260           | 2     | 0.9993       | 0.9864       | -0.0128   
8022->8026           | 2     | 0.9993       | 0.9836       | -0.0157   
5922->5511           | 2     | 0.9993       | 0.9987       | -0.0005   
5340->5165           | 2     | 0.9993       | 0.9927       | -0.0066   
5165->5164           | 2     | 0.9993       | 0.9927       | -0.0066   
5164->6200           | 2     | 0.9993       | 0.9927       | -0.0066   
6028->6088           | 2     | 0.9993       | 0.9988       | -0.0004   
5822->5430           | 2     | 0.9993       | 0.9990       | -0.0002   
5119->5120           | 2     | 0.9993       | 0.9989       | -0.0004   
5825->5121           | 2     | 0.9993       | 0.9991       | -0.0001   
5120->5535           | 2     | 0.9993       | 0.9989       | -0.0004   
5992->5591           | 2     | 0.9993       | 0.9987       | -0.0006   
6016->5874           | 2     | 0.9993       | 0.9984       | -0.0008   
6323->5702           | 2     | 0.9993       | 0.9984       | -0.0008   
5121->5816           | 2     | 0.9993       | 0.9991       | -0.0001   
5794->5029           | 2     | 0.9993       | 0.9759       | -0.0233   
6152->5844           | 2     | 0.9993       | 0.9812       | -0.0181   
5059->5060           | 2     | 0.9993       | 0.9985       | -0.0007   
5064->5810           | 2     | 0.9993       | 0.0767       | -0.9226   
5060->5061           | 2     | 0.9993       | 0.9985       | -0.0007   
5061->5548           | 2     | 0.9993       | 0.9985       | -0.0007   
5797->5980           | 2     | 0.9993       | 0.9989       | -0.0004   
6139->5696           | 2     | 0.9993       | 0.9989       | -0.0004   
7144->6795           | 2     | 0.9993       | 0.9990       | -0.0003   
7147->7581           | 2     | 0.9993       | 0.9988       | -0.0004   
7217->6860           | 2     | 0.9993       | 0.9990       | -0.0002   
6884->7535           | 2     | 0.9993       | 0.8438       | -0.1554   
6860->7153           | 2     | 0.9993       | 0.9990       | -0.0002   
5316->5675           | 2     | 0.9993       | 0.9987       | -0.0005   
7552->7651           | 2     | 0.9993       | 0.6689       | -0.3304   
7460->7073           | 2     | 0.9993       | 0.9990       | -0.0002   
7073->7211           | 2     | 0.9993       | 0.9990       | -0.0002   
7304->7513           | 2     | 0.9993       | 0.9976       | -0.0017   
7481->6811           | 2     | 0.9993       | 0.9989       | -0.0003   
7431->7522           | 2     | 0.9993       | 0.9983       | -0.0009   
6811->7525           | 2     | 0.9993       | 0.9989       | -0.0003   
7590->6846           | 2     | 0.9993       | 0.9990       | -0.0003   
6846->6845           | 2     | 0.9993       | 0.9990       | -0.0003   
6832->7425           | 2     | 0.9993       | 0.9965       | -0.0027   
6845->7621           | 2     | 0.9993       | 0.9990       | -0.0003   
7463->7322           | 2     | 0.9993       | 0.9983       | -0.0010   
7395->7670           | 2     | 0.9993       | 0.9986       | -0.0007   
7035->7826           | 2     | 0.9993       | 0.9941       | -0.0051   
7877->7990           | 2     | 0.9993       | 0.9990       | -0.0003   
7751->7015           | 2     | 0.9993       | 0.9977       | -0.0016   
7015->7014           | 2     | 0.9993       | 0.9977       | -0.0016   
7014->7833           | 2     | 0.9993       | 0.9977       | -0.0016   
7768->7906           | 2     | 0.9993       | 0.9989       | -0.0004   
7842->7700           | 2     | 0.9993       | 0.9923       | -0.0069   
7999->6950           | 2     | 0.9993       | 0.9944       | -0.0048   
6950->7754           | 2     | 0.9993       | 0.9944       | -0.0048   
7969->7045           | 2     | 0.9993       | 0.9986       | -0.0006   
7914->7854           | 2     | 0.9993       | 0.9989       | -0.0003   
7045->7044           | 2     | 0.9993       | 0.9986       | -0.0006   
6988->7866           | 2     | 0.9993       | 0.9709       | -0.0283   
6995->6996           | 2     | 0.9993       | 0.9991       | -0.0001   
7790->6970           | 2     | 0.9993       | 0.9987       | -0.0006   
6970->7817           | 2     | 0.9993       | 0.9987       | -0.0006   
--------------------------------------------------------------------------------
Mean |Deviation|: 0.0525
Max  |Deviation|: 0.9226
================================================================================

LEAF EDGES (n_consumers = 1): 778 edges
--------------------------------------------------------------------------------
These edges were NOT optimized. By definition:
  - Target simultaneity g(n) = 1.0
  - Achieved simultaneity = 1.0
  - Deviation = 0.0
================================================================================


================================================================================
DEVIATION ANALYSIS BY EDGE SIZE
================================================================================

Single consumer (not optimized):
  Count: 778
  Mean deviation: 0.0000
  Mean |deviation|: 0.0000
  Max |deviation|: 0.0000
  Std dev: 0.0000

Very small (2-10):
  Count: 353
  Mean deviation: -0.0352
  Mean |deviation|: 0.0353
  Max |deviation|: 0.9226
  Std dev: 0.0922

Small (11-50):
  Count: 266
  Mean deviation: -0.0735
  Mean |deviation|: 0.0749
  Max |deviation|: 0.3301
  Std dev: 0.0782

Medium (51-100):
  Count: 57
  Mean deviation: -0.0287
  Mean |deviation|: 0.0435
  Max |deviation|: 0.1458
  Std dev: 0.0404

Large (101-200):
  Count: 34
  Mean deviation: 0.0466
  Mean |deviation|: 0.0466
  Max |deviation|: 0.0734
  Std dev: 0.0169

Very large (201-500):
  Count: 54
  Mean deviation: 0.0514
  Mean |deviation|: 0.0514
  Max |deviation|: 0.0622
  Std dev: 0.0066

Huge (500+):
  Count: 52
  Mean deviation: 0.0689
  Mean |deviation|: 0.0689
  Max |deviation|: 0.1041
  Std dev: 0.0107

================================================================================

Network size range: 2 to 692 consumers
Using problem range: 40-60
Saved enhanced verification plot to output/comprehensive_analysis/demoVerbundnetz_SimulationNeu/steady_state_v1/verification_demoVerbundnetz_SimulationNeu_v1.png

Total execution time: 34.09 seconds
Results saved to: output/comprehensive_analysis/demoVerbundnetz_SimulationNeu/steady_state_v1

=== STDERR ===
