Loading network for case 'NetzHast' from data/test_scenarios/complex/NetzHast.vicus...
Loading VICUS file: data/test_scenarios/complex/NetzHast.vicus
Parsed Simultaneity Spline: 63 points.
data/test_scenarios/complex/NetzHast.vicus
Found peak day: day 24 (hours 552-575) with peak=7400.0000
Force-selected profile: Residential_SingleFamily_HeatingLoad.tsv (peak day extraction, resampled to 96 steps)
Peak day profile plot saved to output/peak_day_profile.png
Created 39 consumers and 93 relevant optimization edges.

--- Starting Optimization using Scheme 'v3' for NetzHast ---
Initial weighted error (using v3): 260.722016
Average target simultaneity: 0.9684
  Iter 0: Obj=260.723959 (Fit: 260.722016, Reg: 0.001943) | LR: 0.000041
  Iter 200: Obj=13.791408 (Fit: 13.667037, Reg: 0.124371) | LR: 0.000915
  Early stopping at iteration 282
Final Error: 13.468158

================================================================================
OPTIMIZATION RESULTS
================================================================================

OPTIMIZED EDGES (n_consumers > 1): 44 edges
--------------------------------------------------------------------------------
Edge ID              | n_e   | Target g(n)  | Achieved g   | Deviation 
--------------------------------------------------------------------------------
1566->1606           | 39    | 0.8016       | 0.8329       | 0.0313    
1606->1717           | 30    | 0.8560       | 0.8422       | -0.0138   
1717->1732           | 29    | 0.8623       | 0.8422       | -0.0201   
1732->1626           | 28    | 0.8686       | 0.8422       | -0.0264   
1626->1599           | 27    | 0.8749       | 0.8949       | 0.0200    
1599->1723           | 21    | 0.9128       | 0.9104       | -0.0025   
1723->1568           | 20    | 0.9190       | 0.9104       | -0.0086   
1568->1714           | 20    | 0.9190       | 0.9104       | -0.0086   
1714->1591           | 19    | 0.9251       | 0.9104       | -0.0148   
1591->1654           | 10    | 0.9740       | 0.9042       | -0.0698   
1606->1642           | 9     | 0.9783       | 0.8087       | -0.1696   
1591->1691           | 9     | 0.9783       | 0.9216       | -0.0568   
1654->1765           | 9     | 0.9783       | 0.9638       | -0.0145   
1642->1648           | 8     | 0.9824       | 0.9600       | -0.0224   
1691->1570           | 8     | 0.9824       | 0.9760       | -0.0064   
1765->1681           | 8     | 0.9824       | 0.9638       | -0.0186   
1570->1688           | 8     | 0.9824       | 0.9760       | -0.0064   
1648->1669           | 7     | 0.9862       | 0.9894       | 0.0032    
1681->1736           | 7     | 0.9862       | 0.9844       | -0.0018   
1688->1571           | 7     | 0.9862       | 0.9819       | -0.0043   
1571->1747           | 7     | 0.9862       | 0.9819       | -0.0043   
1669->1645           | 6     | 0.9896       | 0.9942       | 0.0046    
1599->1672           | 6     | 0.9896       | 0.8503       | -0.1393   
1736->1675           | 6     | 0.9896       | 0.9844       | -0.0052   
1747->1744           | 6     | 0.9896       | 0.9819       | -0.0077   
1645->1605           | 5     | 0.9927       | 0.9932       | 0.0005    
1672->1639           | 5     | 0.9927       | 0.9740       | -0.0186   
1675->1678           | 5     | 0.9927       | 0.9882       | -0.0045   
1744->1666           | 5     | 0.9927       | 0.9819       | -0.0108   
1605->1604           | 4     | 0.9953       | 0.9932       | -0.0021   
1604->1651           | 4     | 0.9953       | 0.9932       | -0.0021   
1639->1636           | 4     | 0.9953       | 0.9966       | 0.0013    
1678->1660           | 4     | 0.9953       | 0.9905       | -0.0049   
1666->1740           | 4     | 0.9953       | 0.9901       | -0.0052   
1651->1720           | 3     | 0.9975       | 0.9966       | -0.0009   
1636->1752           | 3     | 0.9975       | 0.9967       | -0.0008   
1660->1575           | 3     | 0.9975       | 0.9902       | -0.0074   
1575->1574           | 3     | 0.9975       | 0.9902       | -0.0074   
1740->1776           | 3     | 0.9975       | 0.9901       | -0.0074   
1574->1617           | 3     | 0.9975       | 0.9902       | -0.0074   
1720->1630           | 2     | 0.9993       | 0.9966       | -0.0026   
1752->1613           | 2     | 0.9993       | 0.9967       | -0.0025   
1776->1663           | 2     | 0.9993       | 0.9901       | -0.0091   
1617->1620           | 2     | 0.9993       | 0.9903       | -0.0089   
--------------------------------------------------------------------------------
Mean |Deviation|: 0.0178
Max  |Deviation|: 0.1696
================================================================================

LEAF EDGES (n_consumers = 1): 49 edges
--------------------------------------------------------------------------------
These edges were NOT optimized. By definition:
  - Target simultaneity g(n) = 1.0
  - Achieved simultaneity = 1.0
  - Deviation = 0.0
================================================================================


================================================================================
DEVIATION ANALYSIS BY EDGE SIZE
================================================================================

Single consumer (not optimized):
  Count: 49
  Mean deviation: 0.0000
  Mean |deviation|: 0.0000
  Max |deviation|: 0.0000
  Std dev: 0.0000

Very small (2-10):
  Count: 35
  Mean deviation: -0.0177
  Mean |deviation|: 0.0183
  Max |deviation|: 0.1696
  Std dev: 0.0374

Small (11-50):
  Count: 9
  Mean deviation: -0.0048
  Mean |deviation|: 0.0162
  Max |deviation|: 0.0313
  Std dev: 0.0188

================================================================================

Network size range: 2 to 39 consumers
Using problem range: 5-10
Saved enhanced verification plot to output/comprehensive_analysis/NetzHast/steady_state_v3/verification_NetzHast_v3.png

Total execution time: 1.12 seconds
Results saved to: output/comprehensive_analysis/NetzHast/steady_state_v3

=== STDERR ===
