Loading network for case 'demoVerbundnetz_SimulationNeu' from data/test_scenarios/complex/demoVerbundnetz_SimulationNeu.vicus...
Loading VICUS file: data/test_scenarios/complex/demoVerbundnetz_SimulationNeu.vicus
Parsed Simultaneity Spline: 63 points.
data/test_scenarios/complex/demoVerbundnetz_SimulationNeu.vicus
Found peak day: day 24 (hours 552-575) with peak=7400.0000
Force-selected profile: Residential_SingleFamily_HeatingLoad.tsv (peak day extraction, resampled to 96 steps)
Peak day profile plot saved to output/peak_day_profile.png
Created 692 consumers and 1594 relevant optimization edges.

--- Starting Optimization using Scheme 'v2' for demoVerbundnetz_SimulationNeu ---
Initial weighted error (using v2): 401670.212063
Regularization target: 1.0000
  Iter 0: Obj=401670.212063 (Fit: 401670.212063, Reg: 0.000000) | LR: 0.000006
  Iter 200: Obj=4859.068486 (Fit: 4856.989806, Reg: 2.078680) | LR: 0.000117
  Iter 400: Obj=4629.999841 (Fit: 4627.635862, Reg: 2.363978) | LR: 0.000107
  Iter 600: Obj=4568.813623 (Fit: 4566.292614, Reg: 2.521009) | LR: 0.000104
  Iter 800: Obj=4551.888702 (Fit: 4549.296714, Reg: 2.591988) | LR: 0.000102
  Iter 1000: Obj=4532.897263 (Fit: 4530.253578, Reg: 2.643685) | LR: 0.000102
  Iter 1200: Obj=4520.716382 (Fit: 4518.032657, Reg: 2.683725) | LR: 0.000102
  Iter 1400: Obj=4504.397346 (Fit: 4501.683020, Reg: 2.714326) | LR: 0.000103
  Early stopping at iteration 1420
Final Error: 4458.305152

================================================================================
OPTIMIZATION RESULTS
================================================================================

OPTIMIZED EDGES (n_consumers > 1): 816 edges
--------------------------------------------------------------------------------
Edge ID              | n_e   | Target g(n)  | Achieved g   | Deviation 
--------------------------------------------------------------------------------
5266->5289           | 692   | 0.4759       | 0.5223       | 0.0465    
5289->5290           | 692   | 0.4759       | 0.5223       | 0.0465    
5290->7114           | 692   | 0.4759       | 0.5223       | 0.0465    
7114->5291           | 680   | 0.4759       | 0.5058       | 0.0299    
5291->5292           | 680   | 0.4759       | 0.5058       | 0.0299    
5292->7137           | 680   | 0.4759       | 0.5058       | 0.0299    
7137->7117           | 677   | 0.4759       | 0.5142       | 0.0383    
7117->5293           | 670   | 0.4759       | 0.5100       | 0.0341    
5293->5302           | 670   | 0.4759       | 0.5100       | 0.0341    
5302->4858           | 669   | 0.4759       | 0.5108       | 0.0350    
4858->5791           | 669   | 0.4759       | 0.5108       | 0.0350    
5791->5652           | 668   | 0.4759       | 0.5108       | 0.0350    
5652->5457           | 667   | 0.4759       | 0.5109       | 0.0350    
5457->4859           | 666   | 0.4759       | 0.5109       | 0.0351    
4859->4860           | 666   | 0.4759       | 0.5109       | 0.0351    
4860->4861           | 666   | 0.4759       | 0.5109       | 0.0351    
4861->5328           | 665   | 0.4759       | 0.5112       | 0.0354    
5328->4862           | 664   | 0.4759       | 0.5114       | 0.0356    
4862->5514           | 664   | 0.4759       | 0.5114       | 0.0356    
5514->5672           | 663   | 0.4759       | 0.5117       | 0.0358    
5672->4863           | 662   | 0.4759       | 0.5119       | 0.0361    
4863->5772           | 661   | 0.4759       | 0.5122       | 0.0363    
5772->6109           | 660   | 0.4759       | 0.5125       | 0.0366    
6109->6241           | 659   | 0.4759       | 0.5127       | 0.0369    
6241->4864           | 658   | 0.4759       | 0.5130       | 0.0371    
4864->6234           | 658   | 0.4759       | 0.5130       | 0.0371    
6234->5581           | 657   | 0.4759       | 0.5133       | 0.0374    
5581->6188           | 656   | 0.4759       | 0.5136       | 0.0377    
6188->6316           | 655   | 0.4759       | 0.5139       | 0.0381    
6316->5603           | 654   | 0.4759       | 0.5143       | 0.0384    
5603->5986           | 653   | 0.4759       | 0.5147       | 0.0388    
5986->5947           | 652   | 0.4759       | 0.5150       | 0.0391    
5947->4865           | 651   | 0.4759       | 0.5153       | 0.0394    
4865->4919           | 650   | 0.4759       | 0.5155       | 0.0397    
4919->5334           | 545   | 0.4759       | 0.4974       | 0.0215    
5334->5392           | 544   | 0.4759       | 0.4976       | 0.0217    
5392->5859           | 543   | 0.4759       | 0.4980       | 0.0222    
5859->5681           | 542   | 0.4759       | 0.4985       | 0.0226    
5681->4905           | 541   | 0.4759       | 0.4989       | 0.0231    
4905->5678           | 523   | 0.4759       | 0.4967       | 0.0208    
5678->4866           | 522   | 0.4759       | 0.4969       | 0.0210    
4866->4941           | 522   | 0.4759       | 0.4969       | 0.0210    
4941->6228           | 509   | 0.4759       | 0.4928       | 0.0169    
6228->4928           | 508   | 0.4759       | 0.4933       | 0.0174    
4928->5724           | 508   | 0.4759       | 0.4933       | 0.0174    
5724->6332           | 507   | 0.4759       | 0.4935       | 0.0177    
6332->5445           | 506   | 0.4759       | 0.4937       | 0.0179    
5445->5418           | 505   | 0.4759       | 0.4940       | 0.0181    
5418->4929           | 504   | 0.4759       | 0.4942       | 0.0183    
4929->4930           | 504   | 0.4759       | 0.4942       | 0.0183    
4930->4988           | 504   | 0.4759       | 0.4942       | 0.0183    
4988->5005           | 504   | 0.4759       | 0.4942       | 0.0183    
5005->5766           | 488   | 0.4759       | 0.4914       | 0.0156    
5766->5639           | 487   | 0.4759       | 0.4919       | 0.0161    
5639->6158           | 486   | 0.4759       | 0.4962       | 0.0204    
6158->4964           | 485   | 0.4759       | 0.4967       | 0.0209    
4964->5636           | 403   | 0.4759       | 0.4736       | -0.0023   
5636->6278           | 402   | 0.4759       | 0.4744       | -0.0015   
6278->5962           | 401   | 0.4759       | 0.4750       | -0.0009   
5962->5705           | 400   | 0.4759       | 0.4755       | -0.0003   
5705->5883           | 399   | 0.4759       | 0.4764       | 0.0005    
5883->6067           | 398   | 0.4759       | 0.4769       | 0.0010    
6067->5856           | 397   | 0.4759       | 0.4776       | 0.0017    
5856->5968           | 396   | 0.4759       | 0.4784       | 0.0025    
5968->6326           | 395   | 0.4759       | 0.4789       | 0.0031    
6326->5554           | 394   | 0.4759       | 0.4794       | 0.0036    
5554->6047           | 393   | 0.4759       | 0.4797       | 0.0039    
6047->5718           | 392   | 0.4759       | 0.4800       | 0.0042    
5718->5633           | 391   | 0.4759       | 0.4804       | 0.0045    
5633->5545           | 390   | 0.4759       | 0.4810       | 0.0051    
5545->5310           | 389   | 0.4759       | 0.4815       | 0.0056    
5310->6329           | 388   | 0.4759       | 0.4828       | 0.0069    
6329->5557           | 387   | 0.4759       | 0.4833       | 0.0075    
5557->6112           | 385   | 0.4759       | 0.4858       | 0.0099    
6112->6058           | 384   | 0.4759       | 0.4862       | 0.0103    
6058->4963           | 383   | 0.4759       | 0.4872       | 0.0114    
4963->6263           | 346   | 0.4759       | 0.4785       | 0.0026    
6263->5551           | 345   | 0.4759       | 0.4792       | 0.0034    
5551->5977           | 344   | 0.4759       | 0.4804       | 0.0045    
5977->5690           | 343   | 0.4759       | 0.4811       | 0.0052    
5690->5034           | 342   | 0.4759       | 0.4820       | 0.0061    
5034->5832           | 338   | 0.4759       | 0.4854       | 0.0095    
5832->6167           | 337   | 0.4759       | 0.4864       | 0.0105    
6167->5898           | 336   | 0.4759       | 0.4879       | 0.0120    
5898->5928           | 335   | 0.4759       | 0.4903       | 0.0145    
5928->6247           | 334   | 0.4759       | 0.4910       | 0.0151    
6247->5033           | 333   | 0.4759       | 0.4919       | 0.0160    
5033->6143           | 332   | 0.4759       | 0.4928       | 0.0170    
6143->6301           | 331   | 0.4759       | 0.4943       | 0.0184    
6301->5032           | 330   | 0.4759       | 0.4951       | 0.0192    
5032->5031           | 329   | 0.4759       | 0.4963       | 0.0204    
5031->5178           | 329   | 0.4759       | 0.4963       | 0.0204    
5178->5066           | 329   | 0.4759       | 0.4963       | 0.0204    
5066->5065           | 324   | 0.4759       | 0.5000       | 0.0241    
5065->5901           | 324   | 0.4759       | 0.5000       | 0.0241    
5901->6070           | 323   | 0.4759       | 0.5025       | 0.0267    
6070->5880           | 322   | 0.4759       | 0.5031       | 0.0272    
5880->5064           | 321   | 0.4759       | 0.5036       | 0.0277    
5064->6082           | 314   | 0.4759       | 0.5096       | 0.0338    
6082->5231           | 313   | 0.4759       | 0.5104       | 0.0345    
5231->5232           | 313   | 0.4759       | 0.5104       | 0.0345    
5232->5233           | 313   | 0.4759       | 0.5104       | 0.0345    
5233->5234           | 313   | 0.4759       | 0.5104       | 0.0345    
5234->7494           | 250   | 0.4842       | 0.5020       | 0.0178    
7494->5361           | 249   | 0.4844       | 0.5048       | 0.0204    
5361->5235           | 248   | 0.4846       | 0.5077       | 0.0230    
5235->5373           | 199   | 0.4997       | 0.4920       | -0.0077   
5373->5600           | 198   | 0.5001       | 0.4988       | -0.0013   
5600->6284           | 197   | 0.5005       | 0.5013       | 0.0007    
6284->5819           | 196   | 0.5009       | 0.5036       | 0.0027    
5819->5236           | 195   | 0.5014       | 0.5060       | 0.0046    
5236->5262           | 195   | 0.5014       | 0.5060       | 0.0046    
5262->5257           | 165   | 0.5169       | 0.4867       | -0.0302   
5257->6296           | 165   | 0.5169       | 0.4867       | -0.0302   
6296->6338           | 164   | 0.5175       | 0.4896       | -0.0280   
6338->5853           | 163   | 0.5182       | 0.4931       | -0.0250   
5853->5974           | 162   | 0.5188       | 0.4976       | -0.0212   
5974->7441           | 161   | 0.5195       | 0.5032       | -0.0163   
7441->7386           | 160   | 0.5202       | 0.5066       | -0.0136   
7386->7285           | 159   | 0.5209       | 0.5099       | -0.0109   
7285->7370           | 158   | 0.5215       | 0.5154       | -0.0062   
7370->6777           | 157   | 0.5222       | 0.5244       | 0.0022    
6777->7545           | 157   | 0.5222       | 0.5244       | 0.0022    
7545->7434           | 156   | 0.5230       | 0.5289       | 0.0059    
7434->7611           | 155   | 0.5237       | 0.5345       | 0.0109    
7611->6776           | 154   | 0.5244       | 0.5413       | 0.0168    
6776->6758           | 139   | 0.5369       | 0.5416       | 0.0048    
6758->7343           | 136   | 0.5397       | 0.5509       | 0.0111    
7343->7578           | 135   | 0.5407       | 0.5603       | 0.0195    
7578->7273           | 134   | 0.5417       | 0.5651       | 0.0233    
7273->7176           | 133   | 0.5427       | 0.5705       | 0.0278    
7176->6757           | 132   | 0.5438       | 0.5743       | 0.0305    
6757->6889           | 124   | 0.5527       | 0.5960       | 0.0433    
6889->6890           | 124   | 0.5527       | 0.5960       | 0.0433    
4919->6115           | 105   | 0.5795       | 0.6417       | 0.0622    
6115->4892           | 104   | 0.5812       | 0.6444       | 0.0632    
4892->5355           | 104   | 0.5812       | 0.6444       | 0.0632    
5355->6127           | 103   | 0.5829       | 0.6478       | 0.0649    
6127->5847           | 102   | 0.5847       | 0.6504       | 0.0658    
5847->6250           | 101   | 0.5864       | 0.6531       | 0.0667    
6250->6085           | 100   | 0.5882       | 0.6555       | 0.0672    
6085->5645           | 99    | 0.5901       | 0.6582       | 0.0681    
5645->6275           | 98    | 0.5920       | 0.6605       | 0.0686    
6275->5868           | 97    | 0.5939       | 0.6643       | 0.0704    
5868->4891           | 96    | 0.5958       | 0.6668       | 0.0709    
4891->4954           | 91    | 0.6062       | 0.6845       | 0.0783    
4954->4983           | 91    | 0.6062       | 0.6845       | 0.0783    
4964->5895           | 82    | 0.6276       | 0.6180       | -0.0096   
5895->6293           | 81    | 0.6302       | 0.6240       | -0.0062   
6293->5712           | 80    | 0.6328       | 0.6298       | -0.0031   
5712->5813           | 79    | 0.6356       | 0.6365       | 0.0010    
5813->5800           | 78    | 0.6383       | 0.6434       | 0.0050    
5800->5612           | 77    | 0.6412       | 0.6461       | 0.0049    
5612->5098           | 76    | 0.6441       | 0.6505       | 0.0064    
5098->6197           | 76    | 0.6441       | 0.6505       | 0.0064    
6197->5097           | 75    | 0.6470       | 0.6543       | 0.0073    
6890->7706           | 74    | 0.6500       | 0.6219       | -0.0281   
7706->7765           | 72    | 0.6562       | 0.6382       | -0.0180   
7765->7954           | 71    | 0.6594       | 0.6392       | -0.0202   
7954->6891           | 70    | 0.6627       | 0.6429       | -0.0198   
4983->4955           | 69    | 0.6660       | 0.6948       | 0.0289    
4955->4956           | 69    | 0.6660       | 0.6948       | 0.0289    
4956->4957           | 69    | 0.6660       | 0.6948       | 0.0289    
4957->5925           | 69    | 0.6660       | 0.6948       | 0.0289    
5925->4958           | 68    | 0.6694       | 0.6993       | 0.0299    
4958->6344           | 68    | 0.6694       | 0.6993       | 0.0299    
6344->4959           | 67    | 0.6728       | 0.7041       | 0.0312    
4959->6013           | 67    | 0.6728       | 0.7041       | 0.0312    
6013->5395           | 66    | 0.6764       | 0.7089       | 0.0325    
5395->5383           | 65    | 0.6800       | 0.7253       | 0.0454    
5383->6133           | 63    | 0.6874       | 0.7329       | 0.0455    
5234->7310           | 63    | 0.6874       | 0.5626       | -0.1248   
6133->5487           | 62    | 0.6912       | 0.7374       | 0.0462    
5487->5404           | 61    | 0.6951       | 0.7470       | 0.0519    
7310->7266           | 61    | 0.6951       | 0.6180       | -0.0771   
5404->4960           | 60    | 0.6991       | 0.7516       | 0.0525    
4960->5343           | 60    | 0.6991       | 0.7516       | 0.0525    
7266->7352           | 60    | 0.6991       | 0.6386       | -0.0605   
5343->5737           | 59    | 0.7031       | 0.7567       | 0.0536    
5097->5111           | 59    | 0.7031       | 0.6641       | -0.0390   
5111->5112           | 59    | 0.7031       | 0.6641       | -0.0390   
5112->5782           | 59    | 0.7031       | 0.6641       | -0.0390   
7352->7251           | 59    | 0.7031       | 0.6680       | -0.0351   
5737->6040           | 58    | 0.7073       | 0.7821       | 0.0748    
5782->5642           | 58    | 0.7073       | 0.6709       | -0.0364   
7251->7166           | 58    | 0.7073       | 0.6728       | -0.0345   
6040->6253           | 57    | 0.7115       | 0.7887       | 0.0772    
7166->7478           | 57    | 0.7115       | 0.6805       | -0.0310   
6253->4961           | 56    | 0.7158       | 0.7923       | 0.0766    
5642->6170           | 56    | 0.7158       | 0.6831       | -0.0326   
7478->7466           | 56    | 0.7158       | 0.6853       | -0.0304   
6170->5460           | 55    | 0.7201       | 0.6902       | -0.0300   
7466->6794           | 55    | 0.7201       | 0.6892       | -0.0309   
6794->6827           | 55    | 0.7201       | 0.6892       | -0.0309   
5460->6064           | 54    | 0.7246       | 0.6999       | -0.0247   
6064->5113           | 53    | 0.7291       | 0.7229       | -0.0063   
5113->5154           | 53    | 0.7291       | 0.7229       | -0.0063   
5235->7156           | 49    | 0.7481       | 0.5674       | -0.1807   
6827->7422           | 49    | 0.7481       | 0.7378       | -0.0104   
7156->7488           | 48    | 0.7531       | 0.5859       | -0.1672   
7488->7201           | 47    | 0.7582       | 0.6013       | -0.1569   
7422->7226           | 47    | 0.7582       | 0.7497       | -0.0085   
7201->7636           | 46    | 0.7633       | 0.6206       | -0.1427   
7226->6806           | 46    | 0.7633       | 0.7564       | -0.0069   
6806->7575           | 46    | 0.7633       | 0.7564       | -0.0069   
7636->7179           | 45    | 0.7685       | 0.6481       | -0.1204   
7575->7401           | 45    | 0.7685       | 0.7563       | -0.0123   
7179->7282           | 44    | 0.7738       | 0.6713       | -0.1026   
7401->7584           | 44    | 0.7738       | 0.7872       | 0.0134    
7282->7288           | 43    | 0.7792       | 0.6952       | -0.0840   
7584->7316           | 43    | 0.7792       | 0.7937       | 0.0145    
7288->7497           | 42    | 0.7847       | 0.7306       | -0.0541   
7497->7507           | 41    | 0.7903       | 0.7504       | -0.0398   
7316->7205           | 41    | 0.7903       | 0.7977       | 0.0075    
7507->6881           | 40    | 0.7959       | 0.7708       | -0.0251   
7205->6807           | 40    | 0.7959       | 0.8056       | 0.0097    
6807->6884           | 39    | 0.8016       | 0.8359       | 0.0343    
6891->7896           | 37    | 0.8132       | 0.6557       | -0.1576   
7896->6892           | 36    | 0.8192       | 0.6647       | -0.1545   
6892->6893           | 36    | 0.8192       | 0.6647       | -0.1545   
6893->7966           | 35    | 0.8252       | 0.6758       | -0.1494   
4963->5401           | 34    | 0.8312       | 0.7133       | -0.1179   
7966->6894           | 34    | 0.8312       | 0.6877       | -0.1436   
6894->8005           | 34    | 0.8312       | 0.6877       | -0.1436   
5401->5566           | 33    | 0.8374       | 0.7379       | -0.0995   
6881->6784           | 33    | 0.8374       | 0.8135       | -0.0239   
6891->7775           | 33    | 0.8374       | 0.6248       | -0.2126   
8005->6895           | 33    | 0.8374       | 0.7329       | -0.1044   
6895->6896           | 33    | 0.8374       | 0.7329       | -0.1044   
6896->6897           | 33    | 0.8374       | 0.7329       | -0.1044   
6897->7009           | 33    | 0.8374       | 0.7329       | -0.1044   
5566->5989           | 32    | 0.8435       | 0.7562       | -0.0873   
7775->7709           | 32    | 0.8435       | 0.6399       | -0.2037   
7009->6898           | 32    | 0.8435       | 0.7743       | -0.0692   
4961->5995           | 31    | 0.8497       | 0.7569       | -0.0928   
5989->5194           | 31    | 0.8497       | 0.7842       | -0.0656   
7709->8002           | 31    | 0.8497       | 0.6565       | -0.1932   
5995->5322           | 30    | 0.8560       | 0.7750       | -0.0810   
5262->6287           | 30    | 0.8560       | 0.5935       | -0.2625   
8002->6933           | 30    | 0.8560       | 0.6676       | -0.1884   
6933->7926           | 30    | 0.8560       | 0.6676       | -0.1884   
5322->5325           | 29    | 0.8623       | 0.7933       | -0.0690   
6287->5454           | 29    | 0.8623       | 0.6091       | -0.2532   
6784->7593           | 29    | 0.8623       | 0.8317       | -0.0306   
7926->7038           | 29    | 0.8623       | 0.7031       | -0.1592   
5325->6118           | 28    | 0.8686       | 0.8080       | -0.0606   
5154->5807           | 28    | 0.8686       | 0.7087       | -0.1599   
5454->5666           | 28    | 0.8686       | 0.6254       | -0.2432   
7593->7605           | 28    | 0.8686       | 0.8657       | -0.0029   
6898->7845           | 28    | 0.8686       | 0.7679       | -0.1007   
6118->4962           | 27    | 0.8749       | 0.8237       | -0.0512   
4962->5496           | 27    | 0.8749       | 0.8237       | -0.0512   
5807->5841           | 27    | 0.8749       | 0.7848       | -0.0902   
5666->5237           | 27    | 0.8749       | 0.6549       | -0.2200   
5237->5502           | 27    | 0.8749       | 0.6549       | -0.2200   
7605->7182           | 27    | 0.8749       | 0.8814       | 0.0064    
7845->7830           | 27    | 0.8749       | 0.8376       | -0.0374   
5496->5788           | 26    | 0.8813       | 0.8482       | -0.0331   
5841->6335           | 26    | 0.8813       | 0.8224       | -0.0589   
5502->5238           | 26    | 0.8813       | 0.6821       | -0.1992   
5238->5239           | 26    | 0.8813       | 0.6821       | -0.1992   
5239->5240           | 26    | 0.8813       | 0.6821       | -0.1992   
7182->7548           | 26    | 0.8813       | 0.8812       | -0.0001   
7830->7960           | 26    | 0.8813       | 0.8513       | -0.0300   
4961->5594           | 25    | 0.8876       | 0.8143       | -0.0734   
5788->5569           | 25    | 0.8876       | 0.8698       | -0.0178   
5154->5421           | 25    | 0.8876       | 0.7486       | -0.1390   
6335->5526           | 25    | 0.8876       | 0.8264       | -0.0612   
7548->7270           | 25    | 0.8876       | 0.8840       | -0.0036   
6890->7055           | 25    | 0.8876       | 0.6586       | -0.2291   
6890->7745           | 25    | 0.8876       | 0.4996       | -0.3880   
7055->7739           | 25    | 0.8876       | 0.6586       | -0.2291   
7960->7787           | 25    | 0.8876       | 0.8617       | -0.0259   
5594->5508           | 24    | 0.8940       | 0.8246       | -0.0693   
5569->5216           | 24    | 0.8940       | 0.8891       | -0.0049   
5421->5693           | 24    | 0.8940       | 0.7803       | -0.1137   
5526->5469           | 24    | 0.8940       | 0.8348       | -0.0592   
7270->7419           | 24    | 0.8940       | 0.9043       | 0.0103    
7745->7851           | 24    | 0.8940       | 0.5256       | -0.3684   
7739->7688           | 24    | 0.8940       | 0.6793       | -0.2147   
7787->7781           | 24    | 0.8940       | 0.8632       | -0.0308   
5508->6001           | 23    | 0.9003       | 0.8314       | -0.0689   
5693->5877           | 23    | 0.9003       | 0.8326       | -0.0677   
5469->5114           | 23    | 0.9003       | 0.8653       | -0.0350   
7419->7189           | 23    | 0.9003       | 0.9065       | 0.0062    
7851->7757           | 23    | 0.9003       | 0.5359       | -0.3644   
7688->7056           | 23    | 0.9003       | 0.6970       | -0.2033   
7781->7784           | 23    | 0.9003       | 0.8835       | -0.0168   
4983->5835           | 22    | 0.9066       | 0.6167       | -0.2899   
6001->5389           | 22    | 0.9066       | 0.8427       | -0.0639   
5877->5358           | 22    | 0.9066       | 0.8786       | -0.0280   
7189->7555           | 22    | 0.9066       | 0.9065       | -0.0001   
7757->6917           | 22    | 0.9066       | 0.6197       | -0.2869   
7056->7771           | 22    | 0.9066       | 0.7219       | -0.1846   
6917->7823           | 22    | 0.9066       | 0.6197       | -0.2869   
7784->6899           | 22    | 0.9066       | 0.9252       | 0.0186    
6899->6960           | 22    | 0.9066       | 0.9252       | 0.0186    
5835->5016           | 21    | 0.9128       | 0.6421       | -0.2708   
5389->5021           | 21    | 0.9128       | 0.8579       | -0.0550   
5021->6124           | 21    | 0.9128       | 0.8579       | -0.0550   
5358->5886           | 21    | 0.9128       | 0.9147       | 0.0019    
6884->6861           | 21    | 0.9128       | 0.8551       | -0.0577   
6861->7666           | 21    | 0.9128       | 0.8551       | -0.0577   
7555->7170           | 21    | 0.9128       | 0.9076       | -0.0052   
7771->7057           | 21    | 0.9128       | 0.7531       | -0.1598   
7823->7911           | 21    | 0.9128       | 0.6358       | -0.2770   
6124->5022           | 20    | 0.9190       | 0.8692       | -0.0498   
5022->5319           | 20    | 0.9190       | 0.8692       | -0.0498   
5886->5127           | 20    | 0.9190       | 0.9438       | 0.0248    
5114->5115           | 20    | 0.9190       | 0.9132       | -0.0058   
5115->6266           | 20    | 0.9190       | 0.9132       | -0.0058   
7666->7349           | 20    | 0.9190       | 0.9069       | -0.0121   
7170->7331           | 20    | 0.9190       | 0.9080       | -0.0110   
7057->7058           | 20    | 0.9190       | 0.7818       | -0.1372   
7911->7691           | 20    | 0.9190       | 0.6548       | -0.2642   
7058->7920           | 20    | 0.9190       | 0.7818       | -0.1372   
5016->5523           | 19    | 0.9251       | 0.7470       | -0.1781   
5319->6055           | 19    | 0.9251       | 0.8873       | -0.0378   
5216->6281           | 19    | 0.9251       | 0.9109       | -0.0142   
5194->5053           | 19    | 0.9251       | 0.8320       | -0.0931   
5053->5935           | 19    | 0.9251       | 0.8320       | -0.0931   
6266->6149           | 19    | 0.9251       | 0.9226       | -0.0025   
7349->7676           | 19    | 0.9251       | 0.9327       | 0.0076    
7331->7361           | 19    | 0.9251       | 0.9247       | -0.0004   
7691->6918           | 19    | 0.9251       | 0.6912       | -0.2340   
7920->7984           | 19    | 0.9251       | 0.8151       | -0.1100   
5523->5618           | 18    | 0.9311       | 0.8063       | -0.1248   
6055->5411           | 18    | 0.9311       | 0.8984       | -0.0328   
6281->6194           | 18    | 0.9311       | 0.9156       | -0.0155   
5935->5715           | 18    | 0.9311       | 0.8810       | -0.0502   
6149->5828           | 18    | 0.9311       | 0.9266       | -0.0045   
7676->6862           | 18    | 0.9311       | 0.9349       | 0.0038    
6862->7596           | 18    | 0.9311       | 0.9349       | 0.0038    
7361->7654           | 18    | 0.9311       | 0.9408       | 0.0097    
6918->7863           | 18    | 0.9311       | 0.7329       | -0.1982   
7984->7880           | 18    | 0.9311       | 0.8734       | -0.0578   
6960->6947           | 18    | 0.9311       | 0.9307       | -0.0004   
6947->6948           | 18    | 0.9311       | 0.9307       | -0.0004   
6948->6949           | 18    | 0.9311       | 0.9307       | -0.0004   
5618->4993           | 17    | 0.9370       | 0.8795       | -0.0575   
4993->5621           | 17    | 0.9370       | 0.8795       | -0.0575   
5411->6164           | 17    | 0.9370       | 0.9199       | -0.0171   
6194->5205           | 17    | 0.9370       | 0.9633       | 0.0262    
5205->6290           | 17    | 0.9370       | 0.9633       | 0.0262    
5828->5116           | 17    | 0.9370       | 0.9369       | -0.0001   
5116->6037           | 17    | 0.9370       | 0.9369       | -0.0001   
5240->6748           | 17    | 0.9370       | 0.7704       | -0.1666   
7596->7472           | 17    | 0.9370       | 0.9342       | -0.0028   
7654->7244           | 17    | 0.9370       | 0.9407       | 0.0037    
7863->7733           | 17    | 0.9370       | 0.7577       | -0.1794   
7880->7778           | 17    | 0.9370       | 0.8937       | -0.0434   
7038->6934           | 17    | 0.9370       | 0.8563       | -0.0808   
6934->7820           | 17    | 0.9370       | 0.8563       | -0.0808   
5005->4989           | 16    | 0.9428       | 0.6988       | -0.2441   
5621->5575           | 16    | 0.9428       | 0.9149       | -0.0280   
5097->5096           | 16    | 0.9428       | 0.6166       | -0.3262   
5096->5095           | 16    | 0.9428       | 0.6166       | -0.3262   
5095->5913           | 16    | 0.9428       | 0.6166       | -0.3262   
6164->5023           | 16    | 0.9428       | 0.9516       | 0.0088    
5023->5648           | 16    | 0.9428       | 0.9516       | 0.0088    
6290->5916           | 16    | 0.9428       | 0.9654       | 0.0226    
5715->5708           | 16    | 0.9428       | 0.9322       | -0.0107   
6037->5117           | 16    | 0.9428       | 0.9432       | 0.0003    
5117->5352           | 16    | 0.9428       | 0.9432       | 0.0003    
6884->6808           | 16    | 0.9428       | 0.8880       | -0.0549   
6808->7295           | 16    | 0.9428       | 0.8880       | -0.0549   
7472->7562           | 16    | 0.9428       | 0.9466       | 0.0037    
7244->7238           | 16    | 0.9428       | 0.9405       | -0.0023   
7733->7814           | 16    | 0.9428       | 0.8143       | -0.1285   
7778->7799           | 16    | 0.9428       | 0.9250       | -0.0178   
7820->7951           | 16    | 0.9428       | 0.8742       | -0.0687   
4989->5539           | 15    | 0.9485       | 0.7674       | -0.1811   
5575->5998           | 15    | 0.9485       | 0.9380       | -0.0105   
5913->5475           | 15    | 0.9485       | 0.6736       | -0.2748   
5648->5763           | 15    | 0.9485       | 0.9546       | 0.0062    
5127->6181           | 15    | 0.9485       | 0.9385       | -0.0100   
5916->5862           | 15    | 0.9485       | 0.9656       | 0.0171    
5708->5563           | 15    | 0.9485       | 0.9393       | -0.0091   
5352->5727           | 15    | 0.9485       | 0.9446       | -0.0039   
7295->7428           | 15    | 0.9485       | 0.8963       | -0.0521   
6776->6834           | 15    | 0.9485       | 0.5375       | -0.4110   
6834->6833           | 15    | 0.9485       | 0.5375       | -0.4110   
6833->7232           | 15    | 0.9485       | 0.5375       | -0.4110   
7562->7407           | 15    | 0.9485       | 0.9538       | 0.0053    
7238->7438           | 15    | 0.9485       | 0.9407       | -0.0078   
7814->6919           | 15    | 0.9485       | 0.9460       | -0.0025   
7799->7742           | 15    | 0.9485       | 0.9358       | -0.0127   
6919->7860           | 15    | 0.9485       | 0.9460       | -0.0025   
7951->7883           | 15    | 0.9485       | 0.8799       | -0.0686   
6949->6965           | 15    | 0.9485       | 0.9395       | -0.0090   
6965->7874           | 15    | 0.9485       | 0.9395       | -0.0090   
5539->5769           | 14    | 0.9540       | 0.8184       | -0.1355   
5998->5687           | 14    | 0.9540       | 0.9532       | -0.0008   
5475->5386           | 14    | 0.9540       | 0.7676       | -0.1864   
5763->5584           | 14    | 0.9540       | 0.9652       | 0.0112    
6181->6313           | 14    | 0.9540       | 0.9463       | -0.0076   
5862->5204           | 14    | 0.9540       | 0.9725       | 0.0185    
5563->5054           | 14    | 0.9540       | 0.9543       | 0.0003    
5054->5660           | 14    | 0.9540       | 0.9543       | 0.0003    
5727->5983           | 14    | 0.9540       | 0.9456       | -0.0083   
7428->7392           | 14    | 0.9540       | 0.9201       | -0.0339   
7232->7531           | 14    | 0.9540       | 0.5922       | -0.3617   
7407->6863           | 14    | 0.9540       | 0.9554       | 0.0015    
7438->7679           | 14    | 0.9540       | 0.9516       | -0.0024   
7742->7727           | 14    | 0.9540       | 0.9413       | -0.0126   
7860->7035           | 14    | 0.9540       | 0.9642       | 0.0102    
7883->6935           | 14    | 0.9540       | 0.8972       | -0.0568   
6935->7694           | 14    | 0.9540       | 0.8972       | -0.0568   
7874->7810           | 14    | 0.9540       | 0.9427       | -0.0113   
4941->4927           | 13    | 0.9593       | 0.7433       | -0.2160   
4927->5734           | 13    | 0.9593       | 0.7433       | -0.2160   
5769->5424           | 13    | 0.9593       | 0.8681       | -0.0912   
5687->5663           | 13    | 0.9593       | 0.9646       | 0.0053    
5386->6052           | 13    | 0.9593       | 0.8625       | -0.0967   
5584->5889           | 13    | 0.9593       | 1.0000       | 0.0407    
6313->5505           | 13    | 0.9593       | 0.9578       | -0.0015   
5204->5499           | 13    | 0.9593       | 0.9725       | 0.0132    
5660->6244           | 13    | 0.9593       | 0.9623       | 0.0030    
5983->5118           | 13    | 0.9593       | 0.9611       | 0.0018    
5118->5655           | 13    | 0.9593       | 0.9611       | 0.0018    
7392->6809           | 13    | 0.9593       | 0.9470       | -0.0123   
6809->7413           | 13    | 0.9593       | 0.9470       | -0.0123   
7531->7491           | 13    | 0.9593       | 0.6566       | -0.3027   
6863->7448           | 13    | 0.9593       | 0.9569       | -0.0024   
7679->7454           | 13    | 0.9593       | 0.9598       | 0.0005    
7694->7957           | 13    | 0.9593       | 0.9414       | -0.0179   
7810->6966           | 13    | 0.9593       | 0.9670       | 0.0077    
6966->7917           | 13    | 0.9593       | 0.9670       | 0.0077    
7114->7107           | 12    | 0.9644       | 0.7363       | -0.2281   
7107->7503           | 12    | 0.9644       | 0.7363       | -0.2281   
5734->5932           | 12    | 0.9644       | 0.7938       | -0.1707   
5663->5944           | 12    | 0.9644       | 0.9723       | 0.0078    
6052->5669           | 12    | 0.9644       | 0.9315       | -0.0329   
5889->5284           | 12    | 0.9644       | 1.0000       | 0.0356    
5505->5126           | 12    | 0.9644       | 0.9642       | -0.0002   
5126->5125           | 12    | 0.9644       | 0.9642       | -0.0002   
6244->5597           | 12    | 0.9644       | 0.9735       | 0.0091    
5655->5959           | 12    | 0.9644       | 0.9668       | 0.0024    
7491->7568           | 12    | 0.9644       | 0.7612       | -0.2032   
7448->6864           | 12    | 0.9644       | 0.9611       | -0.0033   
6864->7248           | 12    | 0.9644       | 0.9611       | -0.0033   
7454->7599           | 12    | 0.9644       | 0.9733       | 0.0089    
7727->7685           | 12    | 0.9644       | 0.9644       | 0.0000    
7957->7870           | 12    | 0.9644       | 0.9680       | 0.0036    
7917->7002           | 12    | 0.9644       | 0.9680       | 0.0036    
7503->7374           | 11    | 0.9693       | 0.8333       | -0.1360   
5932->5746           | 11    | 0.9693       | 0.8217       | -0.1476   
5424->6238           | 11    | 0.9693       | 0.9426       | -0.0267   
5944->5779           | 11    | 0.9693       | 0.9785       | 0.0092    
5669->5376           | 11    | 0.9693       | 0.9712       | 0.0019    
5284->5408           | 11    | 0.9693       | 1.0000       | 0.0307    
5499->5953           | 11    | 0.9693       | 0.9859       | 0.0166    
5125->6130           | 11    | 0.9693       | 0.9724       | 0.0031    
5597->6347           | 11    | 0.9693       | 0.9776       | 0.0083    
5959->5119           | 11    | 0.9693       | 0.9742       | 0.0049    
7413->7276           | 11    | 0.9693       | 0.9627       | -0.0066   
7568->7541           | 11    | 0.9693       | 0.7887       | -0.1806   
7248->7334           | 11    | 0.9693       | 0.9636       | -0.0057   
7599->7624           | 11    | 0.9693       | 0.9731       | 0.0038    
7035->6920           | 11    | 0.9693       | 0.9666       | -0.0027   
7685->7730           | 11    | 0.9693       | 0.9724       | 0.0031    
6920->7903           | 11    | 0.9693       | 0.9666       | -0.0027   
7870->7718           | 11    | 0.9693       | 0.9727       | 0.0034    
7374->7445           | 10    | 0.9740       | 0.9241       | -0.0499   
4905->4888           | 10    | 0.9740       | 0.7454       | -0.2285   
4888->5427           | 10    | 0.9740       | 0.7454       | -0.2285   
5746->6304           | 10    | 0.9740       | 0.8419       | -0.1321   
6238->5367           | 10    | 0.9740       | 0.9669       | -0.0071   
5779->5517           | 10    | 0.9740       | 0.9828       | 0.0089    
5376->6173           | 10    | 0.9740       | 0.9769       | 0.0030    
5408->6019           | 10    | 0.9740       | 1.0000       | 0.0260    
5953->5203           | 10    | 0.9740       | 0.9866       | 0.0127    
5203->5493           | 10    | 0.9740       | 0.9866       | 0.0127    
6130->6310           | 10    | 0.9740       | 0.9731       | -0.0008   
6347->5055           | 10    | 0.9740       | 0.9805       | 0.0066    
5055->5056           | 10    | 0.9740       | 0.9805       | 0.0066    
5056->6178           | 10    | 0.9740       | 0.9805       | 0.0066    
7276->7263           | 10    | 0.9740       | 0.9823       | 0.0084    
7541->7416           | 10    | 0.9740       | 0.9039       | -0.0701   
7334->6865           | 10    | 0.9740       | 0.9776       | 0.0037    
7624->6813           | 10    | 0.9740       | 0.9731       | -0.0009   
7730->7059           | 10    | 0.9740       | 0.9822       | 0.0083    
7903->7948           | 10    | 0.9740       | 0.9710       | -0.0029   
7718->7887           | 10    | 0.9740       | 0.9805       | 0.0066    
7445->7140           | 9     | 0.9783       | 0.9831       | 0.0048    
5427->5448           | 9     | 0.9783       | 0.8164       | -0.1619   
6304->6031           | 9     | 0.9783       | 0.8586       | -0.1197   
5367->6136           | 9     | 0.9783       | 0.9815       | 0.0032    
5517->5466           | 9     | 0.9783       | 0.9867       | 0.0083    
6173->5094           | 9     | 0.9783       | 0.9860       | 0.0076    
5094->5606           | 9     | 0.9783       | 0.9860       | 0.0076    
5194->5183           | 9     | 0.9783       | 0.8403       | -0.1380   
5183->5182           | 9     | 0.9783       | 0.8403       | -0.1380   
6019->5024           | 9     | 0.9783       | 1.0000       | 0.0217    
5024->5442           | 9     | 0.9783       | 1.0000       | 0.0217    
5493->5490           | 9     | 0.9783       | 0.9886       | 0.0103    
6310->5588           | 9     | 0.9783       | 0.9807       | 0.0024    
6178->5057           | 9     | 0.9783       | 0.9859       | 0.0075    
5057->5084           | 9     | 0.9783       | 0.9859       | 0.0075    
5240->5241           | 9     | 0.9783       | 0.5692       | -0.4092   
5241->7587           | 9     | 0.9783       | 0.5692       | -0.4092   
6748->6749           | 9     | 0.9783       | 0.7513       | -0.2270   
6749->7325           | 9     | 0.9783       | 0.7513       | -0.2270   
7263->7346           | 9     | 0.9783       | 0.9836       | 0.0053    
7416->7404           | 9     | 0.9783       | 0.9329       | -0.0454   
7059->7721           | 9     | 0.9783       | 0.9875       | 0.0092    
7948->7945           | 9     | 0.9783       | 0.9789       | 0.0006    
7887->7939           | 9     | 0.9783       | 0.9862       | 0.0079    
7140->7220           | 8     | 0.9824       | 0.9865       | 0.0041    
4905->6215           | 8     | 0.9824       | 0.5827       | -0.3997   
5448->5627           | 8     | 0.9824       | 0.9337       | -0.0487   
6031->5349           | 8     | 0.9824       | 0.8702       | -0.1122   
6136->5919           | 8     | 0.9824       | 0.9921       | 0.0097    
5466->6341           | 8     | 0.9824       | 0.9894       | 0.0069    
5606->6007           | 8     | 0.9824       | 0.9900       | 0.0076    
5182->5181           | 8     | 0.9824       | 0.9246       | -0.0579   
5181->5956           | 8     | 0.9824       | 0.9246       | -0.0579   
5442->5025           | 8     | 0.9824       | 1.0000       | 0.0176    
5490->5202           | 8     | 0.9824       | 0.9920       | 0.0096    
5588->5124           | 8     | 0.9824       | 0.9834       | 0.0010    
5025->5026           | 8     | 0.9824       | 1.0000       | 0.0176    
5202->5307           | 8     | 0.9824       | 0.9920       | 0.0096    
5124->5463           | 8     | 0.9824       | 0.9834       | 0.0010    
5026->5364           | 8     | 0.9824       | 1.0000       | 0.0176    
5119->5950           | 8     | 0.9824       | 0.9804       | -0.0020   
6748->7510           | 8     | 0.9824       | 0.7921       | -0.1903   
7587->6025           | 8     | 0.9824       | 0.6105       | -0.3719   
7325->7208           | 8     | 0.9824       | 0.9067       | -0.0757   
7346->7657           | 8     | 0.9824       | 0.9863       | 0.0038    
7404->7380           | 8     | 0.9824       | 0.9590       | -0.0235   
6865->6866           | 8     | 0.9824       | 0.9841       | 0.0017    
6866->6867           | 8     | 0.9824       | 0.9841       | 0.0017    
7721->7932           | 8     | 0.9824       | 0.9886       | 0.0062    
7945->7748           | 8     | 0.9824       | 0.9833       | 0.0009    
7939->7987           | 8     | 0.9824       | 0.9878       | 0.0054    
7117->7377           | 7     | 0.9862       | 0.6626       | -0.3236   
7220->7195           | 7     | 0.9862       | 0.9921       | 0.0059    
6215->5740           | 7     | 0.9862       | 0.6406       | -0.3456   
5627->6272           | 7     | 0.9862       | 0.9584       | -0.0278   
5349->5759           | 7     | 0.9862       | 0.8759       | -0.1103   
5919->5838           | 7     | 0.9862       | 0.9977       | 0.0115    
6341->4992           | 7     | 0.9862       | 0.9913       | 0.0051    
6007->6097           | 7     | 0.9862       | 0.9907       | 0.0045    
5956->5180           | 7     | 0.9862       | 0.9791       | -0.0071   
5180->6100           | 7     | 0.9862       | 0.9791       | -0.0071   
5307->5743           | 7     | 0.9862       | 0.9939       | 0.0077    
5463->5123           | 7     | 0.9862       | 0.9860       | -0.0002   
5364->5971           | 7     | 0.9862       | 1.0000       | 0.0138    
5123->5398           | 7     | 0.9862       | 0.9860       | -0.0002   
5950->5756           | 7     | 0.9862       | 0.9855       | -0.0007   
6881->7340           | 7     | 0.9862       | 0.6301       | -0.3561   
7510->7079           | 7     | 0.9862       | 0.7955       | -0.1907   
6025->5529           | 7     | 0.9862       | 0.7897       | -0.1965   
7079->7078           | 7     | 0.9862       | 0.7955       | -0.1907   
7208->6750           | 7     | 0.9862       | 0.9214       | -0.0648   
7078->7602           | 7     | 0.9862       | 0.7955       | -0.1907   
7657->7192           | 7     | 0.9862       | 0.9871       | 0.0009    
6757->6848           | 7     | 0.9862       | 0.1154       | -0.8707   
6848->7660           | 7     | 0.9862       | 0.1154       | -0.8707   
7380->7198           | 7     | 0.9862       | 0.9798       | -0.0064   
6813->7645           | 7     | 0.9862       | 0.9768       | -0.0094   
6867->7528           | 7     | 0.9862       | 0.9863       | 0.0001    
7038->7021           | 7     | 0.9862       | 0.5607       | -0.4255   
7021->7980           | 7     | 0.9862       | 0.5607       | -0.4255   
7932->7736           | 7     | 0.9862       | 0.9901       | 0.0039    
7748->6921           | 7     | 0.9862       | 0.9859       | -0.0003   
6921->7712           | 7     | 0.9862       | 0.9859       | -0.0003   
7987->7977           | 7     | 0.9862       | 0.9923       | 0.0061    
7377->7108           | 6     | 0.9896       | 0.7320       | -0.2576   
7108->7125           | 6     | 0.9896       | 0.7320       | -0.2576   
7125->7235           | 6     | 0.9896       | 0.7320       | -0.2576   
7195->7307           | 6     | 0.9896       | 0.9978       | 0.0082    
5740->4887           | 6     | 0.9896       | 0.7135       | -0.2761   
4887->6091           | 6     | 0.9896       | 0.7135       | -0.2761   
6272->5865           | 6     | 0.9896       | 0.9766       | -0.0130   
5759->5542           | 6     | 0.9896       | 0.8779       | -0.1117   
5838->5731           | 6     | 0.9896       | 1.0000       | 0.0103    
4992->4991           | 6     | 0.9896       | 0.9918       | 0.0021    
6097->5331           | 6     | 0.9896       | 0.9920       | 0.0024    
6100->5532           | 6     | 0.9896       | 0.9911       | 0.0014    
5743->5201           | 6     | 0.9896       | 0.9985       | 0.0089    
5971->5027           | 6     | 0.9896       | 1.0000       | 0.0104    
5201->5379           | 6     | 0.9896       | 0.9985       | 0.0089    
5027->5560           | 6     | 0.9896       | 1.0000       | 0.0104    
5756->5223           | 6     | 0.9896       | 0.9893       | -0.0004   
5223->5965           | 6     | 0.9896       | 0.9893       | -0.0004   
7340->7469           | 6     | 0.9896       | 0.9634       | -0.0262   
6750->6751           | 6     | 0.9896       | 0.9837       | -0.0059   
7602->7279           | 6     | 0.9896       | 0.9768       | -0.0128   
7192->6810           | 6     | 0.9896       | 0.9901       | 0.0005    
6810->7618           | 6     | 0.9896       | 0.9901       | 0.0005    
7660->7558           | 6     | 0.9896       | 0.1263       | -0.8633   
7198->7516           | 6     | 0.9896       | 0.9944       | 0.0048    
7645->7571           | 6     | 0.9896       | 0.9848       | -0.0048   
7528->7648           | 6     | 0.9896       | 0.9879       | -0.0018   
7980->7963           | 6     | 0.9896       | 0.7324       | -0.2572   
7736->7923           | 6     | 0.9896       | 0.9900       | 0.0004    
7712->7890           | 6     | 0.9896       | 0.9878       | -0.0018   
7977->7804           | 6     | 0.9896       | 0.9931       | 0.0035    
7002->6988           | 6     | 0.9896       | 0.9648       | -0.0248   
7002->7760           | 6     | 0.9896       | 0.9722       | -0.0174   
7235->7364           | 5     | 0.9927       | 0.7887       | -0.2040   
7307->7565           | 5     | 0.9927       | 1.0000       | 0.0073    
5865->5436           | 5     | 0.9927       | 0.9874       | -0.0053   
4891->6022           | 5     | 0.9927       | 0.0549       | -0.9378   
5542->4949           | 5     | 0.9927       | 0.9329       | -0.0598   
5731->5775           | 5     | 0.9927       | 1.0000       | 0.0073    
5331->6073           | 5     | 0.9927       | 0.9917       | -0.0009   
5127->5159           | 5     | 0.9927       | 0.9516       | -0.0411   
5159->5160           | 5     | 0.9927       | 0.9516       | -0.0411   
5532->5179           | 5     | 0.9927       | 1.0000       | 0.0073    
5179->6076           | 5     | 0.9927       | 1.0000       | 0.0073    
5398->5451           | 5     | 0.9927       | 0.9903       | -0.0024   
5379->6207           | 5     | 0.9927       | 0.9999       | 0.0073    
5066->5892           | 5     | 0.9927       | 0.0500       | -0.9427   
5560->6061           | 5     | 0.9927       | 1.0000       | 0.0073    
5064->5370           | 5     | 0.9927       | 0.0500       | -0.9427   
5965->5222           | 5     | 0.9927       | 0.9935       | 0.0008    
6827->7519           | 5     | 0.9927       | 0.5339       | -0.4588   
7469->7639           | 5     | 0.9927       | 0.9786       | -0.0140   
5529->6307           | 5     | 0.9927       | 0.9437       | -0.0489   
6751->6752           | 5     | 0.9927       | 0.9858       | -0.0069   
7279->7077           | 5     | 0.9927       | 0.9891       | -0.0035   
7077->7076           | 5     | 0.9927       | 0.9891       | -0.0035   
7076->7319           | 5     | 0.9927       | 0.9891       | -0.0035   
7618->7367           | 5     | 0.9927       | 0.9901       | -0.0026   
7558->7313           | 5     | 0.9927       | 0.1432       | -0.8495   
7516->7160           | 5     | 0.9927       | 1.0000       | 0.0073    
7571->6832           | 5     | 0.9927       | 0.9926       | -0.0001   
7648->7257           | 5     | 0.9927       | 0.9903       | -0.0023   
7038->7020           | 5     | 0.9927       | 0.5648       | -0.4279   
7020->7793           | 5     | 0.9927       | 0.5648       | -0.4279   
7963->7703           | 5     | 0.9927       | 0.8796       | -0.1131   
7923->7936           | 5     | 0.9927       | 0.9901       | -0.0026   
7890->7836           | 5     | 0.9927       | 0.9940       | 0.0013    
7804->6936           | 5     | 0.9927       | 0.9942       | 0.0016    
6936->6937           | 5     | 0.9927       | 0.9942       | 0.0016    
6937->7893           | 5     | 0.9927       | 0.9942       | 0.0016    
7364->7630           | 4     | 0.9953       | 0.8203       | -0.1750   
7565->7682           | 4     | 0.9953       | 0.9999       | 0.0046    
6091->4886           | 4     | 0.9953       | 0.8779       | -0.1174   
4886->6146           | 4     | 0.9953       | 0.8779       | -0.1174   
5436->4889           | 4     | 0.9953       | 0.9986       | 0.0032    
6022->6224           | 4     | 0.9953       | 0.0553       | -0.9400   
5775->6257           | 4     | 0.9953       | 0.9999       | 0.0046    
4991->5313           | 4     | 0.9953       | 0.9931       | -0.0022   
5216->5609           | 4     | 0.9953       | 0.8204       | -0.1750   
6073->5904           | 4     | 0.9953       | 0.9919       | -0.0034   
5160->5938           | 4     | 0.9953       | 0.9705       | -0.0248   
5451->5122           | 4     | 0.9953       | 0.9923       | -0.0030   
6207->5572           | 4     | 0.9953       | 1.0000       | 0.0047    
5892->5030           | 4     | 0.9953       | 0.0500       | -0.9453   
6061->5028           | 4     | 0.9953       | 1.0000       | 0.0047    
5370->5346           | 4     | 0.9953       | 0.0500       | -0.9453   
5222->5415           | 4     | 0.9953       | 0.9939       | -0.0014   
7519->7475           | 4     | 0.9953       | 0.7973       | -0.1980   
6784->7673           | 4     | 0.9953       | 0.7198       | -0.2756   
7639->7484           | 4     | 0.9953       | 0.9976       | 0.0023    
6307->7254           | 4     | 0.9953       | 0.9787       | -0.0166   
6752->6753           | 4     | 0.9953       | 0.9989       | 0.0036    
7319->7075           | 4     | 0.9953       | 0.9980       | 0.0026    
7075->7241           | 4     | 0.9953       | 0.9980       | 0.0026    
7367->7355           | 4     | 0.9953       | 0.9940       | -0.0013   
7313->7173           | 4     | 0.9953       | 0.1667       | -0.8286   
7160->7358           | 4     | 0.9953       | 1.0000       | 0.0047    
7257->7389           | 4     | 0.9953       | 0.9920       | -0.0033   
7793->7019           | 4     | 0.9953       | 0.5741       | -0.4212   
7019->7018           | 4     | 0.9953       | 0.5741       | -0.4212   
7703->7899           | 4     | 0.9953       | 0.9444       | -0.0510   
7018->7017           | 4     | 0.9953       | 0.5741       | -0.4212   
7017->7016           | 4     | 0.9953       | 0.5741       | -0.4212   
6898->7097           | 4     | 0.9953       | 0.8739       | -0.1215   
7097->7096           | 4     | 0.9953       | 0.8739       | -0.1215   
7096->7095           | 4     | 0.9953       | 0.8739       | -0.1215   
7095->7094           | 4     | 0.9953       | 0.8739       | -0.1215   
7094->7093           | 4     | 0.9953       | 0.8739       | -0.1215   
7093->7697           | 4     | 0.9953       | 0.8739       | -0.1215   
7936->8009           | 4     | 0.9953       | 0.9903       | -0.0051   
6960->7796           | 4     | 0.9953       | 0.9016       | -0.0937   
7836->6922           | 4     | 0.9953       | 0.9958       | 0.0005    
6922->7715           | 4     | 0.9953       | 0.9958       | 0.0005    
7893->7848           | 4     | 0.9953       | 0.9950       | -0.0004   
6988->6967           | 4     | 0.9953       | 0.9912       | -0.0041   
7760->6993           | 4     | 0.9953       | 0.9871       | -0.0082   
6967->6968           | 4     | 0.9953       | 0.9912       | -0.0041   
6993->6994           | 4     | 0.9953       | 0.9871       | -0.0082   
6968->7996           | 4     | 0.9953       | 0.9912       | -0.0041   
7137->7663           | 3     | 0.9975       | 0.0500       | -0.9475   
7630->7383           | 3     | 0.9975       | 0.8305       | -0.1670   
7682->7608           | 3     | 0.9975       | 0.9999       | 0.0024    
6146->4885           | 3     | 0.9975       | 0.9413       | -0.0563   
4885->6079           | 3     | 0.9975       | 0.9413       | -0.0563   
4889->5472           | 3     | 0.9975       | 1.0000       | 0.0025    
6224->4890           | 3     | 0.9975       | 0.0543       | -0.9433   
4949->5749           | 3     | 0.9975       | 0.9746       | -0.0229   
6257->5871           | 3     | 0.9975       | 0.9999       | 0.0024    
5313->5910           | 3     | 0.9975       | 0.9941       | -0.0035   
4963->6191           | 3     | 0.9975       | 0.0500       | -0.9475   
5609->6319           | 3     | 0.9975       | 0.8785       | -0.1190   
5194->5785           | 3     | 0.9975       | 0.1502       | -0.8474   
5114->8022           | 3     | 0.9975       | 0.6791       | -0.3184   
5034->5166           | 3     | 0.9975       | 0.0500       | -0.9475   
5904->5922           | 3     | 0.9975       | 0.9921       | -0.0055   
5166->5340           | 3     | 0.9975       | 0.0500       | -0.9475   
5938->5161           | 3     | 0.9975       | 0.9823       | -0.0152   
5161->6028           | 3     | 0.9975       | 0.9823       | -0.0152   
6076->5822           | 3     | 0.9975       | 1.0000       | 0.0025    
5122->5825           | 3     | 0.9975       | 0.9946       | -0.0029   
5572->5200           | 3     | 0.9975       | 1.0000       | 0.0025    
5030->5992           | 3     | 0.9975       | 0.0500       | -0.9475   
5084->5058           | 3     | 0.9975       | 0.9902       | -0.0074   
5084->6016           | 3     | 0.9975       | 0.9824       | -0.0152   
5084->6323           | 3     | 0.9975       | 0.9834       | -0.0142   
5028->5794           | 3     | 0.9975       | 1.0000       | 0.0025    
5200->6152           | 3     | 0.9975       | 1.0000       | 0.0025    
5058->5059           | 3     | 0.9975       | 0.9902       | -0.0074   
5346->5797           | 3     | 0.9975       | 0.0500       | -0.9475   
5415->6139           | 3     | 0.9975       | 0.9942       | -0.0034   
7475->7144           | 3     | 0.9975       | 0.8162       | -0.1814   
7673->7147           | 3     | 0.9975       | 0.8808       | -0.1167   
7484->7217           | 3     | 0.9975       | 1.0000       | 0.0025    
7254->5316           | 3     | 0.9975       | 0.9971       | -0.0004   
6758->7552           | 3     | 0.9975       | 0.0500       | -0.9475   
6753->7071           | 3     | 0.9975       | 1.0000       | 0.0025    
7071->7072           | 3     | 0.9975       | 1.0000       | 0.0025    
7072->7460           | 3     | 0.9975       | 1.0000       | 0.0025    
7241->7304           | 3     | 0.9975       | 1.0000       | 0.0025    
7355->7481           | 3     | 0.9975       | 0.9941       | -0.0035   
7173->6847           | 3     | 0.9975       | 0.2005       | -0.7971   
6813->7431           | 3     | 0.9975       | 0.9654       | -0.0321   
6847->7590           | 3     | 0.9975       | 0.2005       | -0.7971   
7358->7463           | 3     | 0.9975       | 1.0000       | 0.0025    
6832->7395           | 3     | 0.9975       | 0.9931       | -0.0045   
7899->7877           | 3     | 0.9975       | 0.9983       | 0.0007    
7016->7751           | 3     | 0.9975       | 0.6616       | -0.3359   
7697->7092           | 3     | 0.9975       | 0.9836       | -0.0139   
8009->7768           | 3     | 0.9975       | 0.9907       | -0.0068   
7796->7842           | 3     | 0.9975       | 0.9245       | -0.0731   
7715->6923           | 3     | 0.9975       | 0.9976       | 0.0001    
6949->7999           | 3     | 0.9975       | 0.8947       | -0.1029   
6923->7046           | 3     | 0.9975       | 0.9976       | 0.0001    
7046->7969           | 3     | 0.9975       | 0.9976       | 0.0001    
7848->7914           | 3     | 0.9975       | 0.9953       | -0.0023   
6994->6995           | 3     | 0.9975       | 0.9948       | -0.0027   
7996->6969           | 3     | 0.9975       | 0.9962       | -0.0013   
6969->7790           | 3     | 0.9975       | 0.9962       | -0.0013   
7663->7500           | 2     | 0.9993       | 0.0500       | -0.9493   
7383->7451           | 2     | 0.9993       | 0.8228       | -0.1765   
7608->7410           | 2     | 0.9993       | 0.9999       | 0.0007    
6079->5478           | 2     | 0.9993       | 0.9583       | -0.0409   
5472->5578           | 2     | 0.9993       | 1.0000       | 0.0007    
4890->5699           | 2     | 0.9993       | 0.0540       | -0.9453   
5016->6231           | 2     | 0.9993       | 0.0602       | -0.9391   
4949->4926           | 2     | 0.9993       | 0.9197       | -0.0795   
4926->6221           | 2     | 0.9993       | 0.9197       | -0.0795   
5871->6210           | 2     | 0.9993       | 0.9999       | 0.0007    
5910->6103           | 2     | 0.9993       | 0.9949       | -0.0043   
6191->5721           | 2     | 0.9993       | 0.0500       | -0.9493   
6319->6260           | 2     | 0.9993       | 0.8945       | -0.1048   
8022->8026           | 2     | 0.9993       | 0.6836       | -0.3156   
5922->5511           | 2     | 0.9993       | 0.9915       | -0.0078   
5340->5165           | 2     | 0.9993       | 0.0500       | -0.9493   
5165->5164           | 2     | 0.9993       | 0.0500       | -0.9493   
5164->6200           | 2     | 0.9993       | 0.0500       | -0.9493   
6028->6088           | 2     | 0.9993       | 0.9983       | -0.0009   
5822->5430           | 2     | 0.9993       | 1.0000       | 0.0007    
5119->5120           | 2     | 0.9993       | 0.9919       | -0.0073   
5825->5121           | 2     | 0.9993       | 0.9980       | -0.0012   
5120->5535           | 2     | 0.9993       | 0.9919       | -0.0073   
5992->5591           | 2     | 0.9993       | 0.0500       | -0.9493   
6016->5874           | 2     | 0.9993       | 0.9902       | -0.0090   
6323->5702           | 2     | 0.9993       | 0.9900       | -0.0093   
5121->5816           | 2     | 0.9993       | 0.9980       | -0.0012   
5794->5029           | 2     | 0.9993       | 1.0000       | 0.0007    
6152->5844           | 2     | 0.9993       | 1.0000       | 0.0007    
5059->5060           | 2     | 0.9993       | 0.9954       | -0.0039   
5064->5810           | 2     | 0.9993       | 0.0500       | -0.9493   
5060->5061           | 2     | 0.9993       | 0.9954       | -0.0039   
5061->5548           | 2     | 0.9993       | 0.9954       | -0.0039   
5797->5980           | 2     | 0.9993       | 0.0500       | -0.9493   
6139->5696           | 2     | 0.9993       | 0.9956       | -0.0037   
7144->6795           | 2     | 0.9993       | 0.9415       | -0.0578   
7147->7581           | 2     | 0.9993       | 0.9646       | -0.0347   
7217->6860           | 2     | 0.9993       | 1.0000       | 0.0007    
6884->7535           | 2     | 0.9993       | 0.1243       | -0.8750   
6860->7153           | 2     | 0.9993       | 1.0000       | 0.0007    
5316->5675           | 2     | 0.9993       | 1.0000       | 0.0007    
7552->7651           | 2     | 0.9993       | 0.0500       | -0.9493   
7460->7073           | 2     | 0.9993       | 1.0000       | 0.0007    
7073->7211           | 2     | 0.9993       | 1.0000       | 0.0007    
7304->7513           | 2     | 0.9993       | 1.0000       | 0.0007    
7481->6811           | 2     | 0.9993       | 0.9946       | -0.0047   
7431->7522           | 2     | 0.9993       | 0.9732       | -0.0261   
6811->7525           | 2     | 0.9993       | 0.9946       | -0.0047   
7590->6846           | 2     | 0.9993       | 0.2906       | -0.7087   
6846->6845           | 2     | 0.9993       | 0.2906       | -0.7087   
6832->7425           | 2     | 0.9993       | 0.9916       | -0.0077   
6845->7621           | 2     | 0.9993       | 0.2906       | -0.7087   
7463->7322           | 2     | 0.9993       | 1.0000       | 0.0007    
7395->7670           | 2     | 0.9993       | 0.9941       | -0.0051   
7035->7826           | 2     | 0.9993       | 0.9477       | -0.0516   
7877->7990           | 2     | 0.9993       | 1.0000       | 0.0007    
7751->7015           | 2     | 0.9993       | 0.6978       | -0.3015   
7015->7014           | 2     | 0.9993       | 0.6978       | -0.3015   
7014->7833           | 2     | 0.9993       | 0.6978       | -0.3015   
7768->7906           | 2     | 0.9993       | 0.9917       | -0.0076   
7842->7700           | 2     | 0.9993       | 0.9217       | -0.0775   
7999->6950           | 2     | 0.9993       | 0.9039       | -0.0953   
6950->7754           | 2     | 0.9993       | 0.9039       | -0.0953   
7969->7045           | 2     | 0.9993       | 0.9991       | -0.0001   
7914->7854           | 2     | 0.9993       | 0.9958       | -0.0035   
7045->7044           | 2     | 0.9993       | 0.9991       | -0.0001   
6988->7866           | 2     | 0.9993       | 0.9337       | -0.0656   
6995->6996           | 2     | 0.9993       | 0.9999       | 0.0007    
7790->6970           | 2     | 0.9993       | 0.9990       | -0.0002   
6970->7817           | 2     | 0.9993       | 0.9990       | -0.0002   
--------------------------------------------------------------------------------
Mean |Deviation|: 0.0970
Max  |Deviation|: 0.9493
================================================================================

LEAF EDGES (n_consumers = 1): 778 edges
--------------------------------------------------------------------------------
These edges were NOT optimized. By definition:
  - Target simultaneity g(n) = 1.0
  - Achieved simultaneity = 1.0
  - Deviation = 0.0
================================================================================


================================================================================
DEVIATION ANALYSIS BY EDGE SIZE
================================================================================

Single consumer (not optimized):
  Count: 778
  Mean deviation: 0.0000
  Mean |deviation|: 0.0000
  Max |deviation|: 0.0000
  Std dev: 0.0000

Very small (2-10):
  Count: 353
  Mean deviation: -0.1444
  Mean |deviation|: 0.1479
  Max |deviation|: 0.9493
  Std dev: 0.2807

Small (11-50):
  Count: 266
  Mean deviation: -0.0765
  Mean |deviation|: 0.0811
  Max |deviation|: 0.4110
  Std dev: 0.1014

Medium (51-100):
  Count: 57
  Mean deviation: 0.0099
  Mean |deviation|: 0.0385
  Max |deviation|: 0.1248
  Std dev: 0.0454

Large (101-200):
  Count: 34
  Mean deviation: 0.0132
  Mean |deviation|: 0.0244
  Max |deviation|: 0.0667
  Std dev: 0.0303

Very large (201-500):
  Count: 54
  Mean deviation: 0.0135
  Mean |deviation|: 0.0137
  Max |deviation|: 0.0345
  Std dev: 0.0107

Huge (500+):
  Count: 52
  Mean deviation: 0.0309
  Mean |deviation|: 0.0309
  Max |deviation|: 0.0465
  Std dev: 0.0089

================================================================================

Network size range: 2 to 692 consumers
Using problem range: 40-60
Saved enhanced verification plot to output/comprehensive_analysis/demoVerbundnetz_SimulationNeu/steady_state_v2/verification_demoVerbundnetz_SimulationNeu_v2.png

Total execution time: 25.27 seconds
Results saved to: output/comprehensive_analysis/demoVerbundnetz_SimulationNeu/steady_state_v2

=== STDERR ===
