Loading network for case 'demoVerbundnetz_SimulationNeu' from data/test_scenarios/complex/demoVerbundnetz_SimulationNeu.vicus...
Loading VICUS file: data/test_scenarios/complex/demoVerbundnetz_SimulationNeu.vicus
Parsed Simultaneity Spline: 63 points.
data/test_scenarios/complex/demoVerbundnetz_SimulationNeu.vicus
Found peak day: day 24 (hours 552-575) with peak=7400.0000
Force-selected profile: Residential_SingleFamily_HeatingLoad.tsv (peak day extraction, resampled to 96 steps)
Peak day profile plot saved to output/peak_day_profile.png
Created 692 consumers and 1594 relevant optimization edges.

--- Starting Optimization using Scheme 'v3' for demoVerbundnetz_SimulationNeu ---
Initial weighted error (using v3): 5031210.858930
Average target simultaneity: 0.8569
  Iter 0: Obj=5031211.567084 (Fit: 5031210.858930, Reg: 0.708153) | LR: 0.000000
  Iter 200: Obj=15355.923919 (Fit: 15350.206080, Reg: 5.717838) | LR: 0.000040
  Iter 400: Obj=10711.698973 (Fit: 10703.128083, Reg: 8.570890) | LR: 0.000049
  Iter 600: Obj=10237.373875 (Fit: 10228.029741, Reg: 9.344135) | LR: 0.000051
  Iter 800: Obj=10101.070925 (Fit: 10091.356784, Reg: 9.714140) | LR: 0.000051
  Iter 1000: Obj=10044.820056 (Fit: 10034.891237, Reg: 9.928819) | LR: 0.000051
  Iter 1200: Obj=10012.951375 (Fit: 10002.867037, Reg: 10.084339) | LR: 0.000052
  Iter 1400: Obj=9991.264308 (Fit: 9981.051140, Reg: 10.213167) | LR: 0.000051
  Iter 1600: Obj=9976.589890 (Fit: 9966.271082, Reg: 10.318807) | LR: 0.000051
  Iter 1800: Obj=9966.331128 (Fit: 9955.925997, Reg: 10.405131) | LR: 0.000051
Final Error: 9927.416506

================================================================================
OPTIMIZATION RESULTS
================================================================================

OPTIMIZED EDGES (n_consumers > 1): 816 edges
--------------------------------------------------------------------------------
Edge ID              | n_e   | Target g(n)  | Achieved g   | Deviation 
--------------------------------------------------------------------------------
5266->5289           | 692   | 0.4759       | 0.4846       | 0.0087    
5289->5290           | 692   | 0.4759       | 0.4846       | 0.0087    
5290->7114           | 692   | 0.4759       | 0.4846       | 0.0087    
7114->5291           | 680   | 0.4759       | 0.4767       | 0.0008    
5291->5292           | 680   | 0.4759       | 0.4767       | 0.0008    
5292->7137           | 680   | 0.4759       | 0.4767       | 0.0008    
7137->7117           | 677   | 0.4759       | 0.4846       | 0.0087    
7117->5293           | 670   | 0.4759       | 0.4833       | 0.0075    
5293->5302           | 670   | 0.4759       | 0.4833       | 0.0075    
5302->4858           | 669   | 0.4759       | 0.4842       | 0.0083    
4858->5791           | 669   | 0.4759       | 0.4842       | 0.0083    
5791->5652           | 668   | 0.4759       | 0.4844       | 0.0085    
5652->5457           | 667   | 0.4759       | 0.4846       | 0.0087    
5457->4859           | 666   | 0.4759       | 0.4848       | 0.0089    
4859->4860           | 666   | 0.4759       | 0.4848       | 0.0089    
4860->4861           | 666   | 0.4759       | 0.4848       | 0.0089    
4861->5328           | 665   | 0.4759       | 0.4851       | 0.0092    
5328->4862           | 664   | 0.4759       | 0.4853       | 0.0094    
4862->5514           | 664   | 0.4759       | 0.4853       | 0.0094    
5514->5672           | 663   | 0.4759       | 0.4855       | 0.0097    
5672->4863           | 662   | 0.4759       | 0.4858       | 0.0099    
4863->5772           | 661   | 0.4759       | 0.4860       | 0.0102    
5772->6109           | 660   | 0.4759       | 0.4863       | 0.0104    
6109->6241           | 659   | 0.4759       | 0.4865       | 0.0107    
6241->4864           | 658   | 0.4759       | 0.4868       | 0.0109    
4864->6234           | 658   | 0.4759       | 0.4868       | 0.0109    
6234->5581           | 657   | 0.4759       | 0.4871       | 0.0112    
5581->6188           | 656   | 0.4759       | 0.4873       | 0.0115    
6188->6316           | 655   | 0.4759       | 0.4877       | 0.0118    
6316->5603           | 654   | 0.4759       | 0.4880       | 0.0121    
5603->5986           | 653   | 0.4759       | 0.4883       | 0.0125    
5986->5947           | 652   | 0.4759       | 0.4886       | 0.0128    
5947->4865           | 651   | 0.4759       | 0.4889       | 0.0131    
4865->4919           | 650   | 0.4759       | 0.4892       | 0.0133    
4919->5334           | 545   | 0.4759       | 0.4755       | -0.0003   
5334->5392           | 544   | 0.4759       | 0.4758       | -0.0001   
5392->5859           | 543   | 0.4759       | 0.4762       | 0.0003    
5859->5681           | 542   | 0.4759       | 0.4766       | 0.0007    
5681->4905           | 541   | 0.4759       | 0.4770       | 0.0012    
4905->5678           | 523   | 0.4759       | 0.4781       | 0.0023    
5678->4866           | 522   | 0.4759       | 0.4784       | 0.0025    
4866->4941           | 522   | 0.4759       | 0.4784       | 0.0025    
4941->6228           | 509   | 0.4759       | 0.4776       | 0.0018    
6228->4928           | 508   | 0.4759       | 0.4781       | 0.0023    
4928->5724           | 508   | 0.4759       | 0.4781       | 0.0023    
5724->6332           | 507   | 0.4759       | 0.4783       | 0.0025    
6332->5445           | 506   | 0.4759       | 0.4786       | 0.0027    
5445->5418           | 505   | 0.4759       | 0.4788       | 0.0029    
5418->4929           | 504   | 0.4759       | 0.4790       | 0.0031    
4929->4930           | 504   | 0.4759       | 0.4790       | 0.0031    
4930->4988           | 504   | 0.4759       | 0.4790       | 0.0031    
4988->5005           | 504   | 0.4759       | 0.4790       | 0.0031    
5005->5766           | 488   | 0.4759       | 0.4779       | 0.0020    
5766->5639           | 487   | 0.4759       | 0.4784       | 0.0025    
5639->6158           | 486   | 0.4759       | 0.4825       | 0.0067    
6158->4964           | 485   | 0.4759       | 0.4830       | 0.0072    
4964->5636           | 403   | 0.4759       | 0.4638       | -0.0121   
5636->6278           | 402   | 0.4759       | 0.4646       | -0.0113   
6278->5962           | 401   | 0.4759       | 0.4651       | -0.0107   
5962->5705           | 400   | 0.4759       | 0.4657       | -0.0102   
5705->5883           | 399   | 0.4759       | 0.4665       | -0.0093   
5883->6067           | 398   | 0.4759       | 0.4670       | -0.0088   
6067->5856           | 397   | 0.4759       | 0.4677       | -0.0082   
5856->5968           | 396   | 0.4759       | 0.4684       | -0.0074   
5968->6326           | 395   | 0.4759       | 0.4690       | -0.0069   
6326->5554           | 394   | 0.4759       | 0.4695       | -0.0064   
5554->6047           | 393   | 0.4759       | 0.4698       | -0.0061   
6047->5718           | 392   | 0.4759       | 0.4701       | -0.0058   
5718->5633           | 391   | 0.4759       | 0.4704       | -0.0054   
5633->5545           | 390   | 0.4759       | 0.4710       | -0.0049   
5545->5310           | 389   | 0.4759       | 0.4715       | -0.0043   
5310->6329           | 388   | 0.4759       | 0.4728       | -0.0031   
6329->5557           | 387   | 0.4759       | 0.4733       | -0.0025   
5557->6112           | 385   | 0.4759       | 0.4757       | -0.0002   
6112->6058           | 384   | 0.4759       | 0.4761       | 0.0002    
6058->4963           | 383   | 0.4759       | 0.4771       | 0.0012    
4963->6263           | 346   | 0.4759       | 0.4677       | -0.0081   
6263->5551           | 345   | 0.4759       | 0.4684       | -0.0074   
5551->5977           | 344   | 0.4759       | 0.4696       | -0.0063   
5977->5690           | 343   | 0.4759       | 0.4702       | -0.0056   
5690->5034           | 342   | 0.4759       | 0.4711       | -0.0047   
5034->5832           | 338   | 0.4759       | 0.4745       | -0.0014   
5832->6167           | 337   | 0.4759       | 0.4754       | -0.0004   
6167->5898           | 336   | 0.4759       | 0.4769       | 0.0010    
5898->5928           | 335   | 0.4759       | 0.4793       | 0.0034    
5928->6247           | 334   | 0.4759       | 0.4799       | 0.0040    
6247->5033           | 333   | 0.4759       | 0.4808       | 0.0049    
5033->6143           | 332   | 0.4759       | 0.4817       | 0.0059    
6143->6301           | 331   | 0.4759       | 0.4831       | 0.0073    
6301->5032           | 330   | 0.4759       | 0.4839       | 0.0081    
5032->5031           | 329   | 0.4759       | 0.4850       | 0.0092    
5031->5178           | 329   | 0.4759       | 0.4850       | 0.0092    
5178->5066           | 329   | 0.4759       | 0.4850       | 0.0092    
5066->5065           | 324   | 0.4759       | 0.4887       | 0.0128    
5065->5901           | 324   | 0.4759       | 0.4887       | 0.0128    
5901->6070           | 323   | 0.4759       | 0.4912       | 0.0153    
6070->5880           | 322   | 0.4759       | 0.4917       | 0.0158    
5880->5064           | 321   | 0.4759       | 0.4922       | 0.0163    
5064->6082           | 314   | 0.4759       | 0.4981       | 0.0222    
6082->5231           | 313   | 0.4759       | 0.4988       | 0.0229    
5231->5232           | 313   | 0.4759       | 0.4988       | 0.0229    
5232->5233           | 313   | 0.4759       | 0.4988       | 0.0229    
5233->5234           | 313   | 0.4759       | 0.4988       | 0.0229    
5234->7494           | 250   | 0.4842       | 0.4930       | 0.0088    
7494->5361           | 249   | 0.4844       | 0.4958       | 0.0114    
5361->5235           | 248   | 0.4846       | 0.4986       | 0.0139    
5235->5373           | 199   | 0.4997       | 0.4867       | -0.0130   
5373->5600           | 198   | 0.5001       | 0.4934       | -0.0067   
5600->6284           | 197   | 0.5005       | 0.4958       | -0.0047   
6284->5819           | 196   | 0.5009       | 0.4981       | -0.0028   
5819->5236           | 195   | 0.5014       | 0.5005       | -0.0009   
5236->5262           | 195   | 0.5014       | 0.5005       | -0.0009   
5262->5257           | 165   | 0.5169       | 0.4872       | -0.0297   
5257->6296           | 165   | 0.5169       | 0.4872       | -0.0297   
6296->6338           | 164   | 0.5175       | 0.4901       | -0.0275   
6338->5853           | 163   | 0.5182       | 0.4936       | -0.0246   
5853->5974           | 162   | 0.5188       | 0.4981       | -0.0207   
5974->7441           | 161   | 0.5195       | 0.5037       | -0.0158   
7441->7386           | 160   | 0.5202       | 0.5071       | -0.0131   
7386->7285           | 159   | 0.5209       | 0.5105       | -0.0104   
7285->7370           | 158   | 0.5215       | 0.5159       | -0.0057   
7370->6777           | 157   | 0.5222       | 0.5250       | 0.0027    
6777->7545           | 157   | 0.5222       | 0.5250       | 0.0027    
7545->7434           | 156   | 0.5230       | 0.5294       | 0.0065    
7434->7611           | 155   | 0.5237       | 0.5351       | 0.0114    
7611->6776           | 154   | 0.5244       | 0.5418       | 0.0174    
6776->6758           | 139   | 0.5369       | 0.5409       | 0.0040    
6758->7343           | 136   | 0.5397       | 0.5501       | 0.0104    
7343->7578           | 135   | 0.5407       | 0.5595       | 0.0187    
7578->7273           | 134   | 0.5417       | 0.5643       | 0.0225    
7273->7176           | 133   | 0.5427       | 0.5697       | 0.0270    
7176->6757           | 132   | 0.5438       | 0.5735       | 0.0297    
6757->6889           | 124   | 0.5527       | 0.5950       | 0.0423    
6889->6890           | 124   | 0.5527       | 0.5950       | 0.0423    
4919->6115           | 105   | 0.5795       | 0.5839       | 0.0044    
6115->4892           | 104   | 0.5812       | 0.5863       | 0.0051    
4892->5355           | 104   | 0.5812       | 0.5863       | 0.0051    
5355->6127           | 103   | 0.5829       | 0.5893       | 0.0064    
6127->5847           | 102   | 0.5847       | 0.5917       | 0.0071    
5847->6250           | 101   | 0.5864       | 0.5942       | 0.0077    
6250->6085           | 100   | 0.5882       | 0.5963       | 0.0080    
6085->5645           | 99    | 0.5901       | 0.5988       | 0.0087    
5645->6275           | 98    | 0.5920       | 0.6009       | 0.0089    
6275->5868           | 97    | 0.5939       | 0.6043       | 0.0104    
5868->4891           | 96    | 0.5958       | 0.6065       | 0.0107    
4891->4954           | 91    | 0.6062       | 0.6226       | 0.0164    
4954->4983           | 91    | 0.6062       | 0.6226       | 0.0164    
4964->5895           | 82    | 0.6276       | 0.5839       | -0.0436   
5895->6293           | 81    | 0.6302       | 0.5896       | -0.0406   
6293->5712           | 80    | 0.6328       | 0.5950       | -0.0379   
5712->5813           | 79    | 0.6356       | 0.6013       | -0.0342   
5813->5800           | 78    | 0.6383       | 0.6078       | -0.0306   
5800->5612           | 77    | 0.6412       | 0.6103       | -0.0308   
5612->5098           | 76    | 0.6441       | 0.6145       | -0.0296   
5098->6197           | 76    | 0.6441       | 0.6145       | -0.0296   
6197->5097           | 75    | 0.6470       | 0.6180       | -0.0290   
6890->7706           | 74    | 0.6500       | 0.6199       | -0.0301   
7706->7765           | 72    | 0.6562       | 0.6362       | -0.0200   
7765->7954           | 71    | 0.6594       | 0.6372       | -0.0222   
7954->6891           | 70    | 0.6627       | 0.6408       | -0.0218   
4983->4955           | 69    | 0.6660       | 0.6274       | -0.0385   
4955->4956           | 69    | 0.6660       | 0.6274       | -0.0385   
4956->4957           | 69    | 0.6660       | 0.6274       | -0.0385   
4957->5925           | 69    | 0.6660       | 0.6274       | -0.0385   
5925->4958           | 68    | 0.6694       | 0.6315       | -0.0379   
4958->6344           | 68    | 0.6694       | 0.6315       | -0.0379   
6344->4959           | 67    | 0.6728       | 0.6358       | -0.0371   
4959->6013           | 67    | 0.6728       | 0.6358       | -0.0371   
6013->5395           | 66    | 0.6764       | 0.6402       | -0.0362   
5395->5383           | 65    | 0.6800       | 0.6556       | -0.0244   
5383->6133           | 63    | 0.6874       | 0.6624       | -0.0250   
5234->7310           | 63    | 0.6874       | 0.5350       | -0.1524   
6133->5487           | 62    | 0.6912       | 0.6665       | -0.0247   
5487->5404           | 61    | 0.6951       | 0.6753       | -0.0198   
7310->7266           | 61    | 0.6951       | 0.5874       | -0.1077   
5404->4960           | 60    | 0.6991       | 0.6795       | -0.0196   
4960->5343           | 60    | 0.6991       | 0.6795       | -0.0196   
7266->7352           | 60    | 0.6991       | 0.6069       | -0.0922   
5343->5737           | 59    | 0.7031       | 0.6841       | -0.0190   
5097->5111           | 59    | 0.7031       | 0.6386       | -0.0645   
5111->5112           | 59    | 0.7031       | 0.6386       | -0.0645   
5112->5782           | 59    | 0.7031       | 0.6386       | -0.0645   
7352->7251           | 59    | 0.7031       | 0.6347       | -0.0684   
5737->6040           | 58    | 0.7073       | 0.7088       | 0.0015    
5782->5642           | 58    | 0.7073       | 0.6451       | -0.0622   
7251->7166           | 58    | 0.7073       | 0.6392       | -0.0680   
6040->6253           | 57    | 0.7115       | 0.7148       | 0.0034    
7166->7478           | 57    | 0.7115       | 0.6466       | -0.0649   
6253->4961           | 56    | 0.7158       | 0.7181       | 0.0024    
5642->6170           | 56    | 0.7158       | 0.6569       | -0.0589   
7478->7466           | 56    | 0.7158       | 0.6511       | -0.0647   
6170->5460           | 55    | 0.7201       | 0.6636       | -0.0565   
7466->6794           | 55    | 0.7201       | 0.6554       | -0.0647   
6794->6827           | 55    | 0.7201       | 0.6554       | -0.0647   
5460->6064           | 54    | 0.7246       | 0.6729       | -0.0517   
6064->5113           | 53    | 0.7291       | 0.6949       | -0.0342   
5113->5154           | 53    | 0.7291       | 0.6949       | -0.0342   
5235->7156           | 49    | 0.7481       | 0.5440       | -0.2042   
6827->7422           | 49    | 0.7481       | 0.7246       | -0.0236   
7156->7488           | 48    | 0.7531       | 0.5616       | -0.1915   
7488->7201           | 47    | 0.7582       | 0.5763       | -0.1819   
7422->7226           | 47    | 0.7582       | 0.7443       | -0.0139   
7201->7636           | 46    | 0.7633       | 0.5947       | -0.1686   
7226->6806           | 46    | 0.7633       | 0.7548       | -0.0085   
6806->7575           | 46    | 0.7633       | 0.7548       | -0.0085   
7636->7179           | 45    | 0.7685       | 0.6210       | -0.1475   
7575->7401           | 45    | 0.7685       | 0.7552       | -0.0133   
7179->7282           | 44    | 0.7738       | 0.6431       | -0.1307   
7401->7584           | 44    | 0.7738       | 0.7864       | 0.0125    
7282->7288           | 43    | 0.7792       | 0.6659       | -0.1133   
7584->7316           | 43    | 0.7792       | 0.7940       | 0.0148    
7288->7497           | 42    | 0.7847       | 0.6997       | -0.0850   
7497->7507           | 41    | 0.7903       | 0.7186       | -0.0716   
7316->7205           | 41    | 0.7903       | 0.7985       | 0.0082    
7507->6881           | 40    | 0.7959       | 0.7381       | -0.0578   
7205->6807           | 40    | 0.7959       | 0.8068       | 0.0109    
6807->6884           | 39    | 0.8016       | 0.8371       | 0.0355    
6891->7896           | 37    | 0.8132       | 0.6546       | -0.1586   
7896->6892           | 36    | 0.8192       | 0.6636       | -0.1556   
6892->6893           | 36    | 0.8192       | 0.6636       | -0.1556   
6893->7966           | 35    | 0.8252       | 0.6747       | -0.1504   
4963->5401           | 34    | 0.8312       | 0.7137       | -0.1175   
7966->6894           | 34    | 0.8312       | 0.6866       | -0.1447   
6894->8005           | 34    | 0.8312       | 0.6866       | -0.1447   
5401->5566           | 33    | 0.8374       | 0.7383       | -0.0991   
6881->6784           | 33    | 0.8374       | 0.7909       | -0.0464   
6891->7775           | 33    | 0.8374       | 0.6213       | -0.2160   
8005->6895           | 33    | 0.8374       | 0.7318       | -0.1056   
6895->6896           | 33    | 0.8374       | 0.7318       | -0.1056   
6896->6897           | 33    | 0.8374       | 0.7318       | -0.1056   
6897->7009           | 33    | 0.8374       | 0.7318       | -0.1056   
5566->5989           | 32    | 0.8435       | 0.7567       | -0.0869   
7775->7709           | 32    | 0.8435       | 0.6363       | -0.2072   
7009->6898           | 32    | 0.8435       | 0.7730       | -0.0705   
4961->5995           | 31    | 0.8497       | 0.7328       | -0.1169   
5989->5194           | 31    | 0.8497       | 0.7846       | -0.0651   
7709->8002           | 31    | 0.8497       | 0.6529       | -0.1969   
5995->5322           | 30    | 0.8560       | 0.7507       | -0.1053   
5262->6287           | 30    | 0.8560       | 0.5608       | -0.2952   
8002->6933           | 30    | 0.8560       | 0.6639       | -0.1921   
6933->7926           | 30    | 0.8560       | 0.6639       | -0.1921   
5322->5325           | 29    | 0.8623       | 0.7687       | -0.0936   
6287->5454           | 29    | 0.8623       | 0.5754       | -0.2869   
6784->7593           | 29    | 0.8623       | 0.8219       | -0.0404   
7926->7038           | 29    | 0.8623       | 0.6992       | -0.1631   
5325->6118           | 28    | 0.8686       | 0.7832       | -0.0854   
5154->5807           | 28    | 0.8686       | 0.6809       | -0.1878   
5454->5666           | 28    | 0.8686       | 0.5908       | -0.2778   
7593->7605           | 28    | 0.8686       | 0.8645       | -0.0041   
6898->7845           | 28    | 0.8686       | 0.7668       | -0.1018   
6118->4962           | 27    | 0.8749       | 0.7986       | -0.0763   
4962->5496           | 27    | 0.8749       | 0.7986       | -0.0763   
5807->5841           | 27    | 0.8749       | 0.7537       | -0.1212   
5666->5237           | 27    | 0.8749       | 0.6185       | -0.2564   
5237->5502           | 27    | 0.8749       | 0.6185       | -0.2564   
7605->7182           | 27    | 0.8749       | 0.8824       | 0.0075    
7845->7830           | 27    | 0.8749       | 0.8360       | -0.0390   
5496->5788           | 26    | 0.8813       | 0.8229       | -0.0584   
5841->6335           | 26    | 0.8813       | 0.7898       | -0.0915   
5502->5238           | 26    | 0.8813       | 0.6440       | -0.2373   
5238->5239           | 26    | 0.8813       | 0.6440       | -0.2373   
5239->5240           | 26    | 0.8813       | 0.6440       | -0.2373   
7182->7548           | 26    | 0.8813       | 0.8824       | 0.0011    
7830->7960           | 26    | 0.8813       | 0.8508       | -0.0305   
4961->5594           | 25    | 0.8876       | 0.7091       | -0.1786   
5788->5569           | 25    | 0.8876       | 0.8443       | -0.0434   
5154->5421           | 25    | 0.8876       | 0.7205       | -0.1671   
6335->5526           | 25    | 0.8876       | 0.7960       | -0.0917   
7548->7270           | 25    | 0.8876       | 0.8853       | -0.0023   
6890->7055           | 25    | 0.8876       | 0.6585       | -0.2291   
6890->7745           | 25    | 0.8876       | 0.5003       | -0.3874   
7055->7739           | 25    | 0.8876       | 0.6585       | -0.2291   
7960->7787           | 25    | 0.8876       | 0.8619       | -0.0257   
5594->5508           | 24    | 0.8940       | 0.7182       | -0.1758   
5569->5216           | 24    | 0.8940       | 0.8651       | -0.0289   
5421->5693           | 24    | 0.8940       | 0.7509       | -0.1430   
5526->5469           | 24    | 0.8940       | 0.8084       | -0.0856   
7270->7419           | 24    | 0.8940       | 0.9055       | 0.0115    
7745->7851           | 24    | 0.8940       | 0.5263       | -0.3677   
7739->7688           | 24    | 0.8940       | 0.6792       | -0.2147   
7787->7781           | 24    | 0.8940       | 0.8635       | -0.0305   
5508->6001           | 23    | 0.9003       | 0.7240       | -0.1763   
5693->5877           | 23    | 0.9003       | 0.8012       | -0.0991   
5469->5114           | 23    | 0.9003       | 0.8405       | -0.0598   
7419->7189           | 23    | 0.9003       | 0.9078       | 0.0075    
7851->7757           | 23    | 0.9003       | 0.5366       | -0.3637   
7688->7056           | 23    | 0.9003       | 0.6970       | -0.2033   
7781->7784           | 23    | 0.9003       | 0.8847       | -0.0156   
4983->5835           | 22    | 0.9066       | 0.5910       | -0.3156   
6001->5389           | 22    | 0.9066       | 0.7340       | -0.1726   
5877->5358           | 22    | 0.9066       | 0.8505       | -0.0561   
7189->7555           | 22    | 0.9066       | 0.9077       | 0.0012    
7757->6917           | 22    | 0.9066       | 0.6205       | -0.2861   
7056->7771           | 22    | 0.9066       | 0.7219       | -0.1847   
6917->7823           | 22    | 0.9066       | 0.6205       | -0.2861   
7784->6899           | 22    | 0.9066       | 0.9276       | 0.0210    
6899->6960           | 22    | 0.9066       | 0.9276       | 0.0210    
5835->5016           | 21    | 0.9128       | 0.6153       | -0.2975   
5389->5021           | 21    | 0.9128       | 0.7474       | -0.1654   
5021->6124           | 21    | 0.9128       | 0.7474       | -0.1654   
5358->5886           | 21    | 0.9128       | 0.9037       | -0.0091   
6884->6861           | 21    | 0.9128       | 0.8570       | -0.0559   
6861->7666           | 21    | 0.9128       | 0.8570       | -0.0559   
7555->7170           | 21    | 0.9128       | 0.9089       | -0.0039   
7771->7057           | 21    | 0.9128       | 0.7530       | -0.1598   
7823->7911           | 21    | 0.9128       | 0.6366       | -0.2762   
6124->5022           | 20    | 0.9190       | 0.7574       | -0.1616   
5022->5319           | 20    | 0.9190       | 0.7574       | -0.1616   
5886->5127           | 20    | 0.9190       | 0.9415       | 0.0225    
5114->5115           | 20    | 0.9190       | 0.9076       | -0.0114   
5115->6266           | 20    | 0.9190       | 0.9076       | -0.0114   
7666->7349           | 20    | 0.9190       | 0.9086       | -0.0104   
7170->7331           | 20    | 0.9190       | 0.9094       | -0.0096   
7057->7058           | 20    | 0.9190       | 0.7818       | -0.1372   
7911->7691           | 20    | 0.9190       | 0.6556       | -0.2634   
7058->7920           | 20    | 0.9190       | 0.7818       | -0.1372   
5016->5523           | 19    | 0.9251       | 0.7173       | -0.2078   
5319->6055           | 19    | 0.9251       | 0.7735       | -0.1517   
5216->6281           | 19    | 0.9251       | 0.8875       | -0.0376   
5194->5053           | 19    | 0.9251       | 0.8332       | -0.0919   
5053->5935           | 19    | 0.9251       | 0.8332       | -0.0919   
6266->6149           | 19    | 0.9251       | 0.9197       | -0.0054   
7349->7676           | 19    | 0.9251       | 0.9331       | 0.0080    
7331->7361           | 19    | 0.9251       | 0.9259       | 0.0008    
7691->6918           | 19    | 0.9251       | 0.6920       | -0.2331   
7920->7984           | 19    | 0.9251       | 0.8151       | -0.1100   
5523->5618           | 18    | 0.9311       | 0.7748       | -0.1563   
6055->5411           | 18    | 0.9311       | 0.7832       | -0.1479   
6281->6194           | 18    | 0.9311       | 0.8922       | -0.0389   
5935->5715           | 18    | 0.9311       | 0.8821       | -0.0490   
6149->5828           | 18    | 0.9311       | 0.9248       | -0.0064   
7676->6862           | 18    | 0.9311       | 0.9353       | 0.0041    
6862->7596           | 18    | 0.9311       | 0.9353       | 0.0041    
7361->7654           | 18    | 0.9311       | 0.9418       | 0.0107    
6918->7863           | 18    | 0.9311       | 0.7338       | -0.1973   
7984->7880           | 18    | 0.9311       | 0.8732       | -0.0579   
6960->6947           | 18    | 0.9311       | 0.9328       | 0.0017    
6947->6948           | 18    | 0.9311       | 0.9328       | 0.0017    
6948->6949           | 18    | 0.9311       | 0.9328       | 0.0017    
5618->4993           | 17    | 0.9370       | 0.8459       | -0.0911   
4993->5621           | 17    | 0.9370       | 0.8459       | -0.0911   
5411->6164           | 17    | 0.9370       | 0.8024       | -0.1346   
6194->5205           | 17    | 0.9370       | 0.9430       | 0.0059    
5205->6290           | 17    | 0.9370       | 0.9430       | 0.0059    
5828->5116           | 17    | 0.9370       | 0.9367       | -0.0003   
5116->6037           | 17    | 0.9370       | 0.9367       | -0.0003   
5240->6748           | 17    | 0.9370       | 0.7429       | -0.1942   
7596->7472           | 17    | 0.9370       | 0.9347       | -0.0024   
7654->7244           | 17    | 0.9370       | 0.9417       | 0.0047    
7863->7733           | 17    | 0.9370       | 0.7586       | -0.1784   
7880->7778           | 17    | 0.9370       | 0.8940       | -0.0431   
7038->6934           | 17    | 0.9370       | 0.8550       | -0.0821   
6934->7820           | 17    | 0.9370       | 0.8550       | -0.0821   
5005->4989           | 16    | 0.9428       | 0.5602       | -0.3826   
5621->5575           | 16    | 0.9428       | 0.8941       | -0.0487   
5097->5096           | 16    | 0.9428       | 0.5391       | -0.4037   
5096->5095           | 16    | 0.9428       | 0.5391       | -0.4037   
5095->5913           | 16    | 0.9428       | 0.5391       | -0.4037   
6164->5023           | 16    | 0.9428       | 0.8311       | -0.1118   
5023->5648           | 16    | 0.9428       | 0.8311       | -0.1118   
6290->5916           | 16    | 0.9428       | 0.9448       | 0.0020    
5715->5708           | 16    | 0.9428       | 0.9331       | -0.0097   
6037->5117           | 16    | 0.9428       | 0.9437       | 0.0008    
5117->5352           | 16    | 0.9428       | 0.9437       | 0.0008    
6884->6808           | 16    | 0.9428       | 0.8892       | -0.0536   
6808->7295           | 16    | 0.9428       | 0.8892       | -0.0536   
7472->7562           | 16    | 0.9428       | 0.9467       | 0.0038    
7244->7238           | 16    | 0.9428       | 0.9416       | -0.0013   
7733->7814           | 16    | 0.9428       | 0.8151       | -0.1277   
7778->7799           | 16    | 0.9428       | 0.9259       | -0.0170   
7820->7951           | 16    | 0.9428       | 0.8738       | -0.0691   
4989->5539           | 15    | 0.9485       | 0.6142       | -0.3343   
5575->5998           | 15    | 0.9485       | 0.9254       | -0.0231   
5913->5475           | 15    | 0.9485       | 0.5883       | -0.3602   
5648->5763           | 15    | 0.9485       | 0.8334       | -0.1151   
5127->6181           | 15    | 0.9485       | 0.9372       | -0.0112   
5916->5862           | 15    | 0.9485       | 0.9447       | -0.0038   
5708->5563           | 15    | 0.9485       | 0.9403       | -0.0082   
5352->5727           | 15    | 0.9485       | 0.9452       | -0.0033   
7295->7428           | 15    | 0.9485       | 0.8978       | -0.0507   
6776->6834           | 15    | 0.9485       | 0.5514       | -0.3970   
6834->6833           | 15    | 0.9485       | 0.5514       | -0.3970   
6833->7232           | 15    | 0.9485       | 0.5514       | -0.3970   
7562->7407           | 15    | 0.9485       | 0.9540       | 0.0055    
7238->7438           | 15    | 0.9485       | 0.9418       | -0.0067   
7814->6919           | 15    | 0.9485       | 0.9459       | -0.0026   
7799->7742           | 15    | 0.9485       | 0.9368       | -0.0117   
6919->7860           | 15    | 0.9485       | 0.9459       | -0.0026   
7951->7883           | 15    | 0.9485       | 0.8798       | -0.0687   
6949->6965           | 15    | 0.9485       | 0.9412       | -0.0073   
6965->7874           | 15    | 0.9485       | 0.9412       | -0.0073   
5539->5769           | 14    | 0.9540       | 0.6543       | -0.2997   
5998->5687           | 14    | 0.9540       | 0.9454       | -0.0086   
5475->5386           | 14    | 0.9540       | 0.6694       | -0.2846   
5763->5584           | 14    | 0.9540       | 0.8438       | -0.1102   
6181->6313           | 14    | 0.9540       | 0.9461       | -0.0079   
5862->5204           | 14    | 0.9540       | 0.9585       | 0.0046    
5563->5054           | 14    | 0.9540       | 0.9550       | 0.0010    
5054->5660           | 14    | 0.9540       | 0.9550       | 0.0010    
5727->5983           | 14    | 0.9540       | 0.9464       | -0.0076   
7428->7392           | 14    | 0.9540       | 0.9218       | -0.0321   
7232->7531           | 14    | 0.9540       | 0.6077       | -0.3463   
7407->6863           | 14    | 0.9540       | 0.9558       | 0.0018    
7438->7679           | 14    | 0.9540       | 0.9526       | -0.0013   
7742->7727           | 14    | 0.9540       | 0.9425       | -0.0115   
7860->7035           | 14    | 0.9540       | 0.9644       | 0.0104    
7883->6935           | 14    | 0.9540       | 0.8978       | -0.0561   
6935->7694           | 14    | 0.9540       | 0.8978       | -0.0561   
7874->7810           | 14    | 0.9540       | 0.9446       | -0.0094   
4941->4927           | 13    | 0.9593       | 0.5221       | -0.4372   
4927->5734           | 13    | 0.9593       | 0.5221       | -0.4372   
5769->5424           | 13    | 0.9593       | 0.6995       | -0.2598   
5687->5663           | 13    | 0.9593       | 0.9599       | 0.0006    
5386->6052           | 13    | 0.9593       | 0.7514       | -0.2079   
5584->5889           | 13    | 0.9593       | 0.8873       | -0.0720   
6313->5505           | 13    | 0.9593       | 0.9583       | -0.0010   
5204->5499           | 13    | 0.9593       | 0.9582       | -0.0011   
5660->6244           | 13    | 0.9593       | 0.9628       | 0.0035    
5983->5118           | 13    | 0.9593       | 0.9612       | 0.0019    
5118->5655           | 13    | 0.9593       | 0.9612       | 0.0019    
7392->6809           | 13    | 0.9593       | 0.9489       | -0.0104   
6809->7413           | 13    | 0.9593       | 0.9489       | -0.0104   
7531->7491           | 13    | 0.9593       | 0.6739       | -0.2854   
6863->7448           | 13    | 0.9593       | 0.9573       | -0.0020   
7679->7454           | 13    | 0.9593       | 0.9608       | 0.0015    
7694->7957           | 13    | 0.9593       | 0.9428       | -0.0165   
7810->6966           | 13    | 0.9593       | 0.9685       | 0.0092    
6966->7917           | 13    | 0.9593       | 0.9685       | 0.0092    
7114->7107           | 12    | 0.9644       | 0.5866       | -0.3778   
7107->7503           | 12    | 0.9644       | 0.5866       | -0.3778   
5734->5932           | 12    | 0.9644       | 0.5565       | -0.4080   
5663->5944           | 12    | 0.9644       | 0.9693       | 0.0049    
6052->5669           | 12    | 0.9644       | 0.8432       | -0.1212   
5889->5284           | 12    | 0.9644       | 0.9639       | -0.0005   
5505->5126           | 12    | 0.9644       | 0.9648       | 0.0004    
5126->5125           | 12    | 0.9644       | 0.9648       | 0.0004    
6244->5597           | 12    | 0.9644       | 0.9735       | 0.0091    
5655->5959           | 12    | 0.9644       | 0.9698       | 0.0054    
7491->7568           | 12    | 0.9644       | 0.7813       | -0.1831   
7448->6864           | 12    | 0.9644       | 0.9616       | -0.0028   
6864->7248           | 12    | 0.9644       | 0.9616       | -0.0028   
7454->7599           | 12    | 0.9644       | 0.9739       | 0.0095    
7727->7685           | 12    | 0.9644       | 0.9656       | 0.0012    
7957->7870           | 12    | 0.9644       | 0.9693       | 0.0049    
7917->7002           | 12    | 0.9644       | 0.9698       | 0.0054    
7503->7374           | 11    | 0.9693       | 0.6625       | -0.3068   
5932->5746           | 11    | 0.9693       | 0.5758       | -0.3935   
5424->6238           | 11    | 0.9693       | 0.8261       | -0.1432   
5944->5779           | 11    | 0.9693       | 0.9766       | 0.0073    
5669->5376           | 11    | 0.9693       | 0.9457       | -0.0236   
5284->5408           | 11    | 0.9693       | 0.9762       | 0.0069    
5499->5953           | 11    | 0.9693       | 0.9741       | 0.0048    
5125->6130           | 11    | 0.9693       | 0.9727       | 0.0034    
5597->6347           | 11    | 0.9693       | 0.9775       | 0.0082    
5959->5119           | 11    | 0.9693       | 0.9715       | 0.0022    
7413->7276           | 11    | 0.9693       | 0.9647       | -0.0046   
7568->7541           | 11    | 0.9693       | 0.8053       | -0.1640   
7248->7334           | 11    | 0.9693       | 0.9642       | -0.0051   
7599->7624           | 11    | 0.9693       | 0.9738       | 0.0045    
7035->6920           | 11    | 0.9693       | 0.9675       | -0.0018   
7685->7730           | 11    | 0.9693       | 0.9737       | 0.0044    
6920->7903           | 11    | 0.9693       | 0.9675       | -0.0018   
7870->7718           | 11    | 0.9693       | 0.9740       | 0.0047    
7374->7445           | 10    | 0.9740       | 0.7633       | -0.2106   
4905->4888           | 10    | 0.9740       | 0.5578       | -0.4161   
4888->5427           | 10    | 0.9740       | 0.5578       | -0.4161   
5746->6304           | 10    | 0.9740       | 0.5960       | -0.3780   
6238->5367           | 10    | 0.9740       | 0.8962       | -0.0778   
5779->5517           | 10    | 0.9740       | 0.9812       | 0.0073    
5376->6173           | 10    | 0.9740       | 0.9605       | -0.0134   
5408->6019           | 10    | 0.9740       | 0.9850       | 0.0111    
5953->5203           | 10    | 0.9740       | 0.9747       | 0.0007    
5203->5493           | 10    | 0.9740       | 0.9747       | 0.0007    
6130->6310           | 10    | 0.9740       | 0.9735       | -0.0005   
6347->5055           | 10    | 0.9740       | 0.9804       | 0.0064    
5055->5056           | 10    | 0.9740       | 0.9804       | 0.0064    
5056->6178           | 10    | 0.9740       | 0.9804       | 0.0064    
7276->7263           | 10    | 0.9740       | 0.9827       | 0.0088    
7541->7416           | 10    | 0.9740       | 0.9227       | -0.0513   
7334->6865           | 10    | 0.9740       | 0.9778       | 0.0038    
7624->6813           | 10    | 0.9740       | 0.9738       | -0.0002   
7730->7059           | 10    | 0.9740       | 0.9833       | 0.0093    
7903->7948           | 10    | 0.9740       | 0.9725       | -0.0015   
7718->7887           | 10    | 0.9740       | 0.9817       | 0.0078    
7445->7140           | 9     | 0.9783       | 0.9077       | -0.0707   
5427->5448           | 9     | 0.9783       | 0.6117       | -0.3666   
6304->6031           | 9     | 0.9783       | 0.6188       | -0.3595   
5367->6136           | 9     | 0.9783       | 0.9388       | -0.0396   
5517->5466           | 9     | 0.9783       | 0.9852       | 0.0069    
6173->5094           | 9     | 0.9783       | 0.9833       | 0.0050    
5094->5606           | 9     | 0.9783       | 0.9833       | 0.0050    
5194->5183           | 9     | 0.9783       | 0.8407       | -0.1376   
5183->5182           | 9     | 0.9783       | 0.8407       | -0.1376   
6019->5024           | 9     | 0.9783       | 0.9854       | 0.0070    
5024->5442           | 9     | 0.9783       | 0.9854       | 0.0070    
5493->5490           | 9     | 0.9783       | 0.9767       | -0.0016   
6310->5588           | 9     | 0.9783       | 0.9808       | 0.0024    
6178->5057           | 9     | 0.9783       | 0.9856       | 0.0073    
5057->5084           | 9     | 0.9783       | 0.9856       | 0.0073    
5240->5241           | 9     | 0.9783       | 0.5178       | -0.4605   
5241->7587           | 9     | 0.9783       | 0.5178       | -0.4605   
6748->6749           | 9     | 0.9783       | 0.7286       | -0.2497   
6749->7325           | 9     | 0.9783       | 0.7286       | -0.2497   
7263->7346           | 9     | 0.9783       | 0.9840       | 0.0056    
7416->7404           | 9     | 0.9783       | 0.9473       | -0.0310   
7059->7721           | 9     | 0.9783       | 0.9882       | 0.0099    
7948->7945           | 9     | 0.9783       | 0.9808       | 0.0024    
7887->7939           | 9     | 0.9783       | 0.9874       | 0.0090    
7140->7220           | 8     | 0.9824       | 0.9199       | -0.0626   
4905->6215           | 8     | 0.9824       | 0.2673       | -0.7151   
5448->5627           | 8     | 0.9824       | 0.7175       | -0.2649   
6031->5349           | 8     | 0.9824       | 0.6437       | -0.3387   
6136->5919           | 8     | 0.9824       | 0.9702       | -0.0122   
5466->6341           | 8     | 0.9824       | 0.9879       | 0.0055    
5606->6007           | 8     | 0.9824       | 0.9926       | 0.0102    
5182->5181           | 8     | 0.9824       | 0.9265       | -0.0559   
5181->5956           | 8     | 0.9824       | 0.9265       | -0.0559   
5442->5025           | 8     | 0.9824       | 0.9846       | 0.0021    
5490->5202           | 8     | 0.9824       | 0.9806       | -0.0018   
5588->5124           | 8     | 0.9824       | 0.9835       | 0.0010    
5025->5026           | 8     | 0.9824       | 0.9846       | 0.0021    
5202->5307           | 8     | 0.9824       | 0.9806       | -0.0018   
5124->5463           | 8     | 0.9824       | 0.9835       | 0.0010    
5026->5364           | 8     | 0.9824       | 0.9846       | 0.0021    
5119->5950           | 8     | 0.9824       | 0.9803       | -0.0022   
6748->7510           | 8     | 0.9824       | 0.7590       | -0.2234   
7587->6025           | 8     | 0.9824       | 0.5550       | -0.4274   
7325->7208           | 8     | 0.9824       | 0.8784       | -0.1041   
7346->7657           | 8     | 0.9824       | 0.9866       | 0.0042    
7404->7380           | 8     | 0.9824       | 0.9691       | -0.0134   
6865->6866           | 8     | 0.9824       | 0.9843       | 0.0019    
6866->6867           | 8     | 0.9824       | 0.9843       | 0.0019    
7721->7932           | 8     | 0.9824       | 0.9893       | 0.0068    
7945->7748           | 8     | 0.9824       | 0.9853       | 0.0029    
7939->7987           | 8     | 0.9824       | 0.9890       | 0.0065    
7117->7377           | 7     | 0.9862       | 0.5284       | -0.4578   
7220->7195           | 7     | 0.9862       | 0.9405       | -0.0457   
6215->5740           | 7     | 0.9862       | 0.2909       | -0.6953   
5627->6272           | 7     | 0.9862       | 0.7929       | -0.1933   
5349->5759           | 7     | 0.9862       | 0.6580       | -0.3282   
5919->5838           | 7     | 0.9862       | 0.9878       | 0.0016    
6341->4992           | 7     | 0.9862       | 0.9901       | 0.0039    
6007->6097           | 7     | 0.9862       | 0.9945       | 0.0083    
5956->5180           | 7     | 0.9862       | 0.9803       | -0.0059   
5180->6100           | 7     | 0.9862       | 0.9803       | -0.0059   
5307->5743           | 7     | 0.9862       | 0.9828       | -0.0034   
5463->5123           | 7     | 0.9862       | 0.9861       | -0.0001   
5364->5971           | 7     | 0.9862       | 0.9888       | 0.0026    
5123->5398           | 7     | 0.9862       | 0.9861       | -0.0001   
5950->5756           | 7     | 0.9862       | 0.9861       | -0.0001   
6881->7340           | 7     | 0.9862       | 0.5639       | -0.4223   
7510->7079           | 7     | 0.9862       | 0.7632       | -0.2230   
6025->5529           | 7     | 0.9862       | 0.7147       | -0.2715   
7079->7078           | 7     | 0.9862       | 0.7632       | -0.2230   
7208->6750           | 7     | 0.9862       | 0.8963       | -0.0899   
7078->7602           | 7     | 0.9862       | 0.7632       | -0.2230   
7657->7192           | 7     | 0.9862       | 0.9875       | 0.0013    
6757->6848           | 7     | 0.9862       | 0.1198       | -0.8664   
6848->7660           | 7     | 0.9862       | 0.1198       | -0.8664   
7380->7198           | 7     | 0.9862       | 0.9858       | -0.0004   
6813->7645           | 7     | 0.9862       | 0.9775       | -0.0087   
6867->7528           | 7     | 0.9862       | 0.9865       | 0.0003    
7038->7021           | 7     | 0.9862       | 0.5558       | -0.4304   
7021->7980           | 7     | 0.9862       | 0.5558       | -0.4304   
7932->7736           | 7     | 0.9862       | 0.9902       | 0.0040    
7748->6921           | 7     | 0.9862       | 0.9880       | 0.0018    
6921->7712           | 7     | 0.9862       | 0.9880       | 0.0018    
7987->7977           | 7     | 0.9862       | 0.9933       | 0.0071    
7377->7108           | 6     | 0.9896       | 0.5826       | -0.4070   
7108->7125           | 6     | 0.9896       | 0.5826       | -0.4070   
7125->7235           | 6     | 0.9896       | 0.5826       | -0.4070   
7195->7307           | 6     | 0.9896       | 0.9647       | -0.0249   
5740->4887           | 6     | 0.9896       | 0.3207       | -0.6689   
4887->6091           | 6     | 0.9896       | 0.3207       | -0.6689   
6272->5865           | 6     | 0.9896       | 0.8551       | -0.1346   
5759->5542           | 6     | 0.9896       | 0.6634       | -0.3262   
5838->5731           | 6     | 0.9896       | 0.9974       | 0.0078    
4992->4991           | 6     | 0.9896       | 0.9912       | 0.0016    
6097->5331           | 6     | 0.9896       | 0.9981       | 0.0085    
6100->5532           | 6     | 0.9896       | 0.9915       | 0.0019    
5743->5201           | 6     | 0.9896       | 0.9891       | -0.0005   
5971->5027           | 6     | 0.9896       | 0.9891       | -0.0006   
5201->5379           | 6     | 0.9896       | 0.9891       | -0.0005   
5027->5560           | 6     | 0.9896       | 0.9891       | -0.0006   
5756->5223           | 6     | 0.9896       | 0.9901       | 0.0005    
5223->5965           | 6     | 0.9896       | 0.9901       | 0.0005    
7340->7469           | 6     | 0.9896       | 0.9046       | -0.0850   
6750->6751           | 6     | 0.9896       | 0.9744       | -0.0153   
7602->7279           | 6     | 0.9896       | 0.9722       | -0.0175   
7192->6810           | 6     | 0.9896       | 0.9901       | 0.0005    
6810->7618           | 6     | 0.9896       | 0.9901       | 0.0005    
7660->7558           | 6     | 0.9896       | 0.1313       | -0.8583   
7198->7516           | 6     | 0.9896       | 0.9964       | 0.0068    
7645->7571           | 6     | 0.9896       | 0.9856       | -0.0041   
7528->7648           | 6     | 0.9896       | 0.9882       | -0.0015   
7980->7963           | 6     | 0.9896       | 0.7250       | -0.2646   
7736->7923           | 6     | 0.9896       | 0.9904       | 0.0008    
7712->7890           | 6     | 0.9896       | 0.9896       | -0.0000   
7977->7804           | 6     | 0.9896       | 0.9941       | 0.0045    
7002->6988           | 6     | 0.9896       | 0.9681       | -0.0216   
7002->7760           | 6     | 0.9896       | 0.9722       | -0.0175   
7235->7364           | 5     | 0.9927       | 0.6550       | -0.3377   
7307->7565           | 5     | 0.9927       | 0.9813       | -0.0113   
5865->5436           | 5     | 0.9927       | 0.8932       | -0.0994   
4891->6022           | 5     | 0.9927       | 0.0500       | -0.9427   
5542->4949           | 5     | 0.9927       | 0.7965       | -0.1962   
5731->5775           | 5     | 0.9927       | 0.9997       | 0.0070    
5331->6073           | 5     | 0.9927       | 0.9981       | 0.0054    
5127->5159           | 5     | 0.9927       | 0.9479       | -0.0448   
5159->5160           | 5     | 0.9927       | 0.9479       | -0.0448   
5532->5179           | 5     | 0.9927       | 0.9993       | 0.0066    
5179->6076           | 5     | 0.9927       | 0.9993       | 0.0066    
5398->5451           | 5     | 0.9927       | 0.9904       | -0.0023   
5379->6207           | 5     | 0.9927       | 0.9921       | -0.0006   
5066->5892           | 5     | 0.9927       | 0.0500       | -0.9427   
5560->6061           | 5     | 0.9927       | 0.9908       | -0.0018   
5064->5370           | 5     | 0.9927       | 0.0500       | -0.9427   
5965->5222           | 5     | 0.9927       | 0.9943       | 0.0016    
6827->7519           | 5     | 0.9927       | 0.3943       | -0.5984   
7469->7639           | 5     | 0.9927       | 0.9294       | -0.0633   
5529->6307           | 5     | 0.9927       | 0.9165       | -0.0762   
6751->6752           | 5     | 0.9927       | 0.9767       | -0.0160   
7279->7077           | 5     | 0.9927       | 0.9863       | -0.0064   
7077->7076           | 5     | 0.9927       | 0.9863       | -0.0064   
7076->7319           | 5     | 0.9927       | 0.9863       | -0.0064   
7618->7367           | 5     | 0.9927       | 0.9903       | -0.0024   
7558->7313           | 5     | 0.9927       | 0.1493       | -0.8434   
7516->7160           | 5     | 0.9927       | 0.9975       | 0.0049    
7571->6832           | 5     | 0.9927       | 0.9933       | 0.0006    
7648->7257           | 5     | 0.9927       | 0.9907       | -0.0020   
7038->7020           | 5     | 0.9927       | 0.5570       | -0.4357   
7020->7793           | 5     | 0.9927       | 0.5570       | -0.4357   
7963->7703           | 5     | 0.9927       | 0.8786       | -0.1141   
7923->7936           | 5     | 0.9927       | 0.9908       | -0.0019   
7890->7836           | 5     | 0.9927       | 0.9943       | 0.0016    
7804->6936           | 5     | 0.9927       | 0.9942       | 0.0015    
6936->6937           | 5     | 0.9927       | 0.9942       | 0.0015    
6937->7893           | 5     | 0.9927       | 0.9942       | 0.0015    
7364->7630           | 4     | 0.9953       | 0.7125       | -0.2829   
7565->7682           | 4     | 0.9953       | 0.9999       | 0.0045    
6091->4886           | 4     | 0.9953       | 0.4303       | -0.5650   
4886->6146           | 4     | 0.9953       | 0.4303       | -0.5650   
5436->4889           | 4     | 0.9953       | 0.9466       | -0.0487   
6022->6224           | 4     | 0.9953       | 0.0500       | -0.9453   
5775->6257           | 4     | 0.9953       | 0.9996       | 0.0043    
4991->5313           | 4     | 0.9953       | 0.9915       | -0.0039   
5216->5609           | 4     | 0.9953       | 0.7955       | -0.1998   
6073->5904           | 4     | 0.9953       | 0.9979       | 0.0026    
5160->5938           | 4     | 0.9953       | 0.9692       | -0.0262   
5451->5122           | 4     | 0.9953       | 0.9924       | -0.0029   
6207->5572           | 4     | 0.9953       | 0.9932       | -0.0022   
5892->5030           | 4     | 0.9953       | 0.0500       | -0.9453   
6061->5028           | 4     | 0.9953       | 0.9921       | -0.0032   
5370->5346           | 4     | 0.9953       | 0.0500       | -0.9453   
5222->5415           | 4     | 0.9953       | 0.9948       | -0.0006   
7519->7475           | 4     | 0.9953       | 0.5807       | -0.4146   
6784->7673           | 4     | 0.9953       | 0.6320       | -0.3634   
7639->7484           | 4     | 0.9953       | 0.9671       | -0.0282   
6307->7254           | 4     | 0.9953       | 0.9625       | -0.0328   
6752->6753           | 4     | 0.9953       | 0.9938       | -0.0015   
7319->7075           | 4     | 0.9953       | 0.9953       | 0.0000    
7075->7241           | 4     | 0.9953       | 0.9953       | 0.0000    
7367->7355           | 4     | 0.9953       | 0.9945       | -0.0008   
7313->7173           | 4     | 0.9953       | 0.1744       | -0.8209   
7160->7358           | 4     | 0.9953       | 0.9975       | 0.0022    
7257->7389           | 4     | 0.9953       | 0.9924       | -0.0030   
7793->7019           | 4     | 0.9953       | 0.5675       | -0.4279   
7019->7018           | 4     | 0.9953       | 0.5675       | -0.4279   
7703->7899           | 4     | 0.9953       | 0.9456       | -0.0498   
7018->7017           | 4     | 0.9953       | 0.5675       | -0.4279   
7017->7016           | 4     | 0.9953       | 0.5675       | -0.4279   
6898->7097           | 4     | 0.9953       | 0.8695       | -0.1258   
7097->7096           | 4     | 0.9953       | 0.8695       | -0.1258   
7096->7095           | 4     | 0.9953       | 0.8695       | -0.1258   
7095->7094           | 4     | 0.9953       | 0.8695       | -0.1258   
7094->7093           | 4     | 0.9953       | 0.8695       | -0.1258   
7093->7697           | 4     | 0.9953       | 0.8695       | -0.1258   
7936->8009           | 4     | 0.9953       | 0.9911       | -0.0042   
6960->7796           | 4     | 0.9953       | 0.9054       | -0.0900   
7836->6922           | 4     | 0.9953       | 0.9958       | 0.0005    
6922->7715           | 4     | 0.9953       | 0.9958       | 0.0005    
7893->7848           | 4     | 0.9953       | 0.9953       | -0.0000   
6988->6967           | 4     | 0.9953       | 0.9905       | -0.0048   
7760->6993           | 4     | 0.9953       | 0.9885       | -0.0068   
6967->6968           | 4     | 0.9953       | 0.9905       | -0.0048   
6993->6994           | 4     | 0.9953       | 0.9885       | -0.0068   
6968->7996           | 4     | 0.9953       | 0.9905       | -0.0048   
7137->7663           | 3     | 0.9975       | 0.0500       | -0.9475   
7630->7383           | 3     | 0.9975       | 0.7395       | -0.2580   
7682->7608           | 3     | 0.9975       | 0.9999       | 0.0023    
6146->4885           | 3     | 0.9975       | 0.5369       | -0.4606   
4885->6079           | 3     | 0.9975       | 0.5369       | -0.4606   
4889->5472           | 3     | 0.9975       | 0.9879       | -0.0097   
6224->4890           | 3     | 0.9975       | 0.0500       | -0.9475   
4949->5749           | 3     | 0.9975       | 0.8815       | -0.1160   
6257->5871           | 3     | 0.9975       | 0.9996       | 0.0021    
5313->5910           | 3     | 0.9975       | 0.9919       | -0.0056   
4963->6191           | 3     | 0.9975       | 0.0500       | -0.9475   
5609->6319           | 3     | 0.9975       | 0.8572       | -0.1403   
5194->5785           | 3     | 0.9975       | 0.1440       | -0.8535   
5114->8022           | 3     | 0.9975       | 0.5793       | -0.4183   
5034->5166           | 3     | 0.9975       | 0.0500       | -0.9475   
5904->5922           | 3     | 0.9975       | 0.9978       | 0.0003    
5166->5340           | 3     | 0.9975       | 0.0500       | -0.9475   
5938->5161           | 3     | 0.9975       | 0.9825       | -0.0151   
5161->6028           | 3     | 0.9975       | 0.9825       | -0.0151   
6076->5822           | 3     | 0.9975       | 0.9993       | 0.0018    
5122->5825           | 3     | 0.9975       | 0.9944       | -0.0031   
5572->5200           | 3     | 0.9975       | 0.9964       | -0.0011   
5030->5992           | 3     | 0.9975       | 0.0500       | -0.9475   
5084->5058           | 3     | 0.9975       | 0.9897       | -0.0079   
5084->6016           | 3     | 0.9975       | 0.9823       | -0.0153   
5084->6323           | 3     | 0.9975       | 0.9832       | -0.0143   
5028->5794           | 3     | 0.9975       | 0.9933       | -0.0043   
5200->6152           | 3     | 0.9975       | 0.9964       | -0.0011   
5058->5059           | 3     | 0.9975       | 0.9897       | -0.0079   
5346->5797           | 3     | 0.9975       | 0.0500       | -0.9475   
5415->6139           | 3     | 0.9975       | 0.9951       | -0.0025   
7475->7144           | 3     | 0.9975       | 0.6150       | -0.3826   
7673->7147           | 3     | 0.9975       | 0.8372       | -0.1603   
7484->7217           | 3     | 0.9975       | 0.9976       | 0.0001    
7254->5316           | 3     | 0.9975       | 0.9879       | -0.0096   
6758->7552           | 3     | 0.9975       | 0.0500       | -0.9475   
6753->7071           | 3     | 0.9975       | 0.9973       | -0.0002   
7071->7072           | 3     | 0.9975       | 0.9973       | -0.0002   
7072->7460           | 3     | 0.9975       | 0.9973       | -0.0002   
7241->7304           | 3     | 0.9975       | 0.9947       | -0.0028   
7355->7481           | 3     | 0.9975       | 0.9948       | -0.0028   
7173->6847           | 3     | 0.9975       | 0.2104       | -0.7872   
6813->7431           | 3     | 0.9975       | 0.9662       | -0.0313   
6847->7590           | 3     | 0.9975       | 0.2104       | -0.7872   
7358->7463           | 3     | 0.9975       | 0.9974       | -0.0001   
6832->7395           | 3     | 0.9975       | 0.9939       | -0.0036   
7899->7877           | 3     | 0.9975       | 0.9980       | 0.0005    
7016->7751           | 3     | 0.9975       | 0.6618       | -0.3357   
7697->7092           | 3     | 0.9975       | 0.9834       | -0.0142   
8009->7768           | 3     | 0.9975       | 0.9918       | -0.0058   
7796->7842           | 3     | 0.9975       | 0.9373       | -0.0602   
7715->6923           | 3     | 0.9975       | 0.9968       | -0.0008   
6949->7999           | 3     | 0.9975       | 0.8986       | -0.0990   
6923->7046           | 3     | 0.9975       | 0.9968       | -0.0008   
7046->7969           | 3     | 0.9975       | 0.9968       | -0.0008   
7848->7914           | 3     | 0.9975       | 0.9958       | -0.0017   
6994->6995           | 3     | 0.9975       | 0.9958       | -0.0017   
7996->6969           | 3     | 0.9975       | 0.9958       | -0.0017   
6969->7790           | 3     | 0.9975       | 0.9958       | -0.0017   
7663->7500           | 2     | 0.9993       | 0.0500       | -0.9493   
7383->7451           | 2     | 0.9993       | 0.7471       | -0.2522   
7608->7410           | 2     | 0.9993       | 0.9999       | 0.0006    
6079->5478           | 2     | 0.9993       | 0.5882       | -0.4110   
5472->5578           | 2     | 0.9993       | 0.9989       | -0.0003   
4890->5699           | 2     | 0.9993       | 0.0500       | -0.9493   
5016->6231           | 2     | 0.9993       | 0.0500       | -0.9493   
4949->4926           | 2     | 0.9993       | 0.7697       | -0.2295   
4926->6221           | 2     | 0.9993       | 0.7697       | -0.2295   
5871->6210           | 2     | 0.9993       | 0.9996       | 0.0004    
5910->6103           | 2     | 0.9993       | 0.9924       | -0.0068   
6191->5721           | 2     | 0.9993       | 0.0500       | -0.9493   
6319->6260           | 2     | 0.9993       | 0.8730       | -0.1263   
8022->8026           | 2     | 0.9993       | 0.6027       | -0.3966   
5922->5511           | 2     | 0.9993       | 0.9977       | -0.0016   
5340->5165           | 2     | 0.9993       | 0.0500       | -0.9493   
5165->5164           | 2     | 0.9993       | 0.0500       | -0.9493   
5164->6200           | 2     | 0.9993       | 0.0500       | -0.9493   
6028->6088           | 2     | 0.9993       | 0.9987       | -0.0006   
5822->5430           | 2     | 0.9993       | 0.9993       | 0.0001    
5119->5120           | 2     | 0.9993       | 0.9910       | -0.0083   
5825->5121           | 2     | 0.9993       | 0.9976       | -0.0017   
5120->5535           | 2     | 0.9993       | 0.9910       | -0.0083   
5992->5591           | 2     | 0.9993       | 0.0501       | -0.9492   
6016->5874           | 2     | 0.9993       | 0.9900       | -0.0093   
6323->5702           | 2     | 0.9993       | 0.9898       | -0.0095   
5121->5816           | 2     | 0.9993       | 0.9976       | -0.0017   
5794->5029           | 2     | 0.9993       | 0.9955       | -0.0037   
6152->5844           | 2     | 0.9993       | 0.9968       | -0.0025   
5059->5060           | 2     | 0.9993       | 0.9945       | -0.0048   
5064->5810           | 2     | 0.9993       | 0.0500       | -0.9493   
5060->5061           | 2     | 0.9993       | 0.9945       | -0.0048   
5061->5548           | 2     | 0.9993       | 0.9945       | -0.0048   
5797->5980           | 2     | 0.9993       | 0.0500       | -0.9493   
6139->5696           | 2     | 0.9993       | 0.9963       | -0.0029   
7144->6795           | 2     | 0.9993       | 0.8228       | -0.1764   
7147->7581           | 2     | 0.9993       | 0.9457       | -0.0536   
7217->6860           | 2     | 0.9993       | 0.9986       | -0.0007   
6884->7535           | 2     | 0.9993       | 0.1185       | -0.8808   
6860->7153           | 2     | 0.9993       | 0.9986       | -0.0007   
5316->5675           | 2     | 0.9993       | 0.9968       | -0.0024   
7552->7651           | 2     | 0.9993       | 0.0500       | -0.9493   
7460->7073           | 2     | 0.9993       | 0.9984       | -0.0008   
7073->7211           | 2     | 0.9993       | 0.9984       | -0.0008   
7304->7513           | 2     | 0.9993       | 0.9942       | -0.0050   
7481->6811           | 2     | 0.9993       | 0.9955       | -0.0037   
7431->7522           | 2     | 0.9993       | 0.9741       | -0.0251   
6811->7525           | 2     | 0.9993       | 0.9955       | -0.0037   
7590->6846           | 2     | 0.9993       | 0.3061       | -0.6932   
6846->6845           | 2     | 0.9993       | 0.3061       | -0.6932   
6832->7425           | 2     | 0.9993       | 0.9919       | -0.0073   
6845->7621           | 2     | 0.9993       | 0.3061       | -0.6932   
7463->7322           | 2     | 0.9993       | 0.9971       | -0.0021   
7395->7670           | 2     | 0.9993       | 0.9951       | -0.0041   
7035->7826           | 2     | 0.9993       | 0.9425       | -0.0567   
7877->7990           | 2     | 0.9993       | 0.9984       | -0.0008   
7751->7015           | 2     | 0.9993       | 0.7038       | -0.2954   
7015->7014           | 2     | 0.9993       | 0.7038       | -0.2954   
7014->7833           | 2     | 0.9993       | 0.7038       | -0.2954   
7768->7906           | 2     | 0.9993       | 0.9928       | -0.0064   
7842->7700           | 2     | 0.9993       | 0.9357       | -0.0635   
7999->6950           | 2     | 0.9993       | 0.9109       | -0.0883   
6950->7754           | 2     | 0.9993       | 0.9109       | -0.0883   
7969->7045           | 2     | 0.9993       | 0.9965       | -0.0027   
7914->7854           | 2     | 0.9993       | 0.9964       | -0.0029   
7045->7044           | 2     | 0.9993       | 0.9965       | -0.0027   
6988->7866           | 2     | 0.9993       | 0.9415       | -0.0578   
6995->6996           | 2     | 0.9993       | 0.9991       | -0.0002   
7790->6970           | 2     | 0.9993       | 0.9969       | -0.0024   
6970->7817           | 2     | 0.9993       | 0.9969       | -0.0024   
--------------------------------------------------------------------------------
Mean |Deviation|: 0.1131
Max  |Deviation|: 0.9493
================================================================================

LEAF EDGES (n_consumers = 1): 778 edges
--------------------------------------------------------------------------------
These edges were NOT optimized. By definition:
  - Target simultaneity g(n) = 1.0
  - Achieved simultaneity = 1.0
  - Deviation = 0.0
================================================================================


================================================================================
DEVIATION ANALYSIS BY EDGE SIZE
================================================================================

Single consumer (not optimized):
  Count: 778
  Mean deviation: 0.0000
  Mean |deviation|: 0.0000
  Max |deviation|: 0.0000
  Std dev: 0.0000

Very small (2-10):
  Count: 353
  Mean deviation: -0.1727
  Mean |deviation|: 0.1746
  Max |deviation|: 0.9493
  Std dev: 0.2917

Small (11-50):
  Count: 266
  Mean deviation: -0.0994
  Mean |deviation|: 0.1022
  Max |deviation|: 0.4372
  Std dev: 0.1185

Medium (51-100):
  Count: 57
  Mean deviation: -0.0359
  Mean |deviation|: 0.0389
  Max |deviation|: 0.1524
  Std dev: 0.0311

Large (101-200):
  Count: 34
  Mean deviation: 0.0020
  Mean |deviation|: 0.0141
  Max |deviation|: 0.0423
  Std dev: 0.0183

Very large (201-500):
  Count: 54
  Mean deviation: 0.0027
  Mean |deviation|: 0.0085
  Max |deviation|: 0.0229
  Std dev: 0.0102

Huge (500+):
  Count: 52
  Mean deviation: 0.0067
  Mean |deviation|: 0.0067
  Max |deviation|: 0.0133
  Std dev: 0.0043

================================================================================

Network size range: 2 to 692 consumers
Using problem range: 40-60
Saved enhanced verification plot to output/comprehensive_analysis/demoVerbundnetz_SimulationNeu/steady_state_v3/verification_demoVerbundnetz_SimulationNeu_v3.png

Total execution time: 35.92 seconds
Results saved to: output/comprehensive_analysis/demoVerbundnetz_SimulationNeu/steady_state_v3

=== STDERR ===
