Loading network for case 'NetzHast' from data/test_scenarios/complex/NetzHast.vicus...
Loading VICUS file: data/test_scenarios/complex/NetzHast.vicus
Parsed Simultaneity Spline: 63 points.
data/test_scenarios/complex/NetzHast.vicus
Found peak day: day 24 (hours 552-575) with peak=7400.0000
Force-selected profile: Residential_SingleFamily_HeatingLoad.tsv (peak day extraction, resampled to 96 steps)
Peak day profile plot saved to output/peak_day_profile.png
Created 39 consumers and 93 relevant optimization edges.

--- Starting Optimization using Scheme 'v2' for NetzHast ---
Initial weighted error (using v2): 130.361008
Regularization target: 1.0000
  Iter 0: Obj=130.361008 (Fit: 130.361008, Reg: 0.000000) | LR: 0.000163
  Iter 200: Obj=7.580750 (Fit: 7.552935, Reg: 0.027815) | LR: 0.001660
  Early stopping at iteration 220
Final Error: 6.706120

================================================================================
OPTIMIZATION RESULTS
================================================================================

OPTIMIZED EDGES (n_consumers > 1): 44 edges
--------------------------------------------------------------------------------
Edge ID              | n_e   | Target g(n)  | Achieved g   | Deviation 
--------------------------------------------------------------------------------
1566->1606           | 39    | 0.8016       | 0.8278       | 0.0262    
1606->1717           | 30    | 0.8560       | 0.8355       | -0.0205   
1717->1732           | 29    | 0.8623       | 0.8355       | -0.0268   
1732->1626           | 28    | 0.8686       | 0.8355       | -0.0331   
1626->1599           | 27    | 0.8749       | 0.8878       | 0.0128    
1599->1723           | 21    | 0.9128       | 0.9022       | -0.0106   
1723->1568           | 20    | 0.9190       | 0.9022       | -0.0168   
1568->1714           | 20    | 0.9190       | 0.9022       | -0.0168   
1714->1591           | 19    | 0.9251       | 0.9022       | -0.0229   
1591->1654           | 10    | 0.9740       | 0.8960       | -0.0779   
1606->1642           | 9     | 0.9783       | 0.8075       | -0.1708   
1591->1691           | 9     | 0.9783       | 0.9134       | -0.0649   
1654->1765           | 9     | 0.9783       | 0.9551       | -0.0233   
1642->1648           | 8     | 0.9824       | 0.9586       | -0.0238   
1691->1570           | 8     | 0.9824       | 0.9677       | -0.0148   
1765->1681           | 8     | 0.9824       | 0.9551       | -0.0274   
1570->1688           | 8     | 0.9824       | 0.9677       | -0.0148   
1648->1669           | 7     | 0.9862       | 0.9886       | 0.0024    
1681->1736           | 7     | 0.9862       | 0.9759       | -0.0103   
1688->1571           | 7     | 0.9862       | 0.9738       | -0.0124   
1571->1747           | 7     | 0.9862       | 0.9738       | -0.0124   
1669->1645           | 6     | 0.9896       | 0.9939       | 0.0043    
1599->1672           | 6     | 0.9896       | 0.8462       | -0.1434   
1736->1675           | 6     | 0.9896       | 0.9759       | -0.0137   
1747->1744           | 6     | 0.9896       | 0.9738       | -0.0159   
1645->1605           | 5     | 0.9927       | 0.9928       | 0.0001    
1672->1639           | 5     | 0.9927       | 0.9702       | -0.0225   
1675->1678           | 5     | 0.9927       | 0.9793       | -0.0134   
1744->1666           | 5     | 0.9927       | 0.9738       | -0.0189   
1605->1604           | 4     | 0.9953       | 0.9924       | -0.0030   
1604->1651           | 4     | 0.9953       | 0.9924       | -0.0030   
1639->1636           | 4     | 0.9953       | 0.9934       | -0.0019   
1678->1660           | 4     | 0.9953       | 0.9812       | -0.0141   
1666->1740           | 4     | 0.9953       | 0.9820       | -0.0133   
1651->1720           | 3     | 0.9975       | 0.9956       | -0.0020   
1636->1752           | 3     | 0.9975       | 0.9936       | -0.0039   
1660->1575           | 3     | 0.9975       | 0.9806       | -0.0169   
1575->1574           | 3     | 0.9975       | 0.9806       | -0.0169   
1740->1776           | 3     | 0.9975       | 0.9820       | -0.0155   
1574->1617           | 3     | 0.9975       | 0.9806       | -0.0169   
1720->1630           | 2     | 0.9993       | 0.9956       | -0.0037   
1752->1613           | 2     | 0.9993       | 0.9936       | -0.0057   
1776->1663           | 2     | 0.9993       | 0.9820       | -0.0172   
1617->1620           | 2     | 0.9993       | 0.9807       | -0.0186   
--------------------------------------------------------------------------------
Mean |Deviation|: 0.0233
Max  |Deviation|: 0.1708
================================================================================

LEAF EDGES (n_consumers = 1): 49 edges
--------------------------------------------------------------------------------
These edges were NOT optimized. By definition:
  - Target simultaneity g(n) = 1.0
  - Achieved simultaneity = 1.0
  - Deviation = 0.0
================================================================================


================================================================================
DEVIATION ANALYSIS BY EDGE SIZE
================================================================================

Single consumer (not optimized):
  Count: 49
  Mean deviation: 0.0000
  Mean |deviation|: 0.0000
  Max |deviation|: 0.0000
  Std dev: 0.0000

Very small (2-10):
  Count: 35
  Mean deviation: -0.0236
  Mean |deviation|: 0.0240
  Max |deviation|: 0.1708
  Std dev: 0.0372

Small (11-50):
  Count: 9
  Mean deviation: -0.0121
  Mean |deviation|: 0.0207
  Max |deviation|: 0.0331
  Std dev: 0.0193

================================================================================

Network size range: 2 to 39 consumers
Using problem range: 5-10
Saved enhanced verification plot to output/comprehensive_analysis/NetzHast/steady_state_v2/verification_NetzHast_v2.png

Total execution time: 1.05 seconds
Results saved to: output/comprehensive_analysis/NetzHast/steady_state_v2

=== STDERR ===
