Loading network for case 'NetzHast' from data/test_scenarios/complex/NetzHast.vicus...
Loading VICUS file: data/test_scenarios/complex/NetzHast.vicus
Parsed Simultaneity Spline: 63 points.
data/test_scenarios/complex/NetzHast.vicus
Found peak day: day 24 (hours 552-575) with peak=7400.0000
Force-selected profile: Residential_SingleFamily_HeatingLoad.tsv (peak day extraction, resampled to 96 steps)
Peak day profile plot saved to output/peak_day_profile.png
Created 39 consumers and 93 relevant optimization edges.

--- Starting Optimization using Scheme 'v2' for NetzHast ---
Initial weighted error (using v2): 130.361008
Regularization target: 1.0000
  Iter 0: Obj=130.361008 (Fit: 130.361008, Reg: 0.000000) | LR: 0.000326
  Iter 200: Obj=6.657856 (Fit: 6.655001, Reg: 0.002855) | LR: 0.014429
  Iter 400: Obj=6.646343 (Fit: 6.643453, Reg: 0.002890) | LR: 0.016032
  Early stopping at iteration 545
Final Error: 6.642514

================================================================================
OPTIMIZATION RESULTS
================================================================================

OPTIMIZED EDGES (n_consumers > 1): 44 edges
--------------------------------------------------------------------------------
Edge ID              | n_e   | Target g(n)  | Achieved g   | Deviation 
--------------------------------------------------------------------------------
1566->1606           | 39    | 0.8016       | 0.8167       | 0.0151    
1606->1717           | 30    | 0.8560       | 0.8212       | -0.0348   
1717->1732           | 29    | 0.8623       | 0.8212       | -0.0411   
1732->1626           | 28    | 0.8686       | 0.8211       | -0.0475   
1626->1599           | 27    | 0.8749       | 0.8743       | -0.0006   
1599->1723           | 21    | 0.9128       | 0.8861       | -0.0267   
1723->1568           | 20    | 0.9190       | 0.8861       | -0.0329   
1568->1714           | 20    | 0.9190       | 0.8861       | -0.0329   
1714->1591           | 19    | 0.9251       | 0.8861       | -0.0390   
1591->1654           | 10    | 0.9740       | 0.8751       | -0.0988   
1606->1642           | 9     | 0.9783       | 0.8051       | -0.1733   
1591->1691           | 9     | 0.9783       | 0.9061       | -0.0722   
1654->1765           | 9     | 0.9783       | 0.9467       | -0.0316   
1642->1648           | 8     | 0.9824       | 0.9636       | -0.0188   
1691->1570           | 8     | 0.9824       | 0.9541       | -0.0283   
1765->1681           | 8     | 0.9824       | 0.9467       | -0.0357   
1570->1688           | 8     | 0.9824       | 0.9541       | -0.0283   
1648->1669           | 7     | 0.9862       | 0.9812       | -0.0050   
1681->1736           | 7     | 0.9862       | 0.9537       | -0.0325   
1688->1571           | 7     | 0.9862       | 0.9617       | -0.0245   
1571->1747           | 7     | 0.9862       | 0.9617       | -0.0245   
1669->1645           | 6     | 0.9896       | 0.9845       | -0.0051   
1599->1672           | 6     | 0.9896       | 0.8403       | -0.1493   
1736->1675           | 6     | 0.9896       | 0.9537       | -0.0359   
1747->1744           | 6     | 0.9896       | 0.9617       | -0.0280   
1645->1605           | 5     | 0.9927       | 0.9872       | -0.0055   
1672->1639           | 5     | 0.9927       | 0.9778       | -0.0149   
1675->1678           | 5     | 0.9927       | 0.9563       | -0.0364   
1744->1666           | 5     | 0.9927       | 0.9616       | -0.0310   
1605->1604           | 4     | 0.9953       | 0.9894       | -0.0059   
1604->1651           | 4     | 0.9953       | 0.9894       | -0.0059   
1639->1636           | 4     | 0.9953       | 0.9808       | -0.0145   
1678->1660           | 4     | 0.9953       | 0.9593       | -0.0361   
1666->1740           | 4     | 0.9953       | 0.9702       | -0.0251   
1651->1720           | 3     | 0.9975       | 0.9923       | -0.0052   
1636->1752           | 3     | 0.9975       | 0.9837       | -0.0138   
1660->1575           | 3     | 0.9975       | 0.9595       | -0.0380   
1575->1574           | 3     | 0.9975       | 0.9595       | -0.0380   
1740->1776           | 3     | 0.9975       | 0.9702       | -0.0273   
1574->1617           | 3     | 0.9975       | 0.9595       | -0.0380   
1720->1630           | 2     | 0.9993       | 0.9923       | -0.0070   
1752->1613           | 2     | 0.9993       | 0.9837       | -0.0155   
1776->1663           | 2     | 0.9993       | 0.9702       | -0.0290   
1617->1620           | 2     | 0.9993       | 0.9595       | -0.0398   
--------------------------------------------------------------------------------
Mean |Deviation|: 0.0339
Max  |Deviation|: 0.1733
================================================================================

LEAF EDGES (n_consumers = 1): 49 edges
--------------------------------------------------------------------------------
These edges were NOT optimized. By definition:
  - Target simultaneity g(n) = 1.0
  - Achieved simultaneity = 1.0
  - Deviation = 0.0
================================================================================


================================================================================
DEVIATION ANALYSIS BY EDGE SIZE
================================================================================

Single consumer (not optimized):
  Count: 49
  Mean deviation: 0.0000
  Mean |deviation|: 0.0000
  Max |deviation|: 0.0000
  Std dev: 0.0000

Very small (2-10):
  Count: 35
  Mean deviation: -0.0348
  Mean |deviation|: 0.0348
  Max |deviation|: 0.1733
  Std dev: 0.0369

Small (11-50):
  Count: 9
  Mean deviation: -0.0267
  Mean |deviation|: 0.0301
  Max |deviation|: 0.0475
  Std dev: 0.0205

================================================================================

Network size range: 2 to 39 consumers
Using problem range: 5-10
Saved enhanced verification plot to output/comprehensive_analysis/NetzHast/steady_state_v2/verification_NetzHast_v2.png

Total execution time: 1.22 seconds
Results saved to: output/comprehensive_analysis/NetzHast/steady_state_v2

=== STDERR ===
