Loading network for case 'NetzHast' from data/test_scenarios/complex/NetzHast.vicus...
Loading VICUS file: data/test_scenarios/complex/NetzHast.vicus
Parsed Simultaneity Spline: 63 points.
data/test_scenarios/complex/NetzHast.vicus
Found peak day: day 24 (hours 552-575) with peak=7400.0000
Force-selected profile: Residential_SingleFamily_HeatingLoad.tsv (peak day extraction, resampled to 96 steps)
Peak day profile plot saved to output/peak_day_profile.png
Created 39 consumers and 93 relevant optimization edges.

--- Starting Optimization using Scheme 'v4' for NetzHast ---
Initial weighted error (using v4): 418.017927
Regularization target: 1.0000
  Iter 0: Obj=418.017927 (Fit: 418.017927, Reg: 0.000000) | LR: 0.000089
  Iter 200: Obj=39.512577 (Fit: 39.492301, Reg: 0.020276) | LR: 0.001797
  Iter 400: Obj=39.510056 (Fit: 39.489612, Reg: 0.020444) | LR: 0.001796
  Iter 600: Obj=39.509651 (Fit: 39.489195, Reg: 0.020456) | LR: 0.001796
  Iter 800: Obj=39.509269 (Fit: 39.488807, Reg: 0.020462) | LR: 0.001796
  Iter 1000: Obj=39.508897 (Fit: 39.488429, Reg: 0.020469) | LR: 0.001796
  Iter 1200: Obj=39.508531 (Fit: 39.488054, Reg: 0.020477) | LR: 0.001796
  Iter 1400: Obj=39.508168 (Fit: 39.487681, Reg: 0.020487) | LR: 0.001796
  Iter 1600: Obj=39.507807 (Fit: 39.487309, Reg: 0.020498) | LR: 0.001796
  Iter 1800: Obj=39.507450 (Fit: 39.486939, Reg: 0.020511) | LR: 0.001796
Final Error: 39.488420

================================================================================
OPTIMIZATION RESULTS
================================================================================

OPTIMIZED EDGES (n_consumers > 1): 44 edges
--------------------------------------------------------------------------------
Edge ID              | n_e   | Target g(n)  | Achieved g   | Deviation 
--------------------------------------------------------------------------------
1566->1606           | 39    | 0.8016       | 0.8529       | 0.0513    
1606->1717           | 30    | 0.8560       | 0.8347       | -0.0213   
1717->1732           | 29    | 0.8623       | 0.8347       | -0.0276   
1732->1626           | 28    | 0.8686       | 0.8347       | -0.0339   
1626->1599           | 27    | 0.8749       | 0.8869       | 0.0120    
1599->1723           | 21    | 0.9128       | 0.8857       | -0.0271   
1723->1568           | 20    | 0.9190       | 0.8857       | -0.0333   
1568->1714           | 20    | 0.9190       | 0.8857       | -0.0333   
1714->1591           | 19    | 0.9251       | 0.8857       | -0.0394   
1591->1654           | 10    | 0.9740       | 0.8770       | -0.0970   
1606->1642           | 9     | 0.9783       | 0.9005       | -0.0779   
1591->1691           | 9     | 0.9783       | 0.9017       | -0.0766   
1654->1765           | 9     | 0.9783       | 0.9545       | -0.0238   
1642->1648           | 8     | 0.9824       | 0.9844       | 0.0020    
1691->1570           | 8     | 0.9824       | 0.9462       | -0.0363   
1765->1681           | 8     | 0.9824       | 0.9545       | -0.0279   
1570->1688           | 8     | 0.9824       | 0.9462       | -0.0363   
1648->1669           | 7     | 0.9862       | 0.9886       | 0.0024    
1681->1736           | 7     | 0.9862       | 0.9609       | -0.0253   
1688->1571           | 7     | 0.9862       | 0.9488       | -0.0374   
1571->1747           | 7     | 0.9862       | 0.9488       | -0.0374   
1669->1645           | 6     | 0.9896       | 0.9926       | 0.0030    
1599->1672           | 6     | 0.9896       | 0.8902       | -0.0994   
1736->1675           | 6     | 0.9896       | 0.9609       | -0.0287   
1747->1744           | 6     | 0.9896       | 0.9488       | -0.0409   
1645->1605           | 5     | 0.9927       | 0.9962       | 0.0035    
1672->1639           | 5     | 0.9927       | 0.9851       | -0.0076   
1675->1678           | 5     | 0.9927       | 0.9643       | -0.0283   
1744->1666           | 5     | 0.9927       | 0.9488       | -0.0439   
1605->1604           | 4     | 0.9953       | 0.9995       | 0.0042    
1604->1651           | 4     | 0.9953       | 0.9995       | 0.0042    
1639->1636           | 4     | 0.9953       | 0.9874       | -0.0079   
1678->1660           | 4     | 0.9953       | 0.9665       | -0.0289   
1666->1740           | 4     | 0.9953       | 0.9542       | -0.0412   
1651->1720           | 3     | 0.9975       | 1.0000       | 0.0025    
1636->1752           | 3     | 0.9975       | 0.9904       | -0.0072   
1660->1575           | 3     | 0.9975       | 0.9655       | -0.0320   
1575->1574           | 3     | 0.9975       | 0.9655       | -0.0320   
1740->1776           | 3     | 0.9975       | 0.9541       | -0.0434   
1574->1617           | 3     | 0.9975       | 0.9655       | -0.0320   
1720->1630           | 2     | 0.9993       | 1.0000       | 0.0007    
1752->1613           | 2     | 0.9993       | 0.9904       | -0.0089   
1776->1663           | 2     | 0.9993       | 0.9541       | -0.0452   
1617->1620           | 2     | 0.9993       | 0.9654       | -0.0338   
--------------------------------------------------------------------------------
Mean |Deviation|: 0.0304
Max  |Deviation|: 0.0994
================================================================================

LEAF EDGES (n_consumers = 1): 49 edges
--------------------------------------------------------------------------------
These edges were NOT optimized. By definition:
  - Target simultaneity g(n) = 1.0
  - Achieved simultaneity = 1.0
  - Deviation = 0.0
================================================================================


================================================================================
DEVIATION ANALYSIS BY EDGE SIZE
================================================================================

Single consumer (not optimized):
  Count: 49
  Mean deviation: 0.0000
  Mean |deviation|: 0.0000
  Max |deviation|: 0.0000
  Std dev: 0.0000

Very small (2-10):
  Count: 35
  Mean deviation: -0.0290
  Mean |deviation|: 0.0303
  Max |deviation|: 0.0994
  Std dev: 0.0274

Small (11-50):
  Count: 9
  Mean deviation: -0.0170
  Mean |deviation|: 0.0310
  Max |deviation|: 0.0513
  Std dev: 0.0297

================================================================================

Network size range: 2 to 39 consumers
Using problem range: 5-10
Saved enhanced verification plot to output/comprehensive_analysis/NetzHast/steady_state_v4/verification_NetzHast_v4.png

Total execution time: 1.65 seconds
Results saved to: output/comprehensive_analysis/NetzHast/steady_state_v4

=== STDERR ===
