Loading network for case 'demoVerbundnetz_SimulationNeu' from data/test_scenarios/complex/demoVerbundnetz_SimulationNeu.vicus...
Loading VICUS file: data/test_scenarios/complex/demoVerbundnetz_SimulationNeu.vicus
Parsed Simultaneity Spline: 63 points.
data/test_scenarios/complex/demoVerbundnetz_SimulationNeu.vicus
Found peak day: day 24 (hours 552-575) with peak=7400.0000
Force-selected profile: Residential_SingleFamily_HeatingLoad.tsv (peak day extraction, resampled to 96 steps)
Peak day profile plot saved to output/peak_day_profile.png
Created 692 consumers and 1594 relevant optimization edges.

--- Starting Optimization using Scheme 'v2' for demoVerbundnetz_SimulationNeu ---
Initial weighted error (using v2): 401670.212063
Regularization target: 1.0000
  Iter 0: Obj=401670.212063 (Fit: 401670.212063, Reg: 0.000000) | LR: 0.000001
  Iter 200: Obj=5329.197728 (Fit: 5320.735972, Reg: 8.461756) | LR: 0.000102
  Iter 400: Obj=4119.828488 (Fit: 4108.359386, Reg: 11.469102) | LR: 0.000124
  Iter 600: Obj=3958.617982 (Fit: 3946.065274, Reg: 12.552708) | LR: 0.000110
  Iter 800: Obj=3920.287458 (Fit: 3907.317707, Reg: 12.969751) | LR: 0.000104
  Iter 1000: Obj=3900.339999 (Fit: 3887.099491, Reg: 13.240508) | LR: 0.000103
  Iter 1200: Obj=3888.136724 (Fit: 3874.686388, Reg: 13.450336) | LR: 0.000103
  Iter 1400: Obj=3880.611810 (Fit: 3866.999567, Reg: 13.612243) | LR: 0.000103
  Iter 1600: Obj=3875.546683 (Fit: 3861.807744, Reg: 13.738939) | LR: 0.000103
  Iter 1800: Obj=3871.771225 (Fit: 3857.923260, Reg: 13.847965) | LR: 0.000103
Final Error: 3866.304096

================================================================================
OPTIMIZATION RESULTS
================================================================================

OPTIMIZED EDGES (n_consumers > 1): 816 edges
--------------------------------------------------------------------------------
Edge ID              | n_e   | Target g(n)  | Achieved g   | Deviation 
--------------------------------------------------------------------------------
5266->5289           | 692   | 0.4759       | 0.5171       | 0.0412    
5289->5290           | 692   | 0.4759       | 0.5171       | 0.0412    
5290->7114           | 692   | 0.4759       | 0.5171       | 0.0412    
7114->5291           | 680   | 0.4759       | 0.5000       | 0.0242    
5291->5292           | 680   | 0.4759       | 0.5000       | 0.0242    
5292->7137           | 680   | 0.4759       | 0.5000       | 0.0242    
7137->7117           | 677   | 0.4759       | 0.5084       | 0.0325    
7117->5293           | 670   | 0.4759       | 0.5041       | 0.0282    
5293->5302           | 670   | 0.4759       | 0.5041       | 0.0282    
5302->4858           | 669   | 0.4759       | 0.5050       | 0.0291    
4858->5791           | 669   | 0.4759       | 0.5050       | 0.0291    
5791->5652           | 668   | 0.4759       | 0.5050       | 0.0292    
5652->5457           | 667   | 0.4759       | 0.5052       | 0.0294    
5457->4859           | 666   | 0.4759       | 0.5054       | 0.0295    
4859->4860           | 666   | 0.4759       | 0.5054       | 0.0295    
4860->4861           | 666   | 0.4759       | 0.5054       | 0.0295    
4861->5328           | 665   | 0.4759       | 0.5057       | 0.0298    
5328->4862           | 664   | 0.4759       | 0.5059       | 0.0300    
4862->5514           | 664   | 0.4759       | 0.5059       | 0.0300    
5514->5672           | 663   | 0.4759       | 0.5062       | 0.0303    
5672->4863           | 662   | 0.4759       | 0.5064       | 0.0305    
4863->5772           | 661   | 0.4759       | 0.5067       | 0.0308    
5772->6109           | 660   | 0.4759       | 0.5069       | 0.0311    
6109->6241           | 659   | 0.4759       | 0.5072       | 0.0313    
6241->4864           | 658   | 0.4759       | 0.5074       | 0.0316    
4864->6234           | 658   | 0.4759       | 0.5074       | 0.0316    
6234->5581           | 657   | 0.4759       | 0.5077       | 0.0319    
5581->6188           | 656   | 0.4759       | 0.5081       | 0.0322    
6188->6316           | 655   | 0.4759       | 0.5084       | 0.0325    
6316->5603           | 654   | 0.4759       | 0.5087       | 0.0328    
5603->5986           | 653   | 0.4759       | 0.5091       | 0.0332    
5986->5947           | 652   | 0.4759       | 0.5094       | 0.0335    
5947->4865           | 651   | 0.4759       | 0.5097       | 0.0338    
4865->4919           | 650   | 0.4759       | 0.5100       | 0.0341    
4919->5334           | 545   | 0.4759       | 0.4968       | 0.0210    
5334->5392           | 544   | 0.4759       | 0.4971       | 0.0212    
5392->5859           | 543   | 0.4759       | 0.4975       | 0.0217    
5859->5681           | 542   | 0.4759       | 0.4980       | 0.0221    
5681->4905           | 541   | 0.4759       | 0.4984       | 0.0225    
4905->5678           | 523   | 0.4759       | 0.4962       | 0.0203    
5678->4866           | 522   | 0.4759       | 0.4964       | 0.0206    
4866->4941           | 522   | 0.4759       | 0.4964       | 0.0206    
4941->6228           | 509   | 0.4759       | 0.4924       | 0.0165    
6228->4928           | 508   | 0.4759       | 0.4929       | 0.0171    
4928->5724           | 508   | 0.4759       | 0.4929       | 0.0171    
5724->6332           | 507   | 0.4759       | 0.4931       | 0.0173    
6332->5445           | 506   | 0.4759       | 0.4934       | 0.0175    
5445->5418           | 505   | 0.4759       | 0.4936       | 0.0177    
5418->4929           | 504   | 0.4759       | 0.4938       | 0.0180    
4929->4930           | 504   | 0.4759       | 0.4938       | 0.0180    
4930->4988           | 504   | 0.4759       | 0.4938       | 0.0180    
4988->5005           | 504   | 0.4759       | 0.4938       | 0.0180    
5005->5766           | 488   | 0.4759       | 0.4911       | 0.0152    
5766->5639           | 487   | 0.4759       | 0.4916       | 0.0157    
5639->6158           | 486   | 0.4759       | 0.4959       | 0.0200    
6158->4964           | 485   | 0.4759       | 0.4964       | 0.0205    
4964->5636           | 403   | 0.4759       | 0.4732       | -0.0027   
5636->6278           | 402   | 0.4759       | 0.4740       | -0.0019   
6278->5962           | 401   | 0.4759       | 0.4746       | -0.0013   
5962->5705           | 400   | 0.4759       | 0.4751       | -0.0007   
5705->5883           | 399   | 0.4759       | 0.4760       | 0.0001    
5883->6067           | 398   | 0.4759       | 0.4765       | 0.0007    
6067->5856           | 397   | 0.4759       | 0.4772       | 0.0013    
5856->5968           | 396   | 0.4759       | 0.4780       | 0.0021    
5968->6326           | 395   | 0.4759       | 0.4785       | 0.0027    
6326->5554           | 394   | 0.4759       | 0.4791       | 0.0032    
5554->6047           | 393   | 0.4759       | 0.4794       | 0.0035    
6047->5718           | 392   | 0.4759       | 0.4797       | 0.0038    
5718->5633           | 391   | 0.4759       | 0.4800       | 0.0042    
5633->5545           | 390   | 0.4759       | 0.4806       | 0.0047    
5545->5310           | 389   | 0.4759       | 0.4811       | 0.0053    
5310->6329           | 388   | 0.4759       | 0.4824       | 0.0065    
6329->5557           | 387   | 0.4759       | 0.4829       | 0.0071    
5557->6112           | 385   | 0.4759       | 0.4854       | 0.0095    
6112->6058           | 384   | 0.4759       | 0.4858       | 0.0099    
6058->4963           | 383   | 0.4759       | 0.4868       | 0.0110    
4963->6263           | 346   | 0.4759       | 0.4781       | 0.0022    
6263->5551           | 345   | 0.4759       | 0.4788       | 0.0030    
5551->5977           | 344   | 0.4759       | 0.4800       | 0.0041    
5977->5690           | 343   | 0.4759       | 0.4807       | 0.0048    
5690->5034           | 342   | 0.4759       | 0.4816       | 0.0057    
5034->5832           | 338   | 0.4759       | 0.4850       | 0.0091    
5832->6167           | 337   | 0.4759       | 0.4860       | 0.0101    
6167->5898           | 336   | 0.4759       | 0.4875       | 0.0116    
5898->5928           | 335   | 0.4759       | 0.4899       | 0.0141    
5928->6247           | 334   | 0.4759       | 0.4906       | 0.0147    
6247->5033           | 333   | 0.4759       | 0.4915       | 0.0156    
5033->6143           | 332   | 0.4759       | 0.4924       | 0.0166    
6143->6301           | 331   | 0.4759       | 0.4939       | 0.0180    
6301->5032           | 330   | 0.4759       | 0.4947       | 0.0188    
5032->5031           | 329   | 0.4759       | 0.4958       | 0.0200    
5031->5178           | 329   | 0.4759       | 0.4958       | 0.0200    
5178->5066           | 329   | 0.4759       | 0.4958       | 0.0200    
5066->5065           | 324   | 0.4759       | 0.4996       | 0.0237    
5065->5901           | 324   | 0.4759       | 0.4996       | 0.0237    
5901->6070           | 323   | 0.4759       | 0.5021       | 0.0263    
6070->5880           | 322   | 0.4759       | 0.5027       | 0.0268    
5880->5064           | 321   | 0.4759       | 0.5032       | 0.0273    
5064->6082           | 314   | 0.4759       | 0.5092       | 0.0334    
6082->5231           | 313   | 0.4759       | 0.5099       | 0.0341    
5231->5232           | 313   | 0.4759       | 0.5099       | 0.0341    
5232->5233           | 313   | 0.4759       | 0.5099       | 0.0341    
5233->5234           | 313   | 0.4759       | 0.5099       | 0.0341    
5234->7494           | 250   | 0.4842       | 0.5015       | 0.0174    
7494->5361           | 249   | 0.4844       | 0.5044       | 0.0200    
5361->5235           | 248   | 0.4846       | 0.5072       | 0.0226    
5235->5373           | 199   | 0.4997       | 0.4916       | -0.0081   
5373->5600           | 198   | 0.5001       | 0.4984       | -0.0018   
5600->6284           | 197   | 0.5005       | 0.5008       | 0.0003    
6284->5819           | 196   | 0.5009       | 0.5031       | 0.0022    
5819->5236           | 195   | 0.5014       | 0.5055       | 0.0042    
5236->5262           | 195   | 0.5014       | 0.5055       | 0.0042    
5262->5257           | 165   | 0.5169       | 0.4862       | -0.0307   
5257->6296           | 165   | 0.5169       | 0.4862       | -0.0307   
6296->6338           | 164   | 0.5175       | 0.4891       | -0.0285   
6338->5853           | 163   | 0.5182       | 0.4926       | -0.0256   
5853->5974           | 162   | 0.5188       | 0.4971       | -0.0217   
5974->7441           | 161   | 0.5195       | 0.5027       | -0.0168   
7441->7386           | 160   | 0.5202       | 0.5060       | -0.0141   
7386->7285           | 159   | 0.5209       | 0.5094       | -0.0114   
7285->7370           | 158   | 0.5215       | 0.5148       | -0.0067   
7370->6777           | 157   | 0.5222       | 0.5239       | 0.0016    
6777->7545           | 157   | 0.5222       | 0.5239       | 0.0016    
7545->7434           | 156   | 0.5230       | 0.5283       | 0.0054    
7434->7611           | 155   | 0.5237       | 0.5340       | 0.0103    
7611->6776           | 154   | 0.5244       | 0.5407       | 0.0163    
6776->6758           | 139   | 0.5369       | 0.5411       | 0.0042    
6758->7343           | 136   | 0.5397       | 0.5503       | 0.0106    
7343->7578           | 135   | 0.5407       | 0.5597       | 0.0190    
7578->7273           | 134   | 0.5417       | 0.5645       | 0.0228    
7273->7176           | 133   | 0.5427       | 0.5700       | 0.0272    
7176->6757           | 132   | 0.5438       | 0.5737       | 0.0300    
6757->6889           | 124   | 0.5527       | 0.5953       | 0.0426    
6889->6890           | 124   | 0.5527       | 0.5953       | 0.0426    
4919->6115           | 105   | 0.5795       | 0.6012       | 0.0216    
6115->4892           | 104   | 0.5812       | 0.6036       | 0.0225    
4892->5355           | 104   | 0.5812       | 0.6036       | 0.0225    
5355->6127           | 103   | 0.5829       | 0.6068       | 0.0239    
6127->5847           | 102   | 0.5847       | 0.6093       | 0.0246    
5847->6250           | 101   | 0.5864       | 0.6118       | 0.0253    
6250->6085           | 100   | 0.5882       | 0.6139       | 0.0257    
6085->5645           | 99    | 0.5901       | 0.6165       | 0.0264    
5645->6275           | 98    | 0.5920       | 0.6187       | 0.0267    
6275->5868           | 97    | 0.5939       | 0.6222       | 0.0283    
5868->4891           | 96    | 0.5958       | 0.6245       | 0.0287    
4891->4954           | 91    | 0.6062       | 0.6411       | 0.0349    
4954->4983           | 91    | 0.6062       | 0.6411       | 0.0349    
4964->5895           | 82    | 0.6276       | 0.6177       | -0.0099   
5895->6293           | 81    | 0.6302       | 0.6237       | -0.0065   
6293->5712           | 80    | 0.6328       | 0.6295       | -0.0034   
5712->5813           | 79    | 0.6356       | 0.6362       | 0.0006    
5813->5800           | 78    | 0.6383       | 0.6430       | 0.0047    
5800->5612           | 77    | 0.6412       | 0.6458       | 0.0046    
5612->5098           | 76    | 0.6441       | 0.6502       | 0.0061    
5098->6197           | 76    | 0.6441       | 0.6502       | 0.0061    
6197->5097           | 75    | 0.6470       | 0.6540       | 0.0070    
6890->7706           | 74    | 0.6500       | 0.6210       | -0.0290   
7706->7765           | 72    | 0.6562       | 0.6373       | -0.0189   
7765->7954           | 71    | 0.6594       | 0.6383       | -0.0211   
7954->6891           | 70    | 0.6627       | 0.6419       | -0.0207   
4983->4955           | 69    | 0.6660       | 0.6453       | -0.0206   
4955->4956           | 69    | 0.6660       | 0.6453       | -0.0206   
4956->4957           | 69    | 0.6660       | 0.6453       | -0.0206   
4957->5925           | 69    | 0.6660       | 0.6453       | -0.0206   
5925->4958           | 68    | 0.6694       | 0.6495       | -0.0199   
4958->6344           | 68    | 0.6694       | 0.6495       | -0.0199   
6344->4959           | 67    | 0.6728       | 0.6539       | -0.0189   
4959->6013           | 67    | 0.6728       | 0.6539       | -0.0189   
6013->5395           | 66    | 0.6764       | 0.6585       | -0.0179   
5395->5383           | 65    | 0.6800       | 0.6743       | -0.0056   
5383->6133           | 63    | 0.6874       | 0.6814       | -0.0060   
5234->7310           | 63    | 0.6874       | 0.5621       | -0.1253   
6133->5487           | 62    | 0.6912       | 0.6856       | -0.0056   
5487->5404           | 61    | 0.6951       | 0.6947       | -0.0004   
7310->7266           | 61    | 0.6951       | 0.6174       | -0.0777   
5404->4960           | 60    | 0.6991       | 0.6990       | -0.0001   
4960->5343           | 60    | 0.6991       | 0.6990       | -0.0001   
7266->7352           | 60    | 0.6991       | 0.6380       | -0.0611   
5343->5737           | 59    | 0.7031       | 0.7038       | 0.0007    
5097->5111           | 59    | 0.7031       | 0.6635       | -0.0396   
5111->5112           | 59    | 0.7031       | 0.6635       | -0.0396   
5112->5782           | 59    | 0.7031       | 0.6635       | -0.0396   
7352->7251           | 59    | 0.7031       | 0.6674       | -0.0357   
5737->6040           | 58    | 0.7073       | 0.7292       | 0.0220    
5782->5642           | 58    | 0.7073       | 0.6702       | -0.0370   
7251->7166           | 58    | 0.7073       | 0.6721       | -0.0351   
6040->6253           | 57    | 0.7115       | 0.7354       | 0.0240    
7166->7478           | 57    | 0.7115       | 0.6799       | -0.0316   
6253->4961           | 56    | 0.7158       | 0.7389       | 0.0231    
5642->6170           | 56    | 0.7158       | 0.6825       | -0.0333   
7478->7466           | 56    | 0.7158       | 0.6847       | -0.0311   
6170->5460           | 55    | 0.7201       | 0.6895       | -0.0306   
7466->6794           | 55    | 0.7201       | 0.6892       | -0.0309   
6794->6827           | 55    | 0.7201       | 0.6892       | -0.0309   
5460->6064           | 54    | 0.7246       | 0.6993       | -0.0253   
6064->5113           | 53    | 0.7291       | 0.7222       | -0.0070   
5113->5154           | 53    | 0.7291       | 0.7222       | -0.0070   
5235->7156           | 49    | 0.7481       | 0.5672       | -0.1810   
6827->7422           | 49    | 0.7481       | 0.7345       | -0.0136   
7156->7488           | 48    | 0.7531       | 0.5856       | -0.1675   
7488->7201           | 47    | 0.7582       | 0.6010       | -0.1572   
7422->7226           | 47    | 0.7582       | 0.7501       | -0.0080   
7201->7636           | 46    | 0.7633       | 0.6203       | -0.1430   
7226->6806           | 46    | 0.7633       | 0.7584       | -0.0049   
6806->7575           | 46    | 0.7633       | 0.7584       | -0.0049   
7636->7179           | 45    | 0.7685       | 0.6478       | -0.1207   
7575->7401           | 45    | 0.7685       | 0.7584       | -0.0101   
7179->7282           | 44    | 0.7738       | 0.6710       | -0.1029   
7401->7584           | 44    | 0.7738       | 0.7834       | 0.0096    
7282->7288           | 43    | 0.7792       | 0.6949       | -0.0844   
7584->7316           | 43    | 0.7792       | 0.7904       | 0.0112    
7288->7497           | 42    | 0.7847       | 0.7302       | -0.0545   
7497->7507           | 41    | 0.7903       | 0.7500       | -0.0402   
7316->7205           | 41    | 0.7903       | 0.7954       | 0.0051    
7507->6881           | 40    | 0.7959       | 0.7705       | -0.0254   
7205->6807           | 40    | 0.7959       | 0.8049       | 0.0090    
6807->6884           | 39    | 0.8016       | 0.8353       | 0.0337    
6891->7896           | 37    | 0.8132       | 0.6546       | -0.1586   
7896->6892           | 36    | 0.8192       | 0.6636       | -0.1556   
6892->6893           | 36    | 0.8192       | 0.6636       | -0.1556   
6893->7966           | 35    | 0.8252       | 0.6747       | -0.1505   
4963->5401           | 34    | 0.8312       | 0.7129       | -0.1183   
7966->6894           | 34    | 0.8312       | 0.6865       | -0.1447   
6894->8005           | 34    | 0.8312       | 0.6865       | -0.1447   
5401->5566           | 33    | 0.8374       | 0.7375       | -0.0999   
6881->6784           | 33    | 0.8374       | 0.8133       | -0.0241   
6891->7775           | 33    | 0.8374       | 0.6240       | -0.2134   
8005->6895           | 33    | 0.8374       | 0.7317       | -0.1056   
6895->6896           | 33    | 0.8374       | 0.7317       | -0.1056   
6896->6897           | 33    | 0.8374       | 0.7317       | -0.1056   
6897->7009           | 33    | 0.8374       | 0.7317       | -0.1056   
5566->5989           | 32    | 0.8435       | 0.7558       | -0.0877   
7775->7709           | 32    | 0.8435       | 0.6391       | -0.2045   
7009->6898           | 32    | 0.8435       | 0.7730       | -0.0705   
4961->5995           | 31    | 0.8497       | 0.7424       | -0.1074   
5989->5194           | 31    | 0.8497       | 0.7837       | -0.0660   
7709->8002           | 31    | 0.8497       | 0.6557       | -0.1940   
5995->5322           | 30    | 0.8560       | 0.7605       | -0.0955   
5262->6287           | 30    | 0.8560       | 0.5932       | -0.2628   
8002->6933           | 30    | 0.8560       | 0.6668       | -0.1892   
6933->7926           | 30    | 0.8560       | 0.6668       | -0.1892   
5322->5325           | 29    | 0.8623       | 0.7788       | -0.0835   
6287->5454           | 29    | 0.8623       | 0.6088       | -0.2535   
6784->7593           | 29    | 0.8623       | 0.8314       | -0.0309   
7926->7038           | 29    | 0.8623       | 0.7022       | -0.1601   
5325->6118           | 28    | 0.8686       | 0.7934       | -0.0752   
5154->5807           | 28    | 0.8686       | 0.7076       | -0.1610   
5454->5666           | 28    | 0.8686       | 0.6252       | -0.2434   
7593->7605           | 28    | 0.8686       | 0.8660       | -0.0026   
6898->7845           | 28    | 0.8686       | 0.7660       | -0.1026   
6118->4962           | 27    | 0.8749       | 0.8091       | -0.0659   
4962->5496           | 27    | 0.8749       | 0.8091       | -0.0659   
5807->5841           | 27    | 0.8749       | 0.7835       | -0.0914   
5666->5237           | 27    | 0.8749       | 0.6546       | -0.2203   
5237->5502           | 27    | 0.8749       | 0.6546       | -0.2203   
7605->7182           | 27    | 0.8749       | 0.8805       | 0.0056    
7845->7830           | 27    | 0.8749       | 0.8356       | -0.0393   
5496->5788           | 26    | 0.8813       | 0.8336       | -0.0477   
5841->6335           | 26    | 0.8813       | 0.8211       | -0.0602   
5502->5238           | 26    | 0.8813       | 0.6818       | -0.1995   
5238->5239           | 26    | 0.8813       | 0.6818       | -0.1995   
5239->5240           | 26    | 0.8813       | 0.6818       | -0.1995   
7182->7548           | 26    | 0.8813       | 0.8805       | -0.0008   
7830->7960           | 26    | 0.8813       | 0.8527       | -0.0286   
4961->5594           | 25    | 0.8876       | 0.7367       | -0.1510   
5788->5569           | 25    | 0.8876       | 0.8552       | -0.0324   
5154->5421           | 25    | 0.8876       | 0.7488       | -0.1389   
6335->5526           | 25    | 0.8876       | 0.8270       | -0.0607   
7548->7270           | 25    | 0.8876       | 0.8835       | -0.0041   
6890->7055           | 25    | 0.8876       | 0.6576       | -0.2300   
6890->7745           | 25    | 0.8876       | 0.4995       | -0.3881   
7055->7739           | 25    | 0.8876       | 0.6576       | -0.2300   
7960->7787           | 25    | 0.8876       | 0.8653       | -0.0224   
5594->5508           | 24    | 0.8940       | 0.7462       | -0.1478   
5569->5216           | 24    | 0.8940       | 0.8783       | -0.0156   
5421->5693           | 24    | 0.8940       | 0.7805       | -0.1135   
5526->5469           | 24    | 0.8940       | 0.8384       | -0.0555   
7270->7419           | 24    | 0.8940       | 0.9030       | 0.0090    
7745->7851           | 24    | 0.8940       | 0.5255       | -0.3685   
7739->7688           | 24    | 0.8940       | 0.6783       | -0.2157   
7787->7781           | 24    | 0.8940       | 0.8671       | -0.0269   
5508->6001           | 23    | 0.9003       | 0.7523       | -0.1480   
5693->5877           | 23    | 0.9003       | 0.8328       | -0.0675   
5469->5114           | 23    | 0.9003       | 0.8718       | -0.0285   
7419->7189           | 23    | 0.9003       | 0.9058       | 0.0054    
7851->7757           | 23    | 0.9003       | 0.5358       | -0.3645   
7688->7056           | 23    | 0.9003       | 0.6961       | -0.2042   
7781->7784           | 23    | 0.9003       | 0.8879       | -0.0124   
4983->5835           | 22    | 0.9066       | 0.6136       | -0.2930   
6001->5389           | 22    | 0.9066       | 0.7626       | -0.1440   
5877->5358           | 22    | 0.9066       | 0.8834       | -0.0231   
7189->7555           | 22    | 0.9066       | 0.9059       | -0.0007   
7757->6917           | 22    | 0.9066       | 0.6195       | -0.2871   
7056->7771           | 22    | 0.9066       | 0.7209       | -0.1857   
6917->7823           | 22    | 0.9066       | 0.6195       | -0.2871   
7784->6899           | 22    | 0.9066       | 0.9255       | 0.0189    
6899->6960           | 22    | 0.9066       | 0.9255       | 0.0189    
5835->5016           | 21    | 0.9128       | 0.6389       | -0.2739   
5389->5021           | 21    | 0.9128       | 0.7766       | -0.1362   
5021->6124           | 21    | 0.9128       | 0.7766       | -0.1362   
5358->5886           | 21    | 0.9128       | 0.9161       | 0.0032    
6884->6861           | 21    | 0.9128       | 0.8597       | -0.0531   
6861->7666           | 21    | 0.9128       | 0.8597       | -0.0531   
7555->7170           | 21    | 0.9128       | 0.9075       | -0.0053   
7771->7057           | 21    | 0.9128       | 0.7520       | -0.1608   
7823->7911           | 21    | 0.9128       | 0.6357       | -0.2772   
6124->5022           | 20    | 0.9190       | 0.7870       | -0.1320   
5022->5319           | 20    | 0.9190       | 0.7870       | -0.1320   
5886->5127           | 20    | 0.9190       | 0.9422       | 0.0232    
5114->5115           | 20    | 0.9190       | 0.9104       | -0.0086   
5115->6266           | 20    | 0.9190       | 0.9104       | -0.0086   
7666->7349           | 20    | 0.9190       | 0.9128       | -0.0062   
7170->7331           | 20    | 0.9190       | 0.9082       | -0.0108   
7057->7058           | 20    | 0.9190       | 0.7807       | -0.1383   
7911->7691           | 20    | 0.9190       | 0.6546       | -0.2644   
7058->7920           | 20    | 0.9190       | 0.7807       | -0.1383   
5016->5523           | 19    | 0.9251       | 0.7451       | -0.1800   
5319->6055           | 19    | 0.9251       | 0.8036       | -0.1215   
5216->6281           | 19    | 0.9251       | 0.8976       | -0.0275   
5194->5053           | 19    | 0.9251       | 0.8353       | -0.0898   
5053->5935           | 19    | 0.9251       | 0.8353       | -0.0898   
6266->6149           | 19    | 0.9251       | 0.9211       | -0.0040   
7349->7676           | 19    | 0.9251       | 0.9308       | 0.0057    
7331->7361           | 19    | 0.9251       | 0.9246       | -0.0005   
7691->6918           | 19    | 0.9251       | 0.6910       | -0.2341   
7920->7984           | 19    | 0.9251       | 0.8140       | -0.1111   
5523->5618           | 18    | 0.9311       | 0.8051       | -0.1261   
6055->5411           | 18    | 0.9311       | 0.8138       | -0.1174   
6281->6194           | 18    | 0.9311       | 0.9029       | -0.0283   
5935->5715           | 18    | 0.9311       | 0.8844       | -0.0467   
6149->5828           | 18    | 0.9311       | 0.9257       | -0.0055   
7676->6862           | 18    | 0.9311       | 0.9328       | 0.0016    
6862->7596           | 18    | 0.9311       | 0.9328       | 0.0016    
7361->7654           | 18    | 0.9311       | 0.9399       | 0.0088    
6918->7863           | 18    | 0.9311       | 0.7327       | -0.1984   
7984->7880           | 18    | 0.9311       | 0.8722       | -0.0590   
6960->6947           | 18    | 0.9311       | 0.9299       | -0.0012   
6947->6948           | 18    | 0.9311       | 0.9299       | -0.0012   
6948->6949           | 18    | 0.9311       | 0.9299       | -0.0012   
5618->4993           | 17    | 0.9370       | 0.8791       | -0.0580   
4993->5621           | 17    | 0.9370       | 0.8791       | -0.0580   
5411->6164           | 17    | 0.9370       | 0.8337       | -0.1033   
6194->5205           | 17    | 0.9370       | 0.9453       | 0.0083    
5205->6290           | 17    | 0.9370       | 0.9453       | 0.0083    
5828->5116           | 17    | 0.9370       | 0.9367       | -0.0003   
5116->6037           | 17    | 0.9370       | 0.9367       | -0.0003   
5240->6748           | 17    | 0.9370       | 0.7697       | -0.1674   
7596->7472           | 17    | 0.9370       | 0.9324       | -0.0047   
7654->7244           | 17    | 0.9370       | 0.9399       | 0.0029    
7863->7733           | 17    | 0.9370       | 0.7575       | -0.1796   
7880->7778           | 17    | 0.9370       | 0.8961       | -0.0410   
7038->6934           | 17    | 0.9370       | 0.8509       | -0.0862   
6934->7820           | 17    | 0.9370       | 0.8509       | -0.0862   
5005->4989           | 16    | 0.9428       | 0.6978       | -0.2451   
5621->5575           | 16    | 0.9428       | 0.9173       | -0.0255   
5097->5096           | 16    | 0.9428       | 0.6174       | -0.3254   
5096->5095           | 16    | 0.9428       | 0.6174       | -0.3254   
5095->5913           | 16    | 0.9428       | 0.6174       | -0.3254   
6164->5023           | 16    | 0.9428       | 0.8633       | -0.0795   
5023->5648           | 16    | 0.9428       | 0.8633       | -0.0795   
6290->5916           | 16    | 0.9428       | 0.9471       | 0.0043    
5715->5708           | 16    | 0.9428       | 0.9350       | -0.0078   
6037->5117           | 16    | 0.9428       | 0.9435       | 0.0007    
5117->5352           | 16    | 0.9428       | 0.9435       | 0.0007    
6884->6808           | 16    | 0.9428       | 0.8873       | -0.0556   
6808->7295           | 16    | 0.9428       | 0.8873       | -0.0556   
7472->7562           | 16    | 0.9428       | 0.9443       | 0.0015    
7244->7238           | 16    | 0.9428       | 0.9398       | -0.0030   
7733->7814           | 16    | 0.9428       | 0.8142       | -0.1286   
7778->7799           | 16    | 0.9428       | 0.9299       | -0.0129   
7820->7951           | 16    | 0.9428       | 0.8757       | -0.0671   
4989->5539           | 15    | 0.9485       | 0.7663       | -0.1822   
5575->5998           | 15    | 0.9485       | 0.9400       | -0.0085   
5913->5475           | 15    | 0.9485       | 0.6745       | -0.2740   
5648->5763           | 15    | 0.9485       | 0.8665       | -0.0820   
5127->6181           | 15    | 0.9485       | 0.9373       | -0.0112   
5916->5862           | 15    | 0.9485       | 0.9471       | -0.0014   
5708->5563           | 15    | 0.9485       | 0.9418       | -0.0067   
5352->5727           | 15    | 0.9485       | 0.9452       | -0.0033   
7295->7428           | 15    | 0.9485       | 0.8979       | -0.0506   
6776->6834           | 15    | 0.9485       | 0.5365       | -0.4120   
6834->6833           | 15    | 0.9485       | 0.5365       | -0.4120   
6833->7232           | 15    | 0.9485       | 0.5365       | -0.4120   
7562->7407           | 15    | 0.9485       | 0.9527       | 0.0042    
7238->7438           | 15    | 0.9485       | 0.9402       | -0.0083   
7814->6919           | 15    | 0.9485       | 0.9464       | -0.0021   
7799->7742           | 15    | 0.9485       | 0.9412       | -0.0072   
6919->7860           | 15    | 0.9485       | 0.9464       | -0.0021   
7951->7883           | 15    | 0.9485       | 0.8837       | -0.0648   
6949->6965           | 15    | 0.9485       | 0.9381       | -0.0104   
6965->7874           | 15    | 0.9485       | 0.9381       | -0.0104   
5539->5769           | 14    | 0.9540       | 0.8172       | -0.1368   
5998->5687           | 14    | 0.9540       | 0.9535       | -0.0005   
5475->5386           | 14    | 0.9540       | 0.7685       | -0.1854   
5763->5584           | 14    | 0.9540       | 0.8784       | -0.0756   
6181->6313           | 14    | 0.9540       | 0.9464       | -0.0076   
5862->5204           | 14    | 0.9540       | 0.9590       | 0.0050    
5563->5054           | 14    | 0.9540       | 0.9552       | 0.0012    
5054->5660           | 14    | 0.9540       | 0.9552       | 0.0012    
5727->5983           | 14    | 0.9540       | 0.9465       | -0.0074   
7428->7392           | 14    | 0.9540       | 0.9251       | -0.0289   
7232->7531           | 14    | 0.9540       | 0.5911       | -0.3629   
7407->6863           | 14    | 0.9540       | 0.9550       | 0.0010    
7438->7679           | 14    | 0.9540       | 0.9517       | -0.0023   
7742->7727           | 14    | 0.9540       | 0.9468       | -0.0071   
7860->7035           | 14    | 0.9540       | 0.9634       | 0.0094    
7883->6935           | 14    | 0.9540       | 0.9060       | -0.0480   
6935->7694           | 14    | 0.9540       | 0.9060       | -0.0480   
7874->7810           | 14    | 0.9540       | 0.9421       | -0.0119   
4941->4927           | 13    | 0.9593       | 0.7369       | -0.2224   
4927->5734           | 13    | 0.9593       | 0.7369       | -0.2224   
5769->5424           | 13    | 0.9593       | 0.8746       | -0.0847   
5687->5663           | 13    | 0.9593       | 0.9628       | 0.0035    
5386->6052           | 13    | 0.9593       | 0.8637       | -0.0955   
5584->5889           | 13    | 0.9593       | 0.9198       | -0.0395   
6313->5505           | 13    | 0.9593       | 0.9581       | -0.0012   
5204->5499           | 13    | 0.9593       | 0.9588       | -0.0005   
5660->6244           | 13    | 0.9593       | 0.9619       | 0.0026    
5983->5118           | 13    | 0.9593       | 0.9605       | 0.0012    
5118->5655           | 13    | 0.9593       | 0.9605       | 0.0012    
7392->6809           | 13    | 0.9593       | 0.9538       | -0.0055   
6809->7413           | 13    | 0.9593       | 0.9538       | -0.0055   
7531->7491           | 13    | 0.9593       | 0.6553       | -0.3040   
6863->7448           | 13    | 0.9593       | 0.9571       | -0.0022   
7679->7454           | 13    | 0.9593       | 0.9596       | 0.0003    
7694->7957           | 13    | 0.9593       | 0.9492       | -0.0101   
7810->6966           | 13    | 0.9593       | 0.9659       | 0.0066    
6966->7917           | 13    | 0.9593       | 0.9659       | 0.0066    
7114->7107           | 12    | 0.9644       | 0.7369       | -0.2275   
7107->7503           | 12    | 0.9644       | 0.7369       | -0.2275   
5734->5932           | 12    | 0.9644       | 0.7869       | -0.1775   
5663->5944           | 12    | 0.9644       | 0.9688       | 0.0044    
6052->5669           | 12    | 0.9644       | 0.9375       | -0.0270   
5889->5284           | 12    | 0.9644       | 0.9847       | 0.0203    
5505->5126           | 12    | 0.9644       | 0.9642       | -0.0002   
5126->5125           | 12    | 0.9644       | 0.9642       | -0.0002   
6244->5597           | 12    | 0.9644       | 0.9711       | 0.0067    
5655->5959           | 12    | 0.9644       | 0.9651       | 0.0007    
7491->7568           | 12    | 0.9644       | 0.7597       | -0.2047   
7448->6864           | 12    | 0.9644       | 0.9624       | -0.0020   
6864->7248           | 12    | 0.9644       | 0.9624       | -0.0020   
7454->7599           | 12    | 0.9644       | 0.9722       | 0.0078    
7727->7685           | 12    | 0.9644       | 0.9672       | 0.0028    
7957->7870           | 12    | 0.9644       | 0.9704       | 0.0060    
7917->7002           | 12    | 0.9644       | 0.9674       | 0.0030    
7503->7374           | 11    | 0.9693       | 0.8340       | -0.1353   
5932->5746           | 11    | 0.9693       | 0.8150       | -0.1543   
5424->6238           | 11    | 0.9693       | 0.9505       | -0.0188   
5944->5779           | 11    | 0.9693       | 0.9737       | 0.0044    
5669->5376           | 11    | 0.9693       | 0.9719       | 0.0026    
5284->5408           | 11    | 0.9693       | 0.9914       | 0.0221    
5499->5953           | 11    | 0.9693       | 0.9751       | 0.0058    
5125->6130           | 11    | 0.9693       | 0.9716       | 0.0023    
5597->6347           | 11    | 0.9693       | 0.9746       | 0.0053    
5959->5119           | 11    | 0.9693       | 0.9721       | 0.0028    
7413->7276           | 11    | 0.9693       | 0.9693       | 0.0000    
7568->7541           | 11    | 0.9693       | 0.7943       | -0.1750   
7248->7334           | 11    | 0.9693       | 0.9654       | -0.0039   
7599->7624           | 11    | 0.9693       | 0.9721       | 0.0028    
7035->6920           | 11    | 0.9693       | 0.9654       | -0.0039   
7685->7730           | 11    | 0.9693       | 0.9737       | 0.0044    
6920->7903           | 11    | 0.9693       | 0.9654       | -0.0039   
7870->7718           | 11    | 0.9693       | 0.9738       | 0.0045    
7374->7445           | 10    | 0.9740       | 0.9335       | -0.0405   
4905->4888           | 10    | 0.9740       | 0.7435       | -0.2305   
4888->5427           | 10    | 0.9740       | 0.7435       | -0.2305   
5746->6304           | 10    | 0.9740       | 0.8434       | -0.1305   
6238->5367           | 10    | 0.9740       | 0.9724       | -0.0016   
5779->5517           | 10    | 0.9740       | 0.9773       | 0.0033    
5376->6173           | 10    | 0.9740       | 0.9765       | 0.0026    
5408->6019           | 10    | 0.9740       | 0.9957       | 0.0217    
5953->5203           | 10    | 0.9740       | 0.9759       | 0.0019    
5203->5493           | 10    | 0.9740       | 0.9759       | 0.0019    
6130->6310           | 10    | 0.9740       | 0.9725       | -0.0015   
6347->5055           | 10    | 0.9740       | 0.9771       | 0.0031    
5055->5056           | 10    | 0.9740       | 0.9771       | 0.0031    
5056->6178           | 10    | 0.9740       | 0.9771       | 0.0031    
7276->7263           | 10    | 0.9740       | 0.9797       | 0.0058    
7541->7416           | 10    | 0.9740       | 0.9105       | -0.0635   
7334->6865           | 10    | 0.9740       | 0.9769       | 0.0029    
7624->6813           | 10    | 0.9740       | 0.9723       | -0.0017   
7730->7059           | 10    | 0.9740       | 0.9802       | 0.0062    
7903->7948           | 10    | 0.9740       | 0.9701       | -0.0038   
7718->7887           | 10    | 0.9740       | 0.9794       | 0.0054    
7445->7140           | 9     | 0.9783       | 0.9843       | 0.0060    
5427->5448           | 9     | 0.9783       | 0.8170       | -0.1613   
6304->6031           | 9     | 0.9783       | 0.8668       | -0.1115   
5367->6136           | 9     | 0.9783       | 0.9840       | 0.0057    
5517->5466           | 9     | 0.9783       | 0.9809       | 0.0026    
6173->5094           | 9     | 0.9783       | 0.9834       | 0.0051    
5094->5606           | 9     | 0.9783       | 0.9834       | 0.0051    
5194->5183           | 9     | 0.9783       | 0.8395       | -0.1388   
5183->5182           | 9     | 0.9783       | 0.8395       | -0.1388   
6019->5024           | 9     | 0.9783       | 0.9958       | 0.0175    
5024->5442           | 9     | 0.9783       | 0.9958       | 0.0175    
5493->5490           | 9     | 0.9783       | 0.9783       | -0.0000   
6310->5588           | 9     | 0.9783       | 0.9799       | 0.0015    
6178->5057           | 9     | 0.9783       | 0.9821       | 0.0038    
5057->5084           | 9     | 0.9783       | 0.9821       | 0.0038    
5240->5241           | 9     | 0.9783       | 0.5695       | -0.4088   
5241->7587           | 9     | 0.9783       | 0.5695       | -0.4088   
6748->6749           | 9     | 0.9783       | 0.7514       | -0.2270   
6749->7325           | 9     | 0.9783       | 0.7514       | -0.2270   
7263->7346           | 9     | 0.9783       | 0.9806       | 0.0023    
7416->7404           | 9     | 0.9783       | 0.9427       | -0.0357   
7059->7721           | 9     | 0.9783       | 0.9834       | 0.0050    
7948->7945           | 9     | 0.9783       | 0.9782       | -0.0001   
7887->7939           | 9     | 0.9783       | 0.9834       | 0.0051    
7140->7220           | 8     | 0.9824       | 0.9872       | 0.0048    
4905->6215           | 8     | 0.9824       | 0.5755       | -0.4069   
5448->5627           | 8     | 0.9824       | 0.9450       | -0.0374   
6031->5349           | 8     | 0.9824       | 0.8833       | -0.0991   
6136->5919           | 8     | 0.9824       | 0.9913       | 0.0089    
5466->6341           | 8     | 0.9824       | 0.9838       | 0.0014    
5606->6007           | 8     | 0.9824       | 0.9870       | 0.0045    
5182->5181           | 8     | 0.9824       | 0.9351       | -0.0473   
5181->5956           | 8     | 0.9824       | 0.9351       | -0.0473   
5442->5025           | 8     | 0.9824       | 0.9881       | 0.0057    
5490->5202           | 8     | 0.9824       | 0.9827       | 0.0003    
5588->5124           | 8     | 0.9824       | 0.9828       | 0.0004    
5025->5026           | 8     | 0.9824       | 0.9881       | 0.0057    
5202->5307           | 8     | 0.9824       | 0.9827       | 0.0003    
5124->5463           | 8     | 0.9824       | 0.9828       | 0.0004    
5026->5364           | 8     | 0.9824       | 0.9881       | 0.0057    
5119->5950           | 8     | 0.9824       | 0.9798       | -0.0026   
6748->7510           | 8     | 0.9824       | 0.7904       | -0.1921   
7587->6025           | 8     | 0.9824       | 0.6109       | -0.3715   
7325->7208           | 8     | 0.9824       | 0.9070       | -0.0754   
7346->7657           | 8     | 0.9824       | 0.9836       | 0.0012    
7404->7380           | 8     | 0.9824       | 0.9690       | -0.0134   
6865->6866           | 8     | 0.9824       | 0.9835       | 0.0011    
6866->6867           | 8     | 0.9824       | 0.9835       | 0.0011    
7721->7932           | 8     | 0.9824       | 0.9843       | 0.0019    
7945->7748           | 8     | 0.9824       | 0.9827       | 0.0003    
7939->7987           | 8     | 0.9824       | 0.9845       | 0.0021    
7117->7377           | 7     | 0.9862       | 0.6576       | -0.3286   
7220->7195           | 7     | 0.9862       | 0.9918       | 0.0056    
6215->5740           | 7     | 0.9862       | 0.6326       | -0.3536   
5627->6272           | 7     | 0.9862       | 0.9701       | -0.0161   
5349->5759           | 7     | 0.9862       | 0.8921       | -0.0941   
5919->5838           | 7     | 0.9862       | 0.9947       | 0.0085    
6341->4992           | 7     | 0.9862       | 0.9865       | 0.0003    
6007->6097           | 7     | 0.9862       | 0.9876       | 0.0014    
5956->5180           | 7     | 0.9862       | 0.9857       | -0.0005   
5180->6100           | 7     | 0.9862       | 0.9857       | -0.0005   
5307->5743           | 7     | 0.9862       | 0.9853       | -0.0009   
5463->5123           | 7     | 0.9862       | 0.9859       | -0.0003   
5364->5971           | 7     | 0.9862       | 0.9906       | 0.0044    
5123->5398           | 7     | 0.9862       | 0.9859       | -0.0003   
5950->5756           | 7     | 0.9862       | 0.9855       | -0.0007   
6881->7340           | 7     | 0.9862       | 0.6292       | -0.3570   
7510->7079           | 7     | 0.9862       | 0.7972       | -0.1890   
6025->5529           | 7     | 0.9862       | 0.7910       | -0.1952   
7079->7078           | 7     | 0.9862       | 0.7972       | -0.1890   
7208->6750           | 7     | 0.9862       | 0.9249       | -0.0613   
7078->7602           | 7     | 0.9862       | 0.7972       | -0.1890   
7657->7192           | 7     | 0.9862       | 0.9849       | -0.0013   
6757->6848           | 7     | 0.9862       | 0.1183       | -0.8679   
6848->7660           | 7     | 0.9862       | 0.1183       | -0.8679   
7380->7198           | 7     | 0.9862       | 0.9877       | 0.0015    
6813->7645           | 7     | 0.9862       | 0.9756       | -0.0106   
6867->7528           | 7     | 0.9862       | 0.9860       | -0.0002   
7038->7021           | 7     | 0.9862       | 0.5649       | -0.4213   
7021->7980           | 7     | 0.9862       | 0.5649       | -0.4213   
7932->7736           | 7     | 0.9862       | 0.9876       | 0.0014    
7748->6921           | 7     | 0.9862       | 0.9855       | -0.0007   
6921->7712           | 7     | 0.9862       | 0.9855       | -0.0007   
7987->7977           | 7     | 0.9862       | 0.9884       | 0.0022    
7377->7108           | 6     | 0.9896       | 0.7265       | -0.2632   
7108->7125           | 6     | 0.9896       | 0.7265       | -0.2632   
7125->7235           | 6     | 0.9896       | 0.7265       | -0.2632   
7195->7307           | 6     | 0.9896       | 0.9961       | 0.0065    
5740->4887           | 6     | 0.9896       | 0.7045       | -0.2851   
4887->6091           | 6     | 0.9896       | 0.7045       | -0.2851   
6272->5865           | 6     | 0.9896       | 0.9869       | -0.0027   
5759->5542           | 6     | 0.9896       | 0.8962       | -0.0934   
5838->5731           | 6     | 0.9896       | 0.9957       | 0.0061    
4992->4991           | 6     | 0.9896       | 0.9883       | -0.0013   
6097->5331           | 6     | 0.9896       | 0.9897       | 0.0001    
6100->5532           | 6     | 0.9896       | 0.9950       | 0.0053    
5743->5201           | 6     | 0.9896       | 0.9919       | 0.0023    
5971->5027           | 6     | 0.9896       | 0.9908       | 0.0012    
5201->5379           | 6     | 0.9896       | 0.9919       | 0.0023    
5027->5560           | 6     | 0.9896       | 0.9908       | 0.0012    
5756->5223           | 6     | 0.9896       | 0.9895       | -0.0001   
5223->5965           | 6     | 0.9896       | 0.9895       | -0.0001   
7340->7469           | 6     | 0.9896       | 0.9715       | -0.0182   
6750->6751           | 6     | 0.9896       | 0.9870       | -0.0026   
7602->7279           | 6     | 0.9896       | 0.9799       | -0.0097   
7192->6810           | 6     | 0.9896       | 0.9893       | -0.0004   
6810->7618           | 6     | 0.9896       | 0.9893       | -0.0004   
7660->7558           | 6     | 0.9896       | 0.1297       | -0.8600   
7198->7516           | 6     | 0.9896       | 0.9985       | 0.0089    
7645->7571           | 6     | 0.9896       | 0.9851       | -0.0045   
7528->7648           | 6     | 0.9896       | 0.9879       | -0.0017   
7980->7963           | 6     | 0.9896       | 0.7386       | -0.2510   
7736->7923           | 6     | 0.9896       | 0.9885       | -0.0011   
7712->7890           | 6     | 0.9896       | 0.9876       | -0.0021   
7977->7804           | 6     | 0.9896       | 0.9891       | -0.0006   
7002->6988           | 6     | 0.9896       | 0.9655       | -0.0242   
7002->7760           | 6     | 0.9896       | 0.9700       | -0.0196   
7235->7364           | 5     | 0.9927       | 0.8063       | -0.1864   
7307->7565           | 5     | 0.9927       | 0.9975       | 0.0048    
5865->5436           | 5     | 0.9927       | 0.9955       | 0.0028    
4891->6022           | 5     | 0.9927       | 0.0500       | -0.9426   
5542->4949           | 5     | 0.9927       | 0.9622       | -0.0305   
5731->5775           | 5     | 0.9927       | 0.9951       | 0.0024    
5331->6073           | 5     | 0.9927       | 0.9900       | -0.0027   
5127->5159           | 5     | 0.9927       | 0.9496       | -0.0431   
5159->5160           | 5     | 0.9927       | 0.9496       | -0.0431   
5532->5179           | 5     | 0.9927       | 1.0000       | 0.0073    
5179->6076           | 5     | 0.9927       | 1.0000       | 0.0073    
5398->5451           | 5     | 0.9927       | 0.9910       | -0.0017   
5379->6207           | 5     | 0.9927       | 0.9950       | 0.0023    
5066->5892           | 5     | 0.9927       | 0.0500       | -0.9427   
5560->6061           | 5     | 0.9927       | 0.9941       | 0.0014    
5064->5370           | 5     | 0.9927       | 0.0500       | -0.9427   
5965->5222           | 5     | 0.9927       | 0.9941       | 0.0015    
6827->7519           | 5     | 0.9927       | 0.5499       | -0.4428   
7469->7639           | 5     | 0.9927       | 0.9860       | -0.0066   
5529->6307           | 5     | 0.9927       | 0.9536       | -0.0391   
6751->6752           | 5     | 0.9927       | 0.9891       | -0.0036   
7279->7077           | 5     | 0.9927       | 0.9921       | -0.0006   
7077->7076           | 5     | 0.9927       | 0.9921       | -0.0006   
7076->7319           | 5     | 0.9927       | 0.9921       | -0.0006   
7618->7367           | 5     | 0.9927       | 0.9897       | -0.0030   
7558->7313           | 5     | 0.9927       | 0.1473       | -0.8454   
7516->7160           | 5     | 0.9927       | 0.9996       | 0.0069    
7571->6832           | 5     | 0.9927       | 0.9936       | 0.0009    
7648->7257           | 5     | 0.9927       | 0.9908       | -0.0019   
7038->7020           | 5     | 0.9927       | 0.5670       | -0.4257   
7020->7793           | 5     | 0.9927       | 0.5670       | -0.4257   
7963->7703           | 5     | 0.9927       | 0.9095       | -0.0832   
7923->7936           | 5     | 0.9927       | 0.9895       | -0.0032   
7890->7836           | 5     | 0.9927       | 0.9938       | 0.0011    
7804->6936           | 5     | 0.9927       | 0.9919       | -0.0008   
6936->6937           | 5     | 0.9927       | 0.9919       | -0.0008   
6937->7893           | 5     | 0.9927       | 0.9919       | -0.0008   
7364->7630           | 4     | 0.9953       | 0.8529       | -0.1425   
7565->7682           | 4     | 0.9953       | 0.9972       | 0.0018    
6091->4886           | 4     | 0.9953       | 0.9038       | -0.0915   
4886->6146           | 4     | 0.9953       | 0.9038       | -0.0915   
5436->4889           | 4     | 0.9953       | 1.0000       | 0.0047    
6022->6224           | 4     | 0.9953       | 0.0500       | -0.9453   
5775->6257           | 4     | 0.9953       | 0.9949       | -0.0005   
4991->5313           | 4     | 0.9953       | 0.9909       | -0.0045   
5216->5609           | 4     | 0.9953       | 0.8346       | -0.1607   
6073->5904           | 4     | 0.9953       | 0.9911       | -0.0043   
5160->5938           | 4     | 0.9953       | 0.9710       | -0.0243   
5451->5122           | 4     | 0.9953       | 0.9933       | -0.0020   
6207->5572           | 4     | 0.9953       | 0.9962       | 0.0009    
5892->5030           | 4     | 0.9953       | 0.0500       | -0.9453   
6061->5028           | 4     | 0.9953       | 0.9961       | 0.0008    
5370->5346           | 4     | 0.9953       | 0.0500       | -0.9453   
5222->5415           | 4     | 0.9953       | 0.9948       | -0.0006   
7519->7475           | 4     | 0.9953       | 0.8230       | -0.1723   
6784->7673           | 4     | 0.9953       | 0.7199       | -0.2754   
7639->7484           | 4     | 0.9953       | 1.0000       | 0.0047    
6307->7254           | 4     | 0.9953       | 0.9865       | -0.0089   
6752->6753           | 4     | 0.9953       | 1.0000       | 0.0047    
7319->7075           | 4     | 0.9953       | 1.0000       | 0.0046    
7075->7241           | 4     | 0.9953       | 1.0000       | 0.0046    
7367->7355           | 4     | 0.9953       | 0.9951       | -0.0002   
7313->7173           | 4     | 0.9953       | 0.1719       | -0.8235   
7160->7358           | 4     | 0.9953       | 0.9995       | 0.0042    
7257->7389           | 4     | 0.9953       | 0.9928       | -0.0025   
7793->7019           | 4     | 0.9953       | 0.5877       | -0.4076   
7019->7018           | 4     | 0.9953       | 0.5877       | -0.4076   
7703->7899           | 4     | 0.9953       | 0.9756       | -0.0197   
7018->7017           | 4     | 0.9953       | 0.5877       | -0.4076   
7017->7016           | 4     | 0.9953       | 0.5877       | -0.4076   
6898->7097           | 4     | 0.9953       | 0.8826       | -0.1127   
7097->7096           | 4     | 0.9953       | 0.8826       | -0.1127   
7096->7095           | 4     | 0.9953       | 0.8826       | -0.1127   
7095->7094           | 4     | 0.9953       | 0.8826       | -0.1127   
7094->7093           | 4     | 0.9953       | 0.8826       | -0.1127   
7093->7697           | 4     | 0.9953       | 0.8826       | -0.1127   
7936->8009           | 4     | 0.9953       | 0.9904       | -0.0050   
6960->7796           | 4     | 0.9953       | 0.9071       | -0.0883   
7836->6922           | 4     | 0.9953       | 0.9956       | 0.0003    
6922->7715           | 4     | 0.9953       | 0.9956       | 0.0003    
7893->7848           | 4     | 0.9953       | 0.9938       | -0.0015   
6988->6967           | 4     | 0.9953       | 0.9906       | -0.0047   
7760->6993           | 4     | 0.9953       | 0.9882       | -0.0071   
6967->6968           | 4     | 0.9953       | 0.9906       | -0.0047   
6993->6994           | 4     | 0.9953       | 0.9882       | -0.0071   
6968->7996           | 4     | 0.9953       | 0.9906       | -0.0047   
7137->7663           | 3     | 0.9975       | 0.0500       | -0.9475   
7630->7383           | 3     | 0.9975       | 0.8734       | -0.1241   
7682->7608           | 3     | 0.9975       | 0.9971       | -0.0004   
6146->4885           | 3     | 0.9975       | 0.9757       | -0.0219   
4885->6079           | 3     | 0.9975       | 0.9757       | -0.0219   
4889->5472           | 3     | 0.9975       | 1.0000       | 0.0025    
6224->4890           | 3     | 0.9975       | 0.0501       | -0.9475   
4949->5749           | 3     | 0.9975       | 0.9830       | -0.0146   
6257->5871           | 3     | 0.9975       | 0.9949       | -0.0027   
5313->5910           | 3     | 0.9975       | 0.9926       | -0.0049   
4963->6191           | 3     | 0.9975       | 0.0500       | -0.9475   
5609->6319           | 3     | 0.9975       | 0.9067       | -0.0908   
5194->5785           | 3     | 0.9975       | 0.1157       | -0.8818   
5114->8022           | 3     | 0.9975       | 0.7216       | -0.2759   
5034->5166           | 3     | 0.9975       | 0.0500       | -0.9475   
5904->5922           | 3     | 0.9975       | 0.9920       | -0.0055   
5166->5340           | 3     | 0.9975       | 0.0500       | -0.9475   
5938->5161           | 3     | 0.9975       | 0.9841       | -0.0135   
5161->6028           | 3     | 0.9975       | 0.9841       | -0.0135   
6076->5822           | 3     | 0.9975       | 1.0000       | 0.0025    
5122->5825           | 3     | 0.9975       | 0.9960       | -0.0016   
5572->5200           | 3     | 0.9975       | 0.9995       | 0.0019    
5030->5992           | 3     | 0.9975       | 0.0500       | -0.9475   
5084->5058           | 3     | 0.9975       | 0.9858       | -0.0118   
5084->6016           | 3     | 0.9975       | 0.9790       | -0.0185   
5084->6323           | 3     | 0.9975       | 0.9802       | -0.0173   
5028->5794           | 3     | 0.9975       | 0.9975       | -0.0000   
5200->6152           | 3     | 0.9975       | 0.9995       | 0.0019    
5058->5059           | 3     | 0.9975       | 0.9858       | -0.0118   
5346->5797           | 3     | 0.9975       | 0.0500       | -0.9475   
5415->6139           | 3     | 0.9975       | 0.9953       | -0.0023   
7475->7144           | 3     | 0.9975       | 0.8509       | -0.1467   
7673->7147           | 3     | 0.9975       | 0.9075       | -0.0900   
7484->7217           | 3     | 0.9975       | 1.0000       | 0.0025    
7254->5316           | 3     | 0.9975       | 1.0000       | 0.0025    
6758->7552           | 3     | 0.9975       | 0.0500       | -0.9475   
6753->7071           | 3     | 0.9975       | 1.0000       | 0.0025    
7071->7072           | 3     | 0.9975       | 1.0000       | 0.0025    
7072->7460           | 3     | 0.9975       | 1.0000       | 0.0025    
7241->7304           | 3     | 0.9975       | 1.0000       | 0.0025    
7355->7481           | 3     | 0.9975       | 0.9956       | -0.0019   
7173->6847           | 3     | 0.9975       | 0.2071       | -0.7904   
6813->7431           | 3     | 0.9975       | 0.9655       | -0.0321   
6847->7590           | 3     | 0.9975       | 0.2071       | -0.7904   
7358->7463           | 3     | 0.9975       | 0.9994       | 0.0019    
6832->7395           | 3     | 0.9975       | 0.9942       | -0.0034   
7899->7877           | 3     | 0.9975       | 1.0000       | 0.0025    
7016->7751           | 3     | 0.9975       | 0.7087       | -0.2889   
7697->7092           | 3     | 0.9975       | 0.9911       | -0.0064   
8009->7768           | 3     | 0.9975       | 0.9916       | -0.0059   
7796->7842           | 3     | 0.9975       | 0.9359       | -0.0616   
7715->6923           | 3     | 0.9975       | 0.9975       | -0.0000   
6949->7999           | 3     | 0.9975       | 0.8962       | -0.1013   
6923->7046           | 3     | 0.9975       | 0.9975       | -0.0000   
7046->7969           | 3     | 0.9975       | 0.9975       | -0.0000   
7848->7914           | 3     | 0.9975       | 0.9948       | -0.0028   
6994->6995           | 3     | 0.9975       | 0.9964       | -0.0011   
7996->6969           | 3     | 0.9975       | 0.9960       | -0.0015   
6969->7790           | 3     | 0.9975       | 0.9960       | -0.0015   
7663->7500           | 2     | 0.9993       | 0.0500       | -0.9493   
7383->7451           | 2     | 0.9993       | 0.8746       | -0.1246   
7608->7410           | 2     | 0.9993       | 0.9973       | -0.0020   
6079->5478           | 2     | 0.9993       | 0.9984       | -0.0008   
5472->5578           | 2     | 0.9993       | 1.0000       | 0.0007    
4890->5699           | 2     | 0.9993       | 0.0501       | -0.9491   
5016->6231           | 2     | 0.9993       | 0.0500       | -0.9493   
4949->4926           | 2     | 0.9993       | 0.9557       | -0.0436   
4926->6221           | 2     | 0.9993       | 0.9557       | -0.0436   
5871->6210           | 2     | 0.9993       | 0.9951       | -0.0042   
5910->6103           | 2     | 0.9993       | 0.9941       | -0.0052   
6191->5721           | 2     | 0.9993       | 0.0500       | -0.9493   
6319->6260           | 2     | 0.9993       | 0.9306       | -0.0687   
8022->8026           | 2     | 0.9993       | 0.7457       | -0.2536   
5922->5511           | 2     | 0.9993       | 0.9918       | -0.0075   
5340->5165           | 2     | 0.9993       | 0.0500       | -0.9493   
5165->5164           | 2     | 0.9993       | 0.0500       | -0.9493   
5164->6200           | 2     | 0.9993       | 0.0500       | -0.9493   
6028->6088           | 2     | 0.9993       | 0.9998       | 0.0005    
5822->5430           | 2     | 0.9993       | 1.0000       | 0.0007    
5119->5120           | 2     | 0.9993       | 0.9930       | -0.0062   
5825->5121           | 2     | 0.9993       | 0.9993       | 0.0001    
5120->5535           | 2     | 0.9993       | 0.9930       | -0.0062   
5992->5591           | 2     | 0.9993       | 0.0500       | -0.9493   
6016->5874           | 2     | 0.9993       | 0.9882       | -0.0111   
6323->5702           | 2     | 0.9993       | 0.9880       | -0.0113   
5121->5816           | 2     | 0.9993       | 0.9993       | 0.0001    
5794->5029           | 2     | 0.9993       | 0.9995       | 0.0002    
6152->5844           | 2     | 0.9993       | 1.0000       | 0.0007    
5059->5060           | 2     | 0.9993       | 0.9918       | -0.0075   
5064->5810           | 2     | 0.9993       | 0.0500       | -0.9493   
5060->5061           | 2     | 0.9993       | 0.9918       | -0.0075   
5061->5548           | 2     | 0.9993       | 0.9918       | -0.0075   
5797->5980           | 2     | 0.9993       | 0.0500       | -0.9493   
6139->5696           | 2     | 0.9993       | 0.9970       | -0.0023   
7144->6795           | 2     | 0.9993       | 0.9660       | -0.0333   
7147->7581           | 2     | 0.9993       | 0.9895       | -0.0098   
7217->6860           | 2     | 0.9993       | 1.0000       | 0.0007    
6884->7535           | 2     | 0.9993       | 0.0716       | -0.9277   
6860->7153           | 2     | 0.9993       | 1.0000       | 0.0007    
5316->5675           | 2     | 0.9993       | 1.0000       | 0.0007    
7552->7651           | 2     | 0.9993       | 0.0500       | -0.9493   
7460->7073           | 2     | 0.9993       | 1.0000       | 0.0007    
7073->7211           | 2     | 0.9993       | 1.0000       | 0.0007    
7304->7513           | 2     | 0.9993       | 1.0000       | 0.0007    
7481->6811           | 2     | 0.9993       | 0.9968       | -0.0024   
7431->7522           | 2     | 0.9993       | 0.9759       | -0.0234   
6811->7525           | 2     | 0.9993       | 0.9968       | -0.0024   
7590->6846           | 2     | 0.9993       | 0.3012       | -0.6981   
6846->6845           | 2     | 0.9993       | 0.3012       | -0.6981   
6832->7425           | 2     | 0.9993       | 0.9925       | -0.0068   
6845->7621           | 2     | 0.9993       | 0.3012       | -0.6981   
7463->7322           | 2     | 0.9993       | 0.9994       | 0.0001    
7395->7670           | 2     | 0.9993       | 0.9956       | -0.0037   
7035->7826           | 2     | 0.9993       | 0.9530       | -0.0462   
7877->7990           | 2     | 0.9993       | 1.0000       | 0.0007    
7751->7015           | 2     | 0.9993       | 0.7720       | -0.2272   
7015->7014           | 2     | 0.9993       | 0.7720       | -0.2272   
7014->7833           | 2     | 0.9993       | 0.7720       | -0.2272   
7768->7906           | 2     | 0.9993       | 0.9933       | -0.0059   
7842->7700           | 2     | 0.9993       | 0.9337       | -0.0655   
7999->6950           | 2     | 0.9993       | 0.9132       | -0.0860   
6950->7754           | 2     | 0.9993       | 0.9132       | -0.0860   
7969->7045           | 2     | 0.9993       | 0.9991       | -0.0001   
7914->7854           | 2     | 0.9993       | 0.9958       | -0.0034   
7045->7044           | 2     | 0.9993       | 0.9991       | -0.0001   
6988->7866           | 2     | 0.9993       | 0.9358       | -0.0635   
6995->6996           | 2     | 0.9993       | 1.0000       | 0.0007    
7790->6970           | 2     | 0.9993       | 0.9989       | -0.0003   
6970->7817           | 2     | 0.9993       | 0.9989       | -0.0003   
--------------------------------------------------------------------------------
Mean |Deviation|: 0.0947
Max  |Deviation|: 0.9493
================================================================================

LEAF EDGES (n_consumers = 1): 778 edges
--------------------------------------------------------------------------------
These edges were NOT optimized. By definition:
  - Target simultaneity g(n) = 1.0
  - Achieved simultaneity = 1.0
  - Deviation = 0.0
================================================================================


================================================================================
DEVIATION ANALYSIS BY EDGE SIZE
================================================================================

Single consumer (not optimized):
  Count: 778
  Mean deviation: 0.0000
  Mean |deviation|: 0.0000
  Max |deviation|: 0.0000
  Std dev: 0.0000

Very small (2-10):
  Count: 353
  Mean deviation: -0.1413
  Mean |deviation|: 0.1433
  Max |deviation|: 0.9493
  Std dev: 0.2807

Small (11-50):
  Count: 266
  Mean deviation: -0.0826
  Mean |deviation|: 0.0852
  Max |deviation|: 0.4120
  Std dev: 0.1008

Medium (51-100):
  Count: 57
  Mean deviation: -0.0126
  Mean |deviation|: 0.0233
  Max |deviation|: 0.1253
  Std dev: 0.0285

Large (101-200):
  Count: 34
  Mean deviation: 0.0056
  Mean |deviation|: 0.0171
  Max |deviation|: 0.0426
  Std dev: 0.0202

Very large (201-500):
  Count: 54
  Mean deviation: 0.0131
  Mean |deviation|: 0.0133
  Max |deviation|: 0.0341
  Std dev: 0.0107

Huge (500+):
  Count: 52
  Mean deviation: 0.0271
  Mean |deviation|: 0.0271
  Max |deviation|: 0.0412
  Std dev: 0.0067

================================================================================

Network size range: 2 to 692 consumers
Using problem range: 40-60
Saved enhanced verification plot to output/comprehensive_analysis/demoVerbundnetz_SimulationNeu/steady_state_v2/verification_demoVerbundnetz_SimulationNeu_v2.png

Total execution time: 46.08 seconds
Results saved to: output/comprehensive_analysis/demoVerbundnetz_SimulationNeu/steady_state_v2

=== STDERR ===
