Loading network for case 'NetzHast' from data/test_scenarios/complex/NetzHast.vicus...
Loading VICUS file: data/test_scenarios/complex/NetzHast.vicus
Parsed Simultaneity Spline: 63 points.
data/test_scenarios/complex/NetzHast.vicus
Found peak day: day 24 (hours 552-575) with peak=7400.0000
Force-selected profile: Residential_SingleFamily_HeatingLoad.tsv (peak day extraction, resampled to 96 steps)
Peak day profile plot saved to output/peak_day_profile.png
Created 39 consumers and 93 relevant optimization edges.

--- Starting Optimization using Scheme 'v3' for NetzHast ---
Initial weighted error (using v3): 101.628511
Regularization target: 1.0000
  Iter 0: Obj=101.628511 (Fit: 101.628511, Reg: 0.000000) | LR: 0.000367
  Iter 200: Obj=11.604598 (Fit: 11.582190, Reg: 0.022408) | LR: 0.001372
  Iter 400: Obj=11.617212 (Fit: 11.594330, Reg: 0.022882) | LR: 0.001370
  Early stopping at iteration 436
Final Error: 6.814771

================================================================================
OPTIMIZATION RESULTS
================================================================================

OPTIMIZED EDGES (n_consumers > 1): 44 edges
--------------------------------------------------------------------------------
Edge ID              | n_e   | Target g(n)  | Achieved g   | Deviation 
--------------------------------------------------------------------------------
1566->1606           | 39    | 0.8016       | 0.8425       | 0.0409    
1606->1717           | 30    | 0.8560       | 0.8296       | -0.0264   
1717->1732           | 29    | 0.8623       | 0.8296       | -0.0327   
1732->1626           | 28    | 0.8686       | 0.8296       | -0.0390   
1626->1599           | 27    | 0.8749       | 0.8815       | 0.0065    
1599->1723           | 21    | 0.9128       | 0.8863       | -0.0265   
1723->1568           | 20    | 0.9190       | 0.8863       | -0.0327   
1568->1714           | 20    | 0.9190       | 0.8863       | -0.0327   
1714->1591           | 19    | 0.9251       | 0.8863       | -0.0388   
1591->1654           | 10    | 0.9740       | 0.8778       | -0.0962   
1606->1642           | 9     | 0.9783       | 0.8761       | -0.1022   
1591->1691           | 9     | 0.9783       | 0.9019       | -0.0764   
1654->1765           | 9     | 0.9783       | 0.9500       | -0.0283   
1642->1648           | 8     | 0.9824       | 0.9797       | -0.0027   
1691->1570           | 8     | 0.9824       | 0.9499       | -0.0326   
1765->1681           | 8     | 0.9824       | 0.9500       | -0.0324   
1570->1688           | 8     | 0.9824       | 0.9499       | -0.0326   
1648->1669           | 7     | 0.9862       | 0.9851       | -0.0011   
1681->1736           | 7     | 0.9862       | 0.9576       | -0.0286   
1688->1571           | 7     | 0.9862       | 0.9550       | -0.0312   
1571->1747           | 7     | 0.9862       | 0.9550       | -0.0312   
1669->1645           | 6     | 0.9896       | 0.9879       | -0.0017   
1599->1672           | 6     | 0.9896       | 0.8673       | -0.1223   
1736->1675           | 6     | 0.9896       | 0.9576       | -0.0320   
1747->1744           | 6     | 0.9896       | 0.9550       | -0.0346   
1645->1605           | 5     | 0.9927       | 0.9909       | -0.0018   
1672->1639           | 5     | 0.9927       | 0.9813       | -0.0113   
1675->1678           | 5     | 0.9927       | 0.9603       | -0.0324   
1744->1666           | 5     | 0.9927       | 0.9550       | -0.0377   
1605->1604           | 4     | 0.9953       | 0.9935       | -0.0019   
1604->1651           | 4     | 0.9953       | 0.9935       | -0.0019   
1639->1636           | 4     | 0.9953       | 0.9845       | -0.0109   
1678->1660           | 4     | 0.9953       | 0.9632       | -0.0322   
1666->1740           | 4     | 0.9953       | 0.9625       | -0.0328   
1651->1720           | 3     | 0.9975       | 0.9963       | -0.0013   
1636->1752           | 3     | 0.9975       | 0.9873       | -0.0103   
1660->1575           | 3     | 0.9975       | 0.9622       | -0.0353   
1575->1574           | 3     | 0.9975       | 0.9622       | -0.0353   
1740->1776           | 3     | 0.9975       | 0.9625       | -0.0351   
1574->1617           | 3     | 0.9975       | 0.9622       | -0.0353   
1720->1630           | 2     | 0.9993       | 0.9962       | -0.0030   
1752->1613           | 2     | 0.9993       | 0.9873       | -0.0120   
1776->1663           | 2     | 0.9993       | 0.9625       | -0.0368   
1617->1620           | 2     | 0.9993       | 0.9622       | -0.0370   
--------------------------------------------------------------------------------
Mean |Deviation|: 0.0311
Max  |Deviation|: 0.1223
================================================================================

LEAF EDGES (n_consumers = 1): 49 edges
--------------------------------------------------------------------------------
These edges were NOT optimized. By definition:
  - Target simultaneity g(n) = 1.0
  - Achieved simultaneity = 1.0
  - Deviation = 0.0
================================================================================


================================================================================
DEVIATION ANALYSIS BY EDGE SIZE
================================================================================

Single consumer (not optimized):
  Count: 49
  Mean deviation: 0.0000
  Mean |deviation|: 0.0000
  Max |deviation|: 0.0000
  Std dev: 0.0000

Very small (2-10):
  Count: 35
  Mean deviation: -0.0312
  Mean |deviation|: 0.0312
  Max |deviation|: 0.1223
  Std dev: 0.0288

Small (11-50):
  Count: 9
  Mean deviation: -0.0202
  Mean |deviation|: 0.0307
  Max |deviation|: 0.0409
  Std dev: 0.0267

================================================================================

Network size range: 2 to 39 consumers
Using problem range: 5-10
Saved enhanced verification plot to output/comprehensive_analysis/NetzHast/steady_state_v3/verification_NetzHast_v3.png

Total execution time: 1.17 seconds
Results saved to: output/comprehensive_analysis/NetzHast/steady_state_v3

=== STDERR ===
