Loading network for case 'NetzHast' from data/test_scenarios/complex/NetzHast.vicus...
Loading VICUS file: data/test_scenarios/complex/NetzHast.vicus
Parsed Simultaneity Spline: 63 points.
data/test_scenarios/complex/NetzHast.vicus
Found peak day: day 24 (hours 552-575) with peak=7400.0000
Force-selected profile: Residential_SingleFamily_HeatingLoad.tsv (peak day extraction, resampled to 96 steps)
Peak day profile plot saved to output/peak_day_profile.png
Created 39 consumers and 93 relevant optimization edges.

--- Starting Optimization using Scheme 'v1' for NetzHast ---
Initial weighted error (using v1): 1.636763
Average target simultaneity: 0.9684
  Iter 0: Obj=1.638707 (Fit: 1.636763, Reg: 0.001943) | LR: 0.005287
  Iter 200: Obj=0.255641 (Fit: 0.189188, Reg: 0.066453) | LR: 0.053090
  Iter 400: Obj=0.255654 (Fit: 0.189119, Reg: 0.066535) | LR: 0.052984
  Iter 600: Obj=0.255655 (Fit: 0.189119, Reg: 0.066536) | LR: 0.052978
  Iter 800: Obj=0.255656 (Fit: 0.189119, Reg: 0.066537) | LR: 0.052978
  Iter 1000: Obj=0.255656 (Fit: 0.189119, Reg: 0.066537) | LR: 0.052978
  Iter 1200: Obj=0.255656 (Fit: 0.189119, Reg: 0.066537) | LR: 0.052978
  Iter 1400: Obj=0.255656 (Fit: 0.189119, Reg: 0.066537) | LR: 0.052978
  Iter 1600: Obj=0.255656 (Fit: 0.189119, Reg: 0.066537) | LR: 0.052978
  Iter 1800: Obj=0.255656 (Fit: 0.189119, Reg: 0.066537) | LR: 0.052978
Final Error: 0.249368

================================================================================
OPTIMIZATION RESULTS
================================================================================

OPTIMIZED EDGES (n_consumers > 1): 44 edges
--------------------------------------------------------------------------------
Edge ID              | n_e   | Target g(n)  | Achieved g   | Deviation 
--------------------------------------------------------------------------------
1566->1606           | 39    | 0.8016       | 0.8800       | 0.0784    
1606->1717           | 30    | 0.8560       | 0.8596       | 0.0036    
1717->1732           | 29    | 0.8623       | 0.8596       | -0.0027   
1732->1626           | 28    | 0.8686       | 0.8596       | -0.0091   
1626->1599           | 27    | 0.8749       | 0.9134       | 0.0385    
1599->1723           | 21    | 0.9128       | 0.9126       | -0.0002   
1723->1568           | 20    | 0.9190       | 0.9126       | -0.0064   
1568->1714           | 20    | 0.9190       | 0.9126       | -0.0064   
1714->1591           | 19    | 0.9251       | 0.9126       | -0.0125   
1591->1654           | 10    | 0.9740       | 0.9071       | -0.0668   
1606->1642           | 9     | 0.9783       | 0.9333       | -0.0450   
1591->1691           | 9     | 0.9783       | 0.9226       | -0.0558   
1654->1765           | 9     | 0.9783       | 0.9591       | -0.0192   
1642->1648           | 8     | 0.9824       | 0.9734       | -0.0090   
1691->1570           | 8     | 0.9824       | 0.9669       | -0.0155   
1765->1681           | 8     | 0.9824       | 0.9591       | -0.0233   
1570->1688           | 8     | 0.9824       | 0.9669       | -0.0155   
1648->1669           | 7     | 0.9862       | 0.9828       | -0.0034   
1681->1736           | 7     | 0.9862       | 0.9783       | -0.0079   
1688->1571           | 7     | 0.9862       | 0.9776       | -0.0086   
1571->1747           | 7     | 0.9862       | 0.9776       | -0.0086   
1669->1645           | 6     | 0.9896       | 0.9886       | -0.0010   
1599->1672           | 6     | 0.9896       | 0.9159       | -0.0738   
1736->1675           | 6     | 0.9896       | 0.9783       | -0.0113   
1747->1744           | 6     | 0.9896       | 0.9776       | -0.0120   
1645->1605           | 5     | 0.9927       | 0.9919       | -0.0008   
1672->1639           | 5     | 0.9927       | 0.9798       | -0.0129   
1675->1678           | 5     | 0.9927       | 0.9837       | -0.0090   
1744->1666           | 5     | 0.9927       | 0.9776       | -0.0151   
1605->1604           | 4     | 0.9953       | 0.9949       | -0.0005   
1604->1651           | 4     | 0.9953       | 0.9949       | -0.0005   
1639->1636           | 4     | 0.9953       | 0.9917       | -0.0036   
1678->1660           | 4     | 0.9953       | 0.9885       | -0.0068   
1666->1740           | 4     | 0.9953       | 0.9851       | -0.0102   
1651->1720           | 3     | 0.9975       | 0.9976       | 0.0001    
1636->1752           | 3     | 0.9975       | 0.9965       | -0.0011   
1660->1575           | 3     | 0.9975       | 0.9913       | -0.0062   
1575->1574           | 3     | 0.9975       | 0.9913       | -0.0062   
1740->1776           | 3     | 0.9975       | 0.9851       | -0.0124   
1574->1617           | 3     | 0.9975       | 0.9913       | -0.0062   
1720->1630           | 2     | 0.9993       | 0.9977       | -0.0016   
1752->1613           | 2     | 0.9993       | 0.9965       | -0.0028   
1776->1663           | 2     | 0.9993       | 0.9852       | -0.0141   
1617->1620           | 2     | 0.9993       | 0.9921       | -0.0072   
--------------------------------------------------------------------------------
Mean |Deviation|: 0.0148
Max  |Deviation|: 0.0784
================================================================================

LEAF EDGES (n_consumers = 1): 49 edges
--------------------------------------------------------------------------------
These edges were NOT optimized. By definition:
  - Target simultaneity g(n) = 1.0
  - Achieved simultaneity = 1.0
  - Deviation = 0.0
================================================================================


================================================================================
DEVIATION ANALYSIS BY EDGE SIZE
================================================================================

Single consumer (not optimized):
  Count: 49
  Mean deviation: 0.0000
  Mean |deviation|: 0.0000
  Max |deviation|: 0.0000
  Std dev: 0.0000

Very small (2-10):
  Count: 35
  Mean deviation: -0.0141
  Mean |deviation|: 0.0141
  Max |deviation|: 0.0738
  Std dev: 0.0182

Small (11-50):
  Count: 9
  Mean deviation: 0.0092
  Mean |deviation|: 0.0175
  Max |deviation|: 0.0784
  Std dev: 0.0300

================================================================================

Network size range: 2 to 39 consumers
Using problem range: 5-10
Saved enhanced verification plot to output/comprehensive_analysis/NetzHast/steady_state_v1/verification_NetzHast_v1.png

Total execution time: 1.37 seconds
Results saved to: output/comprehensive_analysis/NetzHast/steady_state_v1

=== STDERR ===
