Loading network for case 'demoVerbundnetz_SimulationNeu' from data/test_scenarios/complex/demoVerbundnetz_SimulationNeu.vicus...
Loading VICUS file: data/test_scenarios/complex/demoVerbundnetz_SimulationNeu.vicus
Parsed Simultaneity Spline: 63 points.
data/test_scenarios/complex/demoVerbundnetz_SimulationNeu.vicus
Found peak day: day 24 (hours 552-575) with peak=7400.0000
Force-selected profile: Residential_SingleFamily_HeatingLoad.tsv (peak day extraction, resampled to 96 steps)
Peak day profile plot saved to output/peak_day_profile.png
Created 692 consumers and 1594 relevant optimization edges.

--- Starting Optimization using Scheme 'v1' for demoVerbundnetz_SimulationNeu ---
Initial weighted error (using v1): 1436.189757
Regularization target: 1.0000
  Iter 0: Obj=1436.189757 (Fit: 1436.189757, Reg: 0.000000) | LR: 0.001544
  Iter 200: Obj=54.875819 (Fit: 54.648129, Reg: 0.227690) | LR: 0.022942
  Iter 400: Obj=53.013873 (Fit: 52.762669, Reg: 0.251204) | LR: 0.023930
  Iter 600: Obj=52.720192 (Fit: 52.460894, Reg: 0.259298) | LR: 0.023822
  Iter 800: Obj=52.635535 (Fit: 52.373072, Reg: 0.262463) | LR: 0.023819
  Iter 1000: Obj=52.605785 (Fit: 52.341632, Reg: 0.264154) | LR: 0.023812
  Iter 1200: Obj=52.582277 (Fit: 52.316659, Reg: 0.265619) | LR: 0.023817
  Iter 1400: Obj=52.570004 (Fit: 52.303404, Reg: 0.266600) | LR: 0.023819
  Iter 1600: Obj=52.562880 (Fit: 52.295559, Reg: 0.267321) | LR: 0.023817
  Iter 1800: Obj=52.560274 (Fit: 52.292523, Reg: 0.267751) | LR: 0.023815
  Iter 2000: Obj=52.558252 (Fit: 52.290105, Reg: 0.268148) | LR: 0.023812
  Iter 2200: Obj=52.556583 (Fit: 52.288059, Reg: 0.268524) | LR: 0.023809
  Iter 2400: Obj=52.555195 (Fit: 52.286312, Reg: 0.268882) | LR: 0.023807
  Iter 2600: Obj=52.554033 (Fit: 52.284809, Reg: 0.269225) | LR: 0.023804
  Iter 2800: Obj=52.553063 (Fit: 52.283512, Reg: 0.269551) | LR: 0.023802
  Iter 3000: Obj=52.548320 (Fit: 52.278474, Reg: 0.269846) | LR: 0.023821
  Iter 3200: Obj=52.522963 (Fit: 52.252869, Reg: 0.270094) | LR: 0.023954
  Iter 3400: Obj=52.515094 (Fit: 52.244832, Reg: 0.270262) | LR: 0.023994
  Iter 3600: Obj=52.510741 (Fit: 52.240373, Reg: 0.270368) | LR: 0.024017
  Iter 3800: Obj=52.507595 (Fit: 52.237131, Reg: 0.270464) | LR: 0.024033
  Iter 4000: Obj=52.505561 (Fit: 52.235028, Reg: 0.270533) | LR: 0.024043
  Iter 4200: Obj=52.504247 (Fit: 52.233662, Reg: 0.270585) | LR: 0.024050
  Iter 4400: Obj=52.503377 (Fit: 52.232743, Reg: 0.270634) | LR: 0.024054
  Iter 4600: Obj=52.502793 (Fit: 52.232113, Reg: 0.270680) | LR: 0.024057
  Iter 4800: Obj=52.502395 (Fit: 52.231671, Reg: 0.270724) | LR: 0.024058
Final Error: 52.502120

================================================================================
OPTIMIZATION RESULTS
================================================================================

OPTIMIZED EDGES (n_consumers > 1): 816 edges
--------------------------------------------------------------------------------
Edge ID              | n_e   | Target g(n)  | Achieved g   | Deviation 
--------------------------------------------------------------------------------
5266->5289           | 692   | 0.4759       | 0.5743       | 0.0985    
5289->5290           | 692   | 0.4759       | 0.5743       | 0.0985    
5290->7114           | 692   | 0.4759       | 0.5743       | 0.0985    
7114->5291           | 680   | 0.4759       | 0.5497       | 0.0738    
5291->5292           | 680   | 0.4759       | 0.5497       | 0.0738    
5292->7137           | 680   | 0.4759       | 0.5497       | 0.0738    
7137->7117           | 677   | 0.4759       | 0.5453       | 0.0694    
7117->5293           | 670   | 0.4759       | 0.5359       | 0.0600    
5293->5302           | 670   | 0.4759       | 0.5359       | 0.0600    
5302->4858           | 669   | 0.4759       | 0.5369       | 0.0610    
4858->5791           | 669   | 0.4759       | 0.5369       | 0.0610    
5791->5652           | 668   | 0.4759       | 0.5371       | 0.0612    
5652->5457           | 667   | 0.4759       | 0.5374       | 0.0615    
5457->4859           | 666   | 0.4759       | 0.5376       | 0.0617    
4859->4860           | 666   | 0.4759       | 0.5376       | 0.0617    
4860->4861           | 666   | 0.4759       | 0.5376       | 0.0617    
4861->5328           | 665   | 0.4759       | 0.5380       | 0.0621    
5328->4862           | 664   | 0.4759       | 0.5382       | 0.0624    
4862->5514           | 664   | 0.4759       | 0.5382       | 0.0624    
5514->5672           | 663   | 0.4759       | 0.5385       | 0.0627    
5672->4863           | 662   | 0.4759       | 0.5388       | 0.0630    
4863->5772           | 661   | 0.4759       | 0.5391       | 0.0633    
5772->6109           | 660   | 0.4759       | 0.5394       | 0.0636    
6109->6241           | 659   | 0.4759       | 0.5397       | 0.0639    
6241->4864           | 658   | 0.4759       | 0.5400       | 0.0641    
4864->6234           | 658   | 0.4759       | 0.5400       | 0.0641    
6234->5581           | 657   | 0.4759       | 0.5404       | 0.0645    
5581->6188           | 656   | 0.4759       | 0.5407       | 0.0649    
6188->6316           | 655   | 0.4759       | 0.5411       | 0.0652    
6316->5603           | 654   | 0.4759       | 0.5415       | 0.0656    
5603->5986           | 653   | 0.4759       | 0.5419       | 0.0661    
5986->5947           | 652   | 0.4759       | 0.5423       | 0.0664    
5947->4865           | 651   | 0.4759       | 0.5426       | 0.0668    
4865->4919           | 650   | 0.4759       | 0.5429       | 0.0671    
4919->5334           | 545   | 0.4759       | 0.5346       | 0.0587    
5334->5392           | 544   | 0.4759       | 0.5349       | 0.0590    
5392->5859           | 543   | 0.4759       | 0.5354       | 0.0595    
5859->5681           | 542   | 0.4759       | 0.5359       | 0.0600    
5681->4905           | 541   | 0.4759       | 0.5364       | 0.0606    
4905->5678           | 523   | 0.4759       | 0.5314       | 0.0555    
5678->4866           | 522   | 0.4759       | 0.5317       | 0.0558    
4866->4941           | 522   | 0.4759       | 0.5317       | 0.0558    
4941->6228           | 509   | 0.4759       | 0.5262       | 0.0503    
6228->4928           | 508   | 0.4759       | 0.5268       | 0.0509    
4928->5724           | 508   | 0.4759       | 0.5268       | 0.0509    
5724->6332           | 507   | 0.4759       | 0.5270       | 0.0512    
6332->5445           | 506   | 0.4759       | 0.5273       | 0.0514    
5445->5418           | 505   | 0.4759       | 0.5276       | 0.0517    
5418->4929           | 504   | 0.4759       | 0.5278       | 0.0520    
4929->4930           | 504   | 0.4759       | 0.5278       | 0.0520    
4930->4988           | 504   | 0.4759       | 0.5278       | 0.0520    
4988->5005           | 504   | 0.4759       | 0.5278       | 0.0520    
5005->5766           | 488   | 0.4759       | 0.5241       | 0.0482    
5766->5639           | 487   | 0.4759       | 0.5247       | 0.0488    
5639->6158           | 486   | 0.4759       | 0.5297       | 0.0538    
6158->4964           | 485   | 0.4759       | 0.5303       | 0.0544    
4964->5636           | 403   | 0.4759       | 0.5099       | 0.0341    
5636->6278           | 402   | 0.4759       | 0.5109       | 0.0350    
6278->5962           | 401   | 0.4759       | 0.5115       | 0.0357    
5962->5705           | 400   | 0.4759       | 0.5122       | 0.0363    
5705->5883           | 399   | 0.4759       | 0.5132       | 0.0374    
5883->6067           | 398   | 0.4759       | 0.5138       | 0.0380    
6067->5856           | 397   | 0.4759       | 0.5147       | 0.0388    
5856->5968           | 396   | 0.4759       | 0.5155       | 0.0397    
5968->6326           | 395   | 0.4759       | 0.5162       | 0.0404    
6326->5554           | 394   | 0.4759       | 0.5168       | 0.0410    
5554->6047           | 393   | 0.4759       | 0.5172       | 0.0413    
6047->5718           | 392   | 0.4759       | 0.5175       | 0.0417    
5718->5633           | 391   | 0.4759       | 0.5180       | 0.0421    
5633->5545           | 390   | 0.4759       | 0.5186       | 0.0428    
5545->5310           | 389   | 0.4759       | 0.5193       | 0.0434    
5310->6329           | 388   | 0.4759       | 0.5208       | 0.0449    
6329->5557           | 387   | 0.4759       | 0.5214       | 0.0456    
5557->6112           | 385   | 0.4759       | 0.5243       | 0.0484    
6112->6058           | 384   | 0.4759       | 0.5248       | 0.0489    
6058->4963           | 383   | 0.4759       | 0.5260       | 0.0502    
4963->6263           | 346   | 0.4759       | 0.5134       | 0.0375    
6263->5551           | 345   | 0.4759       | 0.5142       | 0.0384    
5551->5977           | 344   | 0.4759       | 0.5156       | 0.0397    
5977->5690           | 343   | 0.4759       | 0.5164       | 0.0405    
5690->5034           | 342   | 0.4759       | 0.5175       | 0.0416    
5034->5832           | 338   | 0.4759       | 0.5165       | 0.0406    
5832->6167           | 337   | 0.4759       | 0.5176       | 0.0418    
6167->5898           | 336   | 0.4759       | 0.5194       | 0.0435    
5898->5928           | 335   | 0.4759       | 0.5222       | 0.0463    
5928->6247           | 334   | 0.4759       | 0.5230       | 0.0471    
6247->5033           | 333   | 0.4759       | 0.5240       | 0.0482    
5033->6143           | 332   | 0.4759       | 0.5251       | 0.0493    
6143->6301           | 331   | 0.4759       | 0.5268       | 0.0510    
6301->5032           | 330   | 0.4759       | 0.5278       | 0.0519    
5032->5031           | 329   | 0.4759       | 0.5291       | 0.0532    
5031->5178           | 329   | 0.4759       | 0.5291       | 0.0532    
5178->5066           | 329   | 0.4759       | 0.5291       | 0.0532    
5066->5065           | 324   | 0.4759       | 0.5275       | 0.0516    
5065->5901           | 324   | 0.4759       | 0.5275       | 0.0516    
5901->6070           | 323   | 0.4759       | 0.5304       | 0.0545    
6070->5880           | 322   | 0.4759       | 0.5310       | 0.0552    
5880->5064           | 321   | 0.4759       | 0.5316       | 0.0558    
5064->6082           | 314   | 0.4759       | 0.5330       | 0.0571    
6082->5231           | 313   | 0.4759       | 0.5338       | 0.0579    
5231->5232           | 313   | 0.4759       | 0.5338       | 0.0579    
5232->5233           | 313   | 0.4759       | 0.5338       | 0.0579    
5233->5234           | 313   | 0.4759       | 0.5338       | 0.0579    
5234->7494           | 250   | 0.4842       | 0.5337       | 0.0495    
7494->5361           | 249   | 0.4844       | 0.5370       | 0.0526    
5361->5235           | 248   | 0.4846       | 0.5403       | 0.0556    
5235->5373           | 199   | 0.4997       | 0.5408       | 0.0411    
5373->5600           | 198   | 0.5001       | 0.5489       | 0.0488    
5600->6284           | 197   | 0.5005       | 0.5519       | 0.0513    
6284->5819           | 196   | 0.5009       | 0.5547       | 0.0537    
5819->5236           | 195   | 0.5014       | 0.5575       | 0.0562    
5236->5262           | 195   | 0.5014       | 0.5575       | 0.0562    
5262->5257           | 165   | 0.5169       | 0.5300       | 0.0131    
5257->6296           | 165   | 0.5169       | 0.5300       | 0.0131    
6296->6338           | 164   | 0.5175       | 0.5335       | 0.0159    
6338->5853           | 163   | 0.5182       | 0.5377       | 0.0195    
5853->5974           | 162   | 0.5188       | 0.5431       | 0.0242    
5974->7441           | 161   | 0.5195       | 0.5497       | 0.0302    
7441->7386           | 160   | 0.5202       | 0.5537       | 0.0335    
7386->7285           | 159   | 0.5209       | 0.5577       | 0.0368    
7285->7370           | 158   | 0.5215       | 0.5642       | 0.0426    
7370->6777           | 157   | 0.5222       | 0.5750       | 0.0527    
6777->7545           | 157   | 0.5222       | 0.5750       | 0.0527    
7545->7434           | 156   | 0.5230       | 0.5803       | 0.0573    
7434->7611           | 155   | 0.5237       | 0.5870       | 0.0633    
7611->6776           | 154   | 0.5244       | 0.5950       | 0.0706    
6776->6758           | 139   | 0.5369       | 0.5866       | 0.0497    
6758->7343           | 136   | 0.5397       | 0.5897       | 0.0499    
7343->7578           | 135   | 0.5407       | 0.6005       | 0.0598    
7578->7273           | 134   | 0.5417       | 0.6061       | 0.0644    
7273->7176           | 133   | 0.5427       | 0.6124       | 0.0697    
7176->6757           | 132   | 0.5438       | 0.6168       | 0.0730    
6757->6889           | 124   | 0.5527       | 0.6174       | 0.0647    
6889->6890           | 124   | 0.5527       | 0.6174       | 0.0647    
4919->6115           | 105   | 0.5795       | 0.6008       | 0.0213    
6115->4892           | 104   | 0.5812       | 0.6035       | 0.0223    
4892->5355           | 104   | 0.5812       | 0.6035       | 0.0223    
5355->6127           | 103   | 0.5829       | 0.6069       | 0.0239    
6127->5847           | 102   | 0.5847       | 0.6095       | 0.0249    
5847->6250           | 101   | 0.5864       | 0.6122       | 0.0257    
6250->6085           | 100   | 0.5882       | 0.6145       | 0.0263    
6085->5645           | 99    | 0.5901       | 0.6173       | 0.0272    
5645->6275           | 98    | 0.5920       | 0.6196       | 0.0276    
6275->5868           | 97    | 0.5939       | 0.6234       | 0.0295    
5868->4891           | 96    | 0.5958       | 0.6258       | 0.0300    
4891->4954           | 91    | 0.6062       | 0.6210       | 0.0148    
4954->4983           | 91    | 0.6062       | 0.6210       | 0.0148    
4964->5895           | 82    | 0.6276       | 0.6369       | 0.0093    
5895->6293           | 81    | 0.6302       | 0.6435       | 0.0133    
6293->5712           | 80    | 0.6328       | 0.6498       | 0.0170    
5712->5813           | 79    | 0.6356       | 0.6573       | 0.0217    
5813->5800           | 78    | 0.6383       | 0.6649       | 0.0265    
5800->5612           | 77    | 0.6412       | 0.6679       | 0.0267    
5612->5098           | 76    | 0.6441       | 0.6727       | 0.0287    
5098->6197           | 76    | 0.6441       | 0.6727       | 0.0287    
6197->5097           | 75    | 0.6470       | 0.6769       | 0.0299    
6890->7706           | 74    | 0.6500       | 0.6246       | -0.0254   
7706->7765           | 72    | 0.6562       | 0.6422       | -0.0141   
7765->7954           | 71    | 0.6594       | 0.6432       | -0.0162   
7954->6891           | 70    | 0.6627       | 0.6472       | -0.0155   
4983->4955           | 69    | 0.6660       | 0.5970       | -0.0690   
4955->4956           | 69    | 0.6660       | 0.5970       | -0.0690   
4956->4957           | 69    | 0.6660       | 0.5970       | -0.0690   
4957->5925           | 69    | 0.6660       | 0.5970       | -0.0690   
5925->4958           | 68    | 0.6694       | 0.6011       | -0.0683   
4958->6344           | 68    | 0.6694       | 0.6011       | -0.0683   
6344->4959           | 67    | 0.6728       | 0.6055       | -0.0674   
4959->6013           | 67    | 0.6728       | 0.6055       | -0.0674   
6013->5395           | 66    | 0.6764       | 0.6099       | -0.0664   
5395->5383           | 65    | 0.6800       | 0.6256       | -0.0544   
5383->6133           | 63    | 0.6874       | 0.6325       | -0.0548   
5234->7310           | 63    | 0.6874       | 0.5348       | -0.1526   
6133->5487           | 62    | 0.6912       | 0.6367       | -0.0545   
5487->5404           | 61    | 0.6951       | 0.6457       | -0.0494   
7310->7266           | 61    | 0.6951       | 0.5915       | -0.1036   
5404->4960           | 60    | 0.6991       | 0.6499       | -0.0492   
4960->5343           | 60    | 0.6991       | 0.6499       | -0.0492   
7266->7352           | 60    | 0.6991       | 0.6126       | -0.0865   
5343->5737           | 59    | 0.7031       | 0.6546       | -0.0485   
5097->5111           | 59    | 0.7031       | 0.6509       | -0.0522   
5111->5112           | 59    | 0.7031       | 0.6509       | -0.0522   
5112->5782           | 59    | 0.7031       | 0.6509       | -0.0522   
7352->7251           | 59    | 0.7031       | 0.6427       | -0.0604   
5737->6040           | 58    | 0.7073       | 0.6797       | -0.0276   
5782->5642           | 58    | 0.7073       | 0.6579       | -0.0493   
7251->7166           | 58    | 0.7073       | 0.6476       | -0.0597   
6040->6253           | 57    | 0.7115       | 0.6859       | -0.0256   
7166->7478           | 57    | 0.7115       | 0.6555       | -0.0560   
6253->4961           | 56    | 0.7158       | 0.6892       | -0.0265   
5642->6170           | 56    | 0.7158       | 0.6707       | -0.0450   
7478->7466           | 56    | 0.7158       | 0.6604       | -0.0553   
6170->5460           | 55    | 0.7201       | 0.6781       | -0.0421   
7466->6794           | 55    | 0.7201       | 0.6651       | -0.0550   
6794->6827           | 55    | 0.7201       | 0.6651       | -0.0550   
5460->6064           | 54    | 0.7246       | 0.6882       | -0.0363   
6064->5113           | 53    | 0.7291       | 0.7122       | -0.0170   
5113->5154           | 53    | 0.7291       | 0.7122       | -0.0170   
5235->7156           | 49    | 0.7481       | 0.5383       | -0.2098   
6827->7422           | 49    | 0.7481       | 0.6885       | -0.0597   
7156->7488           | 48    | 0.7531       | 0.5572       | -0.1959   
7488->7201           | 47    | 0.7582       | 0.5729       | -0.1853   
7422->7226           | 47    | 0.7582       | 0.7099       | -0.0482   
7201->7636           | 46    | 0.7633       | 0.5926       | -0.1707   
7226->6806           | 46    | 0.7633       | 0.7226       | -0.0407   
6806->7575           | 46    | 0.7633       | 0.7226       | -0.0407   
7636->7179           | 45    | 0.7685       | 0.6207       | -0.1478   
7575->7401           | 45    | 0.7685       | 0.7292       | -0.0393   
7179->7282           | 44    | 0.7738       | 0.6443       | -0.1295   
7401->7584           | 44    | 0.7738       | 0.7720       | -0.0018   
7282->7288           | 43    | 0.7792       | 0.6688       | -0.1105   
7584->7316           | 43    | 0.7792       | 0.7882       | 0.0090    
7288->7497           | 42    | 0.7847       | 0.7049       | -0.0798   
7497->7507           | 41    | 0.7903       | 0.7251       | -0.0651   
7316->7205           | 41    | 0.7903       | 0.8059       | 0.0157    
7507->6881           | 40    | 0.7959       | 0.7460       | -0.0499   
7205->6807           | 40    | 0.7959       | 0.8200       | 0.0241    
6807->6884           | 39    | 0.8016       | 0.8526       | 0.0510    
6891->7896           | 37    | 0.8132       | 0.6203       | -0.1929   
7896->6892           | 36    | 0.8192       | 0.6294       | -0.1898   
6892->6893           | 36    | 0.8192       | 0.6294       | -0.1898   
6893->7966           | 35    | 0.8252       | 0.6406       | -0.1846   
4963->5401           | 34    | 0.8312       | 0.7531       | -0.0781   
7966->6894           | 34    | 0.8312       | 0.6525       | -0.1787   
6894->8005           | 34    | 0.8312       | 0.6525       | -0.1787   
5401->5566           | 33    | 0.8374       | 0.7806       | -0.0568   
6881->6784           | 33    | 0.8374       | 0.7552       | -0.0821   
6891->7775           | 33    | 0.8374       | 0.6851       | -0.1522   
8005->6895           | 33    | 0.8374       | 0.6982       | -0.1392   
6895->6896           | 33    | 0.8374       | 0.6982       | -0.1392   
6896->6897           | 33    | 0.8374       | 0.6982       | -0.1392   
6897->7009           | 33    | 0.8374       | 0.6982       | -0.1392   
5566->5989           | 32    | 0.8435       | 0.8012       | -0.0424   
7775->7709           | 32    | 0.8435       | 0.7029       | -0.1407   
7009->6898           | 32    | 0.8435       | 0.7398       | -0.1037   
4961->5995           | 31    | 0.8497       | 0.7242       | -0.1256   
5989->5194           | 31    | 0.8497       | 0.8324       | -0.0173   
7709->8002           | 31    | 0.8497       | 0.7225       | -0.1273   
5995->5322           | 30    | 0.8560       | 0.7429       | -0.1131   
5262->6287           | 30    | 0.8560       | 0.6823       | -0.1737   
8002->6933           | 30    | 0.8560       | 0.7354       | -0.1206   
6933->7926           | 30    | 0.8560       | 0.7354       | -0.1206   
5322->5325           | 29    | 0.8623       | 0.7617       | -0.1006   
6287->5454           | 29    | 0.8623       | 0.7016       | -0.1607   
6784->7593           | 29    | 0.8623       | 0.7433       | -0.1190   
7926->7038           | 29    | 0.8623       | 0.7772       | -0.0851   
5325->6118           | 28    | 0.8686       | 0.7769       | -0.0917   
5154->5807           | 28    | 0.8686       | 0.6969       | -0.1717   
5454->5666           | 28    | 0.8686       | 0.7219       | -0.1468   
7593->7605           | 28    | 0.8686       | 0.8069       | -0.0617   
6898->7845           | 28    | 0.8686       | 0.7249       | -0.1437   
6118->4962           | 27    | 0.8749       | 0.7930       | -0.0819   
4962->5496           | 27    | 0.8749       | 0.7930       | -0.0819   
5807->5841           | 27    | 0.8749       | 0.7762       | -0.0987   
5666->5237           | 27    | 0.8749       | 0.7583       | -0.1166   
5237->5502           | 27    | 0.8749       | 0.7583       | -0.1166   
7605->7182           | 27    | 0.8749       | 0.8640       | -0.0110   
7845->7830           | 27    | 0.8749       | 0.7944       | -0.0805   
5496->5788           | 26    | 0.8813       | 0.8184       | -0.0629   
5841->6335           | 26    | 0.8813       | 0.8155       | -0.0658   
5502->5238           | 26    | 0.8813       | 0.7919       | -0.0894   
5238->5239           | 26    | 0.8813       | 0.7919       | -0.0894   
5239->5240           | 26    | 0.8813       | 0.7919       | -0.0894   
7182->7548           | 26    | 0.8813       | 0.8732       | -0.0081   
7830->7960           | 26    | 0.8813       | 0.8115       | -0.0698   
4961->5594           | 25    | 0.8876       | 0.6676       | -0.2201   
5788->5569           | 25    | 0.8876       | 0.8408       | -0.0469   
5154->5421           | 25    | 0.8876       | 0.7400       | -0.1477   
6335->5526           | 25    | 0.8876       | 0.8246       | -0.0630   
7548->7270           | 25    | 0.8876       | 0.8858       | -0.0019   
6890->7055           | 25    | 0.8876       | 0.6940       | -0.1937   
6890->7745           | 25    | 0.8876       | 0.5575       | -0.3301   
7055->7739           | 25    | 0.8876       | 0.6940       | -0.1937   
7960->7787           | 25    | 0.8876       | 0.8287       | -0.0589   
5594->5508           | 24    | 0.8940       | 0.6767       | -0.2173   
5569->5216           | 24    | 0.8940       | 0.8659       | -0.0281   
5421->5693           | 24    | 0.8940       | 0.7731       | -0.1209   
5526->5469           | 24    | 0.8940       | 0.8397       | -0.0543   
7270->7419           | 24    | 0.8940       | 0.8956       | 0.0016    
7745->7851           | 24    | 0.8940       | 0.5892       | -0.3048   
7739->7688           | 24    | 0.8940       | 0.7172       | -0.1768   
7787->7781           | 24    | 0.8940       | 0.8383       | -0.0557   
5508->6001           | 23    | 0.9003       | 0.6825       | -0.2178   
5693->5877           | 23    | 0.9003       | 0.8278       | -0.0725   
5469->5114           | 23    | 0.9003       | 0.8748       | -0.0255   
7419->7189           | 23    | 0.9003       | 0.9025       | 0.0022    
7851->7757           | 23    | 0.9003       | 0.6017       | -0.2986   
7688->7056           | 23    | 0.9003       | 0.7372       | -0.1631   
7781->7784           | 23    | 0.9003       | 0.8725       | -0.0278   
4983->5835           | 22    | 0.9066       | 0.7782       | -0.1284   
6001->5389           | 22    | 0.9066       | 0.6924       | -0.2142   
5877->5358           | 22    | 0.9066       | 0.8815       | -0.0250   
7189->7555           | 22    | 0.9066       | 0.9048       | -0.0018   
7757->6917           | 22    | 0.9066       | 0.7037       | -0.2029   
7056->7771           | 22    | 0.9066       | 0.7652       | -0.1414   
6917->7823           | 22    | 0.9066       | 0.7037       | -0.2029   
7784->6899           | 22    | 0.9066       | 0.9343       | 0.0277    
6899->6960           | 22    | 0.9066       | 0.9343       | 0.0277    
5835->5016           | 21    | 0.9128       | 0.8127       | -0.1001   
5389->5021           | 21    | 0.9128       | 0.7058       | -0.2070   
5021->6124           | 21    | 0.9128       | 0.7058       | -0.2070   
5358->5886           | 21    | 0.9128       | 0.9125       | -0.0003   
6884->6861           | 21    | 0.9128       | 0.8304       | -0.0824   
6861->7666           | 21    | 0.9128       | 0.8304       | -0.0824   
7555->7170           | 21    | 0.9128       | 0.9117       | -0.0011   
7771->7057           | 21    | 0.9128       | 0.8002       | -0.1127   
7823->7911           | 21    | 0.9128       | 0.7234       | -0.1895   
6124->5022           | 20    | 0.9190       | 0.7158       | -0.2032   
5022->5319           | 20    | 0.9190       | 0.7158       | -0.2032   
5886->5127           | 20    | 0.9190       | 0.9473       | 0.0283    
5114->5115           | 20    | 0.9190       | 0.8757       | -0.0433   
5115->6266           | 20    | 0.9190       | 0.8757       | -0.0433   
7666->7349           | 20    | 0.9190       | 0.9178       | -0.0012   
7170->7331           | 20    | 0.9190       | 0.9158       | -0.0032   
7057->7058           | 20    | 0.9190       | 0.8325       | -0.0865   
7911->7691           | 20    | 0.9190       | 0.7464       | -0.1726   
7058->7920           | 20    | 0.9190       | 0.8325       | -0.0865   
5016->5523           | 19    | 0.9251       | 0.8166       | -0.1085   
5319->6055           | 19    | 0.9251       | 0.7318       | -0.1933   
5216->6281           | 19    | 0.9251       | 0.8749       | -0.0502   
5194->5053           | 19    | 0.9251       | 0.8107       | -0.1144   
5053->5935           | 19    | 0.9251       | 0.8107       | -0.1144   
6266->6149           | 19    | 0.9251       | 0.9117       | -0.0135   
7349->7676           | 19    | 0.9251       | 0.9250       | -0.0001   
7331->7361           | 19    | 0.9251       | 0.9247       | -0.0004   
7691->6918           | 19    | 0.9251       | 0.7907       | -0.1344   
7920->7984           | 19    | 0.9251       | 0.8699       | -0.0552   
5523->5618           | 18    | 0.9311       | 0.8862       | -0.0450   
6055->5411           | 18    | 0.9311       | 0.7415       | -0.1896   
6281->6194           | 18    | 0.9311       | 0.8990       | -0.0321   
5935->5715           | 18    | 0.9311       | 0.8609       | -0.0703   
6149->5828           | 18    | 0.9311       | 0.9263       | -0.0049   
7676->6862           | 18    | 0.9311       | 0.9311       | -0.0000   
6862->7596           | 18    | 0.9311       | 0.9311       | -0.0000   
7361->7654           | 18    | 0.9311       | 0.9346       | 0.0035    
6918->7863           | 18    | 0.9311       | 0.8416       | -0.0896   
7984->7880           | 18    | 0.9311       | 0.9298       | -0.0013   
6960->6947           | 18    | 0.9311       | 0.9300       | -0.0011   
6947->6948           | 18    | 0.9311       | 0.9300       | -0.0011   
6948->6949           | 18    | 0.9311       | 0.9300       | -0.0011   
5618->4993           | 17    | 0.9370       | 0.9354       | -0.0017   
4993->5621           | 17    | 0.9370       | 0.9354       | -0.0017   
5411->6164           | 17    | 0.9370       | 0.7607       | -0.1763   
6194->5205           | 17    | 0.9370       | 0.9242       | -0.0128   
5205->6290           | 17    | 0.9370       | 0.9242       | -0.0128   
5828->5116           | 17    | 0.9370       | 0.9366       | -0.0005   
5116->6037           | 17    | 0.9370       | 0.9366       | -0.0005   
5240->6748           | 17    | 0.9370       | 0.8339       | -0.1031   
7596->7472           | 17    | 0.9370       | 0.9359       | -0.0012   
7654->7244           | 17    | 0.9370       | 0.9373       | 0.0003    
7863->7733           | 17    | 0.9370       | 0.8717       | -0.0653   
7880->7778           | 17    | 0.9370       | 0.9365       | -0.0006   
7038->6934           | 17    | 0.9370       | 0.8043       | -0.1327   
6934->7820           | 17    | 0.9370       | 0.8043       | -0.1327   
5005->4989           | 16    | 0.9428       | 0.8039       | -0.1389   
5621->5575           | 16    | 0.9428       | 0.9414       | -0.0014   
5097->5096           | 16    | 0.9428       | 0.7768       | -0.1660   
5096->5095           | 16    | 0.9428       | 0.7768       | -0.1660   
5095->5913           | 16    | 0.9428       | 0.7768       | -0.1660   
6164->5023           | 16    | 0.9428       | 0.7893       | -0.1536   
5023->5648           | 16    | 0.9428       | 0.7893       | -0.1536   
6290->5916           | 16    | 0.9428       | 0.9300       | -0.0129   
5715->5708           | 16    | 0.9428       | 0.9408       | -0.0020   
6037->5117           | 16    | 0.9428       | 0.9426       | -0.0002   
5117->5352           | 16    | 0.9428       | 0.9426       | -0.0002   
6884->6808           | 16    | 0.9428       | 0.8731       | -0.0697   
6808->7295           | 16    | 0.9428       | 0.8731       | -0.0697   
7472->7562           | 16    | 0.9428       | 0.9427       | -0.0001   
7244->7238           | 16    | 0.9428       | 0.9400       | -0.0028   
7733->7814           | 16    | 0.9428       | 0.9405       | -0.0023   
7778->7799           | 16    | 0.9428       | 0.9432       | 0.0003    
7820->7951           | 16    | 0.9428       | 0.8290       | -0.1138   
4989->5539           | 15    | 0.9485       | 0.8879       | -0.0606   
5575->5998           | 15    | 0.9485       | 0.9470       | -0.0015   
5913->5475           | 15    | 0.9485       | 0.8539       | -0.0946   
5648->5763           | 15    | 0.9485       | 0.7989       | -0.1496   
5127->6181           | 15    | 0.9485       | 0.9282       | -0.0203   
5916->5862           | 15    | 0.9485       | 0.9328       | -0.0157   
5708->5563           | 15    | 0.9485       | 0.9478       | -0.0007   
5352->5727           | 15    | 0.9485       | 0.9474       | -0.0011   
7295->7428           | 15    | 0.9485       | 0.8973       | -0.0512   
6776->6834           | 15    | 0.9485       | 0.6812       | -0.2673   
6834->6833           | 15    | 0.9485       | 0.6812       | -0.2673   
6833->7232           | 15    | 0.9485       | 0.6812       | -0.2673   
7562->7407           | 15    | 0.9485       | 0.9486       | 0.0001    
7238->7438           | 15    | 0.9485       | 0.9453       | -0.0032   
7814->6919           | 15    | 0.9485       | 0.9476       | -0.0009   
7799->7742           | 15    | 0.9485       | 0.9483       | -0.0002   
6919->7860           | 15    | 0.9485       | 0.9476       | -0.0009   
7951->7883           | 15    | 0.9485       | 0.8469       | -0.1015   
6949->6965           | 15    | 0.9485       | 0.9250       | -0.0235   
6965->7874           | 15    | 0.9485       | 0.9250       | -0.0235   
5539->5769           | 14    | 0.9540       | 0.9504       | -0.0036   
5998->5687           | 14    | 0.9540       | 0.9525       | -0.0015   
5475->5386           | 14    | 0.9540       | 0.9531       | -0.0009   
5763->5584           | 14    | 0.9540       | 0.8210       | -0.1330   
6181->6313           | 14    | 0.9540       | 0.9530       | -0.0010   
5862->5204           | 14    | 0.9540       | 0.9451       | -0.0089   
5563->5054           | 14    | 0.9540       | 0.9540       | -0.0000   
5054->5660           | 14    | 0.9540       | 0.9540       | -0.0000   
5727->5983           | 14    | 0.9540       | 0.9522       | -0.0018   
7428->7392           | 14    | 0.9540       | 0.9458       | -0.0082   
7232->7531           | 14    | 0.9540       | 0.7565       | -0.1975   
7407->6863           | 14    | 0.9540       | 0.9539       | -0.0001   
7438->7679           | 14    | 0.9540       | 0.9536       | -0.0004   
7742->7727           | 14    | 0.9540       | 0.9527       | -0.0013   
7860->7035           | 14    | 0.9540       | 0.9594       | 0.0054    
7883->6935           | 14    | 0.9540       | 0.8825       | -0.0715   
6935->7694           | 14    | 0.9540       | 0.8825       | -0.0715   
7874->7810           | 14    | 0.9540       | 0.9511       | -0.0029   
4941->4927           | 13    | 0.9593       | 0.8611       | -0.0982   
4927->5734           | 13    | 0.9593       | 0.8611       | -0.0982   
5769->5424           | 13    | 0.9593       | 0.9595       | 0.0002    
5687->5663           | 13    | 0.9593       | 0.9578       | -0.0015   
5386->6052           | 13    | 0.9593       | 0.9590       | -0.0003   
5584->5889           | 13    | 0.9593       | 0.8116       | -0.1477   
6313->5505           | 13    | 0.9593       | 0.9592       | -0.0001   
5204->5499           | 13    | 0.9593       | 0.9488       | -0.0105   
5660->6244           | 13    | 0.9593       | 0.9585       | -0.0007   
5983->5118           | 13    | 0.9593       | 0.9585       | -0.0008   
5118->5655           | 13    | 0.9593       | 0.9585       | -0.0008   
7392->6809           | 13    | 0.9593       | 0.9588       | -0.0005   
6809->7413           | 13    | 0.9593       | 0.9588       | -0.0005   
7531->7491           | 13    | 0.9593       | 0.8451       | -0.1142   
6863->7448           | 13    | 0.9593       | 0.9588       | -0.0005   
7679->7454           | 13    | 0.9593       | 0.9587       | -0.0005   
7694->7957           | 13    | 0.9593       | 0.9580       | -0.0013   
7810->6966           | 13    | 0.9593       | 0.9603       | 0.0010    
6966->7917           | 13    | 0.9593       | 0.9603       | 0.0010    
7114->7107           | 12    | 0.9644       | 0.8923       | -0.0721   
7107->7503           | 12    | 0.9644       | 0.8923       | -0.0721   
5734->5932           | 12    | 0.9644       | 0.9230       | -0.0414   
5663->5944           | 12    | 0.9644       | 0.9629       | -0.0015   
6052->5669           | 12    | 0.9644       | 0.9641       | -0.0003   
5889->5284           | 12    | 0.9644       | 0.7998       | -0.1646   
5505->5126           | 12    | 0.9644       | 0.9642       | -0.0002   
5126->5125           | 12    | 0.9644       | 0.9642       | -0.0002   
6244->5597           | 12    | 0.9644       | 0.9645       | 0.0001    
5655->5959           | 12    | 0.9644       | 0.9637       | -0.0007   
7491->7568           | 12    | 0.9644       | 0.9638       | -0.0006   
7448->6864           | 12    | 0.9644       | 0.9642       | -0.0002   
6864->7248           | 12    | 0.9644       | 0.9642       | -0.0002   
7454->7599           | 12    | 0.9644       | 0.9664       | 0.0020    
7727->7685           | 12    | 0.9644       | 0.9641       | -0.0003   
7957->7870           | 12    | 0.9644       | 0.9644       | -0.0000   
7917->7002           | 12    | 0.9644       | 0.9800       | 0.0156    
7503->7374           | 11    | 0.9693       | 0.9685       | -0.0008   
5932->5746           | 11    | 0.9693       | 0.9578       | -0.0115   
5424->6238           | 11    | 0.9693       | 0.9691       | -0.0002   
5944->5779           | 11    | 0.9693       | 0.9678       | -0.0015   
5669->5376           | 11    | 0.9693       | 0.9693       | -0.0000   
5284->5408           | 11    | 0.9693       | 0.7873       | -0.1820   
5499->5953           | 11    | 0.9693       | 0.9614       | -0.0079   
5125->6130           | 11    | 0.9693       | 0.9693       | -0.0000   
5597->6347           | 11    | 0.9693       | 0.9691       | -0.0002   
5959->5119           | 11    | 0.9693       | 0.9690       | -0.0003   
7413->7276           | 11    | 0.9693       | 0.9686       | -0.0007   
7568->7541           | 11    | 0.9693       | 0.9685       | -0.0008   
7248->7334           | 11    | 0.9693       | 0.9690       | -0.0003   
7599->7624           | 11    | 0.9693       | 0.9703       | 0.0010    
7035->6920           | 11    | 0.9693       | 0.9657       | -0.0036   
7685->7730           | 11    | 0.9693       | 0.9688       | -0.0005   
6920->7903           | 11    | 0.9693       | 0.9657       | -0.0036   
7870->7718           | 11    | 0.9693       | 0.9686       | -0.0007   
7374->7445           | 10    | 0.9740       | 0.9738       | -0.0001   
4905->4888           | 10    | 0.9740       | 0.9181       | -0.0558   
4888->5427           | 10    | 0.9740       | 0.9181       | -0.0558   
5746->6304           | 10    | 0.9740       | 0.9719       | -0.0020   
6238->5367           | 10    | 0.9740       | 0.9738       | -0.0001   
5779->5517           | 10    | 0.9740       | 0.9724       | -0.0015   
5376->6173           | 10    | 0.9740       | 0.9735       | -0.0005   
5408->6019           | 10    | 0.9740       | 0.7739       | -0.2001   
5953->5203           | 10    | 0.9740       | 0.9651       | -0.0089   
5203->5493           | 10    | 0.9740       | 0.9651       | -0.0089   
6130->6310           | 10    | 0.9740       | 0.9736       | -0.0003   
6347->5055           | 10    | 0.9740       | 0.9735       | -0.0004   
5055->5056           | 10    | 0.9740       | 0.9735       | -0.0004   
5056->6178           | 10    | 0.9740       | 0.9735       | -0.0004   
7276->7263           | 10    | 0.9740       | 0.9737       | -0.0002   
7541->7416           | 10    | 0.9740       | 0.9738       | -0.0002   
7334->6865           | 10    | 0.9740       | 0.9739       | -0.0001   
7624->6813           | 10    | 0.9740       | 0.9800       | 0.0060    
7730->7059           | 10    | 0.9740       | 0.9736       | -0.0004   
7903->7948           | 10    | 0.9740       | 0.9734       | -0.0006   
7718->7887           | 10    | 0.9740       | 0.9736       | -0.0004   
7445->7140           | 9     | 0.9783       | 0.9787       | 0.0004    
5427->5448           | 9     | 0.9783       | 0.9771       | -0.0012   
6304->6031           | 9     | 0.9783       | 0.9785       | 0.0001    
5367->6136           | 9     | 0.9783       | 0.9782       | -0.0001   
5517->5466           | 9     | 0.9783       | 0.9768       | -0.0015   
6173->5094           | 9     | 0.9783       | 0.9781       | -0.0003   
5094->5606           | 9     | 0.9783       | 0.9781       | -0.0003   
5194->5183           | 9     | 0.9783       | 0.8907       | -0.0876   
5183->5182           | 9     | 0.9783       | 0.8907       | -0.0876   
6019->5024           | 9     | 0.9783       | 0.7696       | -0.2088   
5024->5442           | 9     | 0.9783       | 0.7696       | -0.2088   
5493->5490           | 9     | 0.9783       | 0.9693       | -0.0090   
6310->5588           | 9     | 0.9783       | 0.9782       | -0.0001   
6178->5057           | 9     | 0.9783       | 0.9859       | 0.0075    
5057->5084           | 9     | 0.9783       | 0.9859       | 0.0075    
5240->5241           | 9     | 0.9783       | 0.7382       | -0.2401   
5241->7587           | 9     | 0.9783       | 0.7382       | -0.2401   
6748->6749           | 9     | 0.9783       | 0.8001       | -0.1782   
6749->7325           | 9     | 0.9783       | 0.8001       | -0.1782   
7263->7346           | 9     | 0.9783       | 0.9780       | -0.0004   
7416->7404           | 9     | 0.9783       | 0.9779       | -0.0005   
7059->7721           | 9     | 0.9783       | 0.9780       | -0.0003   
7948->7945           | 9     | 0.9783       | 0.9778       | -0.0005   
7887->7939           | 9     | 0.9783       | 0.9781       | -0.0003   
7140->7220           | 8     | 0.9824       | 0.9819       | -0.0005   
4905->6215           | 8     | 0.9824       | 0.8579       | -0.1245   
5448->5627           | 8     | 0.9824       | 0.9824       | 0.0000    
6031->5349           | 8     | 0.9824       | 0.9824       | 0.0000    
6136->5919           | 8     | 0.9824       | 0.9823       | -0.0001   
5466->6341           | 8     | 0.9824       | 0.9809       | -0.0015   
5606->6007           | 8     | 0.9824       | 0.9824       | -0.0000   
5182->5181           | 8     | 0.9824       | 0.9817       | -0.0008   
5181->5956           | 8     | 0.9824       | 0.9817       | -0.0008   
5442->5025           | 8     | 0.9824       | 0.9715       | -0.0109   
5490->5202           | 8     | 0.9824       | 0.9732       | -0.0092   
5588->5124           | 8     | 0.9824       | 0.9823       | -0.0002   
5025->5026           | 8     | 0.9824       | 0.9715       | -0.0109   
5202->5307           | 8     | 0.9824       | 0.9732       | -0.0092   
5124->5463           | 8     | 0.9824       | 0.9823       | -0.0002   
5026->5364           | 8     | 0.9824       | 0.9715       | -0.0109   
5119->5950           | 8     | 0.9824       | 0.9820       | -0.0004   
6748->7510           | 8     | 0.9824       | 0.8722       | -0.1102   
7587->6025           | 8     | 0.9824       | 0.7963       | -0.1861   
7325->7208           | 8     | 0.9824       | 0.9755       | -0.0070   
7346->7657           | 8     | 0.9824       | 0.9822       | -0.0003   
7404->7380           | 8     | 0.9824       | 0.9821       | -0.0004   
6865->6866           | 8     | 0.9824       | 0.9823       | -0.0001   
6866->6867           | 8     | 0.9824       | 0.9823       | -0.0001   
7721->7932           | 8     | 0.9824       | 0.9820       | -0.0004   
7945->7748           | 8     | 0.9824       | 0.9818       | -0.0006   
7939->7987           | 8     | 0.9824       | 0.9818       | -0.0006   
7117->7377           | 7     | 0.9862       | 0.8743       | -0.1119   
7220->7195           | 7     | 0.9862       | 0.9861       | -0.0001   
6215->5740           | 7     | 0.9862       | 0.9501       | -0.0361   
5627->6272           | 7     | 0.9862       | 0.9860       | -0.0002   
5349->5759           | 7     | 0.9862       | 0.9856       | -0.0006   
5919->5838           | 7     | 0.9862       | 0.9861       | -0.0001   
6341->4992           | 7     | 0.9862       | 0.9847       | -0.0015   
6007->6097           | 7     | 0.9862       | 0.9856       | -0.0006   
5956->5180           | 7     | 0.9862       | 0.9861       | -0.0001   
5180->6100           | 7     | 0.9862       | 0.9861       | -0.0001   
5307->5743           | 7     | 0.9862       | 0.9766       | -0.0096   
5463->5123           | 7     | 0.9862       | 0.9860       | -0.0002   
5364->5971           | 7     | 0.9862       | 0.9720       | -0.0142   
5123->5398           | 7     | 0.9862       | 0.9860       | -0.0002   
5950->5756           | 7     | 0.9862       | 0.9859       | -0.0003   
6881->7340           | 7     | 0.9862       | 0.7155       | -0.2707   
7510->7079           | 7     | 0.9862       | 0.8979       | -0.0883   
6025->5529           | 7     | 0.9862       | 0.9851       | -0.0011   
7079->7078           | 7     | 0.9862       | 0.8979       | -0.0883   
7208->6750           | 7     | 0.9862       | 0.9854       | -0.0008   
7078->7602           | 7     | 0.9862       | 0.8979       | -0.0883   
7657->7192           | 7     | 0.9862       | 0.9858       | -0.0004   
6757->6848           | 7     | 0.9862       | 0.6798       | -0.3064   
6848->7660           | 7     | 0.9862       | 0.6798       | -0.3064   
7380->7198           | 7     | 0.9862       | 0.9858       | -0.0004   
6813->7645           | 7     | 0.9862       | 0.9766       | -0.0096   
6867->7528           | 7     | 0.9862       | 0.9861       | -0.0001   
7038->7021           | 7     | 0.9862       | 0.6969       | -0.2893   
7021->7980           | 7     | 0.9862       | 0.6969       | -0.2893   
7932->7736           | 7     | 0.9862       | 0.9859       | -0.0003   
7748->6921           | 7     | 0.9862       | 0.9855       | -0.0007   
6921->7712           | 7     | 0.9862       | 0.9855       | -0.0007   
7987->7977           | 7     | 0.9862       | 0.9859       | -0.0003   
7377->7108           | 6     | 0.9896       | 0.9723       | -0.0174   
7108->7125           | 6     | 0.9896       | 0.9723       | -0.0174   
7125->7235           | 6     | 0.9896       | 0.9723       | -0.0174   
7195->7307           | 6     | 0.9896       | 0.9895       | -0.0001   
5740->4887           | 6     | 0.9896       | 0.9891       | -0.0005   
4887->6091           | 6     | 0.9896       | 0.9891       | -0.0005   
6272->5865           | 6     | 0.9896       | 0.9895       | -0.0001   
5759->5542           | 6     | 0.9896       | 0.9880       | -0.0017   
5838->5731           | 6     | 0.9896       | 0.9895       | -0.0001   
4992->4991           | 6     | 0.9896       | 0.9881       | -0.0016   
6097->5331           | 6     | 0.9896       | 0.9894       | -0.0003   
6100->5532           | 6     | 0.9896       | 0.9894       | -0.0002   
5743->5201           | 6     | 0.9896       | 0.9801       | -0.0095   
5971->5027           | 6     | 0.9896       | 0.9707       | -0.0189   
5201->5379           | 6     | 0.9896       | 0.9801       | -0.0095   
5027->5560           | 6     | 0.9896       | 0.9707       | -0.0189   
5756->5223           | 6     | 0.9896       | 0.9893       | -0.0003   
5223->5965           | 6     | 0.9896       | 0.9893       | -0.0003   
7340->7469           | 6     | 0.9896       | 0.9891       | -0.0006   
6750->6751           | 6     | 0.9896       | 0.9896       | -0.0000   
7602->7279           | 6     | 0.9896       | 0.9888       | -0.0009   
7192->6810           | 6     | 0.9896       | 0.9894       | -0.0003   
6810->7618           | 6     | 0.9896       | 0.9894       | -0.0003   
7660->7558           | 6     | 0.9896       | 0.7908       | -0.1989   
7198->7516           | 6     | 0.9896       | 0.9892       | -0.0004   
7645->7571           | 6     | 0.9896       | 0.9893       | -0.0004   
7528->7648           | 6     | 0.9896       | 0.9894       | -0.0002   
7980->7963           | 6     | 0.9896       | 0.9285       | -0.0611   
7736->7923           | 6     | 0.9896       | 0.9893       | -0.0003   
7712->7890           | 6     | 0.9896       | 0.9889       | -0.0007   
7977->7804           | 6     | 0.9896       | 0.9892       | -0.0005   
7002->6988           | 6     | 0.9896       | 0.9843       | -0.0053   
7002->7760           | 6     | 0.9896       | 0.9743       | -0.0153   
7235->7364           | 5     | 0.9927       | 0.9921       | -0.0006   
7307->7565           | 5     | 0.9927       | 0.9926       | -0.0001   
5865->5436           | 5     | 0.9927       | 0.9925       | -0.0001   
4891->6022           | 5     | 0.9927       | 0.7919       | -0.2008   
5542->4949           | 5     | 0.9927       | 0.9954       | 0.0027    
5731->5775           | 5     | 0.9927       | 0.9926       | -0.0001   
5331->6073           | 5     | 0.9927       | 0.9923       | -0.0003   
5127->5159           | 5     | 0.9927       | 0.9755       | -0.0172   
5159->5160           | 5     | 0.9927       | 0.9755       | -0.0172   
5532->5179           | 5     | 0.9927       | 0.9925       | -0.0002   
5179->6076           | 5     | 0.9927       | 0.9925       | -0.0002   
5398->5451           | 5     | 0.9927       | 0.9925       | -0.0002   
5379->6207           | 5     | 0.9927       | 0.9829       | -0.0098   
5066->5892           | 5     | 0.9927       | 0.7262       | -0.2665   
5560->6061           | 5     | 0.9927       | 0.9716       | -0.0211   
5064->5370           | 5     | 0.9927       | 0.7285       | -0.2642   
5965->5222           | 5     | 0.9927       | 0.9924       | -0.0003   
6827->7519           | 5     | 0.9927       | 0.6359       | -0.3567   
7469->7639           | 5     | 0.9927       | 0.9923       | -0.0004   
5529->6307           | 5     | 0.9927       | 0.9922       | -0.0005   
6751->6752           | 5     | 0.9927       | 0.9918       | -0.0009   
7279->7077           | 5     | 0.9927       | 0.9919       | -0.0008   
7077->7076           | 5     | 0.9927       | 0.9919       | -0.0008   
7076->7319           | 5     | 0.9927       | 0.9919       | -0.0008   
7618->7367           | 5     | 0.9927       | 0.9923       | -0.0003   
7558->7313           | 5     | 0.9927       | 0.9635       | -0.0291   
7516->7160           | 5     | 0.9927       | 0.9923       | -0.0004   
7571->6832           | 5     | 0.9927       | 0.9950       | 0.0023    
7648->7257           | 5     | 0.9927       | 0.9925       | -0.0002   
7038->7020           | 5     | 0.9927       | 0.8083       | -0.1844   
7020->7793           | 5     | 0.9927       | 0.8083       | -0.1844   
7963->7703           | 5     | 0.9927       | 0.9921       | -0.0006   
7923->7936           | 5     | 0.9927       | 0.9924       | -0.0003   
7890->7836           | 5     | 0.9927       | 0.9922       | -0.0005   
7804->6936           | 5     | 0.9927       | 0.9923       | -0.0003   
6936->6937           | 5     | 0.9927       | 0.9923       | -0.0003   
6937->7893           | 5     | 0.9927       | 0.9923       | -0.0003   
7364->7630           | 4     | 0.9953       | 0.9952       | -0.0002   
7565->7682           | 4     | 0.9953       | 0.9953       | -0.0001   
6091->4886           | 4     | 0.9953       | 0.9951       | -0.0002   
4886->6146           | 4     | 0.9953       | 0.9951       | -0.0002   
5436->4889           | 4     | 0.9953       | 0.9952       | -0.0001   
6022->6224           | 4     | 0.9953       | 0.9471       | -0.0483   
5775->6257           | 4     | 0.9953       | 0.9952       | -0.0001   
4991->5313           | 4     | 0.9953       | 0.9937       | -0.0016   
5216->5609           | 4     | 0.9953       | 0.9531       | -0.0423   
6073->5904           | 4     | 0.9953       | 0.9950       | -0.0003   
5160->5938           | 4     | 0.9953       | 0.9947       | -0.0006   
5451->5122           | 4     | 0.9953       | 0.9952       | -0.0002   
6207->5572           | 4     | 0.9953       | 0.9830       | -0.0124   
5892->5030           | 4     | 0.9953       | 0.8818       | -0.1136   
6061->5028           | 4     | 0.9953       | 0.9713       | -0.0240   
5370->5346           | 4     | 0.9953       | 0.9566       | -0.0388   
5222->5415           | 4     | 0.9953       | 0.9950       | -0.0004   
7519->7475           | 4     | 0.9953       | 0.9778       | -0.0175   
6784->7673           | 4     | 0.9953       | 0.8165       | -0.1788   
7639->7484           | 4     | 0.9953       | 0.9949       | -0.0004   
6307->7254           | 4     | 0.9953       | 0.9948       | -0.0005   
6752->6753           | 4     | 0.9953       | 0.9949       | -0.0005   
7319->7075           | 4     | 0.9953       | 0.9945       | -0.0009   
7075->7241           | 4     | 0.9953       | 0.9945       | -0.0009   
7367->7355           | 4     | 0.9953       | 0.9951       | -0.0002   
7313->7173           | 4     | 0.9953       | 0.9948       | -0.0005   
7160->7358           | 4     | 0.9953       | 0.9949       | -0.0004   
7257->7389           | 4     | 0.9953       | 0.9952       | -0.0002   
7793->7019           | 4     | 0.9953       | 0.8478       | -0.1475   
7019->7018           | 4     | 0.9953       | 0.8478       | -0.1475   
7703->7899           | 4     | 0.9953       | 0.9950       | -0.0004   
7018->7017           | 4     | 0.9953       | 0.8478       | -0.1475   
7017->7016           | 4     | 0.9953       | 0.8478       | -0.1475   
6898->7097           | 4     | 0.9953       | 0.9738       | -0.0215   
7097->7096           | 4     | 0.9953       | 0.9738       | -0.0215   
7096->7095           | 4     | 0.9953       | 0.9738       | -0.0215   
7095->7094           | 4     | 0.9953       | 0.9738       | -0.0215   
7094->7093           | 4     | 0.9953       | 0.9738       | -0.0215   
7093->7697           | 4     | 0.9953       | 0.9738       | -0.0215   
7936->8009           | 4     | 0.9953       | 0.9950       | -0.0003   
6960->7796           | 4     | 0.9953       | 0.9524       | -0.0429   
7836->6922           | 4     | 0.9953       | 0.9948       | -0.0006   
6922->7715           | 4     | 0.9953       | 0.9948       | -0.0006   
7893->7848           | 4     | 0.9953       | 0.9950       | -0.0003   
6988->6967           | 4     | 0.9953       | 0.9908       | -0.0045   
7760->6993           | 4     | 0.9953       | 0.9946       | -0.0007   
6967->6968           | 4     | 0.9953       | 0.9908       | -0.0045   
6993->6994           | 4     | 0.9953       | 0.9946       | -0.0007   
6968->7996           | 4     | 0.9953       | 0.9908       | -0.0045   
7137->7663           | 3     | 0.9975       | 0.7866       | -0.2109   
7630->7383           | 3     | 0.9975       | 0.9973       | -0.0003   
7682->7608           | 3     | 0.9975       | 0.9975       | -0.0001   
6146->4885           | 3     | 0.9975       | 0.9973       | -0.0002   
4885->6079           | 3     | 0.9975       | 0.9973       | -0.0002   
4889->5472           | 3     | 0.9975       | 0.9974       | -0.0001   
6224->4890           | 3     | 0.9975       | 0.9965       | -0.0011   
4949->5749           | 3     | 0.9975       | 0.9961       | -0.0015   
6257->5871           | 3     | 0.9975       | 0.9974       | -0.0001   
5313->5910           | 3     | 0.9975       | 0.9959       | -0.0016   
4963->6191           | 3     | 0.9975       | 0.5614       | -0.4361   
5609->6319           | 3     | 0.9975       | 0.9874       | -0.0101   
5194->5785           | 3     | 0.9975       | 0.8479       | -0.1497   
5114->8022           | 3     | 0.9975       | 0.8712       | -0.1263   
5034->5166           | 3     | 0.9975       | 0.7740       | -0.2235   
5904->5922           | 3     | 0.9975       | 0.9972       | -0.0003   
5166->5340           | 3     | 0.9975       | 0.7740       | -0.2235   
5938->5161           | 3     | 0.9975       | 0.9971       | -0.0005   
5161->6028           | 3     | 0.9975       | 0.9971       | -0.0005   
6076->5822           | 3     | 0.9975       | 0.9974       | -0.0002   
5122->5825           | 3     | 0.9975       | 0.9974       | -0.0002   
5572->5200           | 3     | 0.9975       | 0.9824       | -0.0151   
5030->5992           | 3     | 0.9975       | 0.9967       | -0.0009   
5084->5058           | 3     | 0.9975       | 0.9881       | -0.0094   
5084->6016           | 3     | 0.9975       | 0.9840       | -0.0136   
5084->6323           | 3     | 0.9975       | 0.9846       | -0.0129   
5028->5794           | 3     | 0.9975       | 0.9709       | -0.0266   
5200->6152           | 3     | 0.9975       | 0.9824       | -0.0151   
5058->5059           | 3     | 0.9975       | 0.9881       | -0.0094   
5346->5797           | 3     | 0.9975       | 0.9968       | -0.0007   
5415->6139           | 3     | 0.9975       | 0.9972       | -0.0004   
7475->7144           | 3     | 0.9975       | 0.9967       | -0.0009   
7673->7147           | 3     | 0.9975       | 0.9967       | -0.0008   
7484->7217           | 3     | 0.9975       | 0.9972       | -0.0003   
7254->5316           | 3     | 0.9975       | 0.9970       | -0.0005   
6758->7552           | 3     | 0.9975       | 0.4229       | -0.5746   
6753->7071           | 3     | 0.9975       | 0.9971       | -0.0004   
7071->7072           | 3     | 0.9975       | 0.9971       | -0.0004   
7072->7460           | 3     | 0.9975       | 0.9971       | -0.0004   
7241->7304           | 3     | 0.9975       | 0.9967       | -0.0008   
7355->7481           | 3     | 0.9975       | 0.9972       | -0.0003   
7173->6847           | 3     | 0.9975       | 0.9973       | -0.0003   
6813->7431           | 3     | 0.9975       | 0.9869       | -0.0106   
6847->7590           | 3     | 0.9975       | 0.9973       | -0.0003   
7358->7463           | 3     | 0.9975       | 0.9972       | -0.0003   
6832->7395           | 3     | 0.9975       | 0.9942       | -0.0033   
7899->7877           | 3     | 0.9975       | 0.9973       | -0.0002   
7016->7751           | 3     | 0.9975       | 0.9949       | -0.0027   
7697->7092           | 3     | 0.9975       | 0.9974       | -0.0002   
8009->7768           | 3     | 0.9975       | 0.9972       | -0.0003   
7796->7842           | 3     | 0.9975       | 0.9964       | -0.0011   
7715->6923           | 3     | 0.9975       | 0.9969       | -0.0006   
6949->7999           | 3     | 0.9975       | 0.9506       | -0.0469   
6923->7046           | 3     | 0.9975       | 0.9969       | -0.0006   
7046->7969           | 3     | 0.9975       | 0.9969       | -0.0006   
7848->7914           | 3     | 0.9975       | 0.9972       | -0.0003   
6994->6995           | 3     | 0.9975       | 0.9968       | -0.0007   
7996->6969           | 3     | 0.9975       | 0.9970       | -0.0006   
6969->7790           | 3     | 0.9975       | 0.9970       | -0.0006   
7663->7500           | 2     | 0.9993       | 0.9974       | -0.0019   
7383->7451           | 2     | 0.9993       | 0.9990       | -0.0003   
7608->7410           | 2     | 0.9993       | 0.9992       | -0.0001   
6079->5478           | 2     | 0.9993       | 0.9990       | -0.0003   
5472->5578           | 2     | 0.9993       | 0.9991       | -0.0001   
4890->5699           | 2     | 0.9993       | 0.9984       | -0.0009   
5016->6231           | 2     | 0.9993       | 0.7912       | -0.2080   
4949->4926           | 2     | 0.9993       | 0.9952       | -0.0041   
4926->6221           | 2     | 0.9993       | 0.9952       | -0.0041   
5871->6210           | 2     | 0.9993       | 0.9991       | -0.0001   
5910->6103           | 2     | 0.9993       | 0.9973       | -0.0019   
6191->5721           | 2     | 0.9993       | 0.9029       | -0.0964   
6319->6260           | 2     | 0.9993       | 0.9861       | -0.0132   
8022->8026           | 2     | 0.9993       | 0.9972       | -0.0021   
5922->5511           | 2     | 0.9993       | 0.9989       | -0.0004   
5340->5165           | 2     | 0.9993       | 0.9984       | -0.0009   
5165->5164           | 2     | 0.9993       | 0.9984       | -0.0009   
5164->6200           | 2     | 0.9993       | 0.9984       | -0.0009   
6028->6088           | 2     | 0.9993       | 0.9989       | -0.0004   
5822->5430           | 2     | 0.9993       | 0.9991       | -0.0002   
5119->5120           | 2     | 0.9993       | 0.9991       | -0.0002   
5825->5121           | 2     | 0.9993       | 0.9991       | -0.0001   
5120->5535           | 2     | 0.9993       | 0.9991       | -0.0002   
5992->5591           | 2     | 0.9993       | 0.9991       | -0.0002   
6016->5874           | 2     | 0.9993       | 0.9989       | -0.0003   
6323->5702           | 2     | 0.9993       | 0.9990       | -0.0003   
5121->5816           | 2     | 0.9993       | 0.9991       | -0.0001   
5794->5029           | 2     | 0.9993       | 0.9753       | -0.0240   
6152->5844           | 2     | 0.9993       | 0.9805       | -0.0187   
5059->5060           | 2     | 0.9993       | 0.9988       | -0.0004   
5064->5810           | 2     | 0.9993       | 0.1436       | -0.8556   
5060->5061           | 2     | 0.9993       | 0.9988       | -0.0004   
5061->5548           | 2     | 0.9993       | 0.9988       | -0.0004   
5797->5980           | 2     | 0.9993       | 0.9991       | -0.0001   
6139->5696           | 2     | 0.9993       | 0.9989       | -0.0004   
7144->6795           | 2     | 0.9993       | 0.9991       | -0.0002   
7147->7581           | 2     | 0.9993       | 0.9989       | -0.0004   
7217->6860           | 2     | 0.9993       | 0.9990       | -0.0002   
6884->7535           | 2     | 0.9993       | 0.8683       | -0.1310   
6860->7153           | 2     | 0.9993       | 0.9990       | -0.0002   
5316->5675           | 2     | 0.9993       | 0.9988       | -0.0005   
7552->7651           | 2     | 0.9993       | 0.7221       | -0.2771   
7460->7073           | 2     | 0.9993       | 0.9990       | -0.0003   
7073->7211           | 2     | 0.9993       | 0.9990       | -0.0003   
7304->7513           | 2     | 0.9993       | 0.9980       | -0.0013   
7481->6811           | 2     | 0.9993       | 0.9990       | -0.0003   
7431->7522           | 2     | 0.9993       | 0.9989       | -0.0004   
6811->7525           | 2     | 0.9993       | 0.9990       | -0.0003   
7590->6846           | 2     | 0.9993       | 0.9990       | -0.0003   
6846->6845           | 2     | 0.9993       | 0.9990       | -0.0003   
6832->7425           | 2     | 0.9993       | 0.9967       | -0.0026   
6845->7621           | 2     | 0.9993       | 0.9990       | -0.0003   
7463->7322           | 2     | 0.9993       | 0.9987       | -0.0006   
7395->7670           | 2     | 0.9993       | 0.9988       | -0.0004   
7035->7826           | 2     | 0.9993       | 0.9963       | -0.0030   
7877->7990           | 2     | 0.9993       | 0.9990       | -0.0002   
7751->7015           | 2     | 0.9993       | 0.9983       | -0.0009   
7015->7014           | 2     | 0.9993       | 0.9983       | -0.0009   
7014->7833           | 2     | 0.9993       | 0.9983       | -0.0009   
7768->7906           | 2     | 0.9993       | 0.9989       | -0.0003   
7842->7700           | 2     | 0.9993       | 0.9972       | -0.0021   
7999->6950           | 2     | 0.9993       | 0.9980       | -0.0012   
6950->7754           | 2     | 0.9993       | 0.9980       | -0.0012   
7969->7045           | 2     | 0.9993       | 0.9986       | -0.0007   
7914->7854           | 2     | 0.9993       | 0.9990       | -0.0003   
7045->7044           | 2     | 0.9993       | 0.9986       | -0.0007   
6988->7866           | 2     | 0.9993       | 0.9766       | -0.0226   
6995->6996           | 2     | 0.9993       | 0.9991       | -0.0002   
7790->6970           | 2     | 0.9993       | 0.9987       | -0.0006   
6970->7817           | 2     | 0.9993       | 0.9987       | -0.0006   
--------------------------------------------------------------------------------
Mean |Deviation|: 0.0489
Max  |Deviation|: 0.8556
================================================================================

LEAF EDGES (n_consumers = 1): 778 edges
--------------------------------------------------------------------------------
These edges were NOT optimized. By definition:
  - Target simultaneity g(n) = 1.0
  - Achieved simultaneity = 1.0
  - Deviation = 0.0
================================================================================


================================================================================
DEVIATION ANALYSIS BY EDGE SIZE
================================================================================

Single consumer (not optimized):
  Count: 778
  Mean deviation: 0.0000
  Mean |deviation|: 0.0000
  Max |deviation|: 0.0000
  Std dev: 0.0000

Very small (2-10):
  Count: 353
  Mean deviation: -0.0318
  Mean |deviation|: 0.0319
  Max |deviation|: 0.8556
  Std dev: 0.0869

Small (11-50):
  Count: 266
  Mean deviation: -0.0691
  Mean |deviation|: 0.0707
  Max |deviation|: 0.3301
  Std dev: 0.0776

Medium (51-100):
  Count: 57
  Mean deviation: -0.0316
  Mean |deviation|: 0.0446
  Max |deviation|: 0.1526
  Std dev: 0.0409

Large (101-200):
  Count: 34
  Mean deviation: 0.0432
  Mean |deviation|: 0.0432
  Max |deviation|: 0.0730
  Std dev: 0.0187

Very large (201-500):
  Count: 54
  Mean deviation: 0.0467
  Mean |deviation|: 0.0467
  Max |deviation|: 0.0579
  Std dev: 0.0071

Huge (500+):
  Count: 52
  Mean deviation: 0.0630
  Mean |deviation|: 0.0630
  Max |deviation|: 0.0985
  Std dev: 0.0107

================================================================================

Network size range: 2 to 692 consumers
Using problem range: 40-60
Saved enhanced verification plot to output/comprehensive_analysis/demoVerbundnetz_SimulationNeu/steady_state_v1/verification_demoVerbundnetz_SimulationNeu_v1.png

Total execution time: 82.11 seconds
Results saved to: output/comprehensive_analysis/demoVerbundnetz_SimulationNeu/steady_state_v1

=== STDERR ===
