Loading network for case 'NetzHast' from data/test_scenarios/complex/NetzHast.vicus...
Loading VICUS file: data/test_scenarios/complex/NetzHast.vicus
Parsed Simultaneity Spline: 63 points.
data/test_scenarios/complex/NetzHast.vicus
Found peak day: day 24 (hours 552-575) with peak=7400.0000
Force-selected profile: Residential_SingleFamily_HeatingLoad.tsv (peak day extraction, resampled to 96 steps)
Peak day profile plot saved to output/peak_day_profile.png
Created 39 consumers and 93 relevant optimization edges.

--- Starting Optimization using Scheme 'v1' for NetzHast ---
Initial weighted error (using v1): 1.636763
Regularization target: 1.0000
  Iter 0: Obj=1.636763 (Fit: 1.636763, Reg: 0.000000) | LR: 0.005300
  Iter 200: Obj=0.263707 (Fit: 0.189332, Reg: 0.074375) | LR: 0.052919
  Iter 400: Obj=0.263707 (Fit: 0.189241, Reg: 0.074466) | LR: 0.052916
  Iter 600: Obj=0.263707 (Fit: 0.189240, Reg: 0.074467) | LR: 0.052916
  Iter 800: Obj=0.263707 (Fit: 0.189240, Reg: 0.074467) | LR: 0.052916
  Iter 1000: Obj=0.263707 (Fit: 0.189240, Reg: 0.074467) | LR: 0.052916
  Iter 1200: Obj=0.263707 (Fit: 0.189240, Reg: 0.074467) | LR: 0.052916
  Iter 1400: Obj=0.263707 (Fit: 0.189240, Reg: 0.074467) | LR: 0.052916
  Iter 1600: Obj=0.263707 (Fit: 0.189240, Reg: 0.074467) | LR: 0.052916
  Early stopping at iteration 1776
Final Error: 0.257404

================================================================================
OPTIMIZATION RESULTS
================================================================================

OPTIMIZED EDGES (n_consumers > 1): 44 edges
--------------------------------------------------------------------------------
Edge ID              | n_e   | Target g(n)  | Achieved g   | Deviation 
--------------------------------------------------------------------------------
1566->1606           | 39    | 0.8016       | 0.8806       | 0.0790    
1606->1717           | 30    | 0.8560       | 0.8598       | 0.0038    
1717->1732           | 29    | 0.8623       | 0.8598       | -0.0025   
1732->1626           | 28    | 0.8686       | 0.8598       | -0.0088   
1626->1599           | 27    | 0.8749       | 0.9137       | 0.0388    
1599->1723           | 21    | 0.9128       | 0.9128       | -0.0000   
1723->1568           | 20    | 0.9190       | 0.9128       | -0.0062   
1568->1714           | 20    | 0.9190       | 0.9128       | -0.0062   
1714->1591           | 19    | 0.9251       | 0.9128       | -0.0123   
1591->1654           | 10    | 0.9740       | 0.9073       | -0.0667   
1606->1642           | 9     | 0.9783       | 0.9345       | -0.0439   
1591->1691           | 9     | 0.9783       | 0.9228       | -0.0555   
1654->1765           | 9     | 0.9783       | 0.9591       | -0.0192   
1642->1648           | 8     | 0.9824       | 0.9739       | -0.0085   
1691->1570           | 8     | 0.9824       | 0.9667       | -0.0158   
1765->1681           | 8     | 0.9824       | 0.9591       | -0.0233   
1570->1688           | 8     | 0.9824       | 0.9667       | -0.0158   
1648->1669           | 7     | 0.9862       | 0.9826       | -0.0036   
1681->1736           | 7     | 0.9862       | 0.9784       | -0.0078   
1688->1571           | 7     | 0.9862       | 0.9776       | -0.0086   
1571->1747           | 7     | 0.9862       | 0.9776       | -0.0086   
1669->1645           | 6     | 0.9896       | 0.9891       | -0.0005   
1599->1672           | 6     | 0.9896       | 0.9164       | -0.0732   
1736->1675           | 6     | 0.9896       | 0.9784       | -0.0112   
1747->1744           | 6     | 0.9896       | 0.9776       | -0.0120   
1645->1605           | 5     | 0.9927       | 0.9917       | -0.0010   
1672->1639           | 5     | 0.9927       | 0.9801       | -0.0126   
1675->1678           | 5     | 0.9927       | 0.9831       | -0.0096   
1744->1666           | 5     | 0.9927       | 0.9776       | -0.0151   
1605->1604           | 4     | 0.9953       | 0.9948       | -0.0006   
1604->1651           | 4     | 0.9953       | 0.9948       | -0.0006   
1639->1636           | 4     | 0.9953       | 0.9916       | -0.0037   
1678->1660           | 4     | 0.9953       | 0.9886       | -0.0068   
1666->1740           | 4     | 0.9953       | 0.9852       | -0.0102   
1651->1720           | 3     | 0.9975       | 0.9977       | 0.0002    
1636->1752           | 3     | 0.9975       | 0.9966       | -0.0010   
1660->1575           | 3     | 0.9975       | 0.9912       | -0.0063   
1575->1574           | 3     | 0.9975       | 0.9912       | -0.0063   
1740->1776           | 3     | 0.9975       | 0.9852       | -0.0124   
1574->1617           | 3     | 0.9975       | 0.9912       | -0.0063   
1720->1630           | 2     | 0.9993       | 0.9977       | -0.0016   
1752->1613           | 2     | 0.9993       | 0.9966       | -0.0027   
1776->1663           | 2     | 0.9993       | 0.9852       | -0.0141   
1617->1620           | 2     | 0.9993       | 0.9921       | -0.0072   
--------------------------------------------------------------------------------
Mean |Deviation|: 0.0148
Max  |Deviation|: 0.0790
================================================================================

LEAF EDGES (n_consumers = 1): 49 edges
--------------------------------------------------------------------------------
These edges were NOT optimized. By definition:
  - Target simultaneity g(n) = 1.0
  - Achieved simultaneity = 1.0
  - Deviation = 0.0
================================================================================


================================================================================
DEVIATION ANALYSIS BY EDGE SIZE
================================================================================

Single consumer (not optimized):
  Count: 49
  Mean deviation: 0.0000
  Mean |deviation|: 0.0000
  Max |deviation|: 0.0000
  Std dev: 0.0000

Very small (2-10):
  Count: 35
  Mean deviation: -0.0141
  Mean |deviation|: 0.0141
  Max |deviation|: 0.0732
  Std dev: 0.0180

Small (11-50):
  Count: 9
  Mean deviation: 0.0095
  Mean |deviation|: 0.0175
  Max |deviation|: 0.0790
  Std dev: 0.0301

================================================================================

Network size range: 2 to 39 consumers
Using problem range: 5-10
Saved enhanced verification plot to output/comprehensive_analysis/NetzHast/steady_state_v1/verification_NetzHast_v1.png

Total execution time: 2.10 seconds
Results saved to: output/comprehensive_analysis/NetzHast/steady_state_v1

=== STDERR ===
