Loading network for case 'demoVerbundnetz_SimulationNeu' from data/test_scenarios/complex/demoVerbundnetz_SimulationNeu.vicus...
Loading VICUS file: data/test_scenarios/complex/demoVerbundnetz_SimulationNeu.vicus
Parsed Simultaneity Spline: 63 points.
data/test_scenarios/complex/demoVerbundnetz_SimulationNeu.vicus
Found peak day: day 24 (hours 552-575) with peak=7400.0000
Force-selected profile: Residential_SingleFamily_HeatingLoad.tsv (peak day extraction, resampled to 96 steps)
Peak day profile plot saved to output/peak_day_profile.png
Created 692 consumers and 1594 relevant optimization edges.

--- Starting Optimization using Scheme 'v3' for demoVerbundnetz_SimulationNeu ---
Initial weighted error (using v3): 6159758.763098
Regularization target: 1.0000
  Iter 0: Obj=6159758.763098 (Fit: 6159758.763098, Reg: 0.000000) | LR: 0.000000
  Iter 200: Obj=10574.480217 (Fit: 10574.236264, Reg: 0.243954) | LR: 0.000177
  Iter 400: Obj=11230.240214 (Fit: 11229.963681, Reg: 0.276533) | LR: 0.000027
  Iter 600: Obj=13336.480487 (Fit: 13336.197133, Reg: 0.283354) | LR: 0.000016
  Iter 800: Obj=9731.186930 (Fit: 9730.894889, Reg: 0.292041) | LR: 0.000069
  Iter 1000: Obj=23624.006473 (Fit: 23623.718117, Reg: 0.288356) | LR: 0.000008
  Iter 1200: Obj=9451.263711 (Fit: 9450.964592, Reg: 0.299119) | LR: 0.000206
  Early stopping at iteration 1218
Final Error: 9428.037100

================================================================================
OPTIMIZATION RESULTS
================================================================================

OPTIMIZED EDGES (n_consumers > 1): 816 edges
--------------------------------------------------------------------------------
Edge ID              | n_e   | Target g(n)  | Achieved g   | Deviation 
--------------------------------------------------------------------------------
5266->5289           | 692   | 0.4759       | 0.4828       | 0.0070    
5289->5290           | 692   | 0.4759       | 0.4828       | 0.0070    
5290->7114           | 692   | 0.4759       | 0.4828       | 0.0070    
7114->5291           | 680   | 0.4759       | 0.4747       | -0.0011   
5291->5292           | 680   | 0.4759       | 0.4747       | -0.0011   
5292->7137           | 680   | 0.4759       | 0.4747       | -0.0011   
7137->7117           | 677   | 0.4759       | 0.4833       | 0.0075    
7117->5293           | 670   | 0.4759       | 0.4812       | 0.0054    
5293->5302           | 670   | 0.4759       | 0.4812       | 0.0054    
5302->4858           | 669   | 0.4759       | 0.4821       | 0.0063    
4858->5791           | 669   | 0.4759       | 0.4821       | 0.0063    
5791->5652           | 668   | 0.4759       | 0.4822       | 0.0064    
5652->5457           | 667   | 0.4759       | 0.4825       | 0.0066    
5457->4859           | 666   | 0.4759       | 0.4826       | 0.0068    
4859->4860           | 666   | 0.4759       | 0.4826       | 0.0068    
4860->4861           | 666   | 0.4759       | 0.4826       | 0.0068    
4861->5328           | 665   | 0.4759       | 0.4830       | 0.0071    
5328->4862           | 664   | 0.4759       | 0.4832       | 0.0073    
4862->5514           | 664   | 0.4759       | 0.4832       | 0.0073    
5514->5672           | 663   | 0.4759       | 0.4835       | 0.0076    
5672->4863           | 662   | 0.4759       | 0.4837       | 0.0079    
4863->5772           | 661   | 0.4759       | 0.4840       | 0.0081    
5772->6109           | 660   | 0.4759       | 0.4843       | 0.0084    
6109->6241           | 659   | 0.4759       | 0.4845       | 0.0087    
6241->4864           | 658   | 0.4759       | 0.4848       | 0.0089    
4864->6234           | 658   | 0.4759       | 0.4848       | 0.0089    
6234->5581           | 657   | 0.4759       | 0.4851       | 0.0092    
5581->6188           | 656   | 0.4759       | 0.4854       | 0.0096    
6188->6316           | 655   | 0.4759       | 0.4858       | 0.0099    
6316->5603           | 654   | 0.4759       | 0.4861       | 0.0102    
5603->5986           | 653   | 0.4759       | 0.4865       | 0.0107    
5986->5947           | 652   | 0.4759       | 0.4868       | 0.0110    
5947->4865           | 651   | 0.4759       | 0.4872       | 0.0113    
4865->4919           | 650   | 0.4759       | 0.4874       | 0.0115    
4919->5334           | 545   | 0.4759       | 0.4726       | -0.0032   
5334->5392           | 544   | 0.4759       | 0.4729       | -0.0030   
5392->5859           | 543   | 0.4759       | 0.4733       | -0.0025   
5859->5681           | 542   | 0.4759       | 0.4738       | -0.0021   
5681->4905           | 541   | 0.4759       | 0.4742       | -0.0016   
4905->5678           | 523   | 0.4759       | 0.4750       | -0.0008   
5678->4866           | 522   | 0.4759       | 0.4753       | -0.0006   
4866->4941           | 522   | 0.4759       | 0.4753       | -0.0006   
4941->6228           | 509   | 0.4759       | 0.4742       | -0.0017   
6228->4928           | 508   | 0.4759       | 0.4747       | -0.0012   
4928->5724           | 508   | 0.4759       | 0.4747       | -0.0012   
5724->6332           | 507   | 0.4759       | 0.4750       | -0.0009   
6332->5445           | 506   | 0.4759       | 0.4752       | -0.0007   
5445->5418           | 505   | 0.4759       | 0.4754       | -0.0004   
5418->4929           | 504   | 0.4759       | 0.4757       | -0.0002   
4929->4930           | 504   | 0.4759       | 0.4757       | -0.0002   
4930->4988           | 504   | 0.4759       | 0.4757       | -0.0002   
4988->5005           | 504   | 0.4759       | 0.4757       | -0.0002   
5005->5766           | 488   | 0.4759       | 0.4745       | -0.0014   
5766->5639           | 487   | 0.4759       | 0.4750       | -0.0009   
5639->6158           | 486   | 0.4759       | 0.4795       | 0.0037    
6158->4964           | 485   | 0.4759       | 0.4801       | 0.0042    
4964->5636           | 403   | 0.4759       | 0.4590       | -0.0168   
5636->6278           | 402   | 0.4759       | 0.4599       | -0.0160   
6278->5962           | 401   | 0.4759       | 0.4605       | -0.0154   
5962->5705           | 400   | 0.4759       | 0.4611       | -0.0148   
5705->5883           | 399   | 0.4759       | 0.4620       | -0.0139   
5883->6067           | 398   | 0.4759       | 0.4626       | -0.0133   
6067->5856           | 397   | 0.4759       | 0.4633       | -0.0126   
5856->5968           | 396   | 0.4759       | 0.4641       | -0.0118   
5968->6326           | 395   | 0.4759       | 0.4647       | -0.0112   
6326->5554           | 394   | 0.4759       | 0.4653       | -0.0106   
5554->6047           | 393   | 0.4759       | 0.4656       | -0.0103   
6047->5718           | 392   | 0.4759       | 0.4659       | -0.0100   
5718->5633           | 391   | 0.4759       | 0.4663       | -0.0096   
5633->5545           | 390   | 0.4759       | 0.4669       | -0.0090   
5545->5310           | 389   | 0.4759       | 0.4674       | -0.0084   
5310->6329           | 388   | 0.4759       | 0.4688       | -0.0071   
6329->5557           | 387   | 0.4759       | 0.4694       | -0.0065   
5557->6112           | 385   | 0.4759       | 0.4720       | -0.0039   
6112->6058           | 384   | 0.4759       | 0.4724       | -0.0035   
6058->4963           | 383   | 0.4759       | 0.4735       | -0.0024   
4963->6263           | 346   | 0.4759       | 0.4631       | -0.0127   
6263->5551           | 345   | 0.4759       | 0.4639       | -0.0120   
5551->5977           | 344   | 0.4759       | 0.4651       | -0.0107   
5977->5690           | 343   | 0.4759       | 0.4659       | -0.0100   
5690->5034           | 342   | 0.4759       | 0.4668       | -0.0090   
5034->5832           | 338   | 0.4759       | 0.4691       | -0.0068   
5832->6167           | 337   | 0.4759       | 0.4702       | -0.0057   
6167->5898           | 336   | 0.4759       | 0.4717       | -0.0041   
5898->5928           | 335   | 0.4759       | 0.4743       | -0.0016   
5928->6247           | 334   | 0.4759       | 0.4750       | -0.0009   
6247->5033           | 333   | 0.4759       | 0.4760       | 0.0001    
5033->6143           | 332   | 0.4759       | 0.4770       | 0.0011    
6143->6301           | 331   | 0.4759       | 0.4785       | 0.0026    
6301->5032           | 330   | 0.4759       | 0.4793       | 0.0035    
5032->5031           | 329   | 0.4759       | 0.4806       | 0.0047    
5031->5178           | 329   | 0.4759       | 0.4806       | 0.0047    
5178->5066           | 329   | 0.4759       | 0.4806       | 0.0047    
5066->5065           | 324   | 0.4759       | 0.4832       | 0.0073    
5065->5901           | 324   | 0.4759       | 0.4832       | 0.0073    
5901->6070           | 323   | 0.4759       | 0.4858       | 0.0100    
6070->5880           | 322   | 0.4759       | 0.4864       | 0.0106    
5880->5064           | 321   | 0.4759       | 0.4870       | 0.0111    
5064->6082           | 314   | 0.4759       | 0.4931       | 0.0172    
6082->5231           | 313   | 0.4759       | 0.4938       | 0.0179    
5231->5232           | 313   | 0.4759       | 0.4938       | 0.0179    
5232->5233           | 313   | 0.4759       | 0.4938       | 0.0179    
5233->5234           | 313   | 0.4759       | 0.4938       | 0.0179    
5234->7494           | 250   | 0.4842       | 0.4858       | 0.0016    
7494->5361           | 249   | 0.4844       | 0.4888       | 0.0044    
5361->5235           | 248   | 0.4846       | 0.4918       | 0.0071    
5235->5373           | 199   | 0.4997       | 0.4802       | -0.0195   
5373->5600           | 198   | 0.5001       | 0.4874       | -0.0127   
5600->6284           | 197   | 0.5005       | 0.4900       | -0.0105   
6284->5819           | 196   | 0.5009       | 0.4925       | -0.0085   
5819->5236           | 195   | 0.5014       | 0.4950       | -0.0064   
5236->5262           | 195   | 0.5014       | 0.4950       | -0.0064   
5262->5257           | 165   | 0.5169       | 0.4796       | -0.0373   
5257->6296           | 165   | 0.5169       | 0.4796       | -0.0373   
6296->6338           | 164   | 0.5175       | 0.4828       | -0.0348   
6338->5853           | 163   | 0.5182       | 0.4866       | -0.0316   
5853->5974           | 162   | 0.5188       | 0.4914       | -0.0274   
5974->7441           | 161   | 0.5195       | 0.4974       | -0.0221   
7441->7386           | 160   | 0.5202       | 0.5010       | -0.0191   
7386->7285           | 159   | 0.5209       | 0.5047       | -0.0162   
7285->7370           | 158   | 0.5215       | 0.5105       | -0.0111   
7370->6777           | 157   | 0.5222       | 0.5202       | -0.0020   
6777->7545           | 157   | 0.5222       | 0.5202       | -0.0020   
7545->7434           | 156   | 0.5230       | 0.5250       | 0.0021    
7434->7611           | 155   | 0.5237       | 0.5311       | 0.0074    
7611->6776           | 154   | 0.5244       | 0.5383       | 0.0139    
6776->6758           | 139   | 0.5369       | 0.5340       | -0.0029   
6758->7343           | 136   | 0.5397       | 0.5438       | 0.0041    
7343->7578           | 135   | 0.5407       | 0.5538       | 0.0131    
7578->7273           | 134   | 0.5417       | 0.5590       | 0.0172    
7273->7176           | 133   | 0.5427       | 0.5648       | 0.0220    
7176->6757           | 132   | 0.5438       | 0.5688       | 0.0250    
6757->6889           | 124   | 0.5527       | 0.5897       | 0.0371    
6889->6890           | 124   | 0.5527       | 0.5897       | 0.0371    
4919->6115           | 105   | 0.5795       | 0.5902       | 0.0107    
6115->4892           | 104   | 0.5812       | 0.5928       | 0.0116    
4892->5355           | 104   | 0.5812       | 0.5928       | 0.0116    
5355->6127           | 103   | 0.5829       | 0.5961       | 0.0132    
6127->5847           | 102   | 0.5847       | 0.5987       | 0.0141    
5847->6250           | 101   | 0.5864       | 0.6014       | 0.0149    
6250->6085           | 100   | 0.5882       | 0.6037       | 0.0154    
6085->5645           | 99    | 0.5901       | 0.6064       | 0.0163    
5645->6275           | 98    | 0.5920       | 0.6086       | 0.0167    
6275->5868           | 97    | 0.5939       | 0.6124       | 0.0185    
5868->4891           | 96    | 0.5958       | 0.6148       | 0.0189    
4891->4954           | 91    | 0.6062       | 0.6323       | 0.0261    
4954->4983           | 91    | 0.6062       | 0.6323       | 0.0261    
4964->5895           | 82    | 0.6276       | 0.5902       | -0.0374   
5895->6293           | 81    | 0.6302       | 0.5963       | -0.0338   
6293->5712           | 80    | 0.6328       | 0.6022       | -0.0306   
5712->5813           | 79    | 0.6356       | 0.6091       | -0.0264   
5813->5800           | 78    | 0.6383       | 0.6161       | -0.0222   
5800->5612           | 77    | 0.6412       | 0.6189       | -0.0223   
5612->5098           | 76    | 0.6441       | 0.6234       | -0.0207   
5098->6197           | 76    | 0.6441       | 0.6234       | -0.0207   
6197->5097           | 75    | 0.6470       | 0.6273       | -0.0197   
6890->7706           | 74    | 0.6500       | 0.6167       | -0.0333   
7706->7765           | 72    | 0.6562       | 0.6340       | -0.0222   
7765->7954           | 71    | 0.6594       | 0.6350       | -0.0244   
7954->6891           | 70    | 0.6627       | 0.6389       | -0.0238   
4983->4955           | 69    | 0.6660       | 0.6397       | -0.0263   
4955->4956           | 69    | 0.6660       | 0.6397       | -0.0263   
4956->4957           | 69    | 0.6660       | 0.6397       | -0.0263   
4957->5925           | 69    | 0.6660       | 0.6397       | -0.0263   
5925->4958           | 68    | 0.6694       | 0.6441       | -0.0253   
4958->6344           | 68    | 0.6694       | 0.6441       | -0.0253   
6344->4959           | 67    | 0.6728       | 0.6488       | -0.0240   
4959->6013           | 67    | 0.6728       | 0.6488       | -0.0240   
6013->5395           | 66    | 0.6764       | 0.6536       | -0.0228   
5395->5383           | 65    | 0.6800       | 0.6704       | -0.0096   
5383->6133           | 63    | 0.6874       | 0.6778       | -0.0096   
5234->7310           | 63    | 0.6874       | 0.5438       | -0.1435   
6133->5487           | 62    | 0.6912       | 0.6823       | -0.0089   
5487->5404           | 61    | 0.6951       | 0.6919       | -0.0032   
7310->7266           | 61    | 0.6951       | 0.6016       | -0.0936   
5404->4960           | 60    | 0.6991       | 0.6964       | -0.0026   
4960->5343           | 60    | 0.6991       | 0.6964       | -0.0026   
7266->7352           | 60    | 0.6991       | 0.6230       | -0.0761   
5343->5737           | 59    | 0.7031       | 0.7015       | -0.0016   
5097->5111           | 59    | 0.7031       | 0.6482       | -0.0549   
5111->5112           | 59    | 0.7031       | 0.6482       | -0.0549   
5112->5782           | 59    | 0.7031       | 0.6482       | -0.0549   
7352->7251           | 59    | 0.7031       | 0.6536       | -0.0495   
5737->6040           | 58    | 0.7073       | 0.7284       | 0.0212    
5782->5642           | 58    | 0.7073       | 0.6552       | -0.0521   
7251->7166           | 58    | 0.7073       | 0.6585       | -0.0487   
6040->6253           | 57    | 0.7115       | 0.7350       | 0.0235    
7166->7478           | 57    | 0.7115       | 0.6666       | -0.0448   
6253->4961           | 56    | 0.7158       | 0.7386       | 0.0229    
5642->6170           | 56    | 0.7158       | 0.6680       | -0.0478   
7478->7466           | 56    | 0.7158       | 0.6716       | -0.0441   
6170->5460           | 55    | 0.7201       | 0.6753       | -0.0449   
7466->6794           | 55    | 0.7201       | 0.6755       | -0.0447   
6794->6827           | 55    | 0.7201       | 0.6755       | -0.0447   
5460->6064           | 54    | 0.7246       | 0.6854       | -0.0392   
6064->5113           | 53    | 0.7291       | 0.7092       | -0.0199   
5113->5154           | 53    | 0.7291       | 0.7092       | -0.0199   
5235->7156           | 49    | 0.7481       | 0.5361       | -0.2120   
6827->7422           | 49    | 0.7481       | 0.7340       | -0.0141   
7156->7488           | 48    | 0.7531       | 0.5549       | -0.1982   
7488->7201           | 47    | 0.7582       | 0.5705       | -0.1876   
7422->7226           | 47    | 0.7582       | 0.7455       | -0.0127   
7201->7636           | 46    | 0.7633       | 0.5902       | -0.1731   
7226->6806           | 46    | 0.7633       | 0.7520       | -0.0113   
6806->7575           | 46    | 0.7633       | 0.7520       | -0.0113   
7636->7179           | 45    | 0.7685       | 0.6182       | -0.1503   
7575->7401           | 45    | 0.7685       | 0.7518       | -0.0167   
7179->7282           | 44    | 0.7738       | 0.6417       | -0.1321   
7401->7584           | 44    | 0.7738       | 0.7868       | 0.0129    
7282->7288           | 43    | 0.7792       | 0.6660       | -0.1132   
7584->7316           | 43    | 0.7792       | 0.7930       | 0.0138    
7288->7497           | 42    | 0.7847       | 0.7020       | -0.0827   
7497->7507           | 41    | 0.7903       | 0.7222       | -0.0681   
7316->7205           | 41    | 0.7903       | 0.7963       | 0.0061    
7507->6881           | 40    | 0.7959       | 0.7429       | -0.0530   
7205->6807           | 40    | 0.7959       | 0.8032       | 0.0073    
6807->6884           | 39    | 0.8016       | 0.8351       | 0.0335    
6891->7896           | 37    | 0.8132       | 0.6497       | -0.1636   
7896->6892           | 36    | 0.8192       | 0.6592       | -0.1600   
6892->6893           | 36    | 0.8192       | 0.6592       | -0.1600   
6893->7966           | 35    | 0.8252       | 0.6709       | -0.1543   
4963->5401           | 34    | 0.8312       | 0.7335       | -0.0978   
7966->6894           | 34    | 0.8312       | 0.6834       | -0.1478   
6894->8005           | 34    | 0.8312       | 0.6834       | -0.1478   
5401->5566           | 33    | 0.8374       | 0.7603       | -0.0771   
6881->6784           | 33    | 0.8374       | 0.7964       | -0.0409   
6891->7775           | 33    | 0.8374       | 0.6237       | -0.2137   
8005->6895           | 33    | 0.8374       | 0.7312       | -0.1061   
6895->6896           | 33    | 0.8374       | 0.7312       | -0.1061   
6896->6897           | 33    | 0.8374       | 0.7312       | -0.1061   
6897->7009           | 33    | 0.8374       | 0.7312       | -0.1061   
5566->5989           | 32    | 0.8435       | 0.7803       | -0.0632   
7775->7709           | 32    | 0.8435       | 0.6398       | -0.2037   
7009->6898           | 32    | 0.8435       | 0.7749       | -0.0686   
4961->5995           | 31    | 0.8497       | 0.7395       | -0.1102   
5989->5194           | 31    | 0.8497       | 0.8107       | -0.0390   
7709->8002           | 31    | 0.8497       | 0.6576       | -0.1921   
5995->5322           | 30    | 0.8560       | 0.7587       | -0.0973   
5262->6287           | 30    | 0.8560       | 0.5647       | -0.2913   
8002->6933           | 30    | 0.8560       | 0.6694       | -0.1866   
6933->7926           | 30    | 0.8560       | 0.6694       | -0.1866   
5322->5325           | 29    | 0.8623       | 0.7779       | -0.0844   
6287->5454           | 29    | 0.8623       | 0.5806       | -0.2816   
6784->7593           | 29    | 0.8623       | 0.8227       | -0.0395   
7926->7038           | 29    | 0.8623       | 0.7074       | -0.1549   
5325->6118           | 28    | 0.8686       | 0.7934       | -0.0752   
5154->5807           | 28    | 0.8686       | 0.6945       | -0.1741   
5454->5666           | 28    | 0.8686       | 0.5974       | -0.2712   
7593->7605           | 28    | 0.8686       | 0.8614       | -0.0072   
6898->7845           | 28    | 0.8686       | 0.7682       | -0.1004   
6118->4962           | 27    | 0.8749       | 0.8099       | -0.0651   
4962->5496           | 27    | 0.8749       | 0.8099       | -0.0651   
5807->5841           | 27    | 0.8749       | 0.7736       | -0.1014   
5666->5237           | 27    | 0.8749       | 0.6275       | -0.2475   
5237->5502           | 27    | 0.8749       | 0.6275       | -0.2475   
7605->7182           | 27    | 0.8749       | 0.8792       | 0.0042    
7845->7830           | 27    | 0.8749       | 0.8414       | -0.0335   
5496->5788           | 26    | 0.8813       | 0.8358       | -0.0455   
5841->6335           | 26    | 0.8813       | 0.8127       | -0.0686   
5502->5238           | 26    | 0.8813       | 0.6552       | -0.2261   
5238->5239           | 26    | 0.8813       | 0.6552       | -0.2261   
5239->5240           | 26    | 0.8813       | 0.6552       | -0.2261   
7182->7548           | 26    | 0.8813       | 0.8791       | -0.0022   
7830->7960           | 26    | 0.8813       | 0.8520       | -0.0293   
4961->5594           | 25    | 0.8876       | 0.7380       | -0.1496   
5788->5569           | 25    | 0.8876       | 0.8550       | -0.0326   
5154->5421           | 25    | 0.8876       | 0.7359       | -0.1517   
6335->5526           | 25    | 0.8876       | 0.8163       | -0.0713   
7548->7270           | 25    | 0.8876       | 0.8818       | -0.0059   
6890->7055           | 25    | 0.8876       | 0.6544       | -0.2333   
6890->7745           | 25    | 0.8876       | 0.4898       | -0.3979   
7055->7739           | 25    | 0.8876       | 0.6544       | -0.2333   
7960->7787           | 25    | 0.8876       | 0.8602       | -0.0275   
5594->5508           | 24    | 0.8940       | 0.7481       | -0.1459   
5569->5216           | 24    | 0.8940       | 0.8715       | -0.0224   
5421->5693           | 24    | 0.8940       | 0.7689       | -0.1251   
5526->5469           | 24    | 0.8940       | 0.8240       | -0.0699   
7270->7419           | 24    | 0.8940       | 0.9025       | 0.0085    
7745->7851           | 24    | 0.8940       | 0.5175       | -0.3765   
7739->7688           | 24    | 0.8940       | 0.6763       | -0.2177   
7787->7781           | 24    | 0.8940       | 0.8612       | -0.0328   
5508->6001           | 23    | 0.9003       | 0.7546       | -0.1457   
5693->5877           | 23    | 0.9003       | 0.8233       | -0.0770   
5469->5114           | 23    | 0.9003       | 0.8539       | -0.0464   
7419->7189           | 23    | 0.9003       | 0.9045       | 0.0042    
7851->7757           | 23    | 0.9003       | 0.5285       | -0.3718   
7688->7056           | 23    | 0.9003       | 0.6951       | -0.2052   
7781->7784           | 23    | 0.9003       | 0.8792       | -0.0211   
4983->5835           | 22    | 0.9066       | 0.5837       | -0.3229   
6001->5389           | 22    | 0.9066       | 0.7655       | -0.1410   
5877->5358           | 22    | 0.9066       | 0.8708       | -0.0358   
7189->7555           | 22    | 0.9066       | 0.9044       | -0.0022   
7757->6917           | 22    | 0.9066       | 0.6179       | -0.2887   
7056->7771           | 22    | 0.9066       | 0.7215       | -0.1851   
6917->7823           | 22    | 0.9066       | 0.6179       | -0.2887   
7784->6899           | 22    | 0.9066       | 0.9193       | 0.0127    
6899->6960           | 22    | 0.9066       | 0.9193       | 0.0127    
5835->5016           | 21    | 0.9128       | 0.6095       | -0.3033   
5389->5021           | 21    | 0.9128       | 0.7804       | -0.1324   
5021->6124           | 21    | 0.9128       | 0.7804       | -0.1324   
5358->5886           | 21    | 0.9128       | 0.9109       | -0.0019   
6884->6861           | 21    | 0.9128       | 0.8496       | -0.0632   
6861->7666           | 21    | 0.9128       | 0.8496       | -0.0632   
7555->7170           | 21    | 0.9128       | 0.9052       | -0.0076   
7771->7057           | 21    | 0.9128       | 0.7544       | -0.1584   
7823->7911           | 21    | 0.9128       | 0.6351       | -0.2777   
6124->5022           | 20    | 0.9190       | 0.7914       | -0.1276   
5022->5319           | 20    | 0.9190       | 0.7914       | -0.1276   
5886->5127           | 20    | 0.9190       | 0.9425       | 0.0235    
5114->5115           | 20    | 0.9190       | 0.9111       | -0.0079   
5115->6266           | 20    | 0.9190       | 0.9111       | -0.0079   
7666->7349           | 20    | 0.9190       | 0.9002       | -0.0188   
7170->7331           | 20    | 0.9190       | 0.9055       | -0.0135   
7057->7058           | 20    | 0.9190       | 0.7849       | -0.1341   
7911->7691           | 20    | 0.9190       | 0.6553       | -0.2637   
7058->7920           | 20    | 0.9190       | 0.7849       | -0.1341   
5016->5523           | 19    | 0.9251       | 0.7176       | -0.2075   
5319->6055           | 19    | 0.9251       | 0.8092       | -0.1160   
5216->6281           | 19    | 0.9251       | 0.8928       | -0.0324   
5194->5053           | 19    | 0.9251       | 0.8441       | -0.0810   
5053->5935           | 19    | 0.9251       | 0.8441       | -0.0810   
6266->6149           | 19    | 0.9251       | 0.9206       | -0.0045   
7349->7676           | 19    | 0.9251       | 0.9314       | 0.0063    
7331->7361           | 19    | 0.9251       | 0.9223       | -0.0028   
7691->6918           | 19    | 0.9251       | 0.6941       | -0.2310   
7920->7984           | 19    | 0.9251       | 0.8202       | -0.1050   
5523->5618           | 18    | 0.9311       | 0.7786       | -0.1525   
6055->5411           | 18    | 0.9311       | 0.8178       | -0.1133   
6281->6194           | 18    | 0.9311       | 0.8967       | -0.0345   
5935->5715           | 18    | 0.9311       | 0.8930       | -0.0381   
6149->5828           | 18    | 0.9311       | 0.9246       | -0.0065   
7676->6862           | 18    | 0.9311       | 0.9340       | 0.0028    
6862->7596           | 18    | 0.9311       | 0.9340       | 0.0028    
7361->7654           | 18    | 0.9311       | 0.9388       | 0.0076    
6918->7863           | 18    | 0.9311       | 0.7387       | -0.1925   
7984->7880           | 18    | 0.9311       | 0.8817       | -0.0494   
6960->6947           | 18    | 0.9311       | 0.9270       | -0.0042   
6947->6948           | 18    | 0.9311       | 0.9270       | -0.0042   
6948->6949           | 18    | 0.9311       | 0.9270       | -0.0042   
5618->4993           | 17    | 0.9370       | 0.8540       | -0.0830   
4993->5621           | 17    | 0.9370       | 0.8540       | -0.0830   
5411->6164           | 17    | 0.9370       | 0.8390       | -0.0981   
6194->5205           | 17    | 0.9370       | 0.9464       | 0.0093    
5205->6290           | 17    | 0.9370       | 0.9464       | 0.0093    
5828->5116           | 17    | 0.9370       | 0.9348       | -0.0023   
5116->6037           | 17    | 0.9370       | 0.9348       | -0.0023   
5240->6748           | 17    | 0.9370       | 0.7512       | -0.1859   
7596->7472           | 17    | 0.9370       | 0.9332       | -0.0038   
7654->7244           | 17    | 0.9370       | 0.9386       | 0.0016    
7863->7733           | 17    | 0.9370       | 0.7651       | -0.1719   
7880->7778           | 17    | 0.9370       | 0.8985       | -0.0386   
7038->6934           | 17    | 0.9370       | 0.8603       | -0.0768   
6934->7820           | 17    | 0.9370       | 0.8603       | -0.0768   
5005->4989           | 16    | 0.9428       | 0.5632       | -0.3796   
5621->5575           | 16    | 0.9428       | 0.8959       | -0.0470   
5097->5096           | 16    | 0.9428       | 0.5472       | -0.3957   
5096->5095           | 16    | 0.9428       | 0.5472       | -0.3957   
5095->5913           | 16    | 0.9428       | 0.5472       | -0.3957   
6164->5023           | 16    | 0.9428       | 0.8705       | -0.0723   
5023->5648           | 16    | 0.9428       | 0.8705       | -0.0723   
6290->5916           | 16    | 0.9428       | 0.9481       | 0.0053    
5715->5708           | 16    | 0.9428       | 0.9356       | -0.0072   
6037->5117           | 16    | 0.9428       | 0.9408       | -0.0021   
5117->5352           | 16    | 0.9428       | 0.9408       | -0.0021   
6884->6808           | 16    | 0.9428       | 0.8857       | -0.0571   
6808->7295           | 16    | 0.9428       | 0.8857       | -0.0571   
7472->7562           | 16    | 0.9428       | 0.9467       | 0.0039    
7244->7238           | 16    | 0.9428       | 0.9383       | -0.0045   
7733->7814           | 16    | 0.9428       | 0.8250       | -0.1178   
7778->7799           | 16    | 0.9428       | 0.9255       | -0.0174   
7820->7951           | 16    | 0.9428       | 0.8745       | -0.0683   
4989->5539           | 15    | 0.9485       | 0.6217       | -0.3267   
5575->5998           | 15    | 0.9485       | 0.9245       | -0.0240   
5913->5475           | 15    | 0.9485       | 0.6012       | -0.3473   
5648->5763           | 15    | 0.9485       | 0.8723       | -0.0762   
5127->6181           | 15    | 0.9485       | 0.9385       | -0.0099   
5916->5862           | 15    | 0.9485       | 0.9479       | -0.0006   
5708->5563           | 15    | 0.9485       | 0.9417       | -0.0068   
5352->5727           | 15    | 0.9485       | 0.9420       | -0.0065   
7295->7428           | 15    | 0.9485       | 0.8929       | -0.0556   
6776->6834           | 15    | 0.9485       | 0.5830       | -0.3655   
6834->6833           | 15    | 0.9485       | 0.5830       | -0.3655   
6833->7232           | 15    | 0.9485       | 0.5830       | -0.3655   
7562->7407           | 15    | 0.9485       | 0.9533       | 0.0048    
7238->7438           | 15    | 0.9485       | 0.9383       | -0.0102   
7814->6919           | 15    | 0.9485       | 0.9449       | -0.0036   
7799->7742           | 15    | 0.9485       | 0.9348       | -0.0137   
6919->7860           | 15    | 0.9485       | 0.9449       | -0.0036   
7951->7883           | 15    | 0.9485       | 0.8789       | -0.0696   
6949->6965           | 15    | 0.9485       | 0.9368       | -0.0117   
6965->7874           | 15    | 0.9485       | 0.9368       | -0.0117   
5539->5769           | 14    | 0.9540       | 0.6653       | -0.2887   
5998->5687           | 14    | 0.9540       | 0.9438       | -0.0102   
5475->5386           | 14    | 0.9540       | 0.6902       | -0.2638   
5763->5584           | 14    | 0.9540       | 0.8801       | -0.0739   
6181->6313           | 14    | 0.9540       | 0.9460       | -0.0080   
5862->5204           | 14    | 0.9540       | 0.9628       | 0.0088    
5563->5054           | 14    | 0.9540       | 0.9549       | 0.0009    
5054->5660           | 14    | 0.9540       | 0.9549       | 0.0009    
5727->5983           | 14    | 0.9540       | 0.9429       | -0.0111   
7428->7392           | 14    | 0.9540       | 0.9144       | -0.0396   
7232->7531           | 14    | 0.9540       | 0.6473       | -0.3067   
7407->6863           | 14    | 0.9540       | 0.9545       | 0.0005    
7438->7679           | 14    | 0.9540       | 0.9490       | -0.0050   
7742->7727           | 14    | 0.9540       | 0.9397       | -0.0143   
7860->7035           | 14    | 0.9540       | 0.9657       | 0.0117    
7883->6935           | 14    | 0.9540       | 0.8933       | -0.0607   
6935->7694           | 14    | 0.9540       | 0.8933       | -0.0607   
7874->7810           | 14    | 0.9540       | 0.9393       | -0.0147   
4941->4927           | 13    | 0.9593       | 0.5413       | -0.4180   
4927->5734           | 13    | 0.9593       | 0.5413       | -0.4180   
5769->5424           | 13    | 0.9593       | 0.7143       | -0.2450   
5687->5663           | 13    | 0.9593       | 0.9587       | -0.0006   
5386->6052           | 13    | 0.9593       | 0.7804       | -0.1789   
5584->5889           | 13    | 0.9593       | 0.9134       | -0.0459   
6313->5505           | 13    | 0.9593       | 0.9574       | -0.0019   
5204->5499           | 13    | 0.9593       | 0.9625       | 0.0032    
5660->6244           | 13    | 0.9593       | 0.9623       | 0.0030    
5983->5118           | 13    | 0.9593       | 0.9586       | -0.0007   
5118->5655           | 13    | 0.9593       | 0.9586       | -0.0007   
7392->6809           | 13    | 0.9593       | 0.9395       | -0.0198   
6809->7413           | 13    | 0.9593       | 0.9395       | -0.0198   
7531->7491           | 13    | 0.9593       | 0.7229       | -0.2364   
6863->7448           | 13    | 0.9593       | 0.9556       | -0.0037   
7679->7454           | 13    | 0.9593       | 0.9576       | -0.0017   
7694->7957           | 13    | 0.9593       | 0.9354       | -0.0239   
7810->6966           | 13    | 0.9593       | 0.9610       | 0.0017    
6966->7917           | 13    | 0.9593       | 0.9610       | 0.0017    
7114->7107           | 12    | 0.9644       | 0.5875       | -0.3769   
7107->7503           | 12    | 0.9644       | 0.5875       | -0.3769   
5734->5932           | 12    | 0.9644       | 0.5799       | -0.3845   
5663->5944           | 12    | 0.9644       | 0.9689       | 0.0045    
6052->5669           | 12    | 0.9644       | 0.8812       | -0.0832   
5889->5284           | 12    | 0.9644       | 0.9703       | 0.0059    
5505->5126           | 12    | 0.9644       | 0.9637       | -0.0007   
5126->5125           | 12    | 0.9644       | 0.9637       | -0.0007   
6244->5597           | 12    | 0.9644       | 0.9729       | 0.0085    
5655->5959           | 12    | 0.9644       | 0.9672       | 0.0028    
7491->7568           | 12    | 0.9644       | 0.8459       | -0.1185   
7448->6864           | 12    | 0.9644       | 0.9591       | -0.0053   
6864->7248           | 12    | 0.9644       | 0.9591       | -0.0053   
7454->7599           | 12    | 0.9644       | 0.9720       | 0.0076    
7727->7685           | 12    | 0.9644       | 0.9615       | -0.0029   
7957->7870           | 12    | 0.9644       | 0.9624       | -0.0020   
7917->7002           | 12    | 0.9644       | 0.9610       | -0.0034   
7503->7374           | 11    | 0.9693       | 0.6691       | -0.3002   
5932->5746           | 11    | 0.9693       | 0.6017       | -0.3676   
5424->6238           | 11    | 0.9693       | 0.8516       | -0.1177   
5944->5779           | 11    | 0.9693       | 0.9771       | 0.0078    
5669->5376           | 11    | 0.9693       | 0.9560       | -0.0133   
5284->5408           | 11    | 0.9693       | 0.9729       | 0.0036    
5499->5953           | 11    | 0.9693       | 0.9774       | 0.0081    
5125->6130           | 11    | 0.9693       | 0.9724       | 0.0031    
5597->6347           | 11    | 0.9693       | 0.9768       | 0.0075    
5959->5119           | 11    | 0.9693       | 0.9729       | 0.0036    
7413->7276           | 11    | 0.9693       | 0.9548       | -0.0145   
7568->7541           | 11    | 0.9693       | 0.8586       | -0.1107   
7248->7334           | 11    | 0.9693       | 0.9613       | -0.0080   
7599->7624           | 11    | 0.9693       | 0.9717       | 0.0024    
7035->6920           | 11    | 0.9693       | 0.9673       | -0.0020   
7685->7730           | 11    | 0.9693       | 0.9691       | -0.0002   
6920->7903           | 11    | 0.9693       | 0.9673       | -0.0020   
7870->7718           | 11    | 0.9693       | 0.9668       | -0.0025   
7374->7445           | 10    | 0.9740       | 0.7777       | -0.1963   
4905->4888           | 10    | 0.9740       | 0.5770       | -0.3969   
4888->5427           | 10    | 0.9740       | 0.5770       | -0.3969   
5746->6304           | 10    | 0.9740       | 0.6244       | -0.3496   
6238->5367           | 10    | 0.9740       | 0.9084       | -0.0656   
5779->5517           | 10    | 0.9740       | 0.9825       | 0.0085    
5376->6173           | 10    | 0.9740       | 0.9670       | -0.0069   
5408->6019           | 10    | 0.9740       | 0.9735       | -0.0004   
5953->5203           | 10    | 0.9740       | 0.9779       | 0.0039    
5203->5493           | 10    | 0.9740       | 0.9779       | 0.0039    
6130->6310           | 10    | 0.9740       | 0.9732       | -0.0008   
6347->5055           | 10    | 0.9740       | 0.9795       | 0.0055    
5055->5056           | 10    | 0.9740       | 0.9795       | 0.0055    
5056->6178           | 10    | 0.9740       | 0.9795       | 0.0055    
7276->7263           | 10    | 0.9740       | 0.9817       | 0.0078    
7541->7416           | 10    | 0.9740       | 0.9426       | -0.0314   
7334->6865           | 10    | 0.9740       | 0.9769       | 0.0030    
7624->6813           | 10    | 0.9740       | 0.9716       | -0.0024   
7730->7059           | 10    | 0.9740       | 0.9780       | 0.0041    
7903->7948           | 10    | 0.9740       | 0.9691       | -0.0048   
7718->7887           | 10    | 0.9740       | 0.9737       | -0.0002   
7445->7140           | 9     | 0.9783       | 0.9330       | -0.0453   
5427->5448           | 9     | 0.9783       | 0.6372       | -0.3412   
6304->6031           | 9     | 0.9783       | 0.6501       | -0.3282   
5367->6136           | 9     | 0.9783       | 0.9443       | -0.0341   
5517->5466           | 9     | 0.9783       | 0.9870       | 0.0087    
6173->5094           | 9     | 0.9783       | 0.9844       | 0.0061    
5094->5606           | 9     | 0.9783       | 0.9844       | 0.0061    
5194->5183           | 9     | 0.9783       | 0.8662       | -0.1121   
5183->5182           | 9     | 0.9783       | 0.8662       | -0.1121   
6019->5024           | 9     | 0.9783       | 0.9731       | -0.0052   
5024->5442           | 9     | 0.9783       | 0.9731       | -0.0052   
5493->5490           | 9     | 0.9783       | 0.9794       | 0.0011    
6310->5588           | 9     | 0.9783       | 0.9809       | 0.0026    
6178->5057           | 9     | 0.9783       | 0.9843       | 0.0060    
5057->5084           | 9     | 0.9783       | 0.9843       | 0.0060    
5240->5241           | 9     | 0.9783       | 0.5325       | -0.4458   
5241->7587           | 9     | 0.9783       | 0.5325       | -0.4458   
6748->6749           | 9     | 0.9783       | 0.7321       | -0.2462   
6749->7325           | 9     | 0.9783       | 0.7321       | -0.2462   
7263->7346           | 9     | 0.9783       | 0.9830       | 0.0046    
7416->7404           | 9     | 0.9783       | 0.9571       | -0.0212   
7059->7721           | 9     | 0.9783       | 0.9801       | 0.0018    
7948->7945           | 9     | 0.9783       | 0.9697       | -0.0086   
7887->7939           | 9     | 0.9783       | 0.9771       | -0.0012   
7140->7220           | 8     | 0.9824       | 0.9422       | -0.0402   
4905->6215           | 8     | 0.9824       | 0.2851       | -0.6974   
5448->5627           | 8     | 0.9824       | 0.7553       | -0.2271   
6031->5349           | 8     | 0.9824       | 0.6706       | -0.3119   
6136->5919           | 8     | 0.9824       | 0.9719       | -0.0106   
5466->6341           | 8     | 0.9824       | 0.9898       | 0.0073    
5606->6007           | 8     | 0.9824       | 0.9906       | 0.0081    
5182->5181           | 8     | 0.9824       | 0.9321       | -0.0504   
5181->5956           | 8     | 0.9824       | 0.9321       | -0.0504   
5442->5025           | 8     | 0.9824       | 0.9935       | 0.0111    
5490->5202           | 8     | 0.9824       | 0.9822       | -0.0003   
5588->5124           | 8     | 0.9824       | 0.9835       | 0.0011    
5025->5026           | 8     | 0.9824       | 0.9935       | 0.0111    
5202->5307           | 8     | 0.9824       | 0.9822       | -0.0003   
5124->5463           | 8     | 0.9824       | 0.9835       | 0.0011    
5026->5364           | 8     | 0.9824       | 0.9935       | 0.0111    
5119->5950           | 8     | 0.9824       | 0.9798       | -0.0027   
6748->7510           | 8     | 0.9824       | 0.7728       | -0.2096   
7587->6025           | 8     | 0.9824       | 0.5742       | -0.4082   
7325->7208           | 8     | 0.9824       | 0.8904       | -0.0920   
7346->7657           | 8     | 0.9824       | 0.9837       | 0.0013    
7404->7380           | 8     | 0.9824       | 0.9696       | -0.0128   
6865->6866           | 8     | 0.9824       | 0.9834       | 0.0010    
6866->6867           | 8     | 0.9824       | 0.9834       | 0.0010    
7721->7932           | 8     | 0.9824       | 0.9802       | -0.0023   
7945->7748           | 8     | 0.9824       | 0.9688       | -0.0136   
7939->7987           | 8     | 0.9824       | 0.9764       | -0.0060   
7117->7377           | 7     | 0.9862       | 0.5565       | -0.4297   
7220->7195           | 7     | 0.9862       | 0.9581       | -0.0281   
6215->5740           | 7     | 0.9862       | 0.3150       | -0.6712   
5627->6272           | 7     | 0.9862       | 0.8168       | -0.1694   
5349->5759           | 7     | 0.9862       | 0.6798       | -0.3064   
5919->5838           | 7     | 0.9862       | 0.9877       | 0.0015    
6341->4992           | 7     | 0.9862       | 0.9913       | 0.0051    
6007->6097           | 7     | 0.9862       | 0.9912       | 0.0050    
5956->5180           | 7     | 0.9862       | 0.9773       | -0.0089   
5180->6100           | 7     | 0.9862       | 0.9773       | -0.0089   
5307->5743           | 7     | 0.9862       | 0.9837       | -0.0025   
5463->5123           | 7     | 0.9862       | 0.9859       | -0.0003   
5364->5971           | 7     | 0.9862       | 0.9937       | 0.0075    
5123->5398           | 7     | 0.9862       | 0.9859       | -0.0003   
5950->5756           | 7     | 0.9862       | 0.9847       | -0.0015   
6881->7340           | 7     | 0.9862       | 0.5664       | -0.4198   
7510->7079           | 7     | 0.9862       | 0.7748       | -0.2114   
6025->5529           | 7     | 0.9862       | 0.7502       | -0.2360   
7079->7078           | 7     | 0.9862       | 0.7748       | -0.2114   
7208->6750           | 7     | 0.9862       | 0.9038       | -0.0824   
7078->7602           | 7     | 0.9862       | 0.7748       | -0.2114   
7657->7192           | 7     | 0.9862       | 0.9834       | -0.0028   
6757->6848           | 7     | 0.9862       | 0.1331       | -0.8531   
6848->7660           | 7     | 0.9862       | 0.1331       | -0.8531   
7380->7198           | 7     | 0.9862       | 0.9777       | -0.0085   
6813->7645           | 7     | 0.9862       | 0.9744       | -0.0118   
6867->7528           | 7     | 0.9862       | 0.9854       | -0.0008   
7038->7021           | 7     | 0.9862       | 0.5609       | -0.4253   
7021->7980           | 7     | 0.9862       | 0.5609       | -0.4253   
7932->7736           | 7     | 0.9862       | 0.9824       | -0.0038   
7748->6921           | 7     | 0.9862       | 0.9676       | -0.0186   
6921->7712           | 7     | 0.9862       | 0.9676       | -0.0186   
7987->7977           | 7     | 0.9862       | 0.9772       | -0.0090   
7377->7108           | 6     | 0.9896       | 0.6184       | -0.3712   
7108->7125           | 6     | 0.9896       | 0.6184       | -0.3712   
7125->7235           | 6     | 0.9896       | 0.6184       | -0.3712   
7195->7307           | 6     | 0.9896       | 0.9770       | -0.0126   
5740->4887           | 6     | 0.9896       | 0.3526       | -0.6370   
4887->6091           | 6     | 0.9896       | 0.3526       | -0.6370   
6272->5865           | 6     | 0.9896       | 0.8646       | -0.1250   
5759->5542           | 6     | 0.9896       | 0.6822       | -0.3074   
5838->5731           | 6     | 0.9896       | 0.9961       | 0.0065    
4992->4991           | 6     | 0.9896       | 0.9913       | 0.0017    
6097->5331           | 6     | 0.9896       | 0.9911       | 0.0015    
6100->5532           | 6     | 0.9896       | 0.9870       | -0.0026   
5743->5201           | 6     | 0.9896       | 0.9887       | -0.0009   
5971->5027           | 6     | 0.9896       | 0.9935       | 0.0038    
5201->5379           | 6     | 0.9896       | 0.9887       | -0.0009   
5027->5560           | 6     | 0.9896       | 0.9935       | 0.0038    
5756->5223           | 6     | 0.9896       | 0.9877       | -0.0020   
5223->5965           | 6     | 0.9896       | 0.9877       | -0.0020   
7340->7469           | 6     | 0.9896       | 0.9230       | -0.0666   
6750->6751           | 6     | 0.9896       | 0.9667       | -0.0229   
7602->7279           | 6     | 0.9896       | 0.9519       | -0.0377   
7192->6810           | 6     | 0.9896       | 0.9846       | -0.0051   
6810->7618           | 6     | 0.9896       | 0.9846       | -0.0051   
7660->7558           | 6     | 0.9896       | 0.1535       | -0.8362   
7198->7516           | 6     | 0.9896       | 0.9783       | -0.0113   
7645->7571           | 6     | 0.9896       | 0.9798       | -0.0098   
7528->7648           | 6     | 0.9896       | 0.9868       | -0.0028   
7980->7963           | 6     | 0.9896       | 0.7448       | -0.2448   
7736->7923           | 6     | 0.9896       | 0.9824       | -0.0072   
7712->7890           | 6     | 0.9896       | 0.9663       | -0.0234   
7977->7804           | 6     | 0.9896       | 0.9764       | -0.0132   
7002->6988           | 6     | 0.9896       | 0.9572       | -0.0324   
7002->7760           | 6     | 0.9896       | 0.9661       | -0.0235   
7235->7364           | 5     | 0.9927       | 0.6900       | -0.3027   
7307->7565           | 5     | 0.9927       | 0.9897       | -0.0029   
5865->5436           | 5     | 0.9927       | 0.8944       | -0.0983   
4891->6022           | 5     | 0.9927       | 0.0100       | -0.9827   
5542->4949           | 5     | 0.9927       | 0.8209       | -0.1718   
5731->5775           | 5     | 0.9927       | 0.9968       | 0.0042    
5331->6073           | 5     | 0.9927       | 0.9908       | -0.0019   
5127->5159           | 5     | 0.9927       | 0.9484       | -0.0443   
5159->5160           | 5     | 0.9927       | 0.9484       | -0.0443   
5532->5179           | 5     | 0.9927       | 0.9939       | 0.0012    
5179->6076           | 5     | 0.9927       | 0.9939       | 0.0012    
5398->5451           | 5     | 0.9927       | 0.9894       | -0.0033   
5379->6207           | 5     | 0.9927       | 0.9905       | -0.0021   
5066->5892           | 5     | 0.9927       | 0.1684       | -0.8243   
5560->6061           | 5     | 0.9927       | 0.9940       | 0.0013    
5064->5370           | 5     | 0.9927       | 0.0506       | -0.9421   
5965->5222           | 5     | 0.9927       | 0.9914       | -0.0013   
6827->7519           | 5     | 0.9927       | 0.4746       | -0.5181   
7469->7639           | 5     | 0.9927       | 0.9416       | -0.0511   
5529->6307           | 5     | 0.9927       | 0.9141       | -0.0786   
6751->6752           | 5     | 0.9927       | 0.9676       | -0.0251   
7279->7077           | 5     | 0.9927       | 0.9609       | -0.0318   
7077->7076           | 5     | 0.9927       | 0.9609       | -0.0318   
7076->7319           | 5     | 0.9927       | 0.9609       | -0.0318   
7618->7367           | 5     | 0.9927       | 0.9840       | -0.0087   
7558->7313           | 5     | 0.9927       | 0.1852       | -0.8075   
7516->7160           | 5     | 0.9927       | 0.9783       | -0.0143   
7571->6832           | 5     | 0.9927       | 0.9825       | -0.0102   
7648->7257           | 5     | 0.9927       | 0.9890       | -0.0037   
7038->7020           | 5     | 0.9927       | 0.5735       | -0.4192   
7020->7793           | 5     | 0.9927       | 0.5735       | -0.4192   
7963->7703           | 5     | 0.9927       | 0.8702       | -0.1224   
7923->7936           | 5     | 0.9927       | 0.9820       | -0.0107   
7890->7836           | 5     | 0.9927       | 0.9736       | -0.0191   
7804->6936           | 5     | 0.9927       | 0.9806       | -0.0120   
6936->6937           | 5     | 0.9927       | 0.9806       | -0.0120   
6937->7893           | 5     | 0.9927       | 0.9806       | -0.0120   
7364->7630           | 4     | 0.9953       | 0.7323       | -0.2630   
7565->7682           | 4     | 0.9953       | 0.9991       | 0.0037    
6091->4886           | 4     | 0.9953       | 0.4914       | -0.5040   
4886->6146           | 4     | 0.9953       | 0.4914       | -0.5040   
5436->4889           | 4     | 0.9953       | 0.9388       | -0.0565   
6022->6224           | 4     | 0.9953       | 0.0100       | -0.9853   
5775->6257           | 4     | 0.9953       | 0.9968       | 0.0015    
4991->5313           | 4     | 0.9953       | 0.9916       | -0.0037   
5216->5609           | 4     | 0.9953       | 0.7976       | -0.1977   
6073->5904           | 4     | 0.9953       | 0.9905       | -0.0048   
5160->5938           | 4     | 0.9953       | 0.9658       | -0.0295   
5451->5122           | 4     | 0.9953       | 0.9908       | -0.0045   
6207->5572           | 4     | 0.9953       | 0.9906       | -0.0048   
5892->5030           | 4     | 0.9953       | 0.2028       | -0.7925   
6061->5028           | 4     | 0.9953       | 0.9943       | -0.0011   
5370->5346           | 4     | 0.9953       | 0.0635       | -0.9319   
5222->5415           | 4     | 0.9953       | 0.9915       | -0.0038   
7519->7475           | 4     | 0.9953       | 0.7243       | -0.2710   
6784->7673           | 4     | 0.9953       | 0.6613       | -0.3341   
7639->7484           | 4     | 0.9953       | 0.9682       | -0.0272   
6307->7254           | 4     | 0.9953       | 0.9510       | -0.0443   
6752->6753           | 4     | 0.9953       | 0.9738       | -0.0215   
7319->7075           | 4     | 0.9953       | 0.9574       | -0.0380   
7075->7241           | 4     | 0.9953       | 0.9574       | -0.0380   
7367->7355           | 4     | 0.9953       | 0.9871       | -0.0082   
7313->7173           | 4     | 0.9953       | 0.2295       | -0.7659   
7160->7358           | 4     | 0.9953       | 0.9778       | -0.0175   
7257->7389           | 4     | 0.9953       | 0.9905       | -0.0048   
7793->7019           | 4     | 0.9953       | 0.5777       | -0.4176   
7019->7018           | 4     | 0.9953       | 0.5777       | -0.4176   
7703->7899           | 4     | 0.9953       | 0.9275       | -0.0678   
7018->7017           | 4     | 0.9953       | 0.5777       | -0.4176   
7017->7016           | 4     | 0.9953       | 0.5777       | -0.4176   
6898->7097           | 4     | 0.9953       | 0.8791       | -0.1162   
7097->7096           | 4     | 0.9953       | 0.8791       | -0.1162   
7096->7095           | 4     | 0.9953       | 0.8791       | -0.1162   
7095->7094           | 4     | 0.9953       | 0.8791       | -0.1162   
7094->7093           | 4     | 0.9953       | 0.8791       | -0.1162   
7093->7697           | 4     | 0.9953       | 0.8791       | -0.1162   
7936->8009           | 4     | 0.9953       | 0.9812       | -0.0141   
6960->7796           | 4     | 0.9953       | 0.8870       | -0.1083   
7836->6922           | 4     | 0.9953       | 0.9732       | -0.0221   
6922->7715           | 4     | 0.9953       | 0.9732       | -0.0221   
7893->7848           | 4     | 0.9953       | 0.9837       | -0.0117   
6988->6967           | 4     | 0.9953       | 0.9721       | -0.0233   
7760->6993           | 4     | 0.9953       | 0.9625       | -0.0328   
6967->6968           | 4     | 0.9953       | 0.9721       | -0.0233   
6993->6994           | 4     | 0.9953       | 0.9625       | -0.0328   
6968->7996           | 4     | 0.9953       | 0.9721       | -0.0233   
7137->7663           | 3     | 0.9975       | 0.0100       | -0.9875   
7630->7383           | 3     | 0.9975       | 0.7503       | -0.2472   
7682->7608           | 3     | 0.9975       | 0.9991       | 0.0016    
6146->4885           | 3     | 0.9975       | 0.6263       | -0.3713   
4885->6079           | 3     | 0.9975       | 0.6263       | -0.3713   
4889->5472           | 3     | 0.9975       | 0.9746       | -0.0229   
6224->4890           | 3     | 0.9975       | 0.0100       | -0.9875   
4949->5749           | 3     | 0.9975       | 0.8785       | -0.1190   
6257->5871           | 3     | 0.9975       | 0.9968       | -0.0007   
5313->5910           | 3     | 0.9975       | 0.9920       | -0.0055   
4963->6191           | 3     | 0.9975       | 0.0100       | -0.9875   
5609->6319           | 3     | 0.9975       | 0.8460       | -0.1516   
5194->5785           | 3     | 0.9975       | 0.3156       | -0.6820   
5114->8022           | 3     | 0.9975       | 0.6313       | -0.3662   
5034->5166           | 3     | 0.9975       | 0.2129       | -0.7847   
5904->5922           | 3     | 0.9975       | 0.9901       | -0.0075   
5166->5340           | 3     | 0.9975       | 0.2129       | -0.7847   
5938->5161           | 3     | 0.9975       | 0.9763       | -0.0212   
5161->6028           | 3     | 0.9975       | 0.9763       | -0.0212   
6076->5822           | 3     | 0.9975       | 0.9940       | -0.0035   
5122->5825           | 3     | 0.9975       | 0.9925       | -0.0051   
5572->5200           | 3     | 0.9975       | 0.9910       | -0.0066   
5030->5992           | 3     | 0.9975       | 0.2683       | -0.7292   
5084->5058           | 3     | 0.9975       | 0.9848       | -0.0128   
5084->6016           | 3     | 0.9975       | 0.9834       | -0.0142   
5084->6323           | 3     | 0.9975       | 0.9846       | -0.0129   
5028->5794           | 3     | 0.9975       | 0.9944       | -0.0031   
5200->6152           | 3     | 0.9975       | 0.9910       | -0.0066   
5058->5059           | 3     | 0.9975       | 0.9848       | -0.0128   
5346->5797           | 3     | 0.9975       | 0.0749       | -0.9227   
5415->6139           | 3     | 0.9975       | 0.9913       | -0.0063   
7475->7144           | 3     | 0.9975       | 0.7373       | -0.2603   
7673->7147           | 3     | 0.9975       | 0.8313       | -0.1662   
7484->7217           | 3     | 0.9975       | 0.9787       | -0.0188   
7254->5316           | 3     | 0.9975       | 0.9690       | -0.0285   
6758->7552           | 3     | 0.9975       | 0.0100       | -0.9875   
6753->7071           | 3     | 0.9975       | 0.9756       | -0.0220   
7071->7072           | 3     | 0.9975       | 0.9756       | -0.0220   
7072->7460           | 3     | 0.9975       | 0.9756       | -0.0220   
7241->7304           | 3     | 0.9975       | 0.9520       | -0.0455   
7355->7481           | 3     | 0.9975       | 0.9861       | -0.0114   
7173->6847           | 3     | 0.9975       | 0.2929       | -0.7046   
6813->7431           | 3     | 0.9975       | 0.9659       | -0.0317   
6847->7590           | 3     | 0.9975       | 0.2929       | -0.7046   
7358->7463           | 3     | 0.9975       | 0.9771       | -0.0204   
6832->7395           | 3     | 0.9975       | 0.9806       | -0.0169   
7899->7877           | 3     | 0.9975       | 0.9853       | -0.0122   
7016->7751           | 3     | 0.9975       | 0.6445       | -0.3531   
7697->7092           | 3     | 0.9975       | 0.9798       | -0.0178   
8009->7768           | 3     | 0.9975       | 0.9806       | -0.0169   
7796->7842           | 3     | 0.9975       | 0.9107       | -0.0868   
7715->6923           | 3     | 0.9975       | 0.9717       | -0.0258   
6949->7999           | 3     | 0.9975       | 0.8868       | -0.1107   
6923->7046           | 3     | 0.9975       | 0.9717       | -0.0258   
7046->7969           | 3     | 0.9975       | 0.9717       | -0.0258   
7848->7914           | 3     | 0.9975       | 0.9840       | -0.0135   
6994->6995           | 3     | 0.9975       | 0.9625       | -0.0351   
7996->6969           | 3     | 0.9975       | 0.9721       | -0.0254   
6969->7790           | 3     | 0.9975       | 0.9721       | -0.0254   
7663->7500           | 2     | 0.9993       | 0.0100       | -0.9893   
7383->7451           | 2     | 0.9993       | 0.7515       | -0.2478   
7608->7410           | 2     | 0.9993       | 0.9991       | -0.0001   
6079->5478           | 2     | 0.9993       | 0.6598       | -0.3394   
5472->5578           | 2     | 0.9993       | 0.9829       | -0.0163   
4890->5699           | 2     | 0.9993       | 0.0100       | -0.9893   
5016->6231           | 2     | 0.9993       | 0.0100       | -0.9893   
4949->4926           | 2     | 0.9993       | 0.8028       | -0.1965   
4926->6221           | 2     | 0.9993       | 0.8028       | -0.1965   
5871->6210           | 2     | 0.9993       | 0.9968       | -0.0025   
5910->6103           | 2     | 0.9993       | 0.9924       | -0.0069   
6191->5721           | 2     | 0.9993       | 0.0100       | -0.9893   
6319->6260           | 2     | 0.9993       | 0.8550       | -0.1443   
8022->8026           | 2     | 0.9993       | 0.6395       | -0.3598   
5922->5511           | 2     | 0.9993       | 0.9890       | -0.0103   
5340->5165           | 2     | 0.9993       | 0.2884       | -0.7108   
5165->5164           | 2     | 0.9993       | 0.2884       | -0.7108   
5164->6200           | 2     | 0.9993       | 0.2884       | -0.7108   
6028->6088           | 2     | 0.9993       | 0.9884       | -0.0109   
5822->5430           | 2     | 0.9993       | 0.9940       | -0.0053   
5119->5120           | 2     | 0.9993       | 0.9906       | -0.0087   
5825->5121           | 2     | 0.9993       | 0.9960       | -0.0033   
5120->5535           | 2     | 0.9993       | 0.9906       | -0.0087   
5992->5591           | 2     | 0.9993       | 0.3727       | -0.6266   
6016->5874           | 2     | 0.9993       | 0.9897       | -0.0096   
6323->5702           | 2     | 0.9993       | 0.9901       | -0.0092   
5121->5816           | 2     | 0.9993       | 0.9960       | -0.0033   
5794->5029           | 2     | 0.9993       | 0.9955       | -0.0037   
6152->5844           | 2     | 0.9993       | 0.9901       | -0.0091   
5059->5060           | 2     | 0.9993       | 0.9842       | -0.0150   
5064->5810           | 2     | 0.9993       | 0.0100       | -0.9893   
5060->5061           | 2     | 0.9993       | 0.9842       | -0.0150   
5061->5548           | 2     | 0.9993       | 0.9842       | -0.0150   
5797->5980           | 2     | 0.9993       | 0.1151       | -0.8841   
6139->5696           | 2     | 0.9993       | 0.9914       | -0.0078   
7144->6795           | 2     | 0.9993       | 0.9028       | -0.0965   
7147->7581           | 2     | 0.9993       | 0.9299       | -0.0694   
7217->6860           | 2     | 0.9993       | 0.9867       | -0.0125   
6884->7535           | 2     | 0.9993       | 0.1845       | -0.8147   
6860->7153           | 2     | 0.9993       | 0.9867       | -0.0125   
5316->5675           | 2     | 0.9993       | 0.9702       | -0.0290   
7552->7651           | 2     | 0.9993       | 0.0100       | -0.9893   
7460->7073           | 2     | 0.9993       | 0.9856       | -0.0136   
7073->7211           | 2     | 0.9993       | 0.9856       | -0.0136   
7304->7513           | 2     | 0.9993       | 0.9472       | -0.0521   
7481->6811           | 2     | 0.9993       | 0.9849       | -0.0143   
7431->7522           | 2     | 0.9993       | 0.9722       | -0.0270   
6811->7525           | 2     | 0.9993       | 0.9849       | -0.0143   
7590->6846           | 2     | 0.9993       | 0.4624       | -0.5369   
6846->6845           | 2     | 0.9993       | 0.4624       | -0.5369   
6832->7425           | 2     | 0.9993       | 0.9862       | -0.0131   
6845->7621           | 2     | 0.9993       | 0.4624       | -0.5369   
7463->7322           | 2     | 0.9993       | 0.9747       | -0.0246   
7395->7670           | 2     | 0.9993       | 0.9792       | -0.0200   
7035->7826           | 2     | 0.9993       | 0.9543       | -0.0450   
7877->7990           | 2     | 0.9993       | 0.9855       | -0.0138   
7751->7015           | 2     | 0.9993       | 0.6666       | -0.3327   
7015->7014           | 2     | 0.9993       | 0.6666       | -0.3327   
7014->7833           | 2     | 0.9993       | 0.6666       | -0.3327   
7768->7906           | 2     | 0.9993       | 0.9811       | -0.0182   
7842->7700           | 2     | 0.9993       | 0.9077       | -0.0915   
7999->6950           | 2     | 0.9993       | 0.8916       | -0.1076   
6950->7754           | 2     | 0.9993       | 0.8916       | -0.1076   
7969->7045           | 2     | 0.9993       | 0.9695       | -0.0298   
7914->7854           | 2     | 0.9993       | 0.9848       | -0.0145   
7045->7044           | 2     | 0.9993       | 0.9695       | -0.0298   
6988->7866           | 2     | 0.9993       | 0.9396       | -0.0597   
6995->6996           | 2     | 0.9993       | 0.9917       | -0.0076   
7790->6970           | 2     | 0.9993       | 0.9718       | -0.0274   
6970->7817           | 2     | 0.9993       | 0.9718       | -0.0274   
--------------------------------------------------------------------------------
Mean |Deviation|: 0.1073
Max  |Deviation|: 0.9893
================================================================================

LEAF EDGES (n_consumers = 1): 778 edges
--------------------------------------------------------------------------------
These edges were NOT optimized. By definition:
  - Target simultaneity g(n) = 1.0
  - Achieved simultaneity = 1.0
  - Deviation = 0.0
================================================================================


================================================================================
DEVIATION ANALYSIS BY EDGE SIZE
================================================================================

Single consumer (not optimized):
  Count: 778
  Mean deviation: 0.0000
  Mean |deviation|: 0.0000
  Max |deviation|: 0.0000
  Std dev: 0.0000

Very small (2-10):
  Count: 353
  Mean deviation: -0.1655
  Mean |deviation|: 0.1666
  Max |deviation|: 0.9893
  Std dev: 0.2705

Small (11-50):
  Count: 266
  Mean deviation: -0.0942
  Mean |deviation|: 0.0964
  Max |deviation|: 0.4180
  Std dev: 0.1142

Medium (51-100):
  Count: 57
  Mean deviation: -0.0241
  Mean |deviation|: 0.0313
  Max |deviation|: 0.1435
  Std dev: 0.0307

Large (101-200):
  Count: 34
  Mean deviation: -0.0015
  Mean |deviation|: 0.0166
  Max |deviation|: 0.0373
  Std dev: 0.0201

Very large (201-500):
  Count: 54
  Mean deviation: -0.0019
  Mean |deviation|: 0.0085
  Max |deviation|: 0.0179
  Std dev: 0.0099

Huge (500+):
  Count: 52
  Mean deviation: 0.0043
  Mean |deviation|: 0.0053
  Max |deviation|: 0.0115
  Std dev: 0.0048

================================================================================

Network size range: 2 to 692 consumers
Using problem range: 40-60
Saved enhanced verification plot to output/comprehensive_analysis/demoVerbundnetz_SimulationNeu/steady_state_v3/verification_demoVerbundnetz_SimulationNeu_v3.png

Total execution time: 24.13 seconds
Results saved to: output/comprehensive_analysis/demoVerbundnetz_SimulationNeu/steady_state_v3

=== STDERR ===
