Loading network for case 'NetzHast' from data/test_scenarios/complex/NetzHast.vicus...
Loading VICUS file: data/test_scenarios/complex/NetzHast.vicus
Parsed Simultaneity Spline: 63 points.
data/test_scenarios/complex/NetzHast.vicus
Found peak day: day 24 (hours 552-575) with peak=7400.0000
Force-selected profile: Residential_SingleFamily_HeatingLoad.tsv (peak day extraction, resampled to 96 steps)
Peak day profile plot saved to output/peak_day_profile.png
Created 39 consumers and 93 relevant optimization edges.

--- Starting Optimization using Scheme 'v4' for NetzHast ---
Initial weighted error (using v4): 418.017927
Regularization target: 1.0000
  Iter 0: Obj=418.017927 (Fit: 418.017927, Reg: 0.000000) | LR: 0.000044
  Iter 200: Obj=44.035030 (Fit: 44.014805, Reg: 0.020225) | LR: 0.000288
  Iter 400: Obj=44.022403 (Fit: 44.001674, Reg: 0.020729) | LR: 0.000288
  Iter 600: Obj=44.021549 (Fit: 44.000758, Reg: 0.020792) | LR: 0.000288
  Iter 800: Obj=44.021422 (Fit: 44.000619, Reg: 0.020803) | LR: 0.000288
  Iter 1000: Obj=44.021282 (Fit: 44.000475, Reg: 0.020807) | LR: 0.000288
  Iter 1200: Obj=44.021099 (Fit: 44.000288, Reg: 0.020811) | LR: 0.000288
  Iter 1400: Obj=44.020898 (Fit: 44.000083, Reg: 0.020815) | LR: 0.000288
  Iter 1600: Obj=44.020691 (Fit: 43.999872, Reg: 0.020819) | LR: 0.000288
  Iter 1800: Obj=44.020483 (Fit: 43.999658, Reg: 0.020825) | LR: 0.000288
Final Error: 39.325556

================================================================================
OPTIMIZATION RESULTS
================================================================================

OPTIMIZED EDGES (n_consumers > 1): 44 edges
--------------------------------------------------------------------------------
Edge ID              | n_e   | Target g(n)  | Achieved g   | Deviation 
--------------------------------------------------------------------------------
1566->1606           | 39    | 0.8016       | 0.8607       | 0.0591    
1606->1717           | 30    | 0.8560       | 0.8463       | -0.0097   
1717->1732           | 29    | 0.8623       | 0.8463       | -0.0160   
1732->1626           | 28    | 0.8686       | 0.8463       | -0.0223   
1626->1599           | 27    | 0.8749       | 0.8993       | 0.0244    
1599->1723           | 21    | 0.9128       | 0.9009       | -0.0119   
1723->1568           | 20    | 0.9190       | 0.9009       | -0.0181   
1568->1714           | 20    | 0.9190       | 0.9009       | -0.0181   
1714->1591           | 19    | 0.9251       | 0.9009       | -0.0242   
1591->1654           | 10    | 0.9740       | 0.8906       | -0.0833   
1606->1642           | 9     | 0.9783       | 0.8982       | -0.0802   
1591->1691           | 9     | 0.9783       | 0.9197       | -0.0586   
1654->1765           | 9     | 0.9783       | 0.9688       | -0.0095   
1642->1648           | 8     | 0.9824       | 0.9816       | -0.0009   
1691->1570           | 8     | 0.9824       | 0.9663       | -0.0161   
1765->1681           | 8     | 0.9824       | 0.9688       | -0.0136   
1570->1688           | 8     | 0.9824       | 0.9663       | -0.0161   
1648->1669           | 7     | 0.9862       | 0.9853       | -0.0009   
1681->1736           | 7     | 0.9862       | 0.9758       | -0.0104   
1688->1571           | 7     | 0.9862       | 0.9707       | -0.0155   
1571->1747           | 7     | 0.9862       | 0.9707       | -0.0155   
1669->1645           | 6     | 0.9896       | 0.9887       | -0.0009   
1599->1672           | 6     | 0.9896       | 0.8946       | -0.0950   
1736->1675           | 6     | 0.9896       | 0.9758       | -0.0138   
1747->1744           | 6     | 0.9896       | 0.9707       | -0.0189   
1645->1605           | 5     | 0.9927       | 0.9917       | -0.0010   
1672->1639           | 5     | 0.9927       | 0.9892       | -0.0035   
1675->1678           | 5     | 0.9927       | 0.9801       | -0.0126   
1744->1666           | 5     | 0.9927       | 0.9707       | -0.0220   
1605->1604           | 4     | 0.9953       | 0.9942       | -0.0011   
1604->1651           | 4     | 0.9953       | 0.9942       | -0.0011   
1639->1636           | 4     | 0.9953       | 0.9917       | -0.0036   
1678->1660           | 4     | 0.9953       | 0.9825       | -0.0129   
1666->1740           | 4     | 0.9953       | 0.9770       | -0.0183   
1651->1720           | 3     | 0.9975       | 0.9970       | -0.0005   
1636->1752           | 3     | 0.9975       | 0.9946       | -0.0029   
1660->1575           | 3     | 0.9975       | 0.9827       | -0.0148   
1575->1574           | 3     | 0.9975       | 0.9827       | -0.0148   
1740->1776           | 3     | 0.9975       | 0.9770       | -0.0206   
1574->1617           | 3     | 0.9975       | 0.9827       | -0.0148   
1720->1630           | 2     | 0.9993       | 0.9970       | -0.0023   
1752->1613           | 2     | 0.9993       | 0.9946       | -0.0046   
1776->1663           | 2     | 0.9993       | 0.9770       | -0.0223   
1617->1620           | 2     | 0.9993       | 0.9827       | -0.0166   
--------------------------------------------------------------------------------
Mean |Deviation|: 0.0192
Max  |Deviation|: 0.0950
================================================================================

LEAF EDGES (n_consumers = 1): 49 edges
--------------------------------------------------------------------------------
These edges were NOT optimized. By definition:
  - Target simultaneity g(n) = 1.0
  - Achieved simultaneity = 1.0
  - Deviation = 0.0
================================================================================


================================================================================
DEVIATION ANALYSIS BY EDGE SIZE
================================================================================

Single consumer (not optimized):
  Count: 49
  Mean deviation: 0.0000
  Mean |deviation|: 0.0000
  Max |deviation|: 0.0000
  Std dev: 0.0000

Very small (2-10):
  Count: 35
  Mean deviation: -0.0183
  Mean |deviation|: 0.0183
  Max |deviation|: 0.0950
  Std dev: 0.0237

Small (11-50):
  Count: 9
  Mean deviation: -0.0041
  Mean |deviation|: 0.0226
  Max |deviation|: 0.0591
  Std dev: 0.0278

================================================================================

Network size range: 2 to 39 consumers
Using problem range: 5-10
Saved enhanced verification plot to output/comprehensive_analysis/NetzHast/steady_state_v4/verification_NetzHast_v4.png

Total execution time: 1.36 seconds
Results saved to: output/comprehensive_analysis/NetzHast/steady_state_v4

=== STDERR ===
