Loading network for case 'demoVerbundnetz_SimulationNeu' from data/test_scenarios/complex/demoVerbundnetz_SimulationNeu.vicus...
Loading VICUS file: data/test_scenarios/complex/demoVerbundnetz_SimulationNeu.vicus
Parsed Simultaneity Spline: 63 points.
data/test_scenarios/complex/demoVerbundnetz_SimulationNeu.vicus
Found peak day: day 24 (hours 552-575) with peak=7400.0000
Force-selected profile: Residential_SingleFamily_HeatingLoad.tsv (peak day extraction, resampled to 96 steps)
Peak day profile plot saved to output/peak_day_profile.png
Created 692 consumers and 1594 relevant optimization edges.

--- Starting Optimization using Scheme 'v1' for demoVerbundnetz_SimulationNeu ---
Initial weighted error (using v1): 1436.189757
Regularization target: 1.0000
  Iter 0: Obj=1436.189757 (Fit: 1436.189757, Reg: 0.000000) | LR: 0.000386
  Iter 200: Obj=83.228804 (Fit: 75.949825, Reg: 7.278979) | LR: 0.007410
  Iter 400: Obj=71.568193 (Fit: 61.776880, Reg: 9.791313) | LR: 0.008526
  Iter 600: Obj=69.974675 (Fit: 59.329476, Reg: 10.645200) | LR: 0.008760
  Iter 800: Obj=69.504797 (Fit: 58.447326, Reg: 11.057472) | LR: 0.008842
  Iter 1000: Obj=69.342315 (Fit: 58.064432, Reg: 11.277883) | LR: 0.008879
  Iter 1200: Obj=69.244875 (Fit: 57.787892, Reg: 11.456982) | LR: 0.008906
  Iter 1400: Obj=69.194412 (Fit: 57.613723, Reg: 11.580690) | LR: 0.008922
  Iter 1600: Obj=69.171653 (Fit: 57.517136, Reg: 11.654517) | LR: 0.008932
  Iter 1800: Obj=69.159735 (Fit: 57.454101, Reg: 11.705634) | LR: 0.008939
Final Error: 69.153779

================================================================================
OPTIMIZATION RESULTS
================================================================================

OPTIMIZED EDGES (n_consumers > 1): 816 edges
--------------------------------------------------------------------------------
Edge ID              | n_e   | Target g(n)  | Achieved g   | Deviation 
--------------------------------------------------------------------------------
5266->5289           | 692   | 0.4759       | 0.5892       | 0.1133    
5289->5290           | 692   | 0.4759       | 0.5892       | 0.1133    
5290->7114           | 692   | 0.4759       | 0.5892       | 0.1133    
7114->5291           | 680   | 0.4759       | 0.5651       | 0.0893    
5291->5292           | 680   | 0.4759       | 0.5651       | 0.0893    
5292->7137           | 680   | 0.4759       | 0.5651       | 0.0893    
7137->7117           | 677   | 0.4759       | 0.5605       | 0.0847    
7117->5293           | 670   | 0.4759       | 0.5510       | 0.0751    
5293->5302           | 670   | 0.4759       | 0.5510       | 0.0751    
5302->4858           | 669   | 0.4759       | 0.5519       | 0.0761    
4858->5791           | 669   | 0.4759       | 0.5519       | 0.0761    
5791->5652           | 668   | 0.4759       | 0.5519       | 0.0760    
5652->5457           | 667   | 0.4759       | 0.5518       | 0.0760    
5457->4859           | 666   | 0.4759       | 0.5518       | 0.0759    
4859->4860           | 666   | 0.4759       | 0.5518       | 0.0759    
4860->4861           | 666   | 0.4759       | 0.5518       | 0.0759    
4861->5328           | 665   | 0.4759       | 0.5519       | 0.0761    
5328->4862           | 664   | 0.4759       | 0.5520       | 0.0761    
4862->5514           | 664   | 0.4759       | 0.5520       | 0.0761    
5514->5672           | 663   | 0.4759       | 0.5520       | 0.0762    
5672->4863           | 662   | 0.4759       | 0.5521       | 0.0763    
4863->5772           | 661   | 0.4759       | 0.5523       | 0.0764    
5772->6109           | 660   | 0.4759       | 0.5525       | 0.0766    
6109->6241           | 659   | 0.4759       | 0.5527       | 0.0768    
6241->4864           | 658   | 0.4759       | 0.5528       | 0.0769    
4864->6234           | 658   | 0.4759       | 0.5528       | 0.0769    
6234->5581           | 657   | 0.4759       | 0.5531       | 0.0773    
5581->6188           | 656   | 0.4759       | 0.5535       | 0.0776    
6188->6316           | 655   | 0.4759       | 0.5538       | 0.0780    
6316->5603           | 654   | 0.4759       | 0.5542       | 0.0783    
5603->5986           | 653   | 0.4759       | 0.5546       | 0.0787    
5986->5947           | 652   | 0.4759       | 0.5549       | 0.0791    
5947->4865           | 651   | 0.4759       | 0.5553       | 0.0794    
4865->4919           | 650   | 0.4759       | 0.5555       | 0.0797    
4919->5334           | 545   | 0.4759       | 0.5422       | 0.0663    
5334->5392           | 544   | 0.4759       | 0.5424       | 0.0665    
5392->5859           | 543   | 0.4759       | 0.5429       | 0.0670    
5859->5681           | 542   | 0.4759       | 0.5434       | 0.0675    
5681->4905           | 541   | 0.4759       | 0.5439       | 0.0680    
4905->5678           | 523   | 0.4759       | 0.5387       | 0.0629    
5678->4866           | 522   | 0.4759       | 0.5390       | 0.0631    
4866->4941           | 522   | 0.4759       | 0.5390       | 0.0631    
4941->6228           | 509   | 0.4759       | 0.5334       | 0.0575    
6228->4928           | 508   | 0.4759       | 0.5339       | 0.0581    
4928->5724           | 508   | 0.4759       | 0.5339       | 0.0581    
5724->6332           | 507   | 0.4759       | 0.5342       | 0.0583    
6332->5445           | 506   | 0.4759       | 0.5344       | 0.0585    
5445->5418           | 505   | 0.4759       | 0.5347       | 0.0588    
5418->4929           | 504   | 0.4759       | 0.5349       | 0.0590    
4929->4930           | 504   | 0.4759       | 0.5349       | 0.0590    
4930->4988           | 504   | 0.4759       | 0.5349       | 0.0590    
4988->5005           | 504   | 0.4759       | 0.5349       | 0.0590    
5005->5766           | 488   | 0.4759       | 0.5311       | 0.0552    
5766->5639           | 487   | 0.4759       | 0.5316       | 0.0557    
5639->6158           | 486   | 0.4759       | 0.5363       | 0.0604    
6158->4964           | 485   | 0.4759       | 0.5368       | 0.0610    
4964->5636           | 403   | 0.4759       | 0.5169       | 0.0411    
5636->6278           | 402   | 0.4759       | 0.5178       | 0.0420    
6278->5962           | 401   | 0.4759       | 0.5185       | 0.0426    
5962->5705           | 400   | 0.4759       | 0.5191       | 0.0432    
5705->5883           | 399   | 0.4759       | 0.5200       | 0.0442    
5883->6067           | 398   | 0.4759       | 0.5206       | 0.0448    
6067->5856           | 397   | 0.4759       | 0.5214       | 0.0455    
5856->5968           | 396   | 0.4759       | 0.5222       | 0.0463    
5968->6326           | 395   | 0.4759       | 0.5228       | 0.0470    
6326->5554           | 394   | 0.4759       | 0.5234       | 0.0475    
5554->6047           | 393   | 0.4759       | 0.5237       | 0.0479    
6047->5718           | 392   | 0.4759       | 0.5241       | 0.0482    
5718->5633           | 391   | 0.4759       | 0.5245       | 0.0486    
5633->5545           | 390   | 0.4759       | 0.5251       | 0.0492    
5545->5310           | 389   | 0.4759       | 0.5257       | 0.0498    
5310->6329           | 388   | 0.4759       | 0.5271       | 0.0512    
6329->5557           | 387   | 0.4759       | 0.5277       | 0.0518    
5557->6112           | 385   | 0.4759       | 0.5304       | 0.0545    
6112->6058           | 384   | 0.4759       | 0.5308       | 0.0550    
6058->4963           | 383   | 0.4759       | 0.5320       | 0.0561    
4963->6263           | 346   | 0.4759       | 0.5195       | 0.0436    
6263->5551           | 345   | 0.4759       | 0.5203       | 0.0444    
5551->5977           | 344   | 0.4759       | 0.5216       | 0.0457    
5977->5690           | 343   | 0.4759       | 0.5223       | 0.0464    
5690->5034           | 342   | 0.4759       | 0.5233       | 0.0475    
5034->5832           | 338   | 0.4759       | 0.5222       | 0.0464    
5832->6167           | 337   | 0.4759       | 0.5233       | 0.0475    
6167->5898           | 336   | 0.4759       | 0.5250       | 0.0491    
5898->5928           | 335   | 0.4759       | 0.5276       | 0.0517    
5928->6247           | 334   | 0.4759       | 0.5283       | 0.0524    
6247->5033           | 333   | 0.4759       | 0.5293       | 0.0534    
5033->6143           | 332   | 0.4759       | 0.5303       | 0.0545    
6143->6301           | 331   | 0.4759       | 0.5319       | 0.0560    
6301->5032           | 330   | 0.4759       | 0.5328       | 0.0569    
5032->5031           | 329   | 0.4759       | 0.5340       | 0.0582    
5031->5178           | 329   | 0.4759       | 0.5340       | 0.0582    
5178->5066           | 329   | 0.4759       | 0.5340       | 0.0582    
5066->5065           | 324   | 0.4759       | 0.5324       | 0.0566    
5065->5901           | 324   | 0.4759       | 0.5324       | 0.0566    
5901->6070           | 323   | 0.4759       | 0.5352       | 0.0593    
6070->5880           | 322   | 0.4759       | 0.5358       | 0.0599    
5880->5064           | 321   | 0.4759       | 0.5363       | 0.0605    
5064->6082           | 314   | 0.4759       | 0.5380       | 0.0621    
6082->5231           | 313   | 0.4759       | 0.5387       | 0.0629    
5231->5232           | 313   | 0.4759       | 0.5387       | 0.0629    
5232->5233           | 313   | 0.4759       | 0.5387       | 0.0629    
5233->5234           | 313   | 0.4759       | 0.5387       | 0.0629    
5234->7494           | 250   | 0.4842       | 0.5380       | 0.0538    
7494->5361           | 249   | 0.4844       | 0.5411       | 0.0567    
5361->5235           | 248   | 0.4846       | 0.5442       | 0.0595    
5235->5373           | 199   | 0.4997       | 0.5457       | 0.0460    
5373->5600           | 198   | 0.5001       | 0.5533       | 0.0532    
5600->6284           | 197   | 0.5005       | 0.5561       | 0.0555    
6284->5819           | 196   | 0.5009       | 0.5587       | 0.0578    
5819->5236           | 195   | 0.5014       | 0.5614       | 0.0600    
5236->5262           | 195   | 0.5014       | 0.5614       | 0.0600    
5262->5257           | 165   | 0.5169       | 0.5358       | 0.0189    
5257->6296           | 165   | 0.5169       | 0.5358       | 0.0189    
6296->6338           | 164   | 0.5175       | 0.5390       | 0.0215    
6338->5853           | 163   | 0.5182       | 0.5430       | 0.0248    
5853->5974           | 162   | 0.5188       | 0.5480       | 0.0292    
5974->7441           | 161   | 0.5195       | 0.5542       | 0.0347    
7441->7386           | 160   | 0.5202       | 0.5580       | 0.0378    
7386->7285           | 159   | 0.5209       | 0.5617       | 0.0408    
7285->7370           | 158   | 0.5215       | 0.5677       | 0.0462    
7370->6777           | 157   | 0.5222       | 0.5778       | 0.0556    
6777->7545           | 157   | 0.5222       | 0.5778       | 0.0556    
7545->7434           | 156   | 0.5230       | 0.5828       | 0.0598    
7434->7611           | 155   | 0.5237       | 0.5891       | 0.0654    
7611->6776           | 154   | 0.5244       | 0.5965       | 0.0721    
6776->6758           | 139   | 0.5369       | 0.5893       | 0.0525    
6758->7343           | 136   | 0.5397       | 0.5927       | 0.0530    
7343->7578           | 135   | 0.5407       | 0.6028       | 0.0621    
7578->7273           | 134   | 0.5417       | 0.6081       | 0.0663    
7273->7176           | 133   | 0.5427       | 0.6140       | 0.0712    
7176->6757           | 132   | 0.5438       | 0.6181       | 0.0743    
6757->6889           | 124   | 0.5527       | 0.6189       | 0.0663    
6889->6890           | 124   | 0.5527       | 0.6189       | 0.0663    
4919->6115           | 105   | 0.5795       | 0.6484       | 0.0689    
6115->4892           | 104   | 0.5812       | 0.6511       | 0.0699    
4892->5355           | 104   | 0.5812       | 0.6511       | 0.0699    
5355->6127           | 103   | 0.5829       | 0.6545       | 0.0716    
6127->5847           | 102   | 0.5847       | 0.6572       | 0.0726    
5847->6250           | 101   | 0.5864       | 0.6599       | 0.0735    
6250->6085           | 100   | 0.5882       | 0.6623       | 0.0741    
6085->5645           | 99    | 0.5901       | 0.6651       | 0.0750    
5645->6275           | 98    | 0.5920       | 0.6674       | 0.0755    
6275->5868           | 97    | 0.5939       | 0.6713       | 0.0774    
5868->4891           | 96    | 0.5958       | 0.6738       | 0.0779    
4891->4954           | 91    | 0.6062       | 0.6700       | 0.0638    
4954->4983           | 91    | 0.6062       | 0.6700       | 0.0638    
4964->5895           | 82    | 0.6276       | 0.6410       | 0.0135    
5895->6293           | 81    | 0.6302       | 0.6473       | 0.0171    
6293->5712           | 80    | 0.6328       | 0.6533       | 0.0205    
5712->5813           | 79    | 0.6356       | 0.6603       | 0.0248    
5813->5800           | 78    | 0.6383       | 0.6674       | 0.0291    
5800->5612           | 77    | 0.6412       | 0.6703       | 0.0291    
5612->5098           | 76    | 0.6441       | 0.6749       | 0.0308    
5098->6197           | 76    | 0.6441       | 0.6749       | 0.0308    
6197->5097           | 75    | 0.6470       | 0.6788       | 0.0318    
6890->7706           | 74    | 0.6500       | 0.6272       | -0.0228   
7706->7765           | 72    | 0.6562       | 0.6437       | -0.0125   
7765->7954           | 71    | 0.6594       | 0.6447       | -0.0147   
7954->6891           | 70    | 0.6627       | 0.6484       | -0.0143   
4983->4955           | 69    | 0.6660       | 0.6532       | -0.0128   
4955->4956           | 69    | 0.6660       | 0.6532       | -0.0128   
4956->4957           | 69    | 0.6660       | 0.6532       | -0.0128   
4957->5925           | 69    | 0.6660       | 0.6532       | -0.0128   
5925->4958           | 68    | 0.6694       | 0.6573       | -0.0120   
4958->6344           | 68    | 0.6694       | 0.6573       | -0.0120   
6344->4959           | 67    | 0.6728       | 0.6619       | -0.0110   
4959->6013           | 67    | 0.6728       | 0.6619       | -0.0110   
6013->5395           | 66    | 0.6764       | 0.6664       | -0.0099   
5395->5383           | 65    | 0.6800       | 0.6825       | 0.0026    
5383->6133           | 63    | 0.6874       | 0.6897       | 0.0023    
5234->7310           | 63    | 0.6874       | 0.5434       | -0.1439   
6133->5487           | 62    | 0.6912       | 0.6940       | 0.0028    
5487->5404           | 61    | 0.6951       | 0.7031       | 0.0080    
7310->7266           | 61    | 0.6951       | 0.5968       | -0.0983   
5404->4960           | 60    | 0.6991       | 0.7075       | 0.0084    
4960->5343           | 60    | 0.6991       | 0.7075       | 0.0084    
7266->7352           | 60    | 0.6991       | 0.6166       | -0.0825   
5343->5737           | 59    | 0.7031       | 0.7124       | 0.0093    
5097->5111           | 59    | 0.7031       | 0.6549       | -0.0482   
5111->5112           | 59    | 0.7031       | 0.6549       | -0.0482   
5112->5782           | 59    | 0.7031       | 0.6549       | -0.0482   
7352->7251           | 59    | 0.7031       | 0.6449       | -0.0582   
5737->6040           | 58    | 0.7073       | 0.7381       | 0.0309    
5782->5642           | 58    | 0.7073       | 0.6616       | -0.0457   
7251->7166           | 58    | 0.7073       | 0.6495       | -0.0578   
6040->6253           | 57    | 0.7115       | 0.7444       | 0.0330    
7166->7478           | 57    | 0.7115       | 0.6569       | -0.0545   
6253->4961           | 56    | 0.7158       | 0.7479       | 0.0321    
5642->6170           | 56    | 0.7158       | 0.6737       | -0.0421   
7478->7466           | 56    | 0.7158       | 0.6615       | -0.0542   
6170->5460           | 55    | 0.7201       | 0.6806       | -0.0395   
7466->6794           | 55    | 0.7201       | 0.6660       | -0.0542   
6794->6827           | 55    | 0.7201       | 0.6660       | -0.0542   
5460->6064           | 54    | 0.7246       | 0.6902       | -0.0344   
6064->5113           | 53    | 0.7291       | 0.7128       | -0.0163   
5113->5154           | 53    | 0.7291       | 0.7128       | -0.0163   
5235->7156           | 49    | 0.7481       | 0.5382       | -0.2100   
6827->7422           | 49    | 0.7481       | 0.6926       | -0.0556   
7156->7488           | 48    | 0.7531       | 0.5556       | -0.1975   
7488->7201           | 47    | 0.7582       | 0.5701       | -0.1881   
7422->7226           | 47    | 0.7582       | 0.7129       | -0.0452   
7201->7636           | 46    | 0.7633       | 0.5883       | -0.1750   
7226->6806           | 46    | 0.7633       | 0.7249       | -0.0384   
6806->7575           | 46    | 0.7633       | 0.7249       | -0.0384   
7636->7179           | 45    | 0.7685       | 0.6143       | -0.1542   
7575->7401           | 45    | 0.7685       | 0.7301       | -0.0384   
7179->7282           | 44    | 0.7738       | 0.6361       | -0.1377   
7401->7584           | 44    | 0.7738       | 0.7706       | -0.0032   
7282->7288           | 43    | 0.7792       | 0.6587       | -0.1205   
7584->7316           | 43    | 0.7792       | 0.7859       | 0.0067    
7288->7497           | 42    | 0.7847       | 0.6921       | -0.0926   
7497->7507           | 41    | 0.7903       | 0.7108       | -0.0795   
7316->7205           | 41    | 0.7903       | 0.8005       | 0.0103    
7507->6881           | 40    | 0.7959       | 0.7300       | -0.0658   
7205->6807           | 40    | 0.7959       | 0.8138       | 0.0179    
6807->6884           | 39    | 0.8016       | 0.8445       | 0.0429    
6891->7896           | 37    | 0.8132       | 0.6247       | -0.1885   
7896->6892           | 36    | 0.8192       | 0.6333       | -0.1859   
6892->6893           | 36    | 0.8192       | 0.6333       | -0.1859   
6893->7966           | 35    | 0.8252       | 0.6438       | -0.1813   
4963->5401           | 34    | 0.8312       | 0.7592       | -0.0720   
7966->6894           | 34    | 0.8312       | 0.6551       | -0.1762   
6894->8005           | 34    | 0.8312       | 0.6551       | -0.1762   
5401->5566           | 33    | 0.8374       | 0.7855       | -0.0519   
6881->6784           | 33    | 0.8374       | 0.7505       | -0.0868   
6891->7775           | 33    | 0.8374       | 0.6818       | -0.1555   
8005->6895           | 33    | 0.8374       | 0.6980       | -0.1393   
6895->6896           | 33    | 0.8374       | 0.6980       | -0.1393   
6896->6897           | 33    | 0.8374       | 0.6980       | -0.1393   
6897->7009           | 33    | 0.8374       | 0.6980       | -0.1393   
5566->5989           | 32    | 0.8435       | 0.8051       | -0.0384   
7775->7709           | 32    | 0.8435       | 0.6984       | -0.1451   
7009->6898           | 32    | 0.8435       | 0.7373       | -0.1063   
4961->5995           | 31    | 0.8497       | 0.7367       | -0.1131   
5989->5194           | 31    | 0.8497       | 0.8350       | -0.0148   
7709->8002           | 31    | 0.8497       | 0.7168       | -0.1330   
5995->5322           | 30    | 0.8560       | 0.7547       | -0.1013   
5262->6287           | 30    | 0.8560       | 0.6772       | -0.1788   
8002->6933           | 30    | 0.8560       | 0.7289       | -0.1271   
6933->7926           | 30    | 0.8560       | 0.7289       | -0.1271   
5322->5325           | 29    | 0.8623       | 0.7728       | -0.0895   
6287->5454           | 29    | 0.8623       | 0.6952       | -0.1671   
6784->7593           | 29    | 0.8623       | 0.7450       | -0.1173   
7926->7038           | 29    | 0.8623       | 0.7680       | -0.0943   
5325->6118           | 28    | 0.8686       | 0.7873       | -0.0813   
5154->5807           | 28    | 0.8686       | 0.7000       | -0.1686   
5454->5666           | 28    | 0.8686       | 0.7141       | -0.1546   
7593->7605           | 28    | 0.8686       | 0.8053       | -0.0633   
6898->7845           | 28    | 0.8686       | 0.7228       | -0.1458   
6118->4962           | 27    | 0.8749       | 0.8029       | -0.0721   
4962->5496           | 27    | 0.8749       | 0.8029       | -0.0721   
5807->5841           | 27    | 0.8749       | 0.7751       | -0.0998   
5666->5237           | 27    | 0.8749       | 0.7481       | -0.1268   
5237->5502           | 27    | 0.8749       | 0.7481       | -0.1268   
7605->7182           | 27    | 0.8749       | 0.8593       | -0.0156   
7845->7830           | 27    | 0.8749       | 0.7883       | -0.0867   
5496->5788           | 26    | 0.8813       | 0.8273       | -0.0540   
5841->6335           | 26    | 0.8813       | 0.8122       | -0.0691   
5502->5238           | 26    | 0.8813       | 0.7794       | -0.1019   
5238->5239           | 26    | 0.8813       | 0.7794       | -0.1019   
5239->5240           | 26    | 0.8813       | 0.7794       | -0.1019   
7182->7548           | 26    | 0.8813       | 0.8616       | -0.0197   
7830->7960           | 26    | 0.8813       | 0.8043       | -0.0770   
4961->5594           | 25    | 0.8876       | 0.7548       | -0.1328   
5788->5569           | 25    | 0.8876       | 0.8488       | -0.0389   
5154->5421           | 25    | 0.8876       | 0.7360       | -0.1516   
6335->5526           | 25    | 0.8876       | 0.8192       | -0.0685   
7548->7270           | 25    | 0.8876       | 0.8694       | -0.0183   
6890->7055           | 25    | 0.8876       | 0.6932       | -0.1944   
6890->7745           | 25    | 0.8876       | 0.5578       | -0.3299   
7055->7739           | 25    | 0.8876       | 0.6932       | -0.1944   
7960->7787           | 25    | 0.8876       | 0.8205       | -0.0671   
5594->5508           | 24    | 0.8940       | 0.7646       | -0.1294   
5569->5216           | 24    | 0.8940       | 0.8721       | -0.0218   
5421->5693           | 24    | 0.8940       | 0.7672       | -0.1268   
5526->5469           | 24    | 0.8940       | 0.8334       | -0.0606   
7270->7419           | 24    | 0.8940       | 0.9006       | 0.0066    
7745->7851           | 24    | 0.8940       | 0.5871       | -0.3069   
7739->7688           | 24    | 0.8940       | 0.7151       | -0.1789   
7787->7781           | 24    | 0.8940       | 0.8255       | -0.0685   
5508->6001           | 23    | 0.9003       | 0.7708       | -0.1295   
5693->5877           | 23    | 0.9003       | 0.8186       | -0.0817   
5469->5114           | 23    | 0.9003       | 0.8666       | -0.0337   
7419->7189           | 23    | 0.9003       | 0.9039       | 0.0036    
7851->7757           | 23    | 0.9003       | 0.5987       | -0.3016   
7688->7056           | 23    | 0.9003       | 0.7339       | -0.1664   
7781->7784           | 23    | 0.9003       | 0.8575       | -0.0428   
4983->5835           | 22    | 0.9066       | 0.7804       | -0.1262   
6001->5389           | 22    | 0.9066       | 0.7815       | -0.1251   
5877->5358           | 22    | 0.9066       | 0.8691       | -0.0375   
7189->7555           | 22    | 0.9066       | 0.9040       | -0.0026   
7757->6917           | 22    | 0.9066       | 0.6933       | -0.2133   
7056->7771           | 22    | 0.9066       | 0.7602       | -0.1464   
6917->7823           | 22    | 0.9066       | 0.6933       | -0.2133   
7784->6899           | 22    | 0.9066       | 0.9155       | 0.0089    
6899->6960           | 22    | 0.9066       | 0.9155       | 0.0089    
5835->5016           | 21    | 0.9128       | 0.8133       | -0.0996   
5389->5021           | 21    | 0.9128       | 0.7958       | -0.1170   
5021->6124           | 21    | 0.9128       | 0.7958       | -0.1170   
5358->5886           | 21    | 0.9128       | 0.9077       | -0.0051   
6884->6861           | 21    | 0.9128       | 0.8174       | -0.0954   
6861->7666           | 21    | 0.9128       | 0.8174       | -0.0954   
7555->7170           | 21    | 0.9128       | 0.9055       | -0.0073   
7771->7057           | 21    | 0.9128       | 0.7931       | -0.1197   
7823->7911           | 21    | 0.9128       | 0.7115       | -0.2013   
6124->5022           | 20    | 0.9190       | 0.8065       | -0.1125   
5022->5319           | 20    | 0.9190       | 0.8065       | -0.1125   
5886->5127           | 20    | 0.9190       | 0.9453       | 0.0263    
5114->5115           | 20    | 0.9190       | 0.8771       | -0.0420   
5115->6266           | 20    | 0.9190       | 0.8771       | -0.0420   
7666->7349           | 20    | 0.9190       | 0.8897       | -0.0293   
7170->7331           | 20    | 0.9190       | 0.9062       | -0.0128   
7057->7058           | 20    | 0.9190       | 0.8235       | -0.0955   
7911->7691           | 20    | 0.9190       | 0.7329       | -0.1861   
7058->7920           | 20    | 0.9190       | 0.8235       | -0.0955   
5016->5523           | 19    | 0.9251       | 0.8215       | -0.1036   
5319->6055           | 19    | 0.9251       | 0.8237       | -0.1014   
5216->6281           | 19    | 0.9251       | 0.8754       | -0.0497   
5194->5053           | 19    | 0.9251       | 0.8156       | -0.1095   
5053->5935           | 19    | 0.9251       | 0.8156       | -0.1095   
6266->6149           | 19    | 0.9251       | 0.9014       | -0.0237   
7349->7676           | 19    | 0.9251       | 0.9262       | 0.0010    
7331->7361           | 19    | 0.9251       | 0.9227       | -0.0024   
7691->6918           | 19    | 0.9251       | 0.7740       | -0.1511   
7920->7984           | 19    | 0.9251       | 0.8587       | -0.0664   
5523->5618           | 18    | 0.9311       | 0.8880       | -0.0431   
6055->5411           | 18    | 0.9311       | 0.8339       | -0.0972   
6281->6194           | 18    | 0.9311       | 0.8819       | -0.0492   
5935->5715           | 18    | 0.9311       | 0.8636       | -0.0676   
6149->5828           | 18    | 0.9311       | 0.9106       | -0.0205   
7676->6862           | 18    | 0.9311       | 0.9300       | -0.0011   
6862->7596           | 18    | 0.9311       | 0.9300       | -0.0011   
7361->7654           | 18    | 0.9311       | 0.9384       | 0.0073    
6918->7863           | 18    | 0.9311       | 0.8211       | -0.1100   
7984->7880           | 18    | 0.9311       | 0.9142       | -0.0169   
6960->6947           | 18    | 0.9311       | 0.9174       | -0.0137   
6947->6948           | 18    | 0.9311       | 0.9174       | -0.0137   
6948->6949           | 18    | 0.9311       | 0.9174       | -0.0137   
5618->4993           | 17    | 0.9370       | 0.9306       | -0.0064   
4993->5621           | 17    | 0.9370       | 0.9306       | -0.0064   
5411->6164           | 17    | 0.9370       | 0.8545       | -0.0826   
6194->5205           | 17    | 0.9370       | 0.9347       | -0.0024   
5205->6290           | 17    | 0.9370       | 0.9347       | -0.0024   
5828->5116           | 17    | 0.9370       | 0.9288       | -0.0083   
5116->6037           | 17    | 0.9370       | 0.9288       | -0.0083   
5240->6748           | 17    | 0.9370       | 0.8274       | -0.1096   
7596->7472           | 17    | 0.9370       | 0.9300       | -0.0071   
7654->7244           | 17    | 0.9370       | 0.9385       | 0.0014    
7863->7733           | 17    | 0.9370       | 0.8460       | -0.0911   
7880->7778           | 17    | 0.9370       | 0.9232       | -0.0138   
7038->6934           | 17    | 0.9370       | 0.7989       | -0.1381   
6934->7820           | 17    | 0.9370       | 0.7989       | -0.1381   
5005->4989           | 16    | 0.9428       | 0.8186       | -0.1242   
5621->5575           | 16    | 0.9428       | 0.9395       | -0.0034   
5097->5096           | 16    | 0.9428       | 0.7704       | -0.1724   
5096->5095           | 16    | 0.9428       | 0.7704       | -0.1724   
5095->5913           | 16    | 0.9428       | 0.7704       | -0.1724   
6164->5023           | 16    | 0.9428       | 0.8851       | -0.0577   
5023->5648           | 16    | 0.9428       | 0.8851       | -0.0577   
6290->5916           | 16    | 0.9428       | 0.9370       | -0.0058   
5715->5708           | 16    | 0.9428       | 0.9227       | -0.0201   
6037->5117           | 16    | 0.9428       | 0.9382       | -0.0046   
5117->5352           | 16    | 0.9428       | 0.9382       | -0.0046   
6884->6808           | 16    | 0.9428       | 0.8735       | -0.0694   
6808->7295           | 16    | 0.9428       | 0.8735       | -0.0694   
7472->7562           | 16    | 0.9428       | 0.9459       | 0.0030    
7244->7238           | 16    | 0.9428       | 0.9384       | -0.0044   
7733->7814           | 16    | 0.9428       | 0.8965       | -0.0464   
7778->7799           | 16    | 0.9428       | 0.9375       | -0.0053   
7820->7951           | 16    | 0.9428       | 0.8222       | -0.1206   
4989->5539           | 15    | 0.9485       | 0.8999       | -0.0486   
5575->5998           | 15    | 0.9485       | 0.9464       | -0.0021   
5913->5475           | 15    | 0.9485       | 0.8429       | -0.1056   
5648->5763           | 15    | 0.9485       | 0.8873       | -0.0612   
5127->6181           | 15    | 0.9485       | 0.9305       | -0.0180   
5916->5862           | 15    | 0.9485       | 0.9370       | -0.0114   
5708->5563           | 15    | 0.9485       | 0.9306       | -0.0179   
5352->5727           | 15    | 0.9485       | 0.9406       | -0.0079   
7295->7428           | 15    | 0.9485       | 0.8863       | -0.0622   
6776->6834           | 15    | 0.9485       | 0.6704       | -0.2781   
6834->6833           | 15    | 0.9485       | 0.6704       | -0.2781   
6833->7232           | 15    | 0.9485       | 0.6704       | -0.2781   
7562->7407           | 15    | 0.9485       | 0.9532       | 0.0047    
7238->7438           | 15    | 0.9485       | 0.9390       | -0.0095   
7814->6919           | 15    | 0.9485       | 0.9434       | -0.0051   
7799->7742           | 15    | 0.9485       | 0.9427       | -0.0058   
6919->7860           | 15    | 0.9485       | 0.9434       | -0.0051   
7951->7883           | 15    | 0.9485       | 0.8387       | -0.1098   
6949->6965           | 15    | 0.9485       | 0.9157       | -0.0328   
6965->7874           | 15    | 0.9485       | 0.9157       | -0.0328   
5539->5769           | 14    | 0.9540       | 0.9297       | -0.0242   
5998->5687           | 14    | 0.9540       | 0.9522       | -0.0018   
5475->5386           | 14    | 0.9540       | 0.9328       | -0.0212   
5763->5584           | 14    | 0.9540       | 0.8957       | -0.0582   
6181->6313           | 14    | 0.9540       | 0.9432       | -0.0108   
5862->5204           | 14    | 0.9540       | 0.9573       | 0.0033    
5563->5054           | 14    | 0.9540       | 0.9458       | -0.0082   
5054->5660           | 14    | 0.9540       | 0.9458       | -0.0082   
5727->5983           | 14    | 0.9540       | 0.9425       | -0.0115   
7428->7392           | 14    | 0.9540       | 0.9162       | -0.0378   
7232->7531           | 14    | 0.9540       | 0.7400       | -0.2139   
7407->6863           | 14    | 0.9540       | 0.9555       | 0.0015    
7438->7679           | 14    | 0.9540       | 0.9504       | -0.0036   
7742->7727           | 14    | 0.9540       | 0.9455       | -0.0084   
7860->7035           | 14    | 0.9540       | 0.9676       | 0.0136    
7883->6935           | 14    | 0.9540       | 0.8722       | -0.0818   
6935->7694           | 14    | 0.9540       | 0.8722       | -0.0818   
7874->7810           | 14    | 0.9540       | 0.9275       | -0.0264   
4941->4927           | 13    | 0.9593       | 0.8758       | -0.0835   
4927->5734           | 13    | 0.9593       | 0.8758       | -0.0835   
5769->5424           | 13    | 0.9593       | 0.9457       | -0.0136   
5687->5663           | 13    | 0.9593       | 0.9579       | -0.0014   
5386->6052           | 13    | 0.9593       | 0.9543       | -0.0050   
5584->5889           | 13    | 0.9593       | 0.9229       | -0.0364   
6313->5505           | 13    | 0.9593       | 0.9563       | -0.0030   
5204->5499           | 13    | 0.9593       | 0.9575       | -0.0018   
5660->6244           | 13    | 0.9593       | 0.9535       | -0.0058   
5983->5118           | 13    | 0.9593       | 0.9571       | -0.0022   
5118->5655           | 13    | 0.9593       | 0.9571       | -0.0022   
7392->6809           | 13    | 0.9593       | 0.9442       | -0.0151   
6809->7413           | 13    | 0.9593       | 0.9442       | -0.0151   
7531->7491           | 13    | 0.9593       | 0.8219       | -0.1374   
6863->7448           | 13    | 0.9593       | 0.9577       | -0.0016   
7679->7454           | 13    | 0.9593       | 0.9583       | -0.0010   
7694->7957           | 13    | 0.9593       | 0.9347       | -0.0246   
7810->6966           | 13    | 0.9593       | 0.9679       | 0.0086    
6966->7917           | 13    | 0.9593       | 0.9679       | 0.0086    
7114->7107           | 12    | 0.9644       | 0.8994       | -0.0650   
7107->7503           | 12    | 0.9644       | 0.8994       | -0.0650   
5734->5932           | 12    | 0.9644       | 0.9359       | -0.0285   
5663->5944           | 12    | 0.9644       | 0.9630       | -0.0014   
6052->5669           | 12    | 0.9644       | 0.9632       | -0.0012   
5889->5284           | 12    | 0.9644       | 0.9658       | 0.0014    
5505->5126           | 12    | 0.9644       | 0.9627       | -0.0017   
5126->5125           | 12    | 0.9644       | 0.9627       | -0.0017   
6244->5597           | 12    | 0.9644       | 0.9641       | -0.0003   
5655->5959           | 12    | 0.9644       | 0.9635       | -0.0009   
7491->7568           | 12    | 0.9644       | 0.9490       | -0.0154   
7448->6864           | 12    | 0.9644       | 0.9628       | -0.0016   
6864->7248           | 12    | 0.9644       | 0.9628       | -0.0016   
7454->7599           | 12    | 0.9644       | 0.9738       | 0.0094    
7727->7685           | 12    | 0.9644       | 0.9596       | -0.0048   
7957->7870           | 12    | 0.9644       | 0.9607       | -0.0037   
7917->7002           | 12    | 0.9644       | 0.9731       | 0.0087    
7503->7374           | 11    | 0.9693       | 0.9511       | -0.0182   
5932->5746           | 11    | 0.9693       | 0.9482       | -0.0211   
5424->6238           | 11    | 0.9693       | 0.9656       | -0.0037   
5944->5779           | 11    | 0.9693       | 0.9683       | -0.0010   
5669->5376           | 11    | 0.9693       | 0.9711       | 0.0018    
5284->5408           | 11    | 0.9693       | 0.9699       | 0.0006    
5499->5953           | 11    | 0.9693       | 0.9730       | 0.0037    
5125->6130           | 11    | 0.9693       | 0.9706       | 0.0013    
5597->6347           | 11    | 0.9693       | 0.9684       | -0.0009   
5959->5119           | 11    | 0.9693       | 0.9721       | 0.0028    
7413->7276           | 11    | 0.9693       | 0.9589       | -0.0104   
7568->7541           | 11    | 0.9693       | 0.9539       | -0.0154   
7248->7334           | 11    | 0.9693       | 0.9660       | -0.0033   
7599->7624           | 11    | 0.9693       | 0.9742       | 0.0049    
7035->6920           | 11    | 0.9693       | 0.9663       | -0.0030   
7685->7730           | 11    | 0.9693       | 0.9648       | -0.0045   
6920->7903           | 11    | 0.9693       | 0.9663       | -0.0030   
7870->7718           | 11    | 0.9693       | 0.9651       | -0.0042   
7374->7445           | 10    | 0.9740       | 0.9701       | -0.0039   
4905->4888           | 10    | 0.9740       | 0.9273       | -0.0466   
4888->5427           | 10    | 0.9740       | 0.9273       | -0.0466   
5746->6304           | 10    | 0.9740       | 0.9573       | -0.0166   
6238->5367           | 10    | 0.9740       | 0.9722       | -0.0018   
5779->5517           | 10    | 0.9740       | 0.9727       | -0.0012   
5376->6173           | 10    | 0.9740       | 0.9730       | -0.0009   
5408->6019           | 10    | 0.9740       | 0.9738       | -0.0002   
5953->5203           | 10    | 0.9740       | 0.9740       | 0.0001    
5203->5493           | 10    | 0.9740       | 0.9740       | 0.0001    
6130->6310           | 10    | 0.9740       | 0.9720       | -0.0019   
6347->5055           | 10    | 0.9740       | 0.9718       | -0.0021   
5055->5056           | 10    | 0.9740       | 0.9718       | -0.0021   
5056->6178           | 10    | 0.9740       | 0.9718       | -0.0021   
7276->7263           | 10    | 0.9740       | 0.9755       | 0.0015    
7541->7416           | 10    | 0.9740       | 0.9728       | -0.0011   
7334->6865           | 10    | 0.9740       | 0.9756       | 0.0016    
7624->6813           | 10    | 0.9740       | 0.9756       | 0.0017    
7730->7059           | 10    | 0.9740       | 0.9722       | -0.0017   
7903->7948           | 10    | 0.9740       | 0.9705       | -0.0034   
7718->7887           | 10    | 0.9740       | 0.9721       | -0.0018   
7445->7140           | 9     | 0.9783       | 0.9806       | 0.0022    
5427->5448           | 9     | 0.9783       | 0.9560       | -0.0223   
6304->6031           | 9     | 0.9783       | 0.9652       | -0.0131   
5367->6136           | 9     | 0.9783       | 0.9769       | -0.0014   
5517->5466           | 9     | 0.9783       | 0.9775       | -0.0008   
6173->5094           | 9     | 0.9783       | 0.9782       | -0.0002   
5094->5606           | 9     | 0.9783       | 0.9782       | -0.0002   
5194->5183           | 9     | 0.9783       | 0.8944       | -0.0840   
5183->5182           | 9     | 0.9783       | 0.8944       | -0.0840   
6019->5024           | 9     | 0.9783       | 0.9736       | -0.0047   
5024->5442           | 9     | 0.9783       | 0.9736       | -0.0047   
5493->5490           | 9     | 0.9783       | 0.9769       | -0.0014   
6310->5588           | 9     | 0.9783       | 0.9792       | 0.0008    
6178->5057           | 9     | 0.9783       | 0.9817       | 0.0034    
5057->5084           | 9     | 0.9783       | 0.9817       | 0.0034    
5240->5241           | 9     | 0.9783       | 0.7181       | -0.2602   
5241->7587           | 9     | 0.9783       | 0.7181       | -0.2602   
6748->6749           | 9     | 0.9783       | 0.7922       | -0.1861   
6749->7325           | 9     | 0.9783       | 0.7922       | -0.1861   
7263->7346           | 9     | 0.9783       | 0.9777       | -0.0006   
7416->7404           | 9     | 0.9783       | 0.9765       | -0.0018   
7059->7721           | 9     | 0.9783       | 0.9787       | 0.0004    
7948->7945           | 9     | 0.9783       | 0.9775       | -0.0008   
7887->7939           | 9     | 0.9783       | 0.9779       | -0.0005   
7140->7220           | 8     | 0.9824       | 0.9815       | -0.0009   
4905->6215           | 8     | 0.9824       | 0.8800       | -0.1024   
5448->5627           | 8     | 0.9824       | 0.9798       | -0.0026   
6031->5349           | 8     | 0.9824       | 0.9712       | -0.0113   
6136->5919           | 8     | 0.9824       | 0.9815       | -0.0009   
5466->6341           | 8     | 0.9824       | 0.9815       | -0.0009   
5606->6007           | 8     | 0.9824       | 0.9828       | 0.0003    
5182->5181           | 8     | 0.9824       | 0.9626       | -0.0198   
5181->5956           | 8     | 0.9824       | 0.9626       | -0.0198   
5442->5025           | 8     | 0.9824       | 0.9832       | 0.0008    
5490->5202           | 8     | 0.9824       | 0.9816       | -0.0009   
5588->5124           | 8     | 0.9824       | 0.9825       | 0.0001    
5025->5026           | 8     | 0.9824       | 0.9832       | 0.0008    
5202->5307           | 8     | 0.9824       | 0.9816       | -0.0009   
5124->5463           | 8     | 0.9824       | 0.9825       | 0.0001    
5026->5364           | 8     | 0.9824       | 0.9832       | 0.0008    
5119->5950           | 8     | 0.9824       | 0.9812       | -0.0013   
6748->7510           | 8     | 0.9824       | 0.8672       | -0.1152   
7587->6025           | 8     | 0.9824       | 0.7714       | -0.2110   
7325->7208           | 8     | 0.9824       | 0.9570       | -0.0255   
7346->7657           | 8     | 0.9824       | 0.9826       | 0.0002    
7404->7380           | 8     | 0.9824       | 0.9806       | -0.0018   
6865->6866           | 8     | 0.9824       | 0.9827       | 0.0003    
6866->6867           | 8     | 0.9824       | 0.9827       | 0.0003    
7721->7932           | 8     | 0.9824       | 0.9813       | -0.0011   
7945->7748           | 8     | 0.9824       | 0.9818       | -0.0006   
7939->7987           | 8     | 0.9824       | 0.9799       | -0.0025   
7117->7377           | 7     | 0.9862       | 0.8939       | -0.0923   
7220->7195           | 7     | 0.9862       | 0.9843       | -0.0019   
6215->5740           | 7     | 0.9862       | 0.9418       | -0.0444   
5627->6272           | 7     | 0.9862       | 0.9845       | -0.0017   
5349->5759           | 7     | 0.9862       | 0.9747       | -0.0115   
5919->5838           | 7     | 0.9862       | 0.9853       | -0.0009   
6341->4992           | 7     | 0.9862       | 0.9853       | -0.0009   
6007->6097           | 7     | 0.9862       | 0.9841       | -0.0021   
5956->5180           | 7     | 0.9862       | 0.9835       | -0.0027   
5180->6100           | 7     | 0.9862       | 0.9835       | -0.0027   
5307->5743           | 7     | 0.9862       | 0.9842       | -0.0020   
5463->5123           | 7     | 0.9862       | 0.9859       | -0.0003   
5364->5971           | 7     | 0.9862       | 0.9876       | 0.0014    
5123->5398           | 7     | 0.9862       | 0.9859       | -0.0003   
5950->5756           | 7     | 0.9862       | 0.9860       | -0.0002   
6881->7340           | 7     | 0.9862       | 0.6624       | -0.3238   
7510->7079           | 7     | 0.9862       | 0.8842       | -0.1020   
6025->5529           | 7     | 0.9862       | 0.9624       | -0.0238   
7079->7078           | 7     | 0.9862       | 0.8842       | -0.1020   
7208->6750           | 7     | 0.9862       | 0.9690       | -0.0172   
7078->7602           | 7     | 0.9862       | 0.8842       | -0.1020   
7657->7192           | 7     | 0.9862       | 0.9849       | -0.0013   
6757->6848           | 7     | 0.9862       | 0.6709       | -0.3153   
6848->7660           | 7     | 0.9862       | 0.6709       | -0.3153   
7380->7198           | 7     | 0.9862       | 0.9848       | -0.0014   
6813->7645           | 7     | 0.9862       | 0.9731       | -0.0131   
6867->7528           | 7     | 0.9862       | 0.9858       | -0.0003   
7038->7021           | 7     | 0.9862       | 0.6818       | -0.3044   
7021->7980           | 7     | 0.9862       | 0.6818       | -0.3044   
7932->7736           | 7     | 0.9862       | 0.9867       | 0.0005    
7748->6921           | 7     | 0.9862       | 0.9848       | -0.0014   
6921->7712           | 7     | 0.9862       | 0.9848       | -0.0014   
7987->7977           | 7     | 0.9862       | 0.9861       | -0.0001   
7377->7108           | 6     | 0.9896       | 0.9650       | -0.0246   
7108->7125           | 6     | 0.9896       | 0.9650       | -0.0246   
7125->7235           | 6     | 0.9896       | 0.9650       | -0.0246   
7195->7307           | 6     | 0.9896       | 0.9882       | -0.0014   
5740->4887           | 6     | 0.9896       | 0.9756       | -0.0140   
4887->6091           | 6     | 0.9896       | 0.9756       | -0.0140   
6272->5865           | 6     | 0.9896       | 0.9883       | -0.0013   
5759->5542           | 6     | 0.9896       | 0.9767       | -0.0129   
5838->5731           | 6     | 0.9896       | 0.9887       | -0.0009   
4992->4991           | 6     | 0.9896       | 0.9887       | -0.0009   
6097->5331           | 6     | 0.9896       | 0.9889       | -0.0007   
6100->5532           | 6     | 0.9896       | 0.9878       | -0.0018   
5743->5201           | 6     | 0.9896       | 0.9893       | -0.0003   
5971->5027           | 6     | 0.9896       | 0.9884       | -0.0012   
5201->5379           | 6     | 0.9896       | 0.9893       | -0.0003   
5027->5560           | 6     | 0.9896       | 0.9884       | -0.0012   
5756->5223           | 6     | 0.9896       | 0.9894       | -0.0003   
5223->5965           | 6     | 0.9896       | 0.9894       | -0.0003   
7340->7469           | 6     | 0.9896       | 0.9804       | -0.0092   
6750->6751           | 6     | 0.9896       | 0.9889       | -0.0007   
7602->7279           | 6     | 0.9896       | 0.9849       | -0.0047   
7192->6810           | 6     | 0.9896       | 0.9897       | 0.0001    
6810->7618           | 6     | 0.9896       | 0.9897       | 0.0001    
7660->7558           | 6     | 0.9896       | 0.7738       | -0.2159   
7198->7516           | 6     | 0.9896       | 0.9887       | -0.0009   
7645->7571           | 6     | 0.9896       | 0.9868       | -0.0028   
7528->7648           | 6     | 0.9896       | 0.9884       | -0.0012   
7980->7963           | 6     | 0.9896       | 0.8948       | -0.0948   
7736->7923           | 6     | 0.9896       | 0.9896       | 0.0000    
7712->7890           | 6     | 0.9896       | 0.9875       | -0.0022   
7977->7804           | 6     | 0.9896       | 0.9879       | -0.0017   
7002->6988           | 6     | 0.9896       | 0.9775       | -0.0121   
7002->7760           | 6     | 0.9896       | 0.9672       | -0.0225   
7235->7364           | 5     | 0.9927       | 0.9828       | -0.0099   
7307->7565           | 5     | 0.9927       | 0.9914       | -0.0013   
5865->5436           | 5     | 0.9927       | 0.9911       | -0.0016   
4891->6022           | 5     | 0.9927       | 0.8033       | -0.1894   
5542->4949           | 5     | 0.9927       | 0.9929       | 0.0002    
5731->5775           | 5     | 0.9927       | 0.9921       | -0.0006   
5331->6073           | 5     | 0.9927       | 0.9915       | -0.0012   
5127->5159           | 5     | 0.9927       | 0.9671       | -0.0256   
5159->5160           | 5     | 0.9927       | 0.9671       | -0.0256   
5532->5179           | 5     | 0.9927       | 0.9916       | -0.0010   
5179->6076           | 5     | 0.9927       | 0.9916       | -0.0010   
5398->5451           | 5     | 0.9927       | 0.9919       | -0.0008   
5379->6207           | 5     | 0.9927       | 0.9926       | -0.0001   
5066->5892           | 5     | 0.9927       | 0.7231       | -0.2696   
5560->6061           | 5     | 0.9927       | 0.9923       | -0.0004   
5064->5370           | 5     | 0.9927       | 0.7285       | -0.2642   
5965->5222           | 5     | 0.9927       | 0.9934       | 0.0007    
6827->7519           | 5     | 0.9927       | 0.6156       | -0.3771   
7469->7639           | 5     | 0.9927       | 0.9882       | -0.0045   
5529->6307           | 5     | 0.9927       | 0.9899       | -0.0028   
6751->6752           | 5     | 0.9927       | 0.9896       | -0.0030   
7279->7077           | 5     | 0.9927       | 0.9906       | -0.0021   
7077->7076           | 5     | 0.9927       | 0.9906       | -0.0021   
7076->7319           | 5     | 0.9927       | 0.9906       | -0.0021   
7618->7367           | 5     | 0.9927       | 0.9915       | -0.0011   
7558->7313           | 5     | 0.9927       | 0.9339       | -0.0587   
7516->7160           | 5     | 0.9927       | 0.9922       | -0.0004   
7571->6832           | 5     | 0.9927       | 0.9949       | 0.0022    
7648->7257           | 5     | 0.9927       | 0.9918       | -0.0008   
7038->7020           | 5     | 0.9927       | 0.7980       | -0.1947   
7020->7793           | 5     | 0.9927       | 0.7980       | -0.1947   
7963->7703           | 5     | 0.9927       | 0.9778       | -0.0149   
7923->7936           | 5     | 0.9927       | 0.9922       | -0.0005   
7890->7836           | 5     | 0.9927       | 0.9929       | 0.0002    
7804->6936           | 5     | 0.9927       | 0.9926       | -0.0001   
6936->6937           | 5     | 0.9927       | 0.9926       | -0.0001   
6937->7893           | 5     | 0.9927       | 0.9926       | -0.0001   
7364->7630           | 4     | 0.9953       | 0.9910       | -0.0043   
7565->7682           | 4     | 0.9953       | 0.9954       | 0.0001    
6091->4886           | 4     | 0.9953       | 0.9932       | -0.0021   
4886->6146           | 4     | 0.9953       | 0.9932       | -0.0021   
5436->4889           | 4     | 0.9953       | 0.9945       | -0.0008   
6022->6224           | 4     | 0.9953       | 0.9221       | -0.0732   
5775->6257           | 4     | 0.9953       | 0.9947       | -0.0006   
4991->5313           | 4     | 0.9953       | 0.9943       | -0.0010   
5216->5609           | 4     | 0.9953       | 0.9334       | -0.0619   
6073->5904           | 4     | 0.9953       | 0.9946       | -0.0007   
5160->5938           | 4     | 0.9953       | 0.9864       | -0.0090   
5451->5122           | 4     | 0.9953       | 0.9945       | -0.0008   
6207->5572           | 4     | 0.9953       | 0.9942       | -0.0012   
5892->5030           | 4     | 0.9953       | 0.8693       | -0.1260   
6061->5028           | 4     | 0.9953       | 0.9949       | -0.0004   
5370->5346           | 4     | 0.9953       | 0.9438       | -0.0515   
5222->5415           | 4     | 0.9953       | 0.9948       | -0.0005   
7519->7475           | 4     | 0.9953       | 0.9246       | -0.0707   
6784->7673           | 4     | 0.9953       | 0.7793       | -0.2161   
7639->7484           | 4     | 0.9953       | 0.9938       | -0.0015   
6307->7254           | 4     | 0.9953       | 0.9942       | -0.0011   
6752->6753           | 4     | 0.9953       | 0.9944       | -0.0010   
7319->7075           | 4     | 0.9953       | 0.9942       | -0.0011   
7075->7241           | 4     | 0.9953       | 0.9942       | -0.0011   
7367->7355           | 4     | 0.9953       | 0.9958       | 0.0005    
7313->7173           | 4     | 0.9953       | 0.9818       | -0.0135   
7160->7358           | 4     | 0.9953       | 0.9950       | -0.0004   
7257->7389           | 4     | 0.9953       | 0.9943       | -0.0010   
7793->7019           | 4     | 0.9953       | 0.8351       | -0.1603   
7019->7018           | 4     | 0.9953       | 0.8351       | -0.1603   
7703->7899           | 4     | 0.9953       | 0.9924       | -0.0029   
7018->7017           | 4     | 0.9953       | 0.8351       | -0.1603   
7017->7016           | 4     | 0.9953       | 0.8351       | -0.1603   
6898->7097           | 4     | 0.9953       | 0.9637       | -0.0316   
7097->7096           | 4     | 0.9953       | 0.9637       | -0.0316   
7096->7095           | 4     | 0.9953       | 0.9637       | -0.0316   
7095->7094           | 4     | 0.9953       | 0.9637       | -0.0316   
7094->7093           | 4     | 0.9953       | 0.9637       | -0.0316   
7093->7697           | 4     | 0.9953       | 0.9637       | -0.0316   
7936->8009           | 4     | 0.9953       | 0.9944       | -0.0009   
6960->7796           | 4     | 0.9953       | 0.9074       | -0.0879   
7836->6922           | 4     | 0.9953       | 0.9952       | -0.0001   
6922->7715           | 4     | 0.9953       | 0.9952       | -0.0001   
7893->7848           | 4     | 0.9953       | 0.9954       | 0.0000    
6988->6967           | 4     | 0.9953       | 0.9892       | -0.0061   
7760->6993           | 4     | 0.9953       | 0.9926       | -0.0028   
6967->6968           | 4     | 0.9953       | 0.9892       | -0.0061   
6993->6994           | 4     | 0.9953       | 0.9926       | -0.0028   
6968->7996           | 4     | 0.9953       | 0.9892       | -0.0061   
7137->7663           | 3     | 0.9975       | 0.8132       | -0.1843   
7630->7383           | 3     | 0.9975       | 0.9949       | -0.0027   
7682->7608           | 3     | 0.9975       | 0.9973       | -0.0003   
6146->4885           | 3     | 0.9975       | 0.9969       | -0.0006   
4885->6079           | 3     | 0.9975       | 0.9969       | -0.0006   
4889->5472           | 3     | 0.9975       | 0.9973       | -0.0002   
6224->4890           | 3     | 0.9975       | 0.9924       | -0.0051   
4949->5749           | 3     | 0.9975       | 0.9950       | -0.0026   
6257->5871           | 3     | 0.9975       | 0.9971       | -0.0005   
5313->5910           | 3     | 0.9975       | 0.9969       | -0.0006   
4963->6191           | 3     | 0.9975       | 0.5498       | -0.4477   
5609->6319           | 3     | 0.9975       | 0.9836       | -0.0139   
5194->5785           | 3     | 0.9975       | 0.8242       | -0.1733   
5114->8022           | 3     | 0.9975       | 0.8258       | -0.1717   
5034->5166           | 3     | 0.9975       | 0.7801       | -0.2174   
5904->5922           | 3     | 0.9975       | 0.9971       | -0.0005   
5166->5340           | 3     | 0.9975       | 0.7801       | -0.2174   
5938->5161           | 3     | 0.9975       | 0.9944       | -0.0031   
5161->6028           | 3     | 0.9975       | 0.9944       | -0.0031   
6076->5822           | 3     | 0.9975       | 0.9969       | -0.0006   
5122->5825           | 3     | 0.9975       | 0.9970       | -0.0006   
5572->5200           | 3     | 0.9975       | 0.9973       | -0.0002   
5030->5992           | 3     | 0.9975       | 0.9705       | -0.0270   
5084->5058           | 3     | 0.9975       | 0.9850       | -0.0126   
5084->6016           | 3     | 0.9975       | 0.9789       | -0.0187   
5084->6323           | 3     | 0.9975       | 0.9800       | -0.0176   
5028->5794           | 3     | 0.9975       | 0.9971       | -0.0005   
5200->6152           | 3     | 0.9975       | 0.9973       | -0.0002   
5058->5059           | 3     | 0.9975       | 0.9850       | -0.0126   
5346->5797           | 3     | 0.9975       | 0.9763       | -0.0212   
5415->6139           | 3     | 0.9975       | 0.9964       | -0.0012   
7475->7144           | 3     | 0.9975       | 0.9630       | -0.0346   
7673->7147           | 3     | 0.9975       | 0.9768       | -0.0207   
7484->7217           | 3     | 0.9975       | 0.9972       | -0.0004   
7254->5316           | 3     | 0.9975       | 0.9969       | -0.0007   
6758->7552           | 3     | 0.9975       | 0.4104       | -0.5872   
6753->7071           | 3     | 0.9975       | 0.9974       | -0.0001   
7071->7072           | 3     | 0.9975       | 0.9974       | -0.0001   
7072->7460           | 3     | 0.9975       | 0.9974       | -0.0001   
7241->7304           | 3     | 0.9975       | 0.9976       | 0.0001    
7355->7481           | 3     | 0.9975       | 0.9969       | -0.0006   
7173->6847           | 3     | 0.9975       | 0.9950       | -0.0026   
6813->7431           | 3     | 0.9975       | 0.9807       | -0.0168   
6847->7590           | 3     | 0.9975       | 0.9950       | -0.0026   
7358->7463           | 3     | 0.9975       | 0.9978       | 0.0002    
6832->7395           | 3     | 0.9975       | 0.9944       | -0.0032   
7899->7877           | 3     | 0.9975       | 0.9975       | -0.0000   
7016->7751           | 3     | 0.9975       | 0.9476       | -0.0500   
7697->7092           | 3     | 0.9975       | 0.9967       | -0.0009   
8009->7768           | 3     | 0.9975       | 0.9968       | -0.0007   
7796->7842           | 3     | 0.9975       | 0.9744       | -0.0231   
7715->6923           | 3     | 0.9975       | 0.9974       | -0.0002   
6949->7999           | 3     | 0.9975       | 0.9244       | -0.0731   
6923->7046           | 3     | 0.9975       | 0.9974       | -0.0002   
7046->7969           | 3     | 0.9975       | 0.9974       | -0.0002   
7848->7914           | 3     | 0.9975       | 0.9973       | -0.0003   
6994->6995           | 3     | 0.9975       | 0.9970       | -0.0005   
7996->6969           | 3     | 0.9975       | 0.9966       | -0.0009   
6969->7790           | 3     | 0.9975       | 0.9966       | -0.0009   
7663->7500           | 2     | 0.9993       | 0.9434       | -0.0559   
7383->7451           | 2     | 0.9993       | 0.9967       | -0.0025   
7608->7410           | 2     | 0.9993       | 0.9989       | -0.0004   
6079->5478           | 2     | 0.9993       | 0.9985       | -0.0008   
5472->5578           | 2     | 0.9993       | 0.9986       | -0.0007   
4890->5699           | 2     | 0.9993       | 0.9983       | -0.0010   
5016->6231           | 2     | 0.9993       | 0.7678       | -0.2315   
4949->4926           | 2     | 0.9993       | 0.9922       | -0.0070   
4926->6221           | 2     | 0.9993       | 0.9922       | -0.0070   
5871->6210           | 2     | 0.9993       | 0.9988       | -0.0004   
5910->6103           | 2     | 0.9993       | 0.9988       | -0.0005   
6191->5721           | 2     | 0.9993       | 0.8594       | -0.1399   
6319->6260           | 2     | 0.9993       | 0.9945       | -0.0048   
8022->8026           | 2     | 0.9993       | 0.9386       | -0.0606   
5922->5511           | 2     | 0.9993       | 0.9984       | -0.0009   
5340->5165           | 2     | 0.9993       | 0.9728       | -0.0265   
5165->5164           | 2     | 0.9993       | 0.9728       | -0.0265   
5164->6200           | 2     | 0.9993       | 0.9728       | -0.0265   
6028->6088           | 2     | 0.9993       | 0.9987       | -0.0006   
5822->5430           | 2     | 0.9993       | 0.9988       | -0.0005   
5119->5120           | 2     | 0.9993       | 0.9984       | -0.0009   
5825->5121           | 2     | 0.9993       | 0.9991       | -0.0001   
5120->5535           | 2     | 0.9993       | 0.9984       | -0.0009   
5992->5591           | 2     | 0.9993       | 0.9937       | -0.0055   
6016->5874           | 2     | 0.9993       | 0.9960       | -0.0033   
6323->5702           | 2     | 0.9993       | 0.9958       | -0.0034   
5121->5816           | 2     | 0.9993       | 0.9991       | -0.0001   
5794->5029           | 2     | 0.9993       | 0.9991       | -0.0002   
6152->5844           | 2     | 0.9993       | 0.9984       | -0.0009   
5059->5060           | 2     | 0.9993       | 0.9973       | -0.0020   
5064->5810           | 2     | 0.9993       | 0.1117       | -0.8875   
5060->5061           | 2     | 0.9993       | 0.9973       | -0.0020   
5061->5548           | 2     | 0.9993       | 0.9973       | -0.0020   
5797->5980           | 2     | 0.9993       | 0.9959       | -0.0034   
6139->5696           | 2     | 0.9993       | 0.9988       | -0.0005   
7144->6795           | 2     | 0.9993       | 0.9982       | -0.0011   
7147->7581           | 2     | 0.9993       | 0.9977       | -0.0015   
7217->6860           | 2     | 0.9993       | 0.9992       | -0.0001   
6884->7535           | 2     | 0.9993       | 0.8259       | -0.1734   
6860->7153           | 2     | 0.9993       | 0.9992       | -0.0001   
5316->5675           | 2     | 0.9993       | 0.9989       | -0.0003   
7552->7651           | 2     | 0.9993       | 0.6715       | -0.3277   
7460->7073           | 2     | 0.9993       | 0.9992       | -0.0000   
7073->7211           | 2     | 0.9993       | 0.9992       | -0.0000   
7304->7513           | 2     | 0.9993       | 0.9978       | -0.0014   
7481->6811           | 2     | 0.9993       | 0.9989       | -0.0003   
7431->7522           | 2     | 0.9993       | 0.9961       | -0.0031   
6811->7525           | 2     | 0.9993       | 0.9989       | -0.0003   
7590->6846           | 2     | 0.9993       | 0.9990       | -0.0002   
6846->6845           | 2     | 0.9993       | 0.9990       | -0.0002   
6832->7425           | 2     | 0.9993       | 0.9960       | -0.0032   
6845->7621           | 2     | 0.9993       | 0.9990       | -0.0002   
7463->7322           | 2     | 0.9993       | 0.9980       | -0.0012   
7395->7670           | 2     | 0.9993       | 0.9979       | -0.0014   
7035->7826           | 2     | 0.9993       | 0.9924       | -0.0069   
7877->7990           | 2     | 0.9993       | 0.9989       | -0.0003   
7751->7015           | 2     | 0.9993       | 0.9877       | -0.0116   
7015->7014           | 2     | 0.9993       | 0.9877       | -0.0116   
7014->7833           | 2     | 0.9993       | 0.9877       | -0.0116   
7768->7906           | 2     | 0.9993       | 0.9988       | -0.0004   
7842->7700           | 2     | 0.9993       | 0.9747       | -0.0246   
7999->6950           | 2     | 0.9993       | 0.9812       | -0.0180   
6950->7754           | 2     | 0.9993       | 0.9812       | -0.0180   
7969->7045           | 2     | 0.9993       | 0.9991       | -0.0002   
7914->7854           | 2     | 0.9993       | 0.9990       | -0.0003   
7045->7044           | 2     | 0.9993       | 0.9991       | -0.0002   
6988->7866           | 2     | 0.9993       | 0.9637       | -0.0355   
6995->6996           | 2     | 0.9993       | 0.9993       | 0.0000    
7790->6970           | 2     | 0.9993       | 0.9990       | -0.0003   
6970->7817           | 2     | 0.9993       | 0.9990       | -0.0003   
--------------------------------------------------------------------------------
Mean |Deviation|: 0.0500
Max  |Deviation|: 0.8875
================================================================================

LEAF EDGES (n_consumers = 1): 778 edges
--------------------------------------------------------------------------------
These edges were NOT optimized. By definition:
  - Target simultaneity g(n) = 1.0
  - Achieved simultaneity = 1.0
  - Deviation = 0.0
================================================================================


================================================================================
DEVIATION ANALYSIS BY EDGE SIZE
================================================================================

Single consumer (not optimized):
  Count: 778
  Mean deviation: 0.0000
  Mean |deviation|: 0.0000
  Max |deviation|: 0.0000
  Std dev: 0.0000

Very small (2-10):
  Count: 353
  Mean deviation: -0.0343
  Mean |deviation|: 0.0345
  Max |deviation|: 0.8875
  Std dev: 0.0896

Small (11-50):
  Count: 266
  Mean deviation: -0.0662
  Mean |deviation|: 0.0678
  Max |deviation|: 0.3299
  Std dev: 0.0716

Medium (51-100):
  Count: 57
  Mean deviation: -0.0052
  Mean |deviation|: 0.0358
  Max |deviation|: 0.1439
  Std dev: 0.0457

Large (101-200):
  Count: 34
  Mean deviation: 0.0545
  Mean |deviation|: 0.0545
  Max |deviation|: 0.0743
  Std dev: 0.0170

Very large (201-500):
  Count: 54
  Mean deviation: 0.0525
  Mean |deviation|: 0.0525
  Max |deviation|: 0.0629
  Std dev: 0.0064

Huge (500+):
  Count: 52
  Mean deviation: 0.0746
  Mean |deviation|: 0.0746
  Max |deviation|: 0.1133
  Std dev: 0.0131

================================================================================

Network size range: 2 to 692 consumers
Using problem range: 40-60
Saved enhanced verification plot to output/comprehensive_analysis/demoVerbundnetz_SimulationNeu/steady_state_v1/verification_demoVerbundnetz_SimulationNeu_v1.png

Total execution time: 45.83 seconds
Results saved to: output/comprehensive_analysis/demoVerbundnetz_SimulationNeu/steady_state_v1

=== STDERR ===
