Loading network for case 'demoVerbundnetz_SimulationNeu' from data/test_scenarios/complex/demoVerbundnetz_SimulationNeu.vicus...
Loading VICUS file: data/test_scenarios/complex/demoVerbundnetz_SimulationNeu.vicus
Parsed Simultaneity Spline: 63 points.
data/test_scenarios/complex/demoVerbundnetz_SimulationNeu.vicus
Found peak day: day 24 (hours 552-575) with peak=7400.0000
Force-selected profile: Residential_SingleFamily_HeatingLoad.tsv (peak day extraction, resampled to 96 steps)
Peak day profile plot saved to output/peak_day_profile.png
Created 692 consumers and 1594 relevant optimization edges.

--- Starting Optimization using Scheme 'v3' for demoVerbundnetz_SimulationNeu ---
Initial weighted error (using v3): 6159758.763098
Regularization target: 1.0000
  Iter 0: Obj=6159758.763098 (Fit: 6159758.763098, Reg: 0.000000) | LR: 0.000000
  Iter 200: Obj=16498.466015 (Fit: 16489.598097, Reg: 8.867918) | LR: 0.000036
  Iter 400: Obj=11401.714507 (Fit: 11389.573757, Reg: 12.140750) | LR: 0.000039
  Iter 600: Obj=10802.007687 (Fit: 10788.885529, Reg: 13.122159) | LR: 0.000039
  Iter 800: Obj=10630.961649 (Fit: 10617.370750, Reg: 13.590898) | LR: 0.000039
  Iter 1000: Obj=10558.664305 (Fit: 10544.791039, Reg: 13.873266) | LR: 0.000039
  Iter 1200: Obj=10519.845677 (Fit: 10505.778379, Reg: 14.067298) | LR: 0.000039
  Iter 1400: Obj=10496.585136 (Fit: 10482.373716, Reg: 14.211420) | LR: 0.000039
  Iter 1600: Obj=10478.329118 (Fit: 10463.985690, Reg: 14.343428) | LR: 0.000039
  Iter 1800: Obj=10464.403919 (Fit: 10449.947505, Reg: 14.456414) | LR: 0.000039
Final Error: 10403.595376

================================================================================
OPTIMIZATION RESULTS
================================================================================

OPTIMIZED EDGES (n_consumers > 1): 816 edges
--------------------------------------------------------------------------------
Edge ID              | n_e   | Target g(n)  | Achieved g   | Deviation 
--------------------------------------------------------------------------------
5266->5289           | 692   | 0.4759       | 0.4848       | 0.0090    
5289->5290           | 692   | 0.4759       | 0.4848       | 0.0090    
5290->7114           | 692   | 0.4759       | 0.4848       | 0.0090    
7114->5291           | 680   | 0.4759       | 0.4770       | 0.0011    
5291->5292           | 680   | 0.4759       | 0.4770       | 0.0011    
5292->7137           | 680   | 0.4759       | 0.4770       | 0.0011    
7137->7117           | 677   | 0.4759       | 0.4849       | 0.0090    
7117->5293           | 670   | 0.4759       | 0.4837       | 0.0078    
5293->5302           | 670   | 0.4759       | 0.4837       | 0.0078    
5302->4858           | 669   | 0.4759       | 0.4845       | 0.0087    
4858->5791           | 669   | 0.4759       | 0.4845       | 0.0087    
5791->5652           | 668   | 0.4759       | 0.4847       | 0.0088    
5652->5457           | 667   | 0.4759       | 0.4849       | 0.0090    
5457->4859           | 666   | 0.4759       | 0.4851       | 0.0092    
4859->4860           | 666   | 0.4759       | 0.4851       | 0.0092    
4860->4861           | 666   | 0.4759       | 0.4851       | 0.0092    
4861->5328           | 665   | 0.4759       | 0.4854       | 0.0095    
5328->4862           | 664   | 0.4759       | 0.4856       | 0.0097    
4862->5514           | 664   | 0.4759       | 0.4856       | 0.0097    
5514->5672           | 663   | 0.4759       | 0.4858       | 0.0100    
5672->4863           | 662   | 0.4759       | 0.4861       | 0.0102    
4863->5772           | 661   | 0.4759       | 0.4863       | 0.0105    
5772->6109           | 660   | 0.4759       | 0.4866       | 0.0107    
6109->6241           | 659   | 0.4759       | 0.4868       | 0.0110    
6241->4864           | 658   | 0.4759       | 0.4871       | 0.0112    
4864->6234           | 658   | 0.4759       | 0.4871       | 0.0112    
6234->5581           | 657   | 0.4759       | 0.4874       | 0.0115    
5581->6188           | 656   | 0.4759       | 0.4877       | 0.0118    
6188->6316           | 655   | 0.4759       | 0.4880       | 0.0121    
6316->5603           | 654   | 0.4759       | 0.4883       | 0.0124    
5603->5986           | 653   | 0.4759       | 0.4887       | 0.0128    
5986->5947           | 652   | 0.4759       | 0.4889       | 0.0131    
5947->4865           | 651   | 0.4759       | 0.4892       | 0.0134    
4865->4919           | 650   | 0.4759       | 0.4895       | 0.0136    
4919->5334           | 545   | 0.4759       | 0.4758       | -0.0000   
5334->5392           | 544   | 0.4759       | 0.4760       | 0.0002    
5392->5859           | 543   | 0.4759       | 0.4765       | 0.0006    
5859->5681           | 542   | 0.4759       | 0.4769       | 0.0010    
5681->4905           | 541   | 0.4759       | 0.4773       | 0.0014    
4905->5678           | 523   | 0.4759       | 0.4784       | 0.0025    
5678->4866           | 522   | 0.4759       | 0.4786       | 0.0028    
4866->4941           | 522   | 0.4759       | 0.4786       | 0.0028    
4941->6228           | 509   | 0.4759       | 0.4780       | 0.0021    
6228->4928           | 508   | 0.4759       | 0.4784       | 0.0026    
4928->5724           | 508   | 0.4759       | 0.4784       | 0.0026    
5724->6332           | 507   | 0.4759       | 0.4787       | 0.0028    
6332->5445           | 506   | 0.4759       | 0.4789       | 0.0030    
5445->5418           | 505   | 0.4759       | 0.4791       | 0.0032    
5418->4929           | 504   | 0.4759       | 0.4793       | 0.0035    
4929->4930           | 504   | 0.4759       | 0.4793       | 0.0035    
4930->4988           | 504   | 0.4759       | 0.4793       | 0.0035    
4988->5005           | 504   | 0.4759       | 0.4793       | 0.0035    
5005->5766           | 488   | 0.4759       | 0.4784       | 0.0025    
5766->5639           | 487   | 0.4759       | 0.4788       | 0.0030    
5639->6158           | 486   | 0.4759       | 0.4830       | 0.0072    
6158->4964           | 485   | 0.4759       | 0.4835       | 0.0076    
4964->5636           | 403   | 0.4759       | 0.4632       | -0.0127   
5636->6278           | 402   | 0.4759       | 0.4640       | -0.0119   
6278->5962           | 401   | 0.4759       | 0.4645       | -0.0113   
5962->5705           | 400   | 0.4759       | 0.4651       | -0.0108   
5705->5883           | 399   | 0.4759       | 0.4659       | -0.0099   
5883->6067           | 398   | 0.4759       | 0.4664       | -0.0094   
6067->5856           | 397   | 0.4759       | 0.4671       | -0.0088   
5856->5968           | 396   | 0.4759       | 0.4678       | -0.0080   
5968->6326           | 395   | 0.4759       | 0.4684       | -0.0075   
6326->5554           | 394   | 0.4759       | 0.4689       | -0.0069   
5554->6047           | 393   | 0.4759       | 0.4692       | -0.0067   
6047->5718           | 392   | 0.4759       | 0.4695       | -0.0064   
5718->5633           | 391   | 0.4759       | 0.4698       | -0.0060   
5633->5545           | 390   | 0.4759       | 0.4704       | -0.0055   
5545->5310           | 389   | 0.4759       | 0.4709       | -0.0049   
5310->6329           | 388   | 0.4759       | 0.4722       | -0.0037   
6329->5557           | 387   | 0.4759       | 0.4727       | -0.0032   
5557->6112           | 385   | 0.4759       | 0.4751       | -0.0008   
6112->6058           | 384   | 0.4759       | 0.4755       | -0.0004   
6058->4963           | 383   | 0.4759       | 0.4765       | 0.0006    
4963->6263           | 346   | 0.4759       | 0.4669       | -0.0090   
6263->5551           | 345   | 0.4759       | 0.4676       | -0.0083   
5551->5977           | 344   | 0.4759       | 0.4687       | -0.0071   
5977->5690           | 343   | 0.4759       | 0.4694       | -0.0065   
5690->5034           | 342   | 0.4759       | 0.4703       | -0.0056   
5034->5832           | 338   | 0.4759       | 0.4736       | -0.0023   
5832->6167           | 337   | 0.4759       | 0.4746       | -0.0013   
6167->5898           | 336   | 0.4759       | 0.4760       | 0.0002    
5898->5928           | 335   | 0.4759       | 0.4784       | 0.0025    
5928->6247           | 334   | 0.4759       | 0.4790       | 0.0032    
6247->5033           | 333   | 0.4759       | 0.4799       | 0.0041    
5033->6143           | 332   | 0.4759       | 0.4808       | 0.0050    
6143->6301           | 331   | 0.4759       | 0.4823       | 0.0064    
6301->5032           | 330   | 0.4759       | 0.4830       | 0.0072    
5032->5031           | 329   | 0.4759       | 0.4842       | 0.0083    
5031->5178           | 329   | 0.4759       | 0.4842       | 0.0083    
5178->5066           | 329   | 0.4759       | 0.4842       | 0.0083    
5066->5065           | 324   | 0.4759       | 0.4877       | 0.0119    
5065->5901           | 324   | 0.4759       | 0.4877       | 0.0119    
5901->6070           | 323   | 0.4759       | 0.4902       | 0.0143    
6070->5880           | 322   | 0.4759       | 0.4907       | 0.0149    
5880->5064           | 321   | 0.4759       | 0.4912       | 0.0154    
5064->6082           | 314   | 0.4759       | 0.4971       | 0.0212    
6082->5231           | 313   | 0.4759       | 0.4978       | 0.0219    
5231->5232           | 313   | 0.4759       | 0.4978       | 0.0219    
5232->5233           | 313   | 0.4759       | 0.4978       | 0.0219    
5233->5234           | 313   | 0.4759       | 0.4978       | 0.0219    
5234->7494           | 250   | 0.4842       | 0.4898       | 0.0056    
7494->5361           | 249   | 0.4844       | 0.4926       | 0.0081    
5361->5235           | 248   | 0.4846       | 0.4953       | 0.0107    
5235->5373           | 199   | 0.4997       | 0.4844       | -0.0153   
5373->5600           | 198   | 0.5001       | 0.4911       | -0.0090   
5600->6284           | 197   | 0.5005       | 0.4935       | -0.0070   
6284->5819           | 196   | 0.5009       | 0.4958       | -0.0051   
5819->5236           | 195   | 0.5014       | 0.4981       | -0.0032   
5236->5262           | 195   | 0.5014       | 0.4981       | -0.0032   
5262->5257           | 165   | 0.5169       | 0.4859       | -0.0310   
5257->6296           | 165   | 0.5169       | 0.4859       | -0.0310   
6296->6338           | 164   | 0.5175       | 0.4888       | -0.0287   
6338->5853           | 163   | 0.5182       | 0.4924       | -0.0258   
5853->5974           | 162   | 0.5188       | 0.4969       | -0.0219   
5974->7441           | 161   | 0.5195       | 0.5025       | -0.0170   
7441->7386           | 160   | 0.5202       | 0.5058       | -0.0144   
7386->7285           | 159   | 0.5209       | 0.5092       | -0.0117   
7285->7370           | 158   | 0.5215       | 0.5146       | -0.0070   
7370->6777           | 157   | 0.5222       | 0.5236       | 0.0014    
6777->7545           | 157   | 0.5222       | 0.5236       | 0.0014    
7545->7434           | 156   | 0.5230       | 0.5281       | 0.0051    
7434->7611           | 155   | 0.5237       | 0.5337       | 0.0100    
7611->6776           | 154   | 0.5244       | 0.5404       | 0.0160    
6776->6758           | 139   | 0.5369       | 0.5387       | 0.0018    
6758->7343           | 136   | 0.5397       | 0.5479       | 0.0082    
7343->7578           | 135   | 0.5407       | 0.5572       | 0.0165    
7578->7273           | 134   | 0.5417       | 0.5620       | 0.0203    
7273->7176           | 133   | 0.5427       | 0.5674       | 0.0247    
7176->6757           | 132   | 0.5438       | 0.5712       | 0.0274    
6757->6889           | 124   | 0.5527       | 0.5927       | 0.0401    
6889->6890           | 124   | 0.5527       | 0.5927       | 0.0401    
4919->6115           | 105   | 0.5795       | 0.5844       | 0.0049    
6115->4892           | 104   | 0.5812       | 0.5868       | 0.0056    
4892->5355           | 104   | 0.5812       | 0.5868       | 0.0056    
5355->6127           | 103   | 0.5829       | 0.5899       | 0.0070    
6127->5847           | 102   | 0.5847       | 0.5923       | 0.0076    
5847->6250           | 101   | 0.5864       | 0.5947       | 0.0083    
6250->6085           | 100   | 0.5882       | 0.5968       | 0.0086    
6085->5645           | 99    | 0.5901       | 0.5993       | 0.0092    
5645->6275           | 98    | 0.5920       | 0.6014       | 0.0094    
6275->5868           | 97    | 0.5939       | 0.6048       | 0.0110    
5868->4891           | 96    | 0.5958       | 0.6071       | 0.0112    
4891->4954           | 91    | 0.6062       | 0.6232       | 0.0170    
4954->4983           | 91    | 0.6062       | 0.6232       | 0.0170    
4964->5895           | 82    | 0.6276       | 0.5899       | -0.0376   
5895->6293           | 81    | 0.6302       | 0.5957       | -0.0345   
6293->5712           | 80    | 0.6328       | 0.6011       | -0.0317   
5712->5813           | 79    | 0.6356       | 0.6076       | -0.0280   
5813->5800           | 78    | 0.6383       | 0.6141       | -0.0243   
5800->5612           | 77    | 0.6412       | 0.6167       | -0.0245   
5612->5098           | 76    | 0.6441       | 0.6208       | -0.0232   
5098->6197           | 76    | 0.6441       | 0.6208       | -0.0232   
6197->5097           | 75    | 0.6470       | 0.6245       | -0.0225   
6890->7706           | 74    | 0.6500       | 0.6202       | -0.0298   
7706->7765           | 72    | 0.6562       | 0.6364       | -0.0198   
7765->7954           | 71    | 0.6594       | 0.6375       | -0.0220   
7954->6891           | 70    | 0.6627       | 0.6411       | -0.0216   
4983->4955           | 69    | 0.6660       | 0.6297       | -0.0363   
4955->4956           | 69    | 0.6660       | 0.6297       | -0.0363   
4956->4957           | 69    | 0.6660       | 0.6297       | -0.0363   
4957->5925           | 69    | 0.6660       | 0.6297       | -0.0363   
5925->4958           | 68    | 0.6694       | 0.6338       | -0.0356   
4958->6344           | 68    | 0.6694       | 0.6338       | -0.0356   
6344->4959           | 67    | 0.6728       | 0.6381       | -0.0347   
4959->6013           | 67    | 0.6728       | 0.6381       | -0.0347   
6013->5395           | 66    | 0.6764       | 0.6425       | -0.0339   
5395->5383           | 65    | 0.6800       | 0.6580       | -0.0220   
5383->6133           | 63    | 0.6874       | 0.6648       | -0.0226   
5234->7310           | 63    | 0.6874       | 0.5479       | -0.1395   
6133->5487           | 62    | 0.6912       | 0.6690       | -0.0222   
5487->5404           | 61    | 0.6951       | 0.6778       | -0.0173   
7310->7266           | 61    | 0.6951       | 0.6017       | -0.0934   
5404->4960           | 60    | 0.6991       | 0.6820       | -0.0171   
4960->5343           | 60    | 0.6991       | 0.6820       | -0.0171   
7266->7352           | 60    | 0.6991       | 0.6217       | -0.0774   
5343->5737           | 59    | 0.7031       | 0.6867       | -0.0165   
5097->5111           | 59    | 0.7031       | 0.6480       | -0.0551   
5111->5112           | 59    | 0.7031       | 0.6480       | -0.0551   
5112->5782           | 59    | 0.7031       | 0.6480       | -0.0551   
7352->7251           | 59    | 0.7031       | 0.6502       | -0.0529   
5737->6040           | 58    | 0.7073       | 0.7114       | 0.0041    
5782->5642           | 58    | 0.7073       | 0.6546       | -0.0526   
7251->7166           | 58    | 0.7073       | 0.6548       | -0.0524   
6040->6253           | 57    | 0.7115       | 0.7175       | 0.0060    
7166->7478           | 57    | 0.7115       | 0.6624       | -0.0491   
6253->4961           | 56    | 0.7158       | 0.7208       | 0.0050    
5642->6170           | 56    | 0.7158       | 0.6666       | -0.0492   
7478->7466           | 56    | 0.7158       | 0.6670       | -0.0487   
6170->5460           | 55    | 0.7201       | 0.6734       | -0.0467   
7466->6794           | 55    | 0.7201       | 0.6715       | -0.0486   
6794->6827           | 55    | 0.7201       | 0.6715       | -0.0486   
5460->6064           | 54    | 0.7246       | 0.6829       | -0.0417   
6064->5113           | 53    | 0.7291       | 0.7052       | -0.0239   
5113->5154           | 53    | 0.7291       | 0.7052       | -0.0239   
5235->7156           | 49    | 0.7481       | 0.5369       | -0.2112   
6827->7422           | 49    | 0.7481       | 0.7326       | -0.0156   
7156->7488           | 48    | 0.7531       | 0.5543       | -0.1988   
7488->7201           | 47    | 0.7582       | 0.5688       | -0.1894   
7422->7226           | 47    | 0.7582       | 0.7471       | -0.0110   
7201->7636           | 46    | 0.7633       | 0.5870       | -0.1763   
7226->6806           | 46    | 0.7633       | 0.7552       | -0.0080   
6806->7575           | 46    | 0.7633       | 0.7552       | -0.0080   
7636->7179           | 45    | 0.7685       | 0.6129       | -0.1556   
7575->7401           | 45    | 0.7685       | 0.7553       | -0.0132   
7179->7282           | 44    | 0.7738       | 0.6346       | -0.1392   
7401->7584           | 44    | 0.7738       | 0.7887       | 0.0149    
7282->7288           | 43    | 0.7792       | 0.6572       | -0.1221   
7584->7316           | 43    | 0.7792       | 0.7957       | 0.0165    
7288->7497           | 42    | 0.7847       | 0.6904       | -0.0943   
7497->7507           | 41    | 0.7903       | 0.7091       | -0.0811   
7316->7205           | 41    | 0.7903       | 0.7996       | 0.0094    
7507->6881           | 40    | 0.7959       | 0.7283       | -0.0676   
7205->6807           | 40    | 0.7959       | 0.8072       | 0.0113    
6807->6884           | 39    | 0.8016       | 0.8376       | 0.0360    
6891->7896           | 37    | 0.8132       | 0.6551       | -0.1581   
7896->6892           | 36    | 0.8192       | 0.6641       | -0.1551   
6892->6893           | 36    | 0.8192       | 0.6641       | -0.1551   
6893->7966           | 35    | 0.8252       | 0.6752       | -0.1499   
4963->5401           | 34    | 0.8312       | 0.7173       | -0.1139   
7966->6894           | 34    | 0.8312       | 0.6871       | -0.1442   
6894->8005           | 34    | 0.8312       | 0.6871       | -0.1442   
5401->5566           | 33    | 0.8374       | 0.7420       | -0.0953   
6881->6784           | 33    | 0.8374       | 0.7828       | -0.0546   
6891->7775           | 33    | 0.8374       | 0.6212       | -0.2162   
8005->6895           | 33    | 0.8374       | 0.7323       | -0.1051   
6895->6896           | 33    | 0.8374       | 0.7323       | -0.1051   
6896->6897           | 33    | 0.8374       | 0.7323       | -0.1051   
6897->7009           | 33    | 0.8374       | 0.7323       | -0.1051   
5566->5989           | 32    | 0.8435       | 0.7605       | -0.0831   
7775->7709           | 32    | 0.8435       | 0.6362       | -0.2073   
7009->6898           | 32    | 0.8435       | 0.7735       | -0.0700   
4961->5995           | 31    | 0.8497       | 0.7347       | -0.1151   
5989->5194           | 31    | 0.8497       | 0.7886       | -0.0612   
7709->8002           | 31    | 0.8497       | 0.6528       | -0.1970   
5995->5322           | 30    | 0.8560       | 0.7526       | -0.1034   
5262->6287           | 30    | 0.8560       | 0.5534       | -0.3026   
8002->6933           | 30    | 0.8560       | 0.6638       | -0.1922   
6933->7926           | 30    | 0.8560       | 0.6638       | -0.1922   
5322->5325           | 29    | 0.8623       | 0.7707       | -0.0916   
6287->5454           | 29    | 0.8623       | 0.5679       | -0.2944   
6784->7593           | 29    | 0.8623       | 0.8184       | -0.0439   
7926->7038           | 29    | 0.8623       | 0.6991       | -0.1632   
5325->6118           | 28    | 0.8686       | 0.7852       | -0.0834   
5154->5807           | 28    | 0.8686       | 0.6915       | -0.1771   
5454->5666           | 28    | 0.8686       | 0.5830       | -0.2856   
7593->7605           | 28    | 0.8686       | 0.8636       | -0.0050   
6898->7845           | 28    | 0.8686       | 0.7677       | -0.1009   
6118->4962           | 27    | 0.8749       | 0.8007       | -0.0743   
4962->5496           | 27    | 0.8749       | 0.8007       | -0.0743   
5807->5841           | 27    | 0.8749       | 0.7656       | -0.1093   
5666->5237           | 27    | 0.8749       | 0.6103       | -0.2646   
5237->5502           | 27    | 0.8749       | 0.6103       | -0.2646   
7605->7182           | 27    | 0.8749       | 0.8829       | 0.0080    
7845->7830           | 27    | 0.8749       | 0.8367       | -0.0383   
5496->5788           | 26    | 0.8813       | 0.8250       | -0.0563   
5841->6335           | 26    | 0.8813       | 0.8022       | -0.0790   
5502->5238           | 26    | 0.8813       | 0.6355       | -0.2458   
5238->5239           | 26    | 0.8813       | 0.6355       | -0.2458   
5239->5240           | 26    | 0.8813       | 0.6355       | -0.2458   
7182->7548           | 26    | 0.8813       | 0.8829       | 0.0016    
7830->7960           | 26    | 0.8813       | 0.8503       | -0.0310   
4961->5594           | 25    | 0.8876       | 0.7122       | -0.1754   
5788->5569           | 25    | 0.8876       | 0.8465       | -0.0412   
5154->5421           | 25    | 0.8876       | 0.7302       | -0.1575   
6335->5526           | 25    | 0.8876       | 0.8069       | -0.0808   
7548->7270           | 25    | 0.8876       | 0.8859       | -0.0018   
6890->7055           | 25    | 0.8876       | 0.6537       | -0.2340   
6890->7745           | 25    | 0.8876       | 0.4936       | -0.3940   
7055->7739           | 25    | 0.8876       | 0.6537       | -0.2340   
7960->7787           | 25    | 0.8876       | 0.8606       | -0.0270   
5594->5508           | 24    | 0.8940       | 0.7214       | -0.1726   
5569->5216           | 24    | 0.8940       | 0.8651       | -0.0289   
5421->5693           | 24    | 0.8940       | 0.7611       | -0.1329   
5526->5469           | 24    | 0.8940       | 0.8165       | -0.0775   
7270->7419           | 24    | 0.8940       | 0.9063       | 0.0123    
7745->7851           | 24    | 0.8940       | 0.5193       | -0.3747   
7739->7688           | 24    | 0.8940       | 0.6742       | -0.2198   
7787->7781           | 24    | 0.8940       | 0.8621       | -0.0319   
5508->6001           | 23    | 0.9003       | 0.7272       | -0.1731   
5693->5877           | 23    | 0.9003       | 0.8120       | -0.0883   
5469->5114           | 23    | 0.9003       | 0.8489       | -0.0514   
7419->7189           | 23    | 0.9003       | 0.9085       | 0.0082    
7851->7757           | 23    | 0.9003       | 0.5294       | -0.3709   
7688->7056           | 23    | 0.9003       | 0.6918       | -0.2085   
7781->7784           | 23    | 0.9003       | 0.8830       | -0.0173   
4983->5835           | 22    | 0.9066       | 0.5803       | -0.3263   
6001->5389           | 22    | 0.9066       | 0.7372       | -0.1694   
5877->5358           | 22    | 0.9066       | 0.8620       | -0.0446   
7189->7555           | 22    | 0.9066       | 0.9084       | 0.0018    
7757->6917           | 22    | 0.9066       | 0.6120       | -0.2945   
7056->7771           | 22    | 0.9066       | 0.7165       | -0.1900   
6917->7823           | 22    | 0.9066       | 0.6120       | -0.2945   
7784->6899           | 22    | 0.9066       | 0.9270       | 0.0204    
6899->6960           | 22    | 0.9066       | 0.9270       | 0.0204    
5835->5016           | 21    | 0.9128       | 0.6042       | -0.3086   
5389->5021           | 21    | 0.9128       | 0.7507       | -0.1621   
5021->6124           | 21    | 0.9128       | 0.7507       | -0.1621   
5358->5886           | 21    | 0.9128       | 0.9078       | -0.0051   
6884->6861           | 21    | 0.9128       | 0.8544       | -0.0584   
6861->7666           | 21    | 0.9128       | 0.8544       | -0.0584   
7555->7170           | 21    | 0.9128       | 0.9094       | -0.0034   
7771->7057           | 21    | 0.9128       | 0.7474       | -0.1654   
7823->7911           | 21    | 0.9128       | 0.6280       | -0.2848   
6124->5022           | 20    | 0.9190       | 0.7608       | -0.1582   
5022->5319           | 20    | 0.9190       | 0.7608       | -0.1582   
5886->5127           | 20    | 0.9190       | 0.9423       | 0.0233    
5114->5115           | 20    | 0.9190       | 0.9107       | -0.0084   
5115->6266           | 20    | 0.9190       | 0.9107       | -0.0084   
7666->7349           | 20    | 0.9190       | 0.9056       | -0.0134   
7170->7331           | 20    | 0.9190       | 0.9098       | -0.0093   
7057->7058           | 20    | 0.9190       | 0.7759       | -0.1431   
7911->7691           | 20    | 0.9190       | 0.6467       | -0.2723   
7058->7920           | 20    | 0.9190       | 0.7759       | -0.1431   
5016->5523           | 19    | 0.9251       | 0.7041       | -0.2210   
5319->6055           | 19    | 0.9251       | 0.7769       | -0.1482   
5216->6281           | 19    | 0.9251       | 0.8875       | -0.0376   
5194->5053           | 19    | 0.9251       | 0.8339       | -0.0912   
5053->5935           | 19    | 0.9251       | 0.8339       | -0.0912   
6266->6149           | 19    | 0.9251       | 0.9213       | -0.0038   
7349->7676           | 19    | 0.9251       | 0.9340       | 0.0089    
7331->7361           | 19    | 0.9251       | 0.9263       | 0.0012    
7691->6918           | 19    | 0.9251       | 0.6826       | -0.2425   
7920->7984           | 19    | 0.9251       | 0.8090       | -0.1162   
5523->5618           | 18    | 0.9311       | 0.7605       | -0.1706   
6055->5411           | 18    | 0.9311       | 0.7867       | -0.1445   
6281->6194           | 18    | 0.9311       | 0.8918       | -0.0393   
5935->5715           | 18    | 0.9311       | 0.8829       | -0.0482   
6149->5828           | 18    | 0.9311       | 0.9258       | -0.0053   
7676->6862           | 18    | 0.9311       | 0.9364       | 0.0053    
6862->7596           | 18    | 0.9311       | 0.9364       | 0.0053    
7361->7654           | 18    | 0.9311       | 0.9423       | 0.0112    
6918->7863           | 18    | 0.9311       | 0.7237       | -0.2074   
7984->7880           | 18    | 0.9311       | 0.8666       | -0.0646   
6960->6947           | 18    | 0.9311       | 0.9332       | 0.0021    
6947->6948           | 18    | 0.9311       | 0.9332       | 0.0021    
6948->6949           | 18    | 0.9311       | 0.9332       | 0.0021    
5618->4993           | 17    | 0.9370       | 0.8302       | -0.1068   
4993->5621           | 17    | 0.9370       | 0.8302       | -0.1068   
5411->6164           | 17    | 0.9370       | 0.8060       | -0.1311   
6194->5205           | 17    | 0.9370       | 0.9433       | 0.0063    
5205->6290           | 17    | 0.9370       | 0.9433       | 0.0063    
5828->5116           | 17    | 0.9370       | 0.9368       | -0.0003   
5116->6037           | 17    | 0.9370       | 0.9368       | -0.0003   
5240->6748           | 17    | 0.9370       | 0.7368       | -0.2003   
7596->7472           | 17    | 0.9370       | 0.9357       | -0.0013   
7654->7244           | 17    | 0.9370       | 0.9422       | 0.0052    
7863->7733           | 17    | 0.9370       | 0.7481       | -0.1889   
7880->7778           | 17    | 0.9370       | 0.8875       | -0.0495   
7038->6934           | 17    | 0.9370       | 0.8568       | -0.0803   
6934->7820           | 17    | 0.9370       | 0.8568       | -0.0803   
5005->4989           | 16    | 0.9428       | 0.5506       | -0.3923   
5621->5575           | 16    | 0.9428       | 0.8806       | -0.0623   
5097->5096           | 16    | 0.9428       | 0.5340       | -0.4088   
5096->5095           | 16    | 0.9428       | 0.5340       | -0.4088   
5095->5913           | 16    | 0.9428       | 0.5340       | -0.4088   
6164->5023           | 16    | 0.9428       | 0.8348       | -0.1081   
5023->5648           | 16    | 0.9428       | 0.8348       | -0.1081   
6290->5916           | 16    | 0.9428       | 0.9451       | 0.0022    
5715->5708           | 16    | 0.9428       | 0.9328       | -0.0100   
6037->5117           | 16    | 0.9428       | 0.9432       | 0.0004    
5117->5352           | 16    | 0.9428       | 0.9432       | 0.0004    
6884->6808           | 16    | 0.9428       | 0.8890       | -0.0538   
6808->7295           | 16    | 0.9428       | 0.8890       | -0.0538   
7472->7562           | 16    | 0.9428       | 0.9479       | 0.0050    
7244->7238           | 16    | 0.9428       | 0.9420       | -0.0008   
7733->7814           | 16    | 0.9428       | 0.8037       | -0.1391   
7778->7799           | 16    | 0.9428       | 0.9206       | -0.0222   
7820->7951           | 16    | 0.9428       | 0.8733       | -0.0695   
4989->5539           | 15    | 0.9485       | 0.6035       | -0.3450   
5575->5998           | 15    | 0.9485       | 0.9158       | -0.0327   
5913->5475           | 15    | 0.9485       | 0.5827       | -0.3658   
5648->5763           | 15    | 0.9485       | 0.8366       | -0.1119   
5127->6181           | 15    | 0.9485       | 0.9379       | -0.0106   
5916->5862           | 15    | 0.9485       | 0.9449       | -0.0036   
5708->5563           | 15    | 0.9485       | 0.9399       | -0.0086   
5352->5727           | 15    | 0.9485       | 0.9445       | -0.0039   
7295->7428           | 15    | 0.9485       | 0.8968       | -0.0517   
6776->6834           | 15    | 0.9485       | 0.5581       | -0.3904   
6834->6833           | 15    | 0.9485       | 0.5581       | -0.3904   
6833->7232           | 15    | 0.9485       | 0.5581       | -0.3904   
7562->7407           | 15    | 0.9485       | 0.9547       | 0.0062    
7238->7438           | 15    | 0.9485       | 0.9421       | -0.0064   
7814->6919           | 15    | 0.9485       | 0.9323       | -0.0162   
7799->7742           | 15    | 0.9485       | 0.9320       | -0.0165   
6919->7860           | 15    | 0.9485       | 0.9323       | -0.0162   
7951->7883           | 15    | 0.9485       | 0.8785       | -0.0700   
6949->6965           | 15    | 0.9485       | 0.9420       | -0.0065   
6965->7874           | 15    | 0.9485       | 0.9420       | -0.0065   
5539->5769           | 14    | 0.9540       | 0.6429       | -0.3111   
5998->5687           | 14    | 0.9540       | 0.9390       | -0.0150   
5475->5386           | 14    | 0.9540       | 0.6629       | -0.2910   
5763->5584           | 14    | 0.9540       | 0.8455       | -0.1084   
6181->6313           | 14    | 0.9540       | 0.9459       | -0.0080   
5862->5204           | 14    | 0.9540       | 0.9595       | 0.0055    
5563->5054           | 14    | 0.9540       | 0.9548       | 0.0008    
5054->5660           | 14    | 0.9540       | 0.9548       | 0.0008    
5727->5983           | 14    | 0.9540       | 0.9456       | -0.0084   
7428->7392           | 14    | 0.9540       | 0.9194       | -0.0346   
7232->7531           | 14    | 0.9540       | 0.6151       | -0.3389   
7407->6863           | 14    | 0.9540       | 0.9561       | 0.0021    
7438->7679           | 14    | 0.9540       | 0.9527       | -0.0012   
7742->7727           | 14    | 0.9540       | 0.9380       | -0.0160   
7860->7035           | 14    | 0.9540       | 0.9646       | 0.0106    
7883->6935           | 14    | 0.9540       | 0.8948       | -0.0592   
6935->7694           | 14    | 0.9540       | 0.8948       | -0.0592   
7874->7810           | 14    | 0.9540       | 0.9451       | -0.0089   
4941->4927           | 13    | 0.9593       | 0.5191       | -0.4402   
4927->5734           | 13    | 0.9593       | 0.5191       | -0.4402   
5769->5424           | 13    | 0.9593       | 0.6872       | -0.2721   
5687->5663           | 13    | 0.9593       | 0.9564       | -0.0029   
5386->6052           | 13    | 0.9593       | 0.7442       | -0.2151   
5584->5889           | 13    | 0.9593       | 0.8846       | -0.0747   
6313->5505           | 13    | 0.9593       | 0.9578       | -0.0015   
5204->5499           | 13    | 0.9593       | 0.9591       | -0.0002   
5660->6244           | 13    | 0.9593       | 0.9628       | 0.0035    
5983->5118           | 13    | 0.9593       | 0.9609       | 0.0016    
5118->5655           | 13    | 0.9593       | 0.9609       | 0.0016    
7392->6809           | 13    | 0.9593       | 0.9455       | -0.0138   
6809->7413           | 13    | 0.9593       | 0.9455       | -0.0138   
7531->7491           | 13    | 0.9593       | 0.6821       | -0.2772   
6863->7448           | 13    | 0.9593       | 0.9574       | -0.0019   
7679->7454           | 13    | 0.9593       | 0.9610       | 0.0017    
7694->7957           | 13    | 0.9593       | 0.9397       | -0.0196   
7810->6966           | 13    | 0.9593       | 0.9693       | 0.0100    
6966->7917           | 13    | 0.9593       | 0.9693       | 0.0100    
7114->7107           | 12    | 0.9644       | 0.5865       | -0.3779   
7107->7503           | 12    | 0.9644       | 0.5865       | -0.3779   
5734->5932           | 12    | 0.9644       | 0.5532       | -0.4112   
5663->5944           | 12    | 0.9644       | 0.9679       | 0.0035    
6052->5669           | 12    | 0.9644       | 0.8350       | -0.1294   
5889->5284           | 12    | 0.9644       | 0.9648       | 0.0004    
5505->5126           | 12    | 0.9644       | 0.9643       | -0.0002   
5126->5125           | 12    | 0.9644       | 0.9643       | -0.0002   
6244->5597           | 12    | 0.9644       | 0.9741       | 0.0097    
5655->5959           | 12    | 0.9644       | 0.9708       | 0.0064    
7491->7568           | 12    | 0.9644       | 0.7908       | -0.1736   
7448->6864           | 12    | 0.9644       | 0.9612       | -0.0032   
6864->7248           | 12    | 0.9644       | 0.9612       | -0.0032   
7454->7599           | 12    | 0.9644       | 0.9746       | 0.0102    
7727->7685           | 12    | 0.9644       | 0.9634       | -0.0010   
7957->7870           | 12    | 0.9644       | 0.9680       | 0.0036    
7917->7002           | 12    | 0.9644       | 0.9705       | 0.0061    
7503->7374           | 11    | 0.9693       | 0.6623       | -0.3070   
5932->5746           | 11    | 0.9693       | 0.5724       | -0.3969   
5424->6238           | 11    | 0.9693       | 0.8114       | -0.1579   
5944->5779           | 11    | 0.9693       | 0.9768       | 0.0075    
5669->5376           | 11    | 0.9693       | 0.9413       | -0.0280   
5284->5408           | 11    | 0.9693       | 0.9768       | 0.0075    
5499->5953           | 11    | 0.9693       | 0.9744       | 0.0051    
5125->6130           | 11    | 0.9693       | 0.9727       | 0.0034    
5597->6347           | 11    | 0.9693       | 0.9783       | 0.0090    
5959->5119           | 11    | 0.9693       | 0.9718       | 0.0025    
7413->7276           | 11    | 0.9693       | 0.9611       | -0.0082   
7568->7541           | 11    | 0.9693       | 0.8104       | -0.1589   
7248->7334           | 11    | 0.9693       | 0.9636       | -0.0057   
7599->7624           | 11    | 0.9693       | 0.9744       | 0.0051    
7035->6920           | 11    | 0.9693       | 0.9680       | -0.0013   
7685->7730           | 11    | 0.9693       | 0.9725       | 0.0032    
6920->7903           | 11    | 0.9693       | 0.9680       | -0.0013   
7870->7718           | 11    | 0.9693       | 0.9730       | 0.0037    
7374->7445           | 10    | 0.9740       | 0.7631       | -0.2108   
4905->4888           | 10    | 0.9740       | 0.5588       | -0.4151   
4888->5427           | 10    | 0.9740       | 0.5588       | -0.4151   
5746->6304           | 10    | 0.9740       | 0.5925       | -0.3815   
6238->5367           | 10    | 0.9740       | 0.8827       | -0.0912   
5779->5517           | 10    | 0.9740       | 0.9825       | 0.0085    
5376->6173           | 10    | 0.9740       | 0.9571       | -0.0169   
5408->6019           | 10    | 0.9740       | 0.9857       | 0.0118    
5953->5203           | 10    | 0.9740       | 0.9748       | 0.0009    
5203->5493           | 10    | 0.9740       | 0.9748       | 0.0009    
6130->6310           | 10    | 0.9740       | 0.9734       | -0.0005   
6347->5055           | 10    | 0.9740       | 0.9812       | 0.0073    
5055->5056           | 10    | 0.9740       | 0.9812       | 0.0073    
5056->6178           | 10    | 0.9740       | 0.9812       | 0.0073    
7276->7263           | 10    | 0.9740       | 0.9838       | 0.0098    
7541->7416           | 10    | 0.9740       | 0.9285       | -0.0455   
7334->6865           | 10    | 0.9740       | 0.9781       | 0.0042    
7624->6813           | 10    | 0.9740       | 0.9744       | 0.0004    
7730->7059           | 10    | 0.9740       | 0.9841       | 0.0101    
7903->7948           | 10    | 0.9740       | 0.9731       | -0.0009   
7718->7887           | 10    | 0.9740       | 0.9817       | 0.0078    
7445->7140           | 9     | 0.9783       | 0.9074       | -0.0709   
5427->5448           | 9     | 0.9783       | 0.6128       | -0.3655   
6304->6031           | 9     | 0.9783       | 0.6152       | -0.3632   
5367->6136           | 9     | 0.9783       | 0.9276       | -0.0508   
5517->5466           | 9     | 0.9783       | 0.9871       | 0.0088    
6173->5094           | 9     | 0.9783       | 0.9822       | 0.0039    
5094->5606           | 9     | 0.9783       | 0.9822       | 0.0039    
5194->5183           | 9     | 0.9783       | 0.8444       | -0.1339   
5183->5182           | 9     | 0.9783       | 0.8444       | -0.1339   
6019->5024           | 9     | 0.9783       | 0.9861       | 0.0077    
5024->5442           | 9     | 0.9783       | 0.9861       | 0.0077    
5493->5490           | 9     | 0.9783       | 0.9766       | -0.0017   
6310->5588           | 9     | 0.9783       | 0.9810       | 0.0027    
6178->5057           | 9     | 0.9783       | 0.9865       | 0.0082    
5057->5084           | 9     | 0.9783       | 0.9865       | 0.0082    
5240->5241           | 9     | 0.9783       | 0.5061       | -0.4722   
5241->7587           | 9     | 0.9783       | 0.5061       | -0.4722   
6748->6749           | 9     | 0.9783       | 0.7230       | -0.2553   
6749->7325           | 9     | 0.9783       | 0.7230       | -0.2553   
7263->7346           | 9     | 0.9783       | 0.9853       | 0.0069    
7416->7404           | 9     | 0.9783       | 0.9506       | -0.0277   
7059->7721           | 9     | 0.9783       | 0.9905       | 0.0122    
7948->7945           | 9     | 0.9783       | 0.9815       | 0.0032    
7887->7939           | 9     | 0.9783       | 0.9881       | 0.0098    
7140->7220           | 8     | 0.9824       | 0.9185       | -0.0639   
4905->6215           | 8     | 0.9824       | 0.2673       | -0.7151   
5448->5627           | 8     | 0.9824       | 0.7188       | -0.2636   
6031->5349           | 8     | 0.9824       | 0.6399       | -0.3425   
6136->5919           | 8     | 0.9824       | 0.9621       | -0.0203   
5466->6341           | 8     | 0.9824       | 0.9901       | 0.0077    
5606->6007           | 8     | 0.9824       | 0.9927       | 0.0103    
5182->5181           | 8     | 0.9824       | 0.9246       | -0.0579   
5181->5956           | 8     | 0.9824       | 0.9246       | -0.0579   
5442->5025           | 8     | 0.9824       | 0.9843       | 0.0019    
5490->5202           | 8     | 0.9824       | 0.9801       | -0.0023   
5588->5124           | 8     | 0.9824       | 0.9836       | 0.0012    
5025->5026           | 8     | 0.9824       | 0.9843       | 0.0019    
5202->5307           | 8     | 0.9824       | 0.9801       | -0.0023   
5124->5463           | 8     | 0.9824       | 0.9836       | 0.0012    
5026->5364           | 8     | 0.9824       | 0.9843       | 0.0019    
5119->5950           | 8     | 0.9824       | 0.9803       | -0.0021   
6748->7510           | 8     | 0.9824       | 0.7523       | -0.2301   
7587->6025           | 8     | 0.9824       | 0.5423       | -0.4401   
7325->7208           | 8     | 0.9824       | 0.8713       | -0.1111   
7346->7657           | 8     | 0.9824       | 0.9880       | 0.0055    
7404->7380           | 8     | 0.9824       | 0.9707       | -0.0117   
6865->6866           | 8     | 0.9824       | 0.9846       | 0.0022    
6866->6867           | 8     | 0.9824       | 0.9846       | 0.0022    
7721->7932           | 8     | 0.9824       | 0.9917       | 0.0093    
7945->7748           | 8     | 0.9824       | 0.9861       | 0.0037    
7939->7987           | 8     | 0.9824       | 0.9899       | 0.0075    
7117->7377           | 7     | 0.9862       | 0.5260       | -0.4602   
7220->7195           | 7     | 0.9862       | 0.9378       | -0.0484   
6215->5740           | 7     | 0.9862       | 0.2910       | -0.6952   
5627->6272           | 7     | 0.9862       | 0.7921       | -0.1941   
5349->5759           | 7     | 0.9862       | 0.6515       | -0.3347   
5919->5838           | 7     | 0.9862       | 0.9825       | -0.0037   
6341->4992           | 7     | 0.9862       | 0.9921       | 0.0059    
6007->6097           | 7     | 0.9862       | 0.9949       | 0.0087    
5956->5180           | 7     | 0.9862       | 0.9782       | -0.0080   
5180->6100           | 7     | 0.9862       | 0.9782       | -0.0080   
5307->5743           | 7     | 0.9862       | 0.9822       | -0.0040   
5463->5123           | 7     | 0.9862       | 0.9861       | -0.0001   
5364->5971           | 7     | 0.9862       | 0.9886       | 0.0024    
5123->5398           | 7     | 0.9862       | 0.9861       | -0.0001   
5950->5756           | 7     | 0.9862       | 0.9861       | -0.0001   
6881->7340           | 7     | 0.9862       | 0.5485       | -0.4377   
7510->7079           | 7     | 0.9862       | 0.7553       | -0.2309   
6025->5529           | 7     | 0.9862       | 0.6973       | -0.2889   
7079->7078           | 7     | 0.9862       | 0.7553       | -0.2309   
7208->6750           | 7     | 0.9862       | 0.8881       | -0.0981   
7078->7602           | 7     | 0.9862       | 0.7553       | -0.2309   
7657->7192           | 7     | 0.9862       | 0.9888       | 0.0026    
6757->6848           | 7     | 0.9862       | 0.1160       | -0.8702   
6848->7660           | 7     | 0.9862       | 0.1160       | -0.8702   
7380->7198           | 7     | 0.9862       | 0.9865       | 0.0003    
6813->7645           | 7     | 0.9862       | 0.9782       | -0.0080   
6867->7528           | 7     | 0.9862       | 0.9867       | 0.0005    
7038->7021           | 7     | 0.9862       | 0.5538       | -0.4324   
7021->7980           | 7     | 0.9862       | 0.5538       | -0.4324   
7932->7736           | 7     | 0.9862       | 0.9921       | 0.0059    
7748->6921           | 7     | 0.9862       | 0.9888       | 0.0026    
6921->7712           | 7     | 0.9862       | 0.9888       | 0.0026    
7987->7977           | 7     | 0.9862       | 0.9948       | 0.0086    
7377->7108           | 6     | 0.9896       | 0.5799       | -0.4098   
7108->7125           | 6     | 0.9896       | 0.5799       | -0.4098   
7125->7235           | 6     | 0.9896       | 0.5799       | -0.4098   
7195->7307           | 6     | 0.9896       | 0.9611       | -0.0285   
5740->4887           | 6     | 0.9896       | 0.3207       | -0.6689   
4887->6091           | 6     | 0.9896       | 0.3207       | -0.6689   
6272->5865           | 6     | 0.9896       | 0.8485       | -0.1412   
5759->5542           | 6     | 0.9896       | 0.6552       | -0.3344   
5838->5731           | 6     | 0.9896       | 0.9947       | 0.0051    
4992->4991           | 6     | 0.9896       | 0.9928       | 0.0031    
6097->5331           | 6     | 0.9896       | 0.9990       | 0.0093    
6100->5532           | 6     | 0.9896       | 0.9902       | 0.0006    
5743->5201           | 6     | 0.9896       | 0.9882       | -0.0014   
5971->5027           | 6     | 0.9896       | 0.9888       | -0.0008   
5201->5379           | 6     | 0.9896       | 0.9882       | -0.0014   
5027->5560           | 6     | 0.9896       | 0.9888       | -0.0008   
5756->5223           | 6     | 0.9896       | 0.9900       | 0.0004    
5223->5965           | 6     | 0.9896       | 0.9900       | 0.0004    
7340->7469           | 6     | 0.9896       | 0.8775       | -0.1121   
6750->6751           | 6     | 0.9896       | 0.9683       | -0.0213   
7602->7279           | 6     | 0.9896       | 0.9690       | -0.0207   
7192->6810           | 6     | 0.9896       | 0.9910       | 0.0013    
6810->7618           | 6     | 0.9896       | 0.9910       | 0.0013    
7660->7558           | 6     | 0.9896       | 0.1270       | -0.8626   
7198->7516           | 6     | 0.9896       | 0.9967       | 0.0070    
7645->7571           | 6     | 0.9896       | 0.9857       | -0.0039   
7528->7648           | 6     | 0.9896       | 0.9882       | -0.0015   
7980->7963           | 6     | 0.9896       | 0.7219       | -0.2677   
7736->7923           | 6     | 0.9896       | 0.9920       | 0.0024    
7712->7890           | 6     | 0.9896       | 0.9903       | 0.0007    
7977->7804           | 6     | 0.9896       | 0.9957       | 0.0061    
7002->6988           | 6     | 0.9896       | 0.9685       | -0.0212   
7002->7760           | 6     | 0.9896       | 0.9731       | -0.0165   
7235->7364           | 5     | 0.9927       | 0.6519       | -0.3408   
7307->7565           | 5     | 0.9927       | 0.9776       | -0.0151   
5865->5436           | 5     | 0.9927       | 0.8834       | -0.1093   
4891->6022           | 5     | 0.9927       | 0.0500       | -0.9427   
5542->4949           | 5     | 0.9927       | 0.7865       | -0.2062   
5731->5775           | 5     | 0.9927       | 0.9997       | 0.0070    
5331->6073           | 5     | 0.9927       | 0.9990       | 0.0063    
5127->5159           | 5     | 0.9927       | 0.9489       | -0.0438   
5159->5160           | 5     | 0.9927       | 0.9489       | -0.0438   
5532->5179           | 5     | 0.9927       | 0.9994       | 0.0067    
5179->6076           | 5     | 0.9927       | 0.9994       | 0.0067    
5398->5451           | 5     | 0.9927       | 0.9901       | -0.0026   
5379->6207           | 5     | 0.9927       | 0.9909       | -0.0018   
5066->5892           | 5     | 0.9927       | 0.0581       | -0.9346   
5560->6061           | 5     | 0.9927       | 0.9907       | -0.0020   
5064->5370           | 5     | 0.9927       | 0.0501       | -0.9426   
5965->5222           | 5     | 0.9927       | 0.9942       | 0.0015    
6827->7519           | 5     | 0.9927       | 0.4521       | -0.5406   
7469->7639           | 5     | 0.9927       | 0.9032       | -0.0895   
5529->6307           | 5     | 0.9927       | 0.9021       | -0.0905   
6751->6752           | 5     | 0.9927       | 0.9705       | -0.0222   
7279->7077           | 5     | 0.9927       | 0.9834       | -0.0093   
7077->7076           | 5     | 0.9927       | 0.9834       | -0.0093   
7076->7319           | 5     | 0.9927       | 0.9834       | -0.0093   
7618->7367           | 5     | 0.9927       | 0.9909       | -0.0017   
7558->7313           | 5     | 0.9927       | 0.1440       | -0.8487   
7516->7160           | 5     | 0.9927       | 0.9977       | 0.0050    
7571->6832           | 5     | 0.9927       | 0.9931       | 0.0004    
7648->7257           | 5     | 0.9927       | 0.9905       | -0.0022   
7038->7020           | 5     | 0.9927       | 0.5552       | -0.4375   
7020->7793           | 5     | 0.9927       | 0.5552       | -0.4375   
7963->7703           | 5     | 0.9927       | 0.8658       | -0.1268   
7923->7936           | 5     | 0.9927       | 0.9921       | -0.0006   
7890->7836           | 5     | 0.9927       | 0.9947       | 0.0020    
7804->6936           | 5     | 0.9927       | 0.9956       | 0.0029    
6936->6937           | 5     | 0.9927       | 0.9956       | 0.0029    
6937->7893           | 5     | 0.9927       | 0.9956       | 0.0029    
7364->7630           | 4     | 0.9953       | 0.7019       | -0.2935   
7565->7682           | 4     | 0.9953       | 0.9993       | 0.0040    
6091->4886           | 4     | 0.9953       | 0.4303       | -0.5650   
4886->6146           | 4     | 0.9953       | 0.4303       | -0.5650   
5436->4889           | 4     | 0.9953       | 0.9345       | -0.0608   
6022->6224           | 4     | 0.9953       | 0.0500       | -0.9453   
5775->6257           | 4     | 0.9953       | 0.9997       | 0.0044    
4991->5313           | 4     | 0.9953       | 0.9925       | -0.0028   
5216->5609           | 4     | 0.9953       | 0.7896       | -0.2057   
6073->5904           | 4     | 0.9953       | 0.9989       | 0.0036    
5160->5938           | 4     | 0.9953       | 0.9683       | -0.0271   
5451->5122           | 4     | 0.9953       | 0.9919       | -0.0034   
6207->5572           | 4     | 0.9953       | 0.9918       | -0.0035   
5892->5030           | 4     | 0.9953       | 0.0598       | -0.9355   
6061->5028           | 4     | 0.9953       | 0.9916       | -0.0037   
5370->5346           | 4     | 0.9953       | 0.0501       | -0.9452   
5222->5415           | 4     | 0.9953       | 0.9946       | -0.0007   
7519->7475           | 4     | 0.9953       | 0.6687       | -0.3266   
6784->7673           | 4     | 0.9953       | 0.5999       | -0.3954   
7639->7484           | 4     | 0.9953       | 0.9454       | -0.0499   
6307->7254           | 4     | 0.9953       | 0.9507       | -0.0447   
6752->6753           | 4     | 0.9953       | 0.9899       | -0.0054   
7319->7075           | 4     | 0.9953       | 0.9934       | -0.0020   
7075->7241           | 4     | 0.9953       | 0.9934       | -0.0020   
7367->7355           | 4     | 0.9953       | 0.9945       | -0.0008   
7313->7173           | 4     | 0.9953       | 0.1678       | -0.8275   
7160->7358           | 4     | 0.9953       | 0.9976       | 0.0023    
7257->7389           | 4     | 0.9953       | 0.9921       | -0.0033   
7793->7019           | 4     | 0.9953       | 0.5620       | -0.4333   
7019->7018           | 4     | 0.9953       | 0.5620       | -0.4333   
7703->7899           | 4     | 0.9953       | 0.9312       | -0.0642   
7018->7017           | 4     | 0.9953       | 0.5620       | -0.4333   
7017->7016           | 4     | 0.9953       | 0.5620       | -0.4333   
6898->7097           | 4     | 0.9953       | 0.8645       | -0.1309   
7097->7096           | 4     | 0.9953       | 0.8645       | -0.1309   
7096->7095           | 4     | 0.9953       | 0.8645       | -0.1309   
7095->7094           | 4     | 0.9953       | 0.8645       | -0.1309   
7094->7093           | 4     | 0.9953       | 0.8645       | -0.1309   
7093->7697           | 4     | 0.9953       | 0.8645       | -0.1309   
7936->8009           | 4     | 0.9953       | 0.9921       | -0.0032   
6960->7796           | 4     | 0.9953       | 0.9007       | -0.0946   
7836->6922           | 4     | 0.9953       | 0.9960       | 0.0007    
6922->7715           | 4     | 0.9953       | 0.9960       | 0.0007    
7893->7848           | 4     | 0.9953       | 0.9964       | 0.0011    
6988->6967           | 4     | 0.9953       | 0.9904       | -0.0050   
7760->6993           | 4     | 0.9953       | 0.9886       | -0.0068   
6967->6968           | 4     | 0.9953       | 0.9904       | -0.0050   
6993->6994           | 4     | 0.9953       | 0.9886       | -0.0068   
6968->7996           | 4     | 0.9953       | 0.9904       | -0.0050   
7137->7663           | 3     | 0.9975       | 0.0500       | -0.9475   
7630->7383           | 3     | 0.9975       | 0.7241       | -0.2735   
7682->7608           | 3     | 0.9975       | 0.9999       | 0.0024    
6146->4885           | 3     | 0.9975       | 0.5369       | -0.4606   
4885->6079           | 3     | 0.9975       | 0.5369       | -0.4606   
4889->5472           | 3     | 0.9975       | 0.9752       | -0.0223   
6224->4890           | 3     | 0.9975       | 0.0500       | -0.9475   
4949->5749           | 3     | 0.9975       | 0.8678       | -0.1297   
6257->5871           | 3     | 0.9975       | 0.9997       | 0.0021    
5313->5910           | 3     | 0.9975       | 0.9927       | -0.0049   
4963->6191           | 3     | 0.9975       | 0.0500       | -0.9475   
5609->6319           | 3     | 0.9975       | 0.8440       | -0.1536   
5194->5785           | 3     | 0.9975       | 0.1792       | -0.8184   
5114->8022           | 3     | 0.9975       | 0.6085       | -0.3890   
5034->5166           | 3     | 0.9975       | 0.0510       | -0.9466   
5904->5922           | 3     | 0.9975       | 0.9989       | 0.0013    
5166->5340           | 3     | 0.9975       | 0.0510       | -0.9466   
5938->5161           | 3     | 0.9975       | 0.9804       | -0.0171   
5161->6028           | 3     | 0.9975       | 0.9804       | -0.0171   
6076->5822           | 3     | 0.9975       | 0.9994       | 0.0019    
5122->5825           | 3     | 0.9975       | 0.9941       | -0.0034   
5572->5200           | 3     | 0.9975       | 0.9948       | -0.0028   
5030->5992           | 3     | 0.9975       | 0.0632       | -0.9344   
5084->5058           | 3     | 0.9975       | 0.9910       | -0.0066   
5084->6016           | 3     | 0.9975       | 0.9830       | -0.0146   
5084->6323           | 3     | 0.9975       | 0.9839       | -0.0136   
5028->5794           | 3     | 0.9975       | 0.9926       | -0.0050   
5200->6152           | 3     | 0.9975       | 0.9948       | -0.0028   
5058->5059           | 3     | 0.9975       | 0.9910       | -0.0066   
5346->5797           | 3     | 0.9975       | 0.0502       | -0.9474   
5415->6139           | 3     | 0.9975       | 0.9948       | -0.0028   
7475->7144           | 3     | 0.9975       | 0.6891       | -0.3085   
7673->7147           | 3     | 0.9975       | 0.8052       | -0.1923   
7484->7217           | 3     | 0.9975       | 0.9848       | -0.0127   
7254->5316           | 3     | 0.9975       | 0.9796       | -0.0179   
6758->7552           | 3     | 0.9975       | 0.0500       | -0.9475   
6753->7071           | 3     | 0.9975       | 0.9974       | -0.0001   
7071->7072           | 3     | 0.9975       | 0.9974       | -0.0001   
7072->7460           | 3     | 0.9975       | 0.9974       | -0.0001   
7241->7304           | 3     | 0.9975       | 0.9949       | -0.0026   
7355->7481           | 3     | 0.9975       | 0.9946       | -0.0030   
7173->6847           | 3     | 0.9975       | 0.2018       | -0.7957   
6813->7431           | 3     | 0.9975       | 0.9666       | -0.0309   
6847->7590           | 3     | 0.9975       | 0.2018       | -0.7957   
7358->7463           | 3     | 0.9975       | 0.9975       | -0.0000   
6832->7395           | 3     | 0.9975       | 0.9937       | -0.0039   
7899->7877           | 3     | 0.9975       | 0.9945       | -0.0030   
7016->7751           | 3     | 0.9975       | 0.6424       | -0.3551   
7697->7092           | 3     | 0.9975       | 0.9798       | -0.0177   
8009->7768           | 3     | 0.9975       | 0.9925       | -0.0051   
7796->7842           | 3     | 0.9975       | 0.9303       | -0.0673   
7715->6923           | 3     | 0.9975       | 0.9969       | -0.0006   
6949->7999           | 3     | 0.9975       | 0.8970       | -0.1005   
6923->7046           | 3     | 0.9975       | 0.9969       | -0.0006   
7046->7969           | 3     | 0.9975       | 0.9969       | -0.0006   
7848->7914           | 3     | 0.9975       | 0.9967       | -0.0008   
6994->6995           | 3     | 0.9975       | 0.9961       | -0.0015   
7996->6969           | 3     | 0.9975       | 0.9957       | -0.0019   
6969->7790           | 3     | 0.9975       | 0.9957       | -0.0019   
7663->7500           | 2     | 0.9993       | 0.0500       | -0.9493   
7383->7451           | 2     | 0.9993       | 0.7278       | -0.2714   
7608->7410           | 2     | 0.9993       | 0.9999       | 0.0006    
6079->5478           | 2     | 0.9993       | 0.5805       | -0.4187   
5472->5578           | 2     | 0.9993       | 0.9849       | -0.0143   
4890->5699           | 2     | 0.9993       | 0.0500       | -0.9493   
5016->6231           | 2     | 0.9993       | 0.0500       | -0.9493   
4949->4926           | 2     | 0.9993       | 0.7609       | -0.2384   
4926->6221           | 2     | 0.9993       | 0.7609       | -0.2384   
5871->6210           | 2     | 0.9993       | 0.9997       | 0.0004    
5910->6103           | 2     | 0.9993       | 0.9929       | -0.0063   
6191->5721           | 2     | 0.9993       | 0.0500       | -0.9493   
6319->6260           | 2     | 0.9993       | 0.8554       | -0.1438   
8022->8026           | 2     | 0.9993       | 0.6237       | -0.3756   
5922->5511           | 2     | 0.9993       | 0.9987       | -0.0005   
5340->5165           | 2     | 0.9993       | 0.0513       | -0.9479   
5165->5164           | 2     | 0.9993       | 0.0513       | -0.9479   
5164->6200           | 2     | 0.9993       | 0.0513       | -0.9479   
6028->6088           | 2     | 0.9993       | 0.9974       | -0.0019   
5822->5430           | 2     | 0.9993       | 0.9994       | 0.0001    
5119->5120           | 2     | 0.9993       | 0.9907       | -0.0086   
5825->5121           | 2     | 0.9993       | 0.9971       | -0.0022   
5120->5535           | 2     | 0.9993       | 0.9907       | -0.0086   
5992->5591           | 2     | 0.9993       | 0.0694       | -0.9299   
6016->5874           | 2     | 0.9993       | 0.9903       | -0.0089   
6323->5702           | 2     | 0.9993       | 0.9901       | -0.0091   
5121->5816           | 2     | 0.9993       | 0.9971       | -0.0022   
5794->5029           | 2     | 0.9993       | 0.9948       | -0.0044   
6152->5844           | 2     | 0.9993       | 0.9948       | -0.0045   
5059->5060           | 2     | 0.9993       | 0.9955       | -0.0038   
5064->5810           | 2     | 0.9993       | 0.0500       | -0.9493   
5060->5061           | 2     | 0.9993       | 0.9955       | -0.0038   
5061->5548           | 2     | 0.9993       | 0.9955       | -0.0038   
5797->5980           | 2     | 0.9993       | 0.0503       | -0.9490   
6139->5696           | 2     | 0.9993       | 0.9959       | -0.0034   
7144->6795           | 2     | 0.9993       | 0.8682       | -0.1310   
7147->7581           | 2     | 0.9993       | 0.9218       | -0.0775   
7217->6860           | 2     | 0.9993       | 0.9986       | -0.0006   
6884->7535           | 2     | 0.9993       | 0.1554       | -0.8438   
6860->7153           | 2     | 0.9993       | 0.9986       | -0.0006   
5316->5675           | 2     | 0.9993       | 0.9969       | -0.0023   
7552->7651           | 2     | 0.9993       | 0.0500       | -0.9493   
7460->7073           | 2     | 0.9993       | 0.9985       | -0.0008   
7073->7211           | 2     | 0.9993       | 0.9985       | -0.0008   
7304->7513           | 2     | 0.9993       | 0.9944       | -0.0048   
7481->6811           | 2     | 0.9993       | 0.9950       | -0.0043   
7431->7522           | 2     | 0.9993       | 0.9737       | -0.0256   
6811->7525           | 2     | 0.9993       | 0.9950       | -0.0043   
7590->6846           | 2     | 0.9993       | 0.2921       | -0.7072   
6846->6845           | 2     | 0.9993       | 0.2921       | -0.7072   
6832->7425           | 2     | 0.9993       | 0.9920       | -0.0073   
6845->7621           | 2     | 0.9993       | 0.2921       | -0.7072   
7463->7322           | 2     | 0.9993       | 0.9973       | -0.0020   
7395->7670           | 2     | 0.9993       | 0.9947       | -0.0046   
7035->7826           | 2     | 0.9993       | 0.9385       | -0.0608   
7877->7990           | 2     | 0.9993       | 0.9985       | -0.0007   
7751->7015           | 2     | 0.9993       | 0.6742       | -0.3251   
7015->7014           | 2     | 0.9993       | 0.6742       | -0.3251   
7014->7833           | 2     | 0.9993       | 0.6742       | -0.3251   
7768->7906           | 2     | 0.9993       | 0.9932       | -0.0060   
7842->7700           | 2     | 0.9993       | 0.9283       | -0.0710   
7999->6950           | 2     | 0.9993       | 0.9070       | -0.0923   
6950->7754           | 2     | 0.9993       | 0.9070       | -0.0923   
7969->7045           | 2     | 0.9993       | 0.9967       | -0.0026   
7914->7854           | 2     | 0.9993       | 0.9971       | -0.0022   
7045->7044           | 2     | 0.9993       | 0.9967       | -0.0026   
6988->7866           | 2     | 0.9993       | 0.9426       | -0.0566   
6995->6996           | 2     | 0.9993       | 0.9991       | -0.0001   
7790->6970           | 2     | 0.9993       | 0.9971       | -0.0022   
6970->7817           | 2     | 0.9993       | 0.9971       | -0.0022   
--------------------------------------------------------------------------------
Mean |Deviation|: 0.1139
Max  |Deviation|: 0.9493
================================================================================

LEAF EDGES (n_consumers = 1): 778 edges
--------------------------------------------------------------------------------
These edges were NOT optimized. By definition:
  - Target simultaneity g(n) = 1.0
  - Achieved simultaneity = 1.0
  - Deviation = 0.0
================================================================================


================================================================================
DEVIATION ANALYSIS BY EDGE SIZE
================================================================================

Single consumer (not optimized):
  Count: 778
  Mean deviation: 0.0000
  Mean |deviation|: 0.0000
  Max |deviation|: 0.0000
  Std dev: 0.0000

Very small (2-10):
  Count: 353
  Mean deviation: -0.1741
  Mean |deviation|: 0.1761
  Max |deviation|: 0.9493
  Std dev: 0.2909

Small (11-50):
  Count: 266
  Mean deviation: -0.1007
  Mean |deviation|: 0.1036
  Max |deviation|: 0.4402
  Std dev: 0.1199

Medium (51-100):
  Count: 57
  Mean deviation: -0.0300
  Mean |deviation|: 0.0335
  Max |deviation|: 0.1395
  Std dev: 0.0273

Large (101-200):
  Count: 34
  Mean deviation: 0.0006
  Mean |deviation|: 0.0142
  Max |deviation|: 0.0401
  Std dev: 0.0182

Very large (201-500):
  Count: 54
  Mean deviation: 0.0019
  Mean |deviation|: 0.0083
  Max |deviation|: 0.0219
  Std dev: 0.0100

Huge (500+):
  Count: 52
  Mean deviation: 0.0070
  Mean |deviation|: 0.0070
  Max |deviation|: 0.0136
  Std dev: 0.0043

================================================================================

Network size range: 2 to 692 consumers
Using problem range: 40-60
Saved enhanced verification plot to output/comprehensive_analysis/demoVerbundnetz_SimulationNeu/steady_state_v3/verification_demoVerbundnetz_SimulationNeu_v3.png

Total execution time: 51.88 seconds
Results saved to: output/comprehensive_analysis/demoVerbundnetz_SimulationNeu/steady_state_v3

=== STDERR ===
