Loading network for case 'NetzHast' from data/test_scenarios/complex/NetzHast.vicus...
Loading VICUS file: data/test_scenarios/complex/NetzHast.vicus
Parsed Simultaneity Spline: 63 points.
data/test_scenarios/complex/NetzHast.vicus
Found peak day: day 24 (hours 552-575) with peak=7400.0000
Force-selected profile: Residential_SingleFamily_HeatingLoad.tsv (peak day extraction, resampled to 96 steps)
Peak day profile plot saved to output/peak_day_profile.png
Created 39 consumers and 93 relevant optimization edges.

--- Starting Optimization using Scheme 'v4' for NetzHast ---
Initial weighted error (using v4): 418.017927
Regularization target: 1.0000
  Iter 0: Obj=418.017927 (Fit: 418.017927, Reg: 0.000000) | LR: 0.000089
  Iter 200: Obj=38.869244 (Fit: 38.867166, Reg: 0.002078) | LR: 0.001838
  Iter 400: Obj=38.867316 (Fit: 38.865223, Reg: 0.002093) | LR: 0.001836
  Iter 600: Obj=38.866902 (Fit: 38.864808, Reg: 0.002094) | LR: 0.001836
  Iter 800: Obj=38.866519 (Fit: 38.864425, Reg: 0.002095) | LR: 0.001836
  Iter 1000: Obj=38.866148 (Fit: 38.864052, Reg: 0.002095) | LR: 0.001836
  Iter 1200: Obj=38.865779 (Fit: 38.863683, Reg: 0.002096) | LR: 0.001836
  Iter 1400: Obj=38.865410 (Fit: 38.863313, Reg: 0.002097) | LR: 0.001836
  Iter 1600: Obj=38.865042 (Fit: 38.862944, Reg: 0.002098) | LR: 0.001836
  Iter 1800: Obj=38.864675 (Fit: 38.862575, Reg: 0.002100) | LR: 0.001836
  Iter 2000: Obj=38.864307 (Fit: 38.862206, Reg: 0.002101) | LR: 0.001836
  Iter 2200: Obj=38.863940 (Fit: 38.861837, Reg: 0.002103) | LR: 0.001836
  Iter 2400: Obj=38.863573 (Fit: 38.861469, Reg: 0.002105) | LR: 0.001836
  Iter 2600: Obj=38.863207 (Fit: 38.861101, Reg: 0.002106) | LR: 0.001836
  Iter 2800: Obj=38.862841 (Fit: 38.860732, Reg: 0.002109) | LR: 0.001836
  Iter 3000: Obj=38.862475 (Fit: 38.860364, Reg: 0.002111) | LR: 0.001836
  Iter 3200: Obj=38.862110 (Fit: 38.859997, Reg: 0.002113) | LR: 0.001836
  Iter 3400: Obj=38.861745 (Fit: 38.859629, Reg: 0.002116) | LR: 0.001836
  Iter 3600: Obj=38.861380 (Fit: 38.859261, Reg: 0.002118) | LR: 0.001836
  Iter 3800: Obj=38.861015 (Fit: 38.858894, Reg: 0.002121) | LR: 0.001836
  Iter 4000: Obj=38.860651 (Fit: 38.858527, Reg: 0.002124) | LR: 0.001836
  Iter 4200: Obj=38.860287 (Fit: 38.858160, Reg: 0.002127) | LR: 0.001836
  Iter 4400: Obj=38.859924 (Fit: 38.857793, Reg: 0.002131) | LR: 0.001836
  Iter 4600: Obj=38.859560 (Fit: 38.857426, Reg: 0.002134) | LR: 0.001836
  Iter 4800: Obj=38.859197 (Fit: 38.857060, Reg: 0.002138) | LR: 0.001836
Final Error: 38.833008

================================================================================
OPTIMIZATION RESULTS
================================================================================

OPTIMIZED EDGES (n_consumers > 1): 44 edges
--------------------------------------------------------------------------------
Edge ID              | n_e   | Target g(n)  | Achieved g   | Deviation 
--------------------------------------------------------------------------------
1566->1606           | 39    | 0.8016       | 0.8523       | 0.0507    
1606->1717           | 30    | 0.8560       | 0.8334       | -0.0226   
1717->1732           | 29    | 0.8623       | 0.8334       | -0.0289   
1732->1626           | 28    | 0.8686       | 0.8334       | -0.0352   
1626->1599           | 27    | 0.8749       | 0.8882       | 0.0132    
1599->1723           | 21    | 0.9128       | 0.8862       | -0.0266   
1723->1568           | 20    | 0.9190       | 0.8862       | -0.0328   
1568->1714           | 20    | 0.9190       | 0.8862       | -0.0328   
1714->1591           | 19    | 0.9251       | 0.8862       | -0.0389   
1591->1654           | 10    | 0.9740       | 0.8776       | -0.0964   
1606->1642           | 9     | 0.9783       | 0.9016       | -0.0767   
1591->1691           | 9     | 0.9783       | 0.9019       | -0.0764   
1654->1765           | 9     | 0.9783       | 0.9544       | -0.0239   
1642->1648           | 8     | 0.9824       | 0.9849       | 0.0025    
1691->1570           | 8     | 0.9824       | 0.9459       | -0.0365   
1765->1681           | 8     | 0.9824       | 0.9544       | -0.0280   
1570->1688           | 8     | 0.9824       | 0.9459       | -0.0365   
1648->1669           | 7     | 0.9862       | 0.9891       | 0.0029    
1681->1736           | 7     | 0.9862       | 0.9608       | -0.0254   
1688->1571           | 7     | 0.9862       | 0.9485       | -0.0377   
1571->1747           | 7     | 0.9862       | 0.9485       | -0.0377   
1669->1645           | 6     | 0.9896       | 0.9931       | 0.0035    
1599->1672           | 6     | 0.9896       | 0.8938       | -0.0958   
1736->1675           | 6     | 0.9896       | 0.9608       | -0.0289   
1747->1744           | 6     | 0.9896       | 0.9485       | -0.0412   
1645->1605           | 5     | 0.9927       | 0.9968       | 0.0041    
1672->1639           | 5     | 0.9927       | 0.9853       | -0.0074   
1675->1678           | 5     | 0.9927       | 0.9642       | -0.0285   
1744->1666           | 5     | 0.9927       | 0.9484       | -0.0442   
1605->1604           | 4     | 0.9953       | 1.0000       | 0.0047    
1604->1651           | 4     | 0.9953       | 1.0000       | 0.0047    
1639->1636           | 4     | 0.9953       | 0.9876       | -0.0077   
1678->1660           | 4     | 0.9953       | 0.9663       | -0.0290   
1666->1740           | 4     | 0.9953       | 0.9539       | -0.0414   
1651->1720           | 3     | 0.9975       | 1.0000       | 0.0025    
1636->1752           | 3     | 0.9975       | 0.9906       | -0.0070   
1660->1575           | 3     | 0.9975       | 0.9655       | -0.0321   
1575->1574           | 3     | 0.9975       | 0.9655       | -0.0321   
1740->1776           | 3     | 0.9975       | 0.9539       | -0.0436   
1574->1617           | 3     | 0.9975       | 0.9655       | -0.0321   
1720->1630           | 2     | 0.9993       | 1.0000       | 0.0007    
1752->1613           | 2     | 0.9993       | 0.9906       | -0.0087   
1776->1663           | 2     | 0.9993       | 0.9539       | -0.0454   
1617->1620           | 2     | 0.9993       | 0.9654       | -0.0339   
--------------------------------------------------------------------------------
Mean |Deviation|: 0.0305
Max  |Deviation|: 0.0964
================================================================================

LEAF EDGES (n_consumers = 1): 49 edges
--------------------------------------------------------------------------------
These edges were NOT optimized. By definition:
  - Target simultaneity g(n) = 1.0
  - Achieved simultaneity = 1.0
  - Deviation = 0.0
================================================================================


================================================================================
DEVIATION ANALYSIS BY EDGE SIZE
================================================================================

Single consumer (not optimized):
  Count: 49
  Mean deviation: 0.0000
  Mean |deviation|: 0.0000
  Max |deviation|: 0.0000
  Std dev: 0.0000

Very small (2-10):
  Count: 35
  Mean deviation: -0.0288
  Mean |deviation|: 0.0303
  Max |deviation|: 0.0964
  Std dev: 0.0271

Small (11-50):
  Count: 9
  Mean deviation: -0.0171
  Mean |deviation|: 0.0313
  Max |deviation|: 0.0507
  Std dev: 0.0297

================================================================================

Network size range: 2 to 39 consumers
Using problem range: 5-10
Saved enhanced verification plot to output/comprehensive_analysis/NetzHast/steady_state_v4/verification_NetzHast_v4.png

Total execution time: 2.09 seconds
Results saved to: output/comprehensive_analysis/NetzHast/steady_state_v4

=== STDERR ===
