Loading network for case 'NetzHast' from data/test_scenarios/complex/NetzHast.vicus...
Loading VICUS file: data/test_scenarios/complex/NetzHast.vicus
Parsed Simultaneity Spline: 63 points.
data/test_scenarios/complex/NetzHast.vicus
Found peak day: day 24 (hours 552-575) with peak=7400.0000
Force-selected profile: Residential_SingleFamily_HeatingLoad.tsv (peak day extraction, resampled to 96 steps)
Peak day profile plot saved to output/peak_day_profile.png
Created 39 consumers and 93 relevant optimization edges.

--- Starting Optimization using Scheme 'v1' for NetzHast ---
Initial weighted error (using v1): 1.636763
Regularization target: 1.0000
  Iter 0: Obj=1.636763 (Fit: 1.636763, Reg: 0.000000) | LR: 0.010599
  Iter 200: Obj=0.223211 (Fit: 0.205864, Reg: 0.017347) | LR: 0.051283
  Iter 400: Obj=0.223214 (Fit: 0.205752, Reg: 0.017461) | LR: 0.051269
  Iter 600: Obj=0.223214 (Fit: 0.205748, Reg: 0.017466) | LR: 0.051268
  Iter 800: Obj=0.223214 (Fit: 0.205748, Reg: 0.017466) | LR: 0.051268
  Iter 1000: Obj=0.223214 (Fit: 0.205748, Reg: 0.017466) | LR: 0.051268
  Iter 1200: Obj=0.223214 (Fit: 0.205748, Reg: 0.017466) | LR: 0.051268
  Iter 1400: Obj=0.223214 (Fit: 0.205748, Reg: 0.017466) | LR: 0.051268
  Iter 1600: Obj=0.223214 (Fit: 0.205748, Reg: 0.017466) | LR: 0.051268
  Iter 1800: Obj=0.223214 (Fit: 0.205748, Reg: 0.017466) | LR: 0.051268
Final Error: 0.194672

================================================================================
OPTIMIZATION RESULTS
================================================================================

OPTIMIZED EDGES (n_consumers > 1): 44 edges
--------------------------------------------------------------------------------
Edge ID              | n_e   | Target g(n)  | Achieved g   | Deviation 
--------------------------------------------------------------------------------
1566->1606           | 39    | 0.8016       | 0.8728       | 0.0712    
1606->1717           | 30    | 0.8560       | 0.8523       | -0.0037   
1717->1732           | 29    | 0.8623       | 0.8523       | -0.0100   
1732->1626           | 28    | 0.8686       | 0.8523       | -0.0163   
1626->1599           | 27    | 0.8749       | 0.9057       | 0.0307    
1599->1723           | 21    | 0.9128       | 0.9031       | -0.0097   
1723->1568           | 20    | 0.9190       | 0.9031       | -0.0159   
1568->1714           | 20    | 0.9190       | 0.9031       | -0.0159   
1714->1591           | 19    | 0.9251       | 0.9031       | -0.0220   
1591->1654           | 10    | 0.9740       | 0.8952       | -0.0788   
1606->1642           | 9     | 0.9783       | 0.9261       | -0.0523   
1591->1691           | 9     | 0.9783       | 0.9176       | -0.0607   
1654->1765           | 9     | 0.9783       | 0.9645       | -0.0138   
1642->1648           | 8     | 0.9824       | 0.9791       | -0.0034   
1691->1570           | 8     | 0.9824       | 0.9626       | -0.0198   
1765->1681           | 8     | 0.9824       | 0.9645       | -0.0179   
1570->1688           | 8     | 0.9824       | 0.9626       | -0.0198   
1648->1669           | 7     | 0.9862       | 0.9850       | -0.0012   
1681->1736           | 7     | 0.9862       | 0.9762       | -0.0100   
1688->1571           | 7     | 0.9862       | 0.9674       | -0.0188   
1571->1747           | 7     | 0.9862       | 0.9674       | -0.0188   
1669->1645           | 6     | 0.9896       | 0.9890       | -0.0007   
1599->1672           | 6     | 0.9896       | 0.9130       | -0.0766   
1736->1675           | 6     | 0.9896       | 0.9762       | -0.0135   
1747->1744           | 6     | 0.9896       | 0.9673       | -0.0223   
1645->1605           | 5     | 0.9927       | 0.9917       | -0.0010   
1672->1639           | 5     | 0.9927       | 0.9871       | -0.0056   
1675->1678           | 5     | 0.9927       | 0.9800       | -0.0127   
1744->1666           | 5     | 0.9927       | 0.9673       | -0.0254   
1605->1604           | 4     | 0.9953       | 0.9944       | -0.0010   
1604->1651           | 4     | 0.9953       | 0.9944       | -0.0010   
1639->1636           | 4     | 0.9953       | 0.9923       | -0.0030   
1678->1660           | 4     | 0.9953       | 0.9829       | -0.0124   
1666->1740           | 4     | 0.9953       | 0.9735       | -0.0219   
1651->1720           | 3     | 0.9975       | 0.9972       | -0.0004   
1636->1752           | 3     | 0.9975       | 0.9954       | -0.0022   
1660->1575           | 3     | 0.9975       | 0.9841       | -0.0134   
1575->1574           | 3     | 0.9975       | 0.9841       | -0.0134   
1740->1776           | 3     | 0.9975       | 0.9735       | -0.0241   
1574->1617           | 3     | 0.9975       | 0.9841       | -0.0134   
1720->1630           | 2     | 0.9993       | 0.9972       | -0.0021   
1752->1613           | 2     | 0.9993       | 0.9954       | -0.0039   
1776->1663           | 2     | 0.9993       | 0.9734       | -0.0258   
1617->1620           | 2     | 0.9993       | 0.9841       | -0.0152   
--------------------------------------------------------------------------------
Mean |Deviation|: 0.0187
Max  |Deviation|: 0.0788
================================================================================

LEAF EDGES (n_consumers = 1): 49 edges
--------------------------------------------------------------------------------
These edges were NOT optimized. By definition:
  - Target simultaneity g(n) = 1.0
  - Achieved simultaneity = 1.0
  - Deviation = 0.0
================================================================================


================================================================================
DEVIATION ANALYSIS BY EDGE SIZE
================================================================================

Single consumer (not optimized):
  Count: 49
  Mean deviation: 0.0000
  Mean |deviation|: 0.0000
  Max |deviation|: 0.0000
  Std dev: 0.0000

Very small (2-10):
  Count: 35
  Mean deviation: -0.0179
  Mean |deviation|: 0.0179
  Max |deviation|: 0.0788
  Std dev: 0.0200

Small (11-50):
  Count: 9
  Mean deviation: 0.0009
  Mean |deviation|: 0.0217
  Max |deviation|: 0.0712
  Std dev: 0.0305

================================================================================

Network size range: 2 to 39 consumers
Using problem range: 5-10
Saved enhanced verification plot to output/comprehensive_analysis/NetzHast/steady_state_v1/verification_NetzHast_v1.png

Total execution time: 1.37 seconds
Results saved to: output/comprehensive_analysis/NetzHast/steady_state_v1

=== STDERR ===
